[ 2017-08-10T15:10:01+08:00 ] ::1 /hzaucomm/
INFO: [ app_init ] --START--
INFO: Run Behavior\BuildLiteBehavior [ RunTime:0.000033s ]
INFO: [ app_init ] --END-- [ RunTime:0.002554s ]

[ 2017-08-10T15:10:05+08:00 ] ::1 /hzaucomm/index.php/Home/source/pic_update
INFO: [ app_init ] --START--
INFO: Run Behavior\BuildLiteBehavior [ RunTime:0.000029s ]
INFO: [ app_init ] --END-- [ RunTime:0.000499s ]

[ 2017-08-10T15:17:18+08:00 ] ::1 /hzaucomm/index.php/Home/comp/comp
INFO: [ app_init ] --START--
INFO: Run Behavior\BuildLiteBehavior [ RunTime:0.000031s ]
INFO: [ app_init ] --END-- [ RunTime:0.000690s ]

[ 2017-08-10T15:17:21+08:00 ] ::1 /hzaucomm/index.php/Home/source/source
INFO: [ app_init ] --START--
INFO: Run Behavior\BuildLiteBehavior [ RunTime:0.000030s ]
INFO: [ app_init ] --END-- [ RunTime:0.000616s ]

[ 2017-08-10T15:17:23+08:00 ] ::1 /hzaucomm/index.php/Home/course/course?
INFO: [ app_init ] --START--
INFO: Run Behavior\BuildLiteBehavior [ RunTime:0.000031s ]
INFO: [ app_init ] --END-- [ RunTime:0.000639s ]

[ 2017-08-10T16:05:12+08:00 ] ::1 /hzaucomm/
INFO: [ app_init ] --START--
INFO: Run Behavior\BuildLiteBehavior [ RunTime:0.000035s ]
INFO: [ app_init ] --END-- [ RunTime:0.013563s ]

[ 2017-08-10T16:05:13+08:00 ] ::1 /hzaucomm/
INFO: [ app_init ] --START--
INFO: Run Behavior\BuildLiteBehavior [ RunTime:0.000087s ]
INFO: [ app_init ] --END-- [ RunTime:0.000801s ]

[ 2017-08-10T16:05:15+08:00 ] ::1 /hzaucomm/index.php/Home/comp/comp
INFO: [ app_init ] --START--
INFO: Run Behavior\BuildLiteBehavior [ RunTime:0.000073s ]
INFO: [ app_init ] --END-- [ RunTime:0.001547s ]

