[ 2017-03-01T15:45:28+08:00 ] ::1 /hzaueqt/index.php/home/Communication/comp.html
INFO: [ app_init ] --START--
INFO: Run Behavior\BuildLiteBehavior [ RunTime:0.000024s ]
INFO: [ app_init ] --END-- [ RunTime:0.009386s ]

[ 2017-03-01T15:49:05+08:00 ] ::1 /hzaueqt/index.php/home/Communication/comp.html
INFO: [ app_init ] --START--
INFO: Run Behavior\BuildLiteBehavior [ RunTime:0.000020s ]
INFO: [ app_init ] --END-- [ RunTime:0.000410s ]

[ 2017-03-01T15:49:38+08:00 ] ::1 /hzaueqt/index.php/home/Communication/comp.html
INFO: [ app_init ] --START--
INFO: Run Behavior\BuildLiteBehavior [ RunTime:0.000018s ]
INFO: [ app_init ] --END-- [ RunTime:0.000387s ]

[ 2017-03-01T15:49:39+08:00 ] ::1 /hzaueqt/index.php/home/Communication/comp.html
INFO: [ app_init ] --START--
INFO: Run Behavior\BuildLiteBehavior [ RunTime:0.000018s ]
INFO: [ app_init ] --END-- [ RunTime:0.000353s ]

[ 2017-03-01T15:49:39+08:00 ] ::1 /hzaueqt/index.php/home/Communication/comp.html
INFO: [ app_init ] --START--
INFO: Run Behavior\BuildLiteBehavior [ RunTime:0.000020s ]
INFO: [ app_init ] --END-- [ RunTime:0.000338s ]

[ 2017-03-01T15:50:13+08:00 ] ::1 /hzaueqt/index.php/home/Communication/comp.html
INFO: [ app_init ] --START--
INFO: Run Behavior\BuildLiteBehavior [ RunTime:0.000017s ]
INFO: [ app_init ] --END-- [ RunTime:0.000333s ]

[ 2017-03-01T15:50:13+08:00 ] ::1 /hzaueqt/index.php/home/Communication/comp.html
INFO: [ app_init ] --START--
INFO: Run Behavior\BuildLiteBehavior [ RunTime:0.000018s ]
INFO: [ app_init ] --END-- [ RunTime:0.000329s ]

[ 2017-03-01T15:50:14+08:00 ] ::1 /hzaueqt/index.php/home/Communication/comp.html
INFO: [ app_init ] --START--
INFO: Run Behavior\BuildLiteBehavior [ RunTime:0.000019s ]
INFO: [ app_init ] --END-- [ RunTime:0.000330s ]

[ 2017-03-01T15:50:23+08:00 ] ::1 /hzaueqt/index.php/home/Communication/comp.html
INFO: [ app_init ] --START--
INFO: Run Behavior\BuildLiteBehavior [ RunTime:0.000018s ]
INFO: [ app_init ] --END-- [ RunTime:0.000326s ]

[ 2017-03-01T15:50:24+08:00 ] ::1 /hzaueqt/index.php/home/Communication/comp.html
INFO: [ app_init ] --START--
INFO: Run Behavior\BuildLiteBehavior [ RunTime:0.000019s ]
INFO: [ app_init ] --END-- [ RunTime:0.000343s ]

[ 2017-03-01T15:50:24+08:00 ] ::1 /hzaueqt/index.php/home/Communication/comp.html
INFO: [ app_init ] --START--
INFO: Run Behavior\BuildLiteBehavior [ RunTime:0.000019s ]
INFO: [ app_init ] --END-- [ RunTime:0.000328s ]

[ 2017-03-01T15:50:45+08:00 ] ::1 /hzaueqt/index.php/home/Communication/comp.html
INFO: [ app_init ] --START--
INFO: Run Behavior\BuildLiteBehavior [ RunTime:0.000019s ]
INFO: [ app_init ] --END-- [ RunTime:0.000384s ]

[ 2017-03-01T15:50:46+08:00 ] ::1 /hzaueqt/index.php/home/Communication/comp.html
INFO: [ app_init ] --START--
INFO: Run Behavior\BuildLiteBehavior [ RunTime:0.000019s ]
INFO: [ app_init ] --END-- [ RunTime:0.000375s ]

[ 2017-03-01T15:50:46+08:00 ] ::1 /hzaueqt/index.php/home/Communication/comp.html
INFO: [ app_init ] --START--
INFO: Run Behavior\BuildLiteBehavior [ RunTime:0.000022s ]
INFO: [ app_init ] --END-- [ RunTime:0.000403s ]

[ 2017-03-01T15:51:01+08:00 ] ::1 /hzaueqt/index.php/home/Communication/comp.html
INFO: [ app_init ] --START--
INFO: Run Behavior\BuildLiteBehavior [ RunTime:0.000018s ]
INFO: [ app_init ] --END-- [ RunTime:0.000361s ]

[ 2017-03-01T15:51:01+08:00 ] ::1 /hzaueqt/index.php/home/Communication/comp.html
INFO: [ app_init ] --START--
INFO: Run Behavior\BuildLiteBehavior [ RunTime:0.000019s ]
INFO: [ app_init ] --END-- [ RunTime:0.000374s ]

[ 2017-03-01T15:51:02+08:00 ] ::1 /hzaueqt/index.php/home/Communication/comp.html
INFO: [ app_init ] --START--
INFO: Run Behavior\BuildLiteBehavior [ RunTime:0.000019s ]
INFO: [ app_init ] --END-- [ RunTime:0.000333s ]

[ 2017-03-01T15:51:48+08:00 ] ::1 /hzaueqt/index.php/home/Communication/comp.html
INFO: [ app_init ] --START--
INFO: Run Behavior\BuildLiteBehavior [ RunTime:0.000020s ]
INFO: [ app_init ] --END-- [ RunTime:0.000366s ]

[ 2017-03-01T15:51:59+08:00 ] ::1 /hzaueqt/index.php/home/Communication/comp.html
INFO: [ app_init ] --START--
INFO: Run Behavior\BuildLiteBehavior [ RunTime:0.000055s ]
INFO: [ app_init ] --END-- [ RunTime:0.000571s ]

[ 2017-03-01T15:52:09+08:00 ] ::1 /hzaueqt/index.php/home/Communication/comp.html
INFO: [ app_init ] --START--
INFO: Run Behavior\BuildLiteBehavior [ RunTime:0.000021s ]
INFO: [ app_init ] --END-- [ RunTime:0.000378s ]

[ 2017-03-01T15:53:01+08:00 ] ::1 /hzaueqt/index.php/home/Communication/comp.html
INFO: [ app_init ] --START--
INFO: Run Behavior\BuildLiteBehavior [ RunTime:0.000019s ]
INFO: [ app_init ] --END-- [ RunTime:0.000347s ]

[ 2017-03-01T15:53:01+08:00 ] ::1 /hzaueqt/index.php/home/Communication/comp.html
INFO: [ app_init ] --START--
INFO: Run Behavior\BuildLiteBehavior [ RunTime:0.000050s ]
INFO: [ app_init ] --END-- [ RunTime:0.000572s ]

[ 2017-03-01T15:53:31+08:00 ] ::1 /hzaueqt/index.php/home/Communication/comp.html
INFO: [ app_init ] --START--
INFO: Run Behavior\BuildLiteBehavior [ RunTime:0.000019s ]
INFO: [ app_init ] --END-- [ RunTime:0.000404s ]

[ 2017-03-01T15:53:32+08:00 ] ::1 /hzaueqt/index.php/home/Communication/comp.html
INFO: [ app_init ] --START--
INFO: Run Behavior\BuildLiteBehavior [ RunTime:0.000018s ]
INFO: [ app_init ] --END-- [ RunTime:0.000361s ]

[ 2017-03-01T16:02:05+08:00 ] ::1 /hzaueqt/index.php/home/Communication/comp.html
INFO: [ app_init ] --START--
INFO: Run Behavior\BuildLiteBehavior [ RunTime:0.000020s ]
INFO: [ app_init ] --END-- [ RunTime:0.000683s ]

[ 2017-03-01T16:03:12+08:00 ] ::1 /hzaueqt/index.php/home/Communication/comp.html
INFO: [ app_init ] --START--
INFO: Run Behavior\BuildLiteBehavior [ RunTime:0.000021s ]
INFO: [ app_init ] --END-- [ RunTime:0.000474s ]

[ 2017-03-01T16:03:58+08:00 ] ::1 /hzaueqt/index.php/home/Communication/comp.html
INFO: [ app_init ] --START--
INFO: Run Behavior\BuildLiteBehavior [ RunTime:0.000033s ]
INFO: [ app_init ] --END-- [ RunTime:0.000706s ]

[ 2017-03-01T16:04:20+08:00 ] ::1 /hzaueqt/index.php/home/Communication/comp.html
INFO: [ app_init ] --START--
INFO: Run Behavior\BuildLiteBehavior [ RunTime:0.000021s ]
INFO: [ app_init ] --END-- [ RunTime:0.000444s ]

[ 2017-03-01T16:04:31+08:00 ] ::1 /hzaueqt/index.php/home/Communication/comp.html
INFO: [ app_init ] --START--
INFO: Run Behavior\BuildLiteBehavior [ RunTime:0.000019s ]
INFO: [ app_init ] --END-- [ RunTime:0.000328s ]

[ 2017-03-01T16:04:42+08:00 ] ::1 /hzaueqt/index.php/home/Communication/comp.html
INFO: [ app_init ] --START--
INFO: Run Behavior\BuildLiteBehavior [ RunTime:0.000020s ]
INFO: [ app_init ] --END-- [ RunTime:0.000411s ]

[ 2017-03-01T16:04:43+08:00 ] ::1 /hzaueqt/index.php/home/Communication/comp.html
INFO: [ app_init ] --START--
INFO: Run Behavior\BuildLiteBehavior [ RunTime:0.000019s ]
INFO: [ app_init ] --END-- [ RunTime:0.000398s ]

[ 2017-03-01T16:04:47+08:00 ] ::1 /hzaueqt/index.php/home/Communication/comp.html
INFO: [ app_init ] --START--
INFO: Run Behavior\BuildLiteBehavior [ RunTime:0.000018s ]
INFO: [ app_init ] --END-- [ RunTime:0.000353s ]

[ 2017-03-01T16:04:54+08:00 ] ::1 /hzaueqt/index.php/home/Communication/comp.html
INFO: [ app_init ] --START--
INFO: Run Behavior\BuildLiteBehavior [ RunTime:0.000020s ]
INFO: [ app_init ] --END-- [ RunTime:0.000556s ]

[ 2017-03-01T16:05:11+08:00 ] ::1 /hzaueqt/index.php/home/Communication/comp.html
INFO: [ app_init ] --START--
INFO: Run Behavior\BuildLiteBehavior [ RunTime:0.000019s ]
INFO: [ app_init ] --END-- [ RunTime:0.000327s ]

[ 2017-03-01T16:05:11+08:00 ] ::1 /hzaueqt/index.php/home/Communication/comp.html
INFO: [ app_init ] --START--
INFO: Run Behavior\BuildLiteBehavior [ RunTime:0.000059s ]
INFO: [ app_init ] --END-- [ RunTime:0.000616s ]

[ 2017-03-01T16:05:11+08:00 ] ::1 /hzaueqt/index.php/home/Communication/comp.html
INFO: [ app_init ] --START--
INFO: Run Behavior\BuildLiteBehavior [ RunTime:0.000020s ]
INFO: [ app_init ] --END-- [ RunTime:0.000345s ]

[ 2017-03-01T16:05:16+08:00 ] ::1 /hzaueqt/index.php/home/Communication/comp.html
INFO: [ app_init ] --START--
INFO: Run Behavior\BuildLiteBehavior [ RunTime:0.000020s ]
INFO: [ app_init ] --END-- [ RunTime:0.000335s ]

[ 2017-03-01T16:05:44+08:00 ] ::1 /hzaueqt/index.php/home/Communication/comp.html
INFO: [ app_init ] --START--
INFO: Run Behavior\BuildLiteBehavior [ RunTime:0.000084s ]
INFO: [ app_init ] --END-- [ RunTime:0.000570s ]

[ 2017-03-01T16:08:17+08:00 ] ::1 /hzaueqt/index.php/home/Communication/comp.html
INFO: [ app_init ] --START--
INFO: Run Behavior\BuildLiteBehavior [ RunTime:0.000018s ]
INFO: [ app_init ] --END-- [ RunTime:0.000385s ]

[ 2017-03-01T16:08:17+08:00 ] ::1 /hzaueqt/index.php/home/Communication/comp.html
INFO: [ app_init ] --START--
INFO: Run Behavior\BuildLiteBehavior [ RunTime:0.000020s ]
INFO: [ app_init ] --END-- [ RunTime:0.000356s ]

[ 2017-03-01T16:08:18+08:00 ] ::1 /hzaueqt/index.php/home/Communication/comp.html
INFO: [ app_init ] --START--
INFO: Run Behavior\BuildLiteBehavior [ RunTime:0.000057s ]
INFO: [ app_init ] --END-- [ RunTime:0.000570s ]

[ 2017-03-01T16:08:48+08:00 ] ::1 /hzaueqt/index.php/home/Communication/comp.html
INFO: [ app_init ] --START--
INFO: Run Behavior\BuildLiteBehavior [ RunTime:0.000018s ]
INFO: [ app_init ] --END-- [ RunTime:0.000425s ]

[ 2017-03-01T16:10:31+08:00 ] ::1 /hzaueqt/index.php/home/Communication/comp.html
INFO: [ app_init ] --START--
INFO: Run Behavior\BuildLiteBehavior [ RunTime:0.000020s ]
INFO: [ app_init ] --END-- [ RunTime:0.000506s ]

[ 2017-03-01T16:10:31+08:00 ] ::1 /hzaueqt/index.php/home/Communication/comp.html
INFO: [ app_init ] --START--
INFO: Run Behavior\BuildLiteBehavior [ RunTime:0.000020s ]
INFO: [ app_init ] --END-- [ RunTime:0.000347s ]

[ 2017-03-01T16:10:32+08:00 ] ::1 /hzaueqt/index.php/home/Communication/comp.html
INFO: [ app_init ] --START--
INFO: Run Behavior\BuildLiteBehavior [ RunTime:0.000021s ]
INFO: [ app_init ] --END-- [ RunTime:0.000358s ]

[ 2017-03-01T16:10:49+08:00 ] ::1 /hzaueqt/index.php/home/Communication/comp.html
INFO: [ app_init ] --START--
INFO: Run Behavior\BuildLiteBehavior [ RunTime:0.000021s ]
INFO: [ app_init ] --END-- [ RunTime:0.000353s ]

[ 2017-03-01T16:14:52+08:00 ] ::1 /hzaueqt/index.php/home/Communication/comp.html
INFO: [ app_init ] --START--
INFO: Run Behavior\BuildLiteBehavior [ RunTime:0.000036s ]
INFO: [ app_init ] --END-- [ RunTime:0.000955s ]

[ 2017-03-01T16:14:53+08:00 ] ::1 /hzaueqt/index.php/home/Communication/comp.html
INFO: [ app_init ] --START--
INFO: Run Behavior\BuildLiteBehavior [ RunTime:0.000019s ]
INFO: [ app_init ] --END-- [ RunTime:0.000364s ]

[ 2017-03-01T16:14:53+08:00 ] ::1 /hzaueqt/index.php/home/Communication/comp.html
INFO: [ app_init ] --START--
INFO: Run Behavior\BuildLiteBehavior [ RunTime:0.000020s ]
INFO: [ app_init ] --END-- [ RunTime:0.000340s ]

[ 2017-03-01T16:14:54+08:00 ] ::1 /hzaueqt/index.php/home/Communication/comp.html
INFO: [ app_init ] --START--
INFO: Run Behavior\BuildLiteBehavior [ RunTime:0.000180s ]
INFO: [ app_init ] --END-- [ RunTime:0.000935s ]

[ 2017-03-01T16:16:19+08:00 ] ::1 /hzaueqt/index.php/home/Communication/comp.html
INFO: [ app_init ] --START--
INFO: Run Behavior\BuildLiteBehavior [ RunTime:0.000019s ]
INFO: [ app_init ] --END-- [ RunTime:0.000333s ]

[ 2017-03-01T16:16:30+08:00 ] ::1 /hzaueqt/index.php/home/Communication/comp.html
INFO: [ app_init ] --START--
INFO: Run Behavior\BuildLiteBehavior [ RunTime:0.000019s ]
INFO: [ app_init ] --END-- [ RunTime:0.000439s ]

[ 2017-03-01T16:17:45+08:00 ] ::1 /hzaueqt/index.php/home/Communication/comp.html
INFO: [ app_init ] --START--
INFO: Run Behavior\BuildLiteBehavior [ RunTime:0.000020s ]
INFO: [ app_init ] --END-- [ RunTime:0.000385s ]

[ 2017-03-01T16:18:00+08:00 ] ::1 /hzaueqt/index.php/home/Communication/comp.html
INFO: [ app_init ] --START--
INFO: Run Behavior\BuildLiteBehavior [ RunTime:0.000020s ]
INFO: [ app_init ] --END-- [ RunTime:0.000354s ]

[ 2017-03-01T16:19:22+08:00 ] ::1 /hzaueqt/index.php/home/Communication/comp.html
INFO: [ app_init ] --START--
INFO: Run Behavior\BuildLiteBehavior [ RunTime:0.000020s ]
INFO: [ app_init ] --END-- [ RunTime:0.000391s ]

[ 2017-03-01T16:20:04+08:00 ] ::1 /hzaueqt/index.php/home/Communication/comp.html
INFO: [ app_init ] --START--
INFO: Run Behavior\BuildLiteBehavior [ RunTime:0.000018s ]
INFO: [ app_init ] --END-- [ RunTime:0.000385s ]

[ 2017-03-01T16:20:28+08:00 ] ::1 /hzaueqt/index.php/home/Communication/comp.html
INFO: [ app_init ] --START--
INFO: Run Behavior\BuildLiteBehavior [ RunTime:0.000020s ]
INFO: [ app_init ] --END-- [ RunTime:0.000343s ]

[ 2017-03-01T16:20:47+08:00 ] ::1 /hzaueqt/index.php/home/Communication/comp.html
INFO: [ app_init ] --START--
INFO: Run Behavior\BuildLiteBehavior [ RunTime:0.000019s ]
INFO: [ app_init ] --END-- [ RunTime:0.000360s ]

[ 2017-03-01T16:20:48+08:00 ] ::1 /hzaueqt/index.php/home/Communication/comp.html
INFO: [ app_init ] --START--
INFO: Run Behavior\BuildLiteBehavior [ RunTime:0.000019s ]
INFO: [ app_init ] --END-- [ RunTime:0.000355s ]

[ 2017-03-01T16:21:10+08:00 ] ::1 /hzaueqt/index.php/home/Communication/comp.html
INFO: [ app_init ] --START--
INFO: Run Behavior\BuildLiteBehavior [ RunTime:0.000021s ]
INFO: [ app_init ] --END-- [ RunTime:0.000914s ]

[ 2017-03-01T16:21:28+08:00 ] ::1 /hzaueqt/index.php/home/Communication/comp.html
INFO: [ app_init ] --START--
INFO: Run Behavior\BuildLiteBehavior [ RunTime:0.000019s ]
INFO: [ app_init ] --END-- [ RunTime:0.000390s ]

[ 2017-03-01T16:21:42+08:00 ] ::1 /hzaueqt/index.php/home/Communication/comp.html
INFO: [ app_init ] --START--
INFO: Run Behavior\BuildLiteBehavior [ RunTime:0.000021s ]
INFO: [ app_init ] --END-- [ RunTime:0.000372s ]

[ 2017-03-01T16:21:48+08:00 ] ::1 /hzaueqt/index.php/home/Communication/comp.html
INFO: [ app_init ] --START--
INFO: Run Behavior\BuildLiteBehavior [ RunTime:0.000018s ]
INFO: [ app_init ] --END-- [ RunTime:0.000401s ]

[ 2017-03-01T16:22:04+08:00 ] ::1 /hzaueqt/index.php/home/Communication/comp.html
INFO: [ app_init ] --START--
INFO: Run Behavior\BuildLiteBehavior [ RunTime:0.000021s ]
INFO: [ app_init ] --END-- [ RunTime:0.000460s ]

[ 2017-03-01T16:22:05+08:00 ] ::1 /hzaueqt/index.php/home/Communication/comp.html
INFO: [ app_init ] --START--
INFO: Run Behavior\BuildLiteBehavior [ RunTime:0.000019s ]
INFO: [ app_init ] --END-- [ RunTime:0.000366s ]

[ 2017-03-01T16:22:05+08:00 ] ::1 /hzaueqt/index.php/home/Communication/comp.html
INFO: [ app_init ] --START--
INFO: Run Behavior\BuildLiteBehavior [ RunTime:0.000044s ]
INFO: [ app_init ] --END-- [ RunTime:0.000600s ]

[ 2017-03-01T16:22:10+08:00 ] ::1 /hzaueqt/index.php/home/Communication/comp.html
INFO: [ app_init ] --START--
INFO: Run Behavior\BuildLiteBehavior [ RunTime:0.000018s ]
INFO: [ app_init ] --END-- [ RunTime:0.000329s ]

[ 2017-03-01T16:22:10+08:00 ] ::1 /hzaueqt/index.php/home/Communication/comp.html
INFO: [ app_init ] --START--
INFO: Run Behavior\BuildLiteBehavior [ RunTime:0.000034s ]
INFO: [ app_init ] --END-- [ RunTime:0.000516s ]

[ 2017-03-01T16:22:48+08:00 ] ::1 /hzaueqt/index.php/home/Communication/comp.html
INFO: [ app_init ] --START--
INFO: Run Behavior\BuildLiteBehavior [ RunTime:0.000019s ]
INFO: [ app_init ] --END-- [ RunTime:0.000339s ]

[ 2017-03-01T16:23:18+08:00 ] ::1 /hzaueqt/index.php/home/Communication/comp.html
INFO: [ app_init ] --START--
INFO: Run Behavior\BuildLiteBehavior [ RunTime:0.000062s ]
INFO: [ app_init ] --END-- [ RunTime:0.000435s ]

[ 2017-03-01T16:23:25+08:00 ] ::1 /hzaueqt/index.php/home/Communication/comp.html
INFO: [ app_init ] --START--
INFO: Run Behavior\BuildLiteBehavior [ RunTime:0.000022s ]
INFO: [ app_init ] --END-- [ RunTime:0.000466s ]

[ 2017-03-01T16:23:47+08:00 ] ::1 /hzaueqt/index.php/home/Communication/comp.html
INFO: [ app_init ] --START--
INFO: Run Behavior\BuildLiteBehavior [ RunTime:0.000019s ]
INFO: [ app_init ] --END-- [ RunTime:0.000428s ]

[ 2017-03-01T16:23:58+08:00 ] ::1 /hzaueqt/index.php/home/Communication/comp.html
INFO: [ app_init ] --START--
INFO: Run Behavior\BuildLiteBehavior [ RunTime:0.000020s ]
INFO: [ app_init ] --END-- [ RunTime:0.000516s ]

[ 2017-03-01T16:24:05+08:00 ] ::1 /hzaueqt/index.php/home/Communication/comp.html
INFO: [ app_init ] --START--
INFO: Run Behavior\BuildLiteBehavior [ RunTime:0.000019s ]
INFO: [ app_init ] --END-- [ RunTime:0.000359s ]

[ 2017-03-01T16:24:06+08:00 ] ::1 /hzaueqt/index.php/home/Communication/comp.html
INFO: [ app_init ] --START--
INFO: Run Behavior\BuildLiteBehavior [ RunTime:0.000019s ]
INFO: [ app_init ] --END-- [ RunTime:0.000470s ]

[ 2017-03-01T16:24:17+08:00 ] ::1 /hzaueqt/index.php/home/Communication/comp.html
INFO: [ app_init ] --START--
INFO: Run Behavior\BuildLiteBehavior [ RunTime:0.000020s ]
INFO: [ app_init ] --END-- [ RunTime:0.000392s ]

[ 2017-03-01T16:24:27+08:00 ] ::1 /hzaueqt/index.php/home/Communication/comp.html
INFO: [ app_init ] --START--
INFO: Run Behavior\BuildLiteBehavior [ RunTime:0.000021s ]
INFO: [ app_init ] --END-- [ RunTime:0.000605s ]

[ 2017-03-01T16:24:36+08:00 ] ::1 /hzaueqt/index.php/home/Communication/comp.html
INFO: [ app_init ] --START--
INFO: Run Behavior\BuildLiteBehavior [ RunTime:0.000019s ]
INFO: [ app_init ] --END-- [ RunTime:0.000334s ]

[ 2017-03-01T16:24:41+08:00 ] ::1 /hzaueqt/index.php/home/Communication/comp.html
INFO: [ app_init ] --START--
INFO: Run Behavior\BuildLiteBehavior [ RunTime:0.000020s ]
INFO: [ app_init ] --END-- [ RunTime:0.000351s ]

[ 2017-03-01T16:25:07+08:00 ] ::1 /hzaueqt/index.php/home/Communication/comp.html
INFO: [ app_init ] --START--
INFO: Run Behavior\BuildLiteBehavior [ RunTime:0.000049s ]
INFO: [ app_init ] --END-- [ RunTime:0.000684s ]

[ 2017-03-01T16:25:08+08:00 ] ::1 /hzaueqt/index.php/home/Communication/comp.html
INFO: [ app_init ] --START--
INFO: Run Behavior\BuildLiteBehavior [ RunTime:0.000018s ]
INFO: [ app_init ] --END-- [ RunTime:0.000344s ]

[ 2017-03-01T16:25:08+08:00 ] ::1 /hzaueqt/index.php/home/Communication/comp.html
INFO: [ app_init ] --START--
INFO: Run Behavior\BuildLiteBehavior [ RunTime:0.000020s ]
INFO: [ app_init ] --END-- [ RunTime:0.000374s ]

[ 2017-03-01T16:25:44+08:00 ] ::1 /hzaueqt/index.php/home/Communication/comp.html
INFO: [ app_init ] --START--
INFO: Run Behavior\BuildLiteBehavior [ RunTime:0.000019s ]
INFO: [ app_init ] --END-- [ RunTime:0.000332s ]

[ 2017-03-01T16:25:45+08:00 ] ::1 /hzaueqt/index.php/home/Communication/comp.html
INFO: [ app_init ] --START--
INFO: Run Behavior\BuildLiteBehavior [ RunTime:0.000018s ]
INFO: [ app_init ] --END-- [ RunTime:0.000333s ]

[ 2017-03-01T16:25:45+08:00 ] ::1 /hzaueqt/index.php/home/Communication/comp.html
INFO: [ app_init ] --START--
INFO: Run Behavior\BuildLiteBehavior [ RunTime:0.000020s ]
INFO: [ app_init ] --END-- [ RunTime:0.000409s ]

[ 2017-03-01T16:26:23+08:00 ] ::1 /hzaueqt/index.php/home/Communication/comp.html
INFO: [ app_init ] --START--
INFO: Run Behavior\BuildLiteBehavior [ RunTime:0.000025s ]
INFO: [ app_init ] --END-- [ RunTime:0.000620s ]

[ 2017-03-01T16:26:53+08:00 ] ::1 /hzaueqt/index.php/home/Communication/comp.html
INFO: [ app_init ] --START--
INFO: Run Behavior\BuildLiteBehavior [ RunTime:0.000035s ]
INFO: [ app_init ] --END-- [ RunTime:0.000751s ]

[ 2017-03-01T16:27:15+08:00 ] ::1 /hzaueqt/index.php/home/Communication/comp.html
INFO: [ app_init ] --START--
INFO: Run Behavior\BuildLiteBehavior [ RunTime:0.000032s ]
INFO: [ app_init ] --END-- [ RunTime:0.000432s ]

[ 2017-03-01T16:27:45+08:00 ] ::1 /hzaueqt/index.php/home/Communication/comp.html
INFO: [ app_init ] --START--
INFO: Run Behavior\BuildLiteBehavior [ RunTime:0.000020s ]
INFO: [ app_init ] --END-- [ RunTime:0.000416s ]

[ 2017-03-01T16:28:31+08:00 ] ::1 /hzaueqt/index.php/home/Communication/comp.html
INFO: [ app_init ] --START--
INFO: Run Behavior\BuildLiteBehavior [ RunTime:0.000020s ]
INFO: [ app_init ] --END-- [ RunTime:0.000335s ]

[ 2017-03-01T16:29:31+08:00 ] ::1 /hzaueqt/index.php/home/Communication/comp.html
INFO: [ app_init ] --START--
INFO: Run Behavior\BuildLiteBehavior [ RunTime:0.000020s ]
INFO: [ app_init ] --END-- [ RunTime:0.000363s ]

[ 2017-03-01T16:29:31+08:00 ] ::1 /hzaueqt/index.php/home/Communication/comp.html
INFO: [ app_init ] --START--
INFO: Run Behavior\BuildLiteBehavior [ RunTime:0.000020s ]
INFO: [ app_init ] --END-- [ RunTime:0.000337s ]

[ 2017-03-01T16:30:31+08:00 ] ::1 /hzaueqt/index.php/home/Communication/comp.html
INFO: [ app_init ] --START--
INFO: Run Behavior\BuildLiteBehavior [ RunTime:0.000020s ]
INFO: [ app_init ] --END-- [ RunTime:0.000454s ]

[ 2017-03-01T16:30:41+08:00 ] ::1 /hzaueqt/index.php/home/Communication/comp.html
INFO: [ app_init ] --START--
INFO: Run Behavior\BuildLiteBehavior [ RunTime:0.000020s ]
INFO: [ app_init ] --END-- [ RunTime:0.000367s ]

[ 2017-03-01T16:31:10+08:00 ] ::1 /hzaueqt/index.php/home/Communication/comp.html
INFO: [ app_init ] --START--
INFO: Run Behavior\BuildLiteBehavior [ RunTime:0.000031s ]
INFO: [ app_init ] --END-- [ RunTime:0.000393s ]

[ 2017-03-01T16:31:34+08:00 ] ::1 /hzaueqt/index.php/home/Communication/comp.html
INFO: [ app_init ] --START--
INFO: Run Behavior\BuildLiteBehavior [ RunTime:0.000021s ]
INFO: [ app_init ] --END-- [ RunTime:0.000365s ]

[ 2017-03-01T16:31:57+08:00 ] ::1 /hzaueqt/index.php/home/Communication/comp.html
INFO: [ app_init ] --START--
INFO: Run Behavior\BuildLiteBehavior [ RunTime:0.000030s ]
INFO: [ app_init ] --END-- [ RunTime:0.000579s ]

[ 2017-03-01T16:31:59+08:00 ] ::1 /hzaueqt/index.php/home/Communication/comp.html
INFO: [ app_init ] --START--
INFO: Run Behavior\BuildLiteBehavior [ RunTime:0.000020s ]
INFO: [ app_init ] --END-- [ RunTime:0.000396s ]

[ 2017-03-01T16:31:59+08:00 ] ::1 /hzaueqt/index.php/home/Communication/comp.html
INFO: [ app_init ] --START--
INFO: Run Behavior\BuildLiteBehavior [ RunTime:0.000020s ]
INFO: [ app_init ] --END-- [ RunTime:0.000354s ]

[ 2017-03-01T16:32:14+08:00 ] ::1 /hzaueqt/index.php/home/Communication/comp.html
INFO: [ app_init ] --START--
INFO: Run Behavior\BuildLiteBehavior [ RunTime:0.000047s ]
INFO: [ app_init ] --END-- [ RunTime:0.000633s ]

[ 2017-03-01T16:32:21+08:00 ] ::1 /hzaueqt/index.php/home/Communication/comp.html
INFO: [ app_init ] --START--
INFO: Run Behavior\BuildLiteBehavior [ RunTime:0.000020s ]
INFO: [ app_init ] --END-- [ RunTime:0.000345s ]

[ 2017-03-01T16:32:26+08:00 ] ::1 /hzaueqt/index.php/home/Communication/comp.html
INFO: [ app_init ] --START--
INFO: Run Behavior\BuildLiteBehavior [ RunTime:0.000031s ]
INFO: [ app_init ] --END-- [ RunTime:0.000449s ]

[ 2017-03-01T16:32:46+08:00 ] ::1 /hzaueqt/index.php/home/Communication/comp.html
INFO: [ app_init ] --START--
INFO: Run Behavior\BuildLiteBehavior [ RunTime:0.000031s ]
INFO: [ app_init ] --END-- [ RunTime:0.000433s ]

[ 2017-03-01T16:33:10+08:00 ] ::1 /hzaueqt/index.php/home/Communication/comp.html
INFO: [ app_init ] --START--
INFO: Run Behavior\BuildLiteBehavior [ RunTime:0.000020s ]
INFO: [ app_init ] --END-- [ RunTime:0.000378s ]

[ 2017-03-01T16:33:14+08:00 ] ::1 /hzaueqt/index.php/home/Communication/comp.html
INFO: [ app_init ] --START--
INFO: Run Behavior\BuildLiteBehavior [ RunTime:0.000019s ]
INFO: [ app_init ] --END-- [ RunTime:0.000364s ]

[ 2017-03-01T16:35:31+08:00 ] ::1 /hzaueqt/index.php/home/Communication/comp.html
INFO: [ app_init ] --START--
INFO: Run Behavior\BuildLiteBehavior [ RunTime:0.000022s ]
INFO: [ app_init ] --END-- [ RunTime:0.000709s ]

[ 2017-03-01T16:35:32+08:00 ] ::1 /hzaueqt/index.php/home/Communication/comp.html
INFO: [ app_init ] --START--
INFO: Run Behavior\BuildLiteBehavior [ RunTime:0.000018s ]
INFO: [ app_init ] --END-- [ RunTime:0.000326s ]

[ 2017-03-01T16:35:32+08:00 ] ::1 /hzaueqt/index.php/home/Communication/comp.html
INFO: [ app_init ] --START--
INFO: Run Behavior\BuildLiteBehavior [ RunTime:0.000020s ]
INFO: [ app_init ] --END-- [ RunTime:0.000445s ]

[ 2017-03-01T16:35:50+08:00 ] ::1 /hzaueqt/index.php/home/Communication/comp.html
INFO: [ app_init ] --START--
INFO: Run Behavior\BuildLiteBehavior [ RunTime:0.000031s ]
INFO: [ app_init ] --END-- [ RunTime:0.000475s ]

[ 2017-03-01T16:35:51+08:00 ] ::1 /hzaueqt/index.php/home/Communication/comp.html
INFO: [ app_init ] --START--
INFO: Run Behavior\BuildLiteBehavior [ RunTime:0.000020s ]
INFO: [ app_init ] --END-- [ RunTime:0.000519s ]

[ 2017-03-01T16:36:00+08:00 ] ::1 /hzaueqt/index.php/home/Communication/comp.html
INFO: [ app_init ] --START--
INFO: Run Behavior\BuildLiteBehavior [ RunTime:0.000019s ]
INFO: [ app_init ] --END-- [ RunTime:0.000341s ]

[ 2017-03-01T16:36:01+08:00 ] ::1 /hzaueqt/index.php/home/Communication/comp.html
INFO: [ app_init ] --START--
INFO: Run Behavior\BuildLiteBehavior [ RunTime:0.000020s ]
INFO: [ app_init ] --END-- [ RunTime:0.000336s ]

[ 2017-03-01T16:36:31+08:00 ] ::1 /hzaueqt/index.php/home/Communication/comp.html
INFO: [ app_init ] --START--
INFO: Run Behavior\BuildLiteBehavior [ RunTime:0.000035s ]
INFO: [ app_init ] --END-- [ RunTime:0.000813s ]

[ 2017-03-01T16:36:31+08:00 ] ::1 /hzaueqt/index.php/home/Communication/comp.html
INFO: [ app_init ] --START--
INFO: Run Behavior\BuildLiteBehavior [ RunTime:0.000054s ]
INFO: [ app_init ] --END-- [ RunTime:0.000637s ]

[ 2017-03-01T16:36:32+08:00 ] ::1 /hzaueqt/index.php/home/Communication/comp.html
INFO: [ app_init ] --START--
INFO: Run Behavior\BuildLiteBehavior [ RunTime:0.000049s ]
INFO: [ app_init ] --END-- [ RunTime:0.000501s ]

[ 2017-03-01T16:36:40+08:00 ] ::1 /hzaueqt/index.php/home/Communication/comp.html
INFO: [ app_init ] --START--
INFO: Run Behavior\BuildLiteBehavior [ RunTime:0.000019s ]
INFO: [ app_init ] --END-- [ RunTime:0.000362s ]

[ 2017-03-01T16:36:56+08:00 ] ::1 /hzaueqt/index.php/home/Communication/comp.html
INFO: [ app_init ] --START--
INFO: Run Behavior\BuildLiteBehavior [ RunTime:0.000034s ]
INFO: [ app_init ] --END-- [ RunTime:0.000680s ]

[ 2017-03-01T16:36:57+08:00 ] ::1 /hzaueqt/index.php/home/Communication/comp.html
INFO: [ app_init ] --START--
INFO: Run Behavior\BuildLiteBehavior [ RunTime:0.000055s ]
INFO: [ app_init ] --END-- [ RunTime:0.000493s ]

[ 2017-03-01T16:37:07+08:00 ] ::1 /hzaueqt/index.php/home/Communication/comp.html
INFO: [ app_init ] --START--
INFO: Run Behavior\BuildLiteBehavior [ RunTime:0.000018s ]
INFO: [ app_init ] --END-- [ RunTime:0.000342s ]

[ 2017-03-01T16:37:07+08:00 ] ::1 /hzaueqt/index.php/home/Communication/comp.html
INFO: [ app_init ] --START--
INFO: Run Behavior\BuildLiteBehavior [ RunTime:0.000020s ]
INFO: [ app_init ] --END-- [ RunTime:0.000678s ]

[ 2017-03-01T16:37:14+08:00 ] ::1 /hzaueqt/index.php/home/Communication/comp.html
INFO: [ app_init ] --START--
INFO: Run Behavior\BuildLiteBehavior [ RunTime:0.000019s ]
INFO: [ app_init ] --END-- [ RunTime:0.000354s ]

[ 2017-03-01T16:37:14+08:00 ] ::1 /hzaueqt/index.php/home/Communication/comp.html
INFO: [ app_init ] --START--
INFO: Run Behavior\BuildLiteBehavior [ RunTime:0.000019s ]
INFO: [ app_init ] --END-- [ RunTime:0.000372s ]

[ 2017-03-01T16:37:14+08:00 ] ::1 /hzaueqt/index.php/home/Communication/comp.html
INFO: [ app_init ] --START--
INFO: Run Behavior\BuildLiteBehavior [ RunTime:0.000019s ]
INFO: [ app_init ] --END-- [ RunTime:0.000372s ]

[ 2017-03-01T16:37:15+08:00 ] ::1 /hzaueqt/index.php/home/Communication/comp.html
INFO: [ app_init ] --START--
INFO: Run Behavior\BuildLiteBehavior [ RunTime:0.000031s ]
INFO: [ app_init ] --END-- [ RunTime:0.000512s ]

[ 2017-03-01T16:37:23+08:00 ] ::1 /hzaueqt/index.php/home/Communication/comp.html
INFO: [ app_init ] --START--
INFO: Run Behavior\BuildLiteBehavior [ RunTime:0.000018s ]
INFO: [ app_init ] --END-- [ RunTime:0.000494s ]

[ 2017-03-01T16:37:23+08:00 ] ::1 /hzaueqt/index.php/home/Communication/comp.html
INFO: [ app_init ] --START--
INFO: Run Behavior\BuildLiteBehavior [ RunTime:0.000020s ]
INFO: [ app_init ] --END-- [ RunTime:0.000335s ]

[ 2017-03-01T16:37:23+08:00 ] ::1 /hzaueqt/index.php/home/Communication/comp.html
INFO: [ app_init ] --START--
INFO: Run Behavior\BuildLiteBehavior [ RunTime:0.000019s ]
INFO: [ app_init ] --END-- [ RunTime:0.000345s ]

[ 2017-03-01T16:37:34+08:00 ] ::1 /hzaueqt/index.php/home/Communication/comp.html
INFO: [ app_init ] --START--
INFO: Run Behavior\BuildLiteBehavior [ RunTime:0.000018s ]
INFO: [ app_init ] --END-- [ RunTime:0.000332s ]

[ 2017-03-01T16:37:49+08:00 ] ::1 /hzaueqt/index.php/home/Communication/comp.html
INFO: [ app_init ] --START--
INFO: Run Behavior\BuildLiteBehavior [ RunTime:0.000056s ]
INFO: [ app_init ] --END-- [ RunTime:0.000505s ]

[ 2017-03-01T16:40:31+08:00 ] ::1 /hzaueqt/index.php/home/Communication/comp.html
INFO: [ app_init ] --START--
INFO: Run Behavior\BuildLiteBehavior [ RunTime:0.000019s ]
INFO: [ app_init ] --END-- [ RunTime:0.000400s ]

[ 2017-03-01T16:40:32+08:00 ] ::1 /hzaueqt/index.php/home/Communication/comp.html
INFO: [ app_init ] --START--
INFO: Run Behavior\BuildLiteBehavior [ RunTime:0.000029s ]
INFO: [ app_init ] --END-- [ RunTime:0.000384s ]

[ 2017-03-01T16:40:37+08:00 ] ::1 /hzaueqt/index.php/home/Communication/comp.html
INFO: [ app_init ] --START--
INFO: Run Behavior\BuildLiteBehavior [ RunTime:0.000018s ]
INFO: [ app_init ] --END-- [ RunTime:0.000330s ]

[ 2017-03-01T16:40:42+08:00 ] ::1 /hzaueqt/index.php/home/Communication/comp.html
INFO: [ app_init ] --START--
INFO: Run Behavior\BuildLiteBehavior [ RunTime:0.000034s ]
INFO: [ app_init ] --END-- [ RunTime:0.000394s ]

[ 2017-03-01T16:40:47+08:00 ] ::1 /hzaueqt/index.php/home/Communication/comp.html
INFO: [ app_init ] --START--
INFO: Run Behavior\BuildLiteBehavior [ RunTime:0.000043s ]
INFO: [ app_init ] --END-- [ RunTime:0.000550s ]

[ 2017-03-01T16:40:47+08:00 ] ::1 /hzaueqt/index.php/home/Communication/comp.html
INFO: [ app_init ] --START--
INFO: Run Behavior\BuildLiteBehavior [ RunTime:0.000020s ]
INFO: [ app_init ] --END-- [ RunTime:0.000353s ]

[ 2017-03-01T16:44:42+08:00 ] ::1 /hzaueqt/index.php/home/Communication/comp.html
INFO: [ app_init ] --START--
INFO: Run Behavior\BuildLiteBehavior [ RunTime:0.000018s ]
INFO: [ app_init ] --END-- [ RunTime:0.000389s ]

[ 2017-03-01T16:45:41+08:00 ] ::1 /hzaueqt/index.php/home/Communication/comp.html
INFO: [ app_init ] --START--
INFO: Run Behavior\BuildLiteBehavior [ RunTime:0.000034s ]
INFO: [ app_init ] --END-- [ RunTime:0.000551s ]

[ 2017-03-01T16:45:46+08:00 ] ::1 /hzaueqt/index.php/home/Communication/comp.html
INFO: [ app_init ] --START--
INFO: Run Behavior\BuildLiteBehavior [ RunTime:0.000020s ]
INFO: [ app_init ] --END-- [ RunTime:0.000410s ]

[ 2017-03-01T16:45:50+08:00 ] ::1 /hzaueqt/index.php/home/Communication/comp.html
INFO: [ app_init ] --START--
INFO: Run Behavior\BuildLiteBehavior [ RunTime:0.000034s ]
INFO: [ app_init ] --END-- [ RunTime:0.000472s ]

[ 2017-03-01T16:45:50+08:00 ] ::1 /hzaueqt/index.php/home/Communication/comp.html
INFO: [ app_init ] --START--
INFO: Run Behavior\BuildLiteBehavior [ RunTime:0.000019s ]
INFO: [ app_init ] --END-- [ RunTime:0.000343s ]

[ 2017-03-01T16:46:09+08:00 ] ::1 /hzaueqt/index.php/home/Communication/comp.html
INFO: [ app_init ] --START--
INFO: Run Behavior\BuildLiteBehavior [ RunTime:0.000019s ]
INFO: [ app_init ] --END-- [ RunTime:0.000419s ]

[ 2017-03-01T16:46:48+08:00 ] ::1 /hzaueqt/index.php/home/Communication/comp.html
INFO: [ app_init ] --START--
INFO: Run Behavior\BuildLiteBehavior [ RunTime:0.000022s ]
INFO: [ app_init ] --END-- [ RunTime:0.000396s ]

[ 2017-03-01T16:47:57+08:00 ] ::1 /hzaueqt/index.php/home/Communication/comp.html
INFO: [ app_init ] --START--
INFO: Run Behavior\BuildLiteBehavior [ RunTime:0.000020s ]
INFO: [ app_init ] --END-- [ RunTime:0.000391s ]

[ 2017-03-01T16:47:58+08:00 ] ::1 /hzaueqt/index.php/home/Communication/comp.html
INFO: [ app_init ] --START--
INFO: Run Behavior\BuildLiteBehavior [ RunTime:0.000020s ]
INFO: [ app_init ] --END-- [ RunTime:0.000377s ]

[ 2017-03-01T16:51:13+08:00 ] ::1 /hzaueqt/index.php/home/Communication/comp.html
INFO: [ app_init ] --START--
INFO: Run Behavior\BuildLiteBehavior [ RunTime:0.000024s ]
INFO: [ app_init ] --END-- [ RunTime:0.000496s ]

[ 2017-03-01T16:51:52+08:00 ] ::1 /hzaueqt/index.php/home/Communication/comp.html
INFO: [ app_init ] --START--
INFO: Run Behavior\BuildLiteBehavior [ RunTime:0.000018s ]
INFO: [ app_init ] --END-- [ RunTime:0.000333s ]

[ 2017-03-01T16:55:12+08:00 ] ::1 /hzaueqt/index.php/home/Communication/comp.html
INFO: [ app_init ] --START--
INFO: Run Behavior\BuildLiteBehavior [ RunTime:0.000020s ]
INFO: [ app_init ] --END-- [ RunTime:0.000396s ]

[ 2017-03-01T16:56:25+08:00 ] ::1 /hzaueqt/index.php/home/Communication/comp.html
INFO: [ app_init ] --START--
INFO: Run Behavior\BuildLiteBehavior [ RunTime:0.000018s ]
INFO: [ app_init ] --END-- [ RunTime:0.000325s ]

[ 2017-03-01T16:57:01+08:00 ] ::1 /hzaueqt/index.php/home/Communication/comp.html
INFO: [ app_init ] --START--
INFO: Run Behavior\BuildLiteBehavior [ RunTime:0.000019s ]
INFO: [ app_init ] --END-- [ RunTime:0.000386s ]

[ 2017-03-01T16:57:32+08:00 ] ::1 /hzaueqt/index.php/home/Communication/comp.html
INFO: [ app_init ] --START--
INFO: Run Behavior\BuildLiteBehavior [ RunTime:0.000020s ]
INFO: [ app_init ] --END-- [ RunTime:0.000545s ]

[ 2017-03-01T17:09:42+08:00 ] ::1 /hzaueqt/index.php/home/Communication/comp.html
INFO: [ app_init ] --START--
INFO: Run Behavior\BuildLiteBehavior [ RunTime:0.000045s ]
INFO: [ app_init ] --END-- [ RunTime:0.000492s ]

[ 2017-03-01T17:09:59+08:00 ] ::1 /hzaueqt/index.php/home/Communication/comp.html
INFO: [ app_init ] --START--
INFO: Run Behavior\BuildLiteBehavior [ RunTime:0.000021s ]
INFO: [ app_init ] --END-- [ RunTime:0.000546s ]

[ 2017-03-01T17:10:28+08:00 ] ::1 /hzaueqt/index.php/home/Communication/comp.html
INFO: [ app_init ] --START--
INFO: Run Behavior\BuildLiteBehavior [ RunTime:0.000019s ]
INFO: [ app_init ] --END-- [ RunTime:0.000347s ]

[ 2017-03-01T17:10:36+08:00 ] ::1 /hzaueqt/index.php/home/Communication/comp.html
INFO: [ app_init ] --START--
INFO: Run Behavior\BuildLiteBehavior [ RunTime:0.000018s ]
INFO: [ app_init ] --END-- [ RunTime:0.000434s ]

[ 2017-03-01T17:20:24+08:00 ] ::1 /hzaueqt/index.php/home/Communication/comp.html
INFO: [ app_init ] --START--
INFO: Run Behavior\BuildLiteBehavior [ RunTime:0.000021s ]
INFO: [ app_init ] --END-- [ RunTime:0.000515s ]

[ 2017-03-01T17:21:06+08:00 ] ::1 /hzaueqt/index.php/home/Communication/comp.html
INFO: [ app_init ] --START--
INFO: Run Behavior\BuildLiteBehavior [ RunTime:0.000019s ]
INFO: [ app_init ] --END-- [ RunTime:0.000332s ]

[ 2017-03-01T17:22:46+08:00 ] ::1 /hzaueqt/index.php/home/Communication/comp.html
INFO: [ app_init ] --START--
INFO: Run Behavior\BuildLiteBehavior [ RunTime:0.000037s ]
INFO: [ app_init ] --END-- [ RunTime:0.000717s ]

[ 2017-03-01T17:22:47+08:00 ] ::1 /hzaueqt/index.php/home/Communication/comp.html
INFO: [ app_init ] --START--
INFO: Run Behavior\BuildLiteBehavior [ RunTime:0.000019s ]
INFO: [ app_init ] --END-- [ RunTime:0.000330s ]

[ 2017-03-01T17:22:47+08:00 ] ::1 /hzaueqt/index.php/home/Communication/comp.html
INFO: [ app_init ] --START--
INFO: Run Behavior\BuildLiteBehavior [ RunTime:0.000020s ]
INFO: [ app_init ] --END-- [ RunTime:0.000356s ]

[ 2017-03-01T17:23:15+08:00 ] ::1 /hzaueqt/index.php/home/Communication/comp.html
INFO: [ app_init ] --START--
INFO: Run Behavior\BuildLiteBehavior [ RunTime:0.000019s ]
INFO: [ app_init ] --END-- [ RunTime:0.000422s ]

[ 2017-03-01T17:26:06+08:00 ] ::1 /hzaueqt/index.php/home/Communication/comp.html
INFO: [ app_init ] --START--
INFO: Run Behavior\BuildLiteBehavior [ RunTime:0.000019s ]
INFO: [ app_init ] --END-- [ RunTime:0.000412s ]

[ 2017-03-01T17:26:07+08:00 ] ::1 /hzaueqt/index.php/home/Communication/comp.html
INFO: [ app_init ] --START--
INFO: Run Behavior\BuildLiteBehavior [ RunTime:0.000020s ]
INFO: [ app_init ] --END-- [ RunTime:0.000385s ]

[ 2017-03-01T17:28:23+08:00 ] ::1 /hzaueqt/index.php/home/Communication/comp.html
INFO: [ app_init ] --START--
INFO: Run Behavior\BuildLiteBehavior [ RunTime:0.000019s ]
INFO: [ app_init ] --END-- [ RunTime:0.000564s ]

[ 2017-03-01T17:28:23+08:00 ] ::1 /hzaueqt/index.php/home/Communication/comp.html
INFO: [ app_init ] --START--
INFO: Run Behavior\BuildLiteBehavior [ RunTime:0.000030s ]
INFO: [ app_init ] --END-- [ RunTime:0.000355s ]

[ 2017-03-01T17:29:43+08:00 ] ::1 /hzaueqt/index.php/home/Communication/comp.html
INFO: [ app_init ] --START--
INFO: Run Behavior\BuildLiteBehavior [ RunTime:0.000020s ]
INFO: [ app_init ] --END-- [ RunTime:0.000393s ]

[ 2017-03-01T17:30:19+08:00 ] ::1 /hzaueqt/index.php/home/Communication/comp.html
INFO: [ app_init ] --START--
INFO: Run Behavior\BuildLiteBehavior [ RunTime:0.000019s ]
INFO: [ app_init ] --END-- [ RunTime:0.000367s ]

[ 2017-03-01T17:30:54+08:00 ] ::1 /hzaueqt/index.php/home/Communication/comp.html
INFO: [ app_init ] --START--
INFO: Run Behavior\BuildLiteBehavior [ RunTime:0.000019s ]
INFO: [ app_init ] --END-- [ RunTime:0.000386s ]

[ 2017-03-01T17:30:55+08:00 ] ::1 /hzaueqt/index.php/home/Communication/comp.html
INFO: [ app_init ] --START--
INFO: Run Behavior\BuildLiteBehavior [ RunTime:0.000020s ]
INFO: [ app_init ] --END-- [ RunTime:0.000350s ]

[ 2017-03-01T17:30:55+08:00 ] ::1 /hzaueqt/index.php/home/Communication/comp.html
INFO: [ app_init ] --START--
INFO: Run Behavior\BuildLiteBehavior [ RunTime:0.000019s ]
INFO: [ app_init ] --END-- [ RunTime:0.000342s ]

[ 2017-03-01T17:33:11+08:00 ] ::1 /hzaueqt/index.php/home/Communication/comp.html
INFO: [ app_init ] --START--
INFO: Run Behavior\BuildLiteBehavior [ RunTime:0.000032s ]
INFO: [ app_init ] --END-- [ RunTime:0.000502s ]

[ 2017-03-01T17:33:26+08:00 ] ::1 /hzaueqt/index.php/home/Communication/comp.html
INFO: [ app_init ] --START--
INFO: Run Behavior\BuildLiteBehavior [ RunTime:0.000040s ]
INFO: [ app_init ] --END-- [ RunTime:0.000615s ]

[ 2017-03-01T17:33:47+08:00 ] ::1 /hzaueqt/index.php/home/Communication/comp.html
INFO: [ app_init ] --START--
INFO: Run Behavior\BuildLiteBehavior [ RunTime:0.000019s ]
INFO: [ app_init ] --END-- [ RunTime:0.000367s ]

[ 2017-03-01T17:34:04+08:00 ] ::1 /hzaueqt/index.php/home/Communication/comp.html
INFO: [ app_init ] --START--
INFO: Run Behavior\BuildLiteBehavior [ RunTime:0.000019s ]
INFO: [ app_init ] --END-- [ RunTime:0.000337s ]

[ 2017-03-01T17:36:27+08:00 ] ::1 /hzaueqt/index.php/home/Communication/comp.html
INFO: [ app_init ] --START--
INFO: Run Behavior\BuildLiteBehavior [ RunTime:0.000021s ]
INFO: [ app_init ] --END-- [ RunTime:0.000417s ]

[ 2017-03-01T17:36:40+08:00 ] ::1 /hzaueqt/index.php/home/Communication/comp.html
INFO: [ app_init ] --START--
INFO: Run Behavior\BuildLiteBehavior [ RunTime:0.000024s ]
INFO: [ app_init ] --END-- [ RunTime:0.000448s ]

[ 2017-03-01T17:36:40+08:00 ] ::1 /hzaueqt/index.php/home/Communication/comp.html
INFO: [ app_init ] --START--
INFO: Run Behavior\BuildLiteBehavior [ RunTime:0.000038s ]
INFO: [ app_init ] --END-- [ RunTime:0.000642s ]

[ 2017-03-01T17:37:01+08:00 ] ::1 /hzaueqt/index.php/home/Communication/comp.html
INFO: [ app_init ] --START--
INFO: Run Behavior\BuildLiteBehavior [ RunTime:0.000020s ]
INFO: [ app_init ] --END-- [ RunTime:0.000403s ]

[ 2017-03-01T17:37:02+08:00 ] ::1 /hzaueqt/index.php/home/Communication/comp.html
INFO: [ app_init ] --START--
INFO: Run Behavior\BuildLiteBehavior [ RunTime:0.000019s ]
INFO: [ app_init ] --END-- [ RunTime:0.000371s ]

[ 2017-03-01T17:37:02+08:00 ] ::1 /hzaueqt/index.php/home/Communication/comp.html
INFO: [ app_init ] --START--
INFO: Run Behavior\BuildLiteBehavior [ RunTime:0.000020s ]
INFO: [ app_init ] --END-- [ RunTime:0.000347s ]

[ 2017-03-01T17:37:03+08:00 ] ::1 /hzaueqt/index.php/home/Communication/comp.html
INFO: [ app_init ] --START--
INFO: Run Behavior\BuildLiteBehavior [ RunTime:0.000022s ]
INFO: [ app_init ] --END-- [ RunTime:0.000362s ]

[ 2017-03-01T17:37:36+08:00 ] ::1 /hzaueqt/index.php/home/Communication/comp.html
INFO: [ app_init ] --START--
INFO: Run Behavior\BuildLiteBehavior [ RunTime:0.000019s ]
INFO: [ app_init ] --END-- [ RunTime:0.000463s ]

[ 2017-03-01T17:37:37+08:00 ] ::1 /hzaueqt/index.php/home/Communication/comp.html
INFO: [ app_init ] --START--
INFO: Run Behavior\BuildLiteBehavior [ RunTime:0.000020s ]
INFO: [ app_init ] --END-- [ RunTime:0.000347s ]

[ 2017-03-01T17:39:05+08:00 ] ::1 /hzaueqt/index.php/home/Communication/comp.html
INFO: [ app_init ] --START--
INFO: Run Behavior\BuildLiteBehavior [ RunTime:0.000019s ]
INFO: [ app_init ] --END-- [ RunTime:0.000335s ]

[ 2017-03-01T17:39:06+08:00 ] ::1 /hzaueqt/index.php/home/Communication/comp.html
INFO: [ app_init ] --START--
INFO: Run Behavior\BuildLiteBehavior [ RunTime:0.000021s ]
INFO: [ app_init ] --END-- [ RunTime:0.000369s ]

[ 2017-03-01T17:39:06+08:00 ] ::1 /hzaueqt/index.php/home/Communication/comp.html
INFO: [ app_init ] --START--
INFO: Run Behavior\BuildLiteBehavior [ RunTime:0.000021s ]
INFO: [ app_init ] --END-- [ RunTime:0.000360s ]

[ 2017-03-01T17:40:50+08:00 ] ::1 /hzaueqt/index.php/home/Communication/comp.html
INFO: [ app_init ] --START--
INFO: Run Behavior\BuildLiteBehavior [ RunTime:0.000021s ]
INFO: [ app_init ] --END-- [ RunTime:0.000478s ]

[ 2017-03-01T17:41:19+08:00 ] ::1 /hzaueqt/index.php/home/Communication/comp.html
INFO: [ app_init ] --START--
INFO: Run Behavior\BuildLiteBehavior [ RunTime:0.000021s ]
INFO: [ app_init ] --END-- [ RunTime:0.000357s ]

[ 2017-03-01T17:41:20+08:00 ] ::1 /hzaueqt/index.php/home/Communication/comp.html
INFO: [ app_init ] --START--
INFO: Run Behavior\BuildLiteBehavior [ RunTime:0.000033s ]
INFO: [ app_init ] --END-- [ RunTime:0.000619s ]

[ 2017-03-01T17:41:20+08:00 ] ::1 /hzaueqt/index.php/home/Communication/comp.html
INFO: [ app_init ] --START--
INFO: Run Behavior\BuildLiteBehavior [ RunTime:0.000020s ]
INFO: [ app_init ] --END-- [ RunTime:0.000342s ]

[ 2017-03-01T17:41:20+08:00 ] ::1 /hzaueqt/index.php/home/Communication/comp.html
INFO: [ app_init ] --START--
INFO: Run Behavior\BuildLiteBehavior [ RunTime:0.000023s ]
INFO: [ app_init ] --END-- [ RunTime:0.000403s ]

[ 2017-03-01T17:41:20+08:00 ] ::1 /hzaueqt/index.php/home/Communication/comp.html
INFO: [ app_init ] --START--
INFO: Run Behavior\BuildLiteBehavior [ RunTime:0.000021s ]
INFO: [ app_init ] --END-- [ RunTime:0.000368s ]

[ 2017-03-01T17:41:31+08:00 ] ::1 /hzaueqt/index.php/home/Communication/comp.html
INFO: [ app_init ] --START--
INFO: Run Behavior\BuildLiteBehavior [ RunTime:0.000018s ]
INFO: [ app_init ] --END-- [ RunTime:0.000382s ]

[ 2017-03-01T17:42:28+08:00 ] ::1 /hzaueqt/index.php/home/Communication/comp.html
INFO: [ app_init ] --START--
INFO: Run Behavior\BuildLiteBehavior [ RunTime:0.000022s ]
INFO: [ app_init ] --END-- [ RunTime:0.000737s ]

[ 2017-03-01T17:42:37+08:00 ] ::1 /hzaueqt/index.php/home/Communication/comp.html
INFO: [ app_init ] --START--
INFO: Run Behavior\BuildLiteBehavior [ RunTime:0.000019s ]
INFO: [ app_init ] --END-- [ RunTime:0.000435s ]

[ 2017-03-01T17:42:37+08:00 ] ::1 /hzaueqt/index.php/home/Communication/comp.html
INFO: [ app_init ] --START--
INFO: Run Behavior\BuildLiteBehavior [ RunTime:0.000036s ]
INFO: [ app_init ] --END-- [ RunTime:0.000405s ]

[ 2017-03-01T17:42:54+08:00 ] ::1 /hzaueqt/index.php/home/Communication/comp.html
INFO: [ app_init ] --START--
INFO: Run Behavior\BuildLiteBehavior [ RunTime:0.000034s ]
INFO: [ app_init ] --END-- [ RunTime:0.000825s ]

[ 2017-03-01T17:42:55+08:00 ] ::1 /hzaueqt/index.php/home/Communication/comp.html
INFO: [ app_init ] --START--
INFO: Run Behavior\BuildLiteBehavior [ RunTime:0.000019s ]
INFO: [ app_init ] --END-- [ RunTime:0.000333s ]

[ 2017-03-01T17:43:13+08:00 ] ::1 /hzaueqt/index.php/home/Communication/comp.html
INFO: [ app_init ] --START--
INFO: Run Behavior\BuildLiteBehavior [ RunTime:0.000026s ]
INFO: [ app_init ] --END-- [ RunTime:0.000519s ]

[ 2017-03-01T17:43:34+08:00 ] ::1 /hzaueqt/index.php/home/Communication/comp.html
INFO: [ app_init ] --START--
INFO: Run Behavior\BuildLiteBehavior [ RunTime:0.000021s ]
INFO: [ app_init ] --END-- [ RunTime:0.000368s ]

[ 2017-03-01T17:44:53+08:00 ] ::1 /hzaueqt/index.php/home/Communication/comp.html
INFO: [ app_init ] --START--
INFO: Run Behavior\BuildLiteBehavior [ RunTime:0.000020s ]
INFO: [ app_init ] --END-- [ RunTime:0.000356s ]

[ 2017-03-01T17:45:17+08:00 ] ::1 /hzaueqt/index.php/home/Communication/comp.html
INFO: [ app_init ] --START--
INFO: Run Behavior\BuildLiteBehavior [ RunTime:0.000019s ]
INFO: [ app_init ] --END-- [ RunTime:0.000388s ]

[ 2017-03-01T17:45:30+08:00 ] ::1 /hzaueqt/index.php/home/Communication/comp.html
INFO: [ app_init ] --START--
INFO: Run Behavior\BuildLiteBehavior [ RunTime:0.000020s ]
INFO: [ app_init ] --END-- [ RunTime:0.000354s ]

[ 2017-03-01T17:45:42+08:00 ] ::1 /hzaueqt/index.php/home/Communication/comp.html
INFO: [ app_init ] --START--
INFO: Run Behavior\BuildLiteBehavior [ RunTime:0.000020s ]
INFO: [ app_init ] --END-- [ RunTime:0.000347s ]

