[ 2017-05-22T15:14:20+08:00 ] ::1 /hzaucomm/
INFO: [ app_init ] --START--
INFO: Run Behavior\BuildLiteBehavior [ RunTime:0.000129s ]
INFO: [ app_init ] --END-- [ RunTime:0.027797s ]

[ 2017-05-22T15:18:19+08:00 ] ::1 /hzaucomm/index.php/Home/course/course.html
INFO: [ app_init ] --START--
INFO: Run Behavior\BuildLiteBehavior [ RunTime:0.000054s ]
INFO: [ app_init ] --END-- [ RunTime:0.000813s ]

[ 2017-05-22T15:22:28+08:00 ] ::1 /hzaucomm/index.php/Home/index/main.html
INFO: [ app_init ] --START--
INFO: Run Behavior\BuildLiteBehavior [ RunTime:0.001660s ]
INFO: [ app_init ] --END-- [ RunTime:0.002987s ]

[ 2017-05-22T15:22:49+08:00 ] ::1 /hzaucomm/index.php/Home/index/main.html
INFO: [ app_init ] --START--
INFO: Run Behavior\BuildLiteBehavior [ RunTime:0.000055s ]
INFO: [ app_init ] --END-- [ RunTime:0.000938s ]

[ 2017-05-22T15:23:00+08:00 ] ::1 /hzaucomm/index.php/Home/index/main.html
INFO: [ app_init ] --START--
INFO: Run Behavior\BuildLiteBehavior [ RunTime:0.000056s ]
INFO: [ app_init ] --END-- [ RunTime:0.000918s ]

[ 2017-05-22T15:23:16+08:00 ] ::1 /hzaucomm/index.php/Home/index/main.html
INFO: [ app_init ] --START--
INFO: Run Behavior\BuildLiteBehavior [ RunTime:0.000056s ]
INFO: [ app_init ] --END-- [ RunTime:0.000935s ]

[ 2017-05-22T15:23:48+08:00 ] ::1 /hzaucomm/index.php/Home/index/main.html
INFO: [ app_init ] --START--
INFO: Run Behavior\BuildLiteBehavior [ RunTime:0.000056s ]
INFO: [ app_init ] --END-- [ RunTime:0.000996s ]

[ 2017-05-22T15:24:37+08:00 ] ::1 /hzaucomm/index.php/Home/index/main.html
INFO: [ app_init ] --START--
INFO: Run Behavior\BuildLiteBehavior [ RunTime:0.000058s ]
INFO: [ app_init ] --END-- [ RunTime:0.001015s ]

[ 2017-05-22T15:26:36+08:00 ] ::1 /hzaucomm/index.php/Home/index/main.html
INFO: [ app_init ] --START--
INFO: Run Behavior\BuildLiteBehavior [ RunTime:0.000054s ]
INFO: [ app_init ] --END-- [ RunTime:0.000892s ]

[ 2017-05-22T15:28:44+08:00 ] ::1 /hzaucomm/index.php/Home/index/main.html
INFO: [ app_init ] --START--
INFO: Run Behavior\BuildLiteBehavior [ RunTime:0.000058s ]
INFO: [ app_init ] --END-- [ RunTime:0.001090s ]

[ 2017-05-22T15:29:57+08:00 ] ::1 /hzaucomm/index.php/Home/index/main.html
INFO: [ app_init ] --START--
INFO: Run Behavior\BuildLiteBehavior [ RunTime:0.000054s ]
INFO: [ app_init ] --END-- [ RunTime:0.000880s ]

[ 2017-05-22T15:30:12+08:00 ] ::1 /hzaucomm/index.php/Home/index/main.html
INFO: [ app_init ] --START--
INFO: Run Behavior\BuildLiteBehavior [ RunTime:0.000053s ]
INFO: [ app_init ] --END-- [ RunTime:0.000873s ]

[ 2017-05-22T15:30:20+08:00 ] ::1 /hzaucomm/index.php/Home/index/main.html
INFO: [ app_init ] --START--
INFO: Run Behavior\BuildLiteBehavior [ RunTime:0.000053s ]
INFO: [ app_init ] --END-- [ RunTime:0.000880s ]

[ 2017-05-22T15:30:40+08:00 ] ::1 /hzaucomm/index.php/Home/index/main.html
INFO: [ app_init ] --START--
INFO: Run Behavior\BuildLiteBehavior [ RunTime:0.000053s ]
INFO: [ app_init ] --END-- [ RunTime:0.000906s ]

[ 2017-05-22T15:30:47+08:00 ] ::1 /hzaucomm/index.php/Home/index/main.html
INFO: [ app_init ] --START--
INFO: Run Behavior\BuildLiteBehavior [ RunTime:0.000057s ]
INFO: [ app_init ] --END-- [ RunTime:0.001148s ]

[ 2017-05-22T15:30:53+08:00 ] ::1 /hzaucomm/index.php/Home/index/main.html
INFO: [ app_init ] --START--
INFO: Run Behavior\BuildLiteBehavior [ RunTime:0.000053s ]
INFO: [ app_init ] --END-- [ RunTime:0.000865s ]

[ 2017-05-22T15:31:00+08:00 ] ::1 /hzaucomm/index.php/Home/index/main.html
INFO: [ app_init ] --START--
INFO: Run Behavior\BuildLiteBehavior [ RunTime:0.000060s ]
INFO: [ app_init ] --END-- [ RunTime:0.001765s ]

[ 2017-05-22T15:31:22+08:00 ] ::1 /hzaucomm/index.php/Home/index/main.html
INFO: [ app_init ] --START--
INFO: Run Behavior\BuildLiteBehavior [ RunTime:0.000056s ]
INFO: [ app_init ] --END-- [ RunTime:0.000902s ]

[ 2017-05-22T15:31:36+08:00 ] ::1 /hzaucomm/index.php/Home/index/main.html
INFO: [ app_init ] --START--
INFO: Run Behavior\BuildLiteBehavior [ RunTime:0.000056s ]
INFO: [ app_init ] --END-- [ RunTime:0.000909s ]

[ 2017-05-22T15:31:37+08:00 ] ::1 /hzaucomm/index.php/Home/index/main.html
INFO: [ app_init ] --START--
INFO: Run Behavior\BuildLiteBehavior [ RunTime:0.000061s ]
INFO: [ app_init ] --END-- [ RunTime:0.003620s ]

[ 2017-05-22T15:33:50+08:00 ] ::1 /hzaucomm/index.php/Home/index/main.html
INFO: [ app_init ] --START--
INFO: Run Behavior\BuildLiteBehavior [ RunTime:0.000057s ]
INFO: [ app_init ] --END-- [ RunTime:0.000940s ]

[ 2017-05-22T15:34:01+08:00 ] ::1 /hzaucomm/index.php/Home/index/main.html
INFO: [ app_init ] --START--
INFO: Run Behavior\BuildLiteBehavior [ RunTime:0.000056s ]
INFO: [ app_init ] --END-- [ RunTime:0.000855s ]

[ 2017-05-22T15:34:07+08:00 ] ::1 /hzaucomm/index.php/Home/index/main.html
INFO: [ app_init ] --START--
INFO: Run Behavior\BuildLiteBehavior [ RunTime:0.000052s ]
INFO: [ app_init ] --END-- [ RunTime:0.000822s ]

[ 2017-05-22T15:35:25+08:00 ] ::1 /hzaucomm/index.php/Home/index/main.html
INFO: [ app_init ] --START--
INFO: Run Behavior\BuildLiteBehavior [ RunTime:0.000055s ]
INFO: [ app_init ] --END-- [ RunTime:0.000905s ]

[ 2017-05-22T15:35:59+08:00 ] ::1 /hzaucomm/index.php/Home/index/main.html
INFO: [ app_init ] --START--
INFO: Run Behavior\BuildLiteBehavior [ RunTime:0.000056s ]
INFO: [ app_init ] --END-- [ RunTime:0.001055s ]

[ 2017-05-22T15:36:41+08:00 ] ::1 /hzaucomm/index.php/Home/index/main.html
INFO: [ app_init ] --START--
INFO: Run Behavior\BuildLiteBehavior [ RunTime:0.000057s ]
INFO: [ app_init ] --END-- [ RunTime:0.000917s ]

[ 2017-05-22T15:38:18+08:00 ] ::1 /hzaucomm/index.php/Home/index/main.html
INFO: [ app_init ] --START--
INFO: Run Behavior\BuildLiteBehavior [ RunTime:0.000097s ]
INFO: [ app_init ] --END-- [ RunTime:0.001587s ]

[ 2017-05-22T15:38:24+08:00 ] ::1 /hzaucomm/index.php/Home/index/main.html
INFO: [ app_init ] --START--
INFO: Run Behavior\BuildLiteBehavior [ RunTime:0.000056s ]
INFO: [ app_init ] --END-- [ RunTime:0.000888s ]

[ 2017-05-22T15:38:55+08:00 ] ::1 /hzaucomm/index.php/Home/index/main.html
INFO: [ app_init ] --START--
INFO: Run Behavior\BuildLiteBehavior [ RunTime:0.000059s ]
INFO: [ app_init ] --END-- [ RunTime:0.000899s ]

[ 2017-05-22T15:39:22+08:00 ] ::1 /hzaucomm/index.php/Home/index/main.html
INFO: [ app_init ] --START--
INFO: Run Behavior\BuildLiteBehavior [ RunTime:0.000055s ]
INFO: [ app_init ] --END-- [ RunTime:0.000836s ]

[ 2017-05-22T15:39:51+08:00 ] ::1 /hzaucomm/index.php/Home/index/main.html
INFO: [ app_init ] --START--
INFO: Run Behavior\BuildLiteBehavior [ RunTime:0.000054s ]
INFO: [ app_init ] --END-- [ RunTime:0.000824s ]

[ 2017-05-22T15:42:20+08:00 ] ::1 /hzaucomm/index.php/Home/index/main.html
INFO: [ app_init ] --START--
INFO: Run Behavior\BuildLiteBehavior [ RunTime:0.000056s ]
INFO: [ app_init ] --END-- [ RunTime:0.000890s ]

[ 2017-05-22T15:42:54+08:00 ] ::1 /hzaucomm/index.php/Home/index/main.html
INFO: [ app_init ] --START--
INFO: Run Behavior\BuildLiteBehavior [ RunTime:0.000061s ]
INFO: [ app_init ] --END-- [ RunTime:0.003036s ]

[ 2017-05-22T15:43:27+08:00 ] ::1 /hzaucomm/index.php/Home/index/main.html
INFO: [ app_init ] --START--
INFO: Run Behavior\BuildLiteBehavior [ RunTime:0.000054s ]
INFO: [ app_init ] --END-- [ RunTime:0.000816s ]

[ 2017-05-22T15:46:20+08:00 ] ::1 /hzaucomm/index.php/Home/index/main.html
INFO: [ app_init ] --START--
INFO: Run Behavior\BuildLiteBehavior [ RunTime:0.000054s ]
INFO: [ app_init ] --END-- [ RunTime:0.000848s ]

[ 2017-05-22T15:46:32+08:00 ] ::1 /hzaucomm/index.php/Home/index/main.html
INFO: [ app_init ] --START--
INFO: Run Behavior\BuildLiteBehavior [ RunTime:0.000055s ]
INFO: [ app_init ] --END-- [ RunTime:0.000942s ]

[ 2017-05-22T15:46:33+08:00 ] ::1 /hzaucomm/index.php/Home/index/main.html
INFO: [ app_init ] --START--
INFO: Run Behavior\BuildLiteBehavior [ RunTime:0.000056s ]
INFO: [ app_init ] --END-- [ RunTime:0.000835s ]

[ 2017-05-22T15:46:41+08:00 ] ::1 /hzaucomm/index.php/Home/index/main.html
INFO: [ app_init ] --START--
INFO: Run Behavior\BuildLiteBehavior [ RunTime:0.000054s ]
INFO: [ app_init ] --END-- [ RunTime:0.000837s ]

[ 2017-05-22T15:46:42+08:00 ] ::1 /hzaucomm/index.php/Home/index/main.html
INFO: [ app_init ] --START--
INFO: Run Behavior\BuildLiteBehavior [ RunTime:0.000056s ]
INFO: [ app_init ] --END-- [ RunTime:0.000896s ]

[ 2017-05-22T15:47:00+08:00 ] ::1 /hzaucomm/index.php/Home/index/main.html
INFO: [ app_init ] --START--
INFO: Run Behavior\BuildLiteBehavior [ RunTime:0.000053s ]
INFO: [ app_init ] --END-- [ RunTime:0.000816s ]

[ 2017-05-22T15:47:13+08:00 ] ::1 /hzaucomm/index.php/Home/index/main.html
INFO: [ app_init ] --START--
INFO: Run Behavior\BuildLiteBehavior [ RunTime:0.000054s ]
INFO: [ app_init ] --END-- [ RunTime:0.000820s ]

[ 2017-05-22T15:47:19+08:00 ] ::1 /hzaucomm/index.php/Home/index/main.html
INFO: [ app_init ] --START--
INFO: Run Behavior\BuildLiteBehavior [ RunTime:0.000055s ]
INFO: [ app_init ] --END-- [ RunTime:0.000998s ]

[ 2017-05-22T15:47:28+08:00 ] ::1 /hzaucomm/index.php/Home/index/main.html
INFO: [ app_init ] --START--
INFO: Run Behavior\BuildLiteBehavior [ RunTime:0.000053s ]
INFO: [ app_init ] --END-- [ RunTime:0.000824s ]

[ 2017-05-22T15:47:40+08:00 ] ::1 /hzaucomm/index.php/Home/index/main.html
INFO: [ app_init ] --START--
INFO: Run Behavior\BuildLiteBehavior [ RunTime:0.000054s ]
INFO: [ app_init ] --END-- [ RunTime:0.000821s ]

[ 2017-05-22T15:47:47+08:00 ] ::1 /hzaucomm/index.php/Home/index/main.html
INFO: [ app_init ] --START--
INFO: Run Behavior\BuildLiteBehavior [ RunTime:0.000054s ]
INFO: [ app_init ] --END-- [ RunTime:0.000835s ]

[ 2017-05-22T15:48:09+08:00 ] ::1 /hzaucomm/index.php/Home/index/main.html
INFO: [ app_init ] --START--
INFO: Run Behavior\BuildLiteBehavior [ RunTime:0.000055s ]
INFO: [ app_init ] --END-- [ RunTime:0.000837s ]

[ 2017-05-22T15:48:23+08:00 ] ::1 /hzaucomm/index.php/Home/index/main.html
INFO: [ app_init ] --START--
INFO: Run Behavior\BuildLiteBehavior [ RunTime:0.000055s ]
INFO: [ app_init ] --END-- [ RunTime:0.000833s ]

[ 2017-05-22T15:50:28+08:00 ] ::1 /hzaucomm/index.php/Home/index/main.html
INFO: [ app_init ] --START--
INFO: Run Behavior\BuildLiteBehavior [ RunTime:0.000066s ]
INFO: [ app_init ] --END-- [ RunTime:0.000861s ]

[ 2017-05-22T15:50:36+08:00 ] ::1 /hzaucomm/index.php/Home/index/main.html
INFO: [ app_init ] --START--
INFO: Run Behavior\BuildLiteBehavior [ RunTime:0.000055s ]
INFO: [ app_init ] --END-- [ RunTime:0.000899s ]

[ 2017-05-22T15:50:41+08:00 ] ::1 /hzaucomm/index.php/Home/index/main.html
INFO: [ app_init ] --START--
INFO: Run Behavior\BuildLiteBehavior [ RunTime:0.000055s ]
INFO: [ app_init ] --END-- [ RunTime:0.000847s ]

[ 2017-05-22T15:51:04+08:00 ] ::1 /hzaucomm/index.php/Home/index/main.html
INFO: [ app_init ] --START--
INFO: Run Behavior\BuildLiteBehavior [ RunTime:0.000053s ]
INFO: [ app_init ] --END-- [ RunTime:0.000820s ]

[ 2017-05-22T15:52:16+08:00 ] ::1 /hzaucomm/index.php/Home/index/main.html
INFO: [ app_init ] --START--
INFO: Run Behavior\BuildLiteBehavior [ RunTime:0.000054s ]
INFO: [ app_init ] --END-- [ RunTime:0.000826s ]

[ 2017-05-22T15:52:35+08:00 ] ::1 /hzaucomm/index.php/Home/index/main.html
INFO: [ app_init ] --START--
INFO: Run Behavior\BuildLiteBehavior [ RunTime:0.000053s ]
INFO: [ app_init ] --END-- [ RunTime:0.000820s ]

[ 2017-05-22T15:52:44+08:00 ] ::1 /hzaucomm/index.php/Home/index/main.html
INFO: [ app_init ] --START--
INFO: Run Behavior\BuildLiteBehavior [ RunTime:0.000056s ]
INFO: [ app_init ] --END-- [ RunTime:0.000840s ]

[ 2017-05-22T15:52:53+08:00 ] ::1 /hzaucomm/index.php/Home/index/main.html
INFO: [ app_init ] --START--
INFO: Run Behavior\BuildLiteBehavior [ RunTime:0.000056s ]
INFO: [ app_init ] --END-- [ RunTime:0.000914s ]

[ 2017-05-22T15:54:28+08:00 ] ::1 /hzaucomm/index.php/Home/index/main.html
INFO: [ app_init ] --START--
INFO: Run Behavior\BuildLiteBehavior [ RunTime:0.000058s ]
INFO: [ app_init ] --END-- [ RunTime:0.001194s ]

[ 2017-05-22T15:54:36+08:00 ] ::1 /hzaucomm/index.php/Home/index/main.html
INFO: [ app_init ] --START--
INFO: Run Behavior\BuildLiteBehavior [ RunTime:0.000056s ]
INFO: [ app_init ] --END-- [ RunTime:0.000939s ]

[ 2017-05-22T15:54:38+08:00 ] ::1 /hzaucomm/index.php/Home/index/main.html
INFO: [ app_init ] --START--
INFO: Run Behavior\BuildLiteBehavior [ RunTime:0.000060s ]
INFO: [ app_init ] --END-- [ RunTime:0.001012s ]

[ 2017-05-22T15:55:24+08:00 ] ::1 /hzaucomm/index.php/Home/index/main.html
INFO: [ app_init ] --START--
INFO: Run Behavior\BuildLiteBehavior [ RunTime:0.000056s ]
INFO: [ app_init ] --END-- [ RunTime:0.000919s ]

[ 2017-05-22T15:55:43+08:00 ] ::1 /hzaucomm/index.php/Home/index/main.html
INFO: [ app_init ] --START--
INFO: Run Behavior\BuildLiteBehavior [ RunTime:0.000053s ]
INFO: [ app_init ] --END-- [ RunTime:0.000867s ]

[ 2017-05-22T15:55:49+08:00 ] ::1 /hzaucomm/index.php/Home/index/main.html
INFO: [ app_init ] --START--
INFO: Run Behavior\BuildLiteBehavior [ RunTime:0.000054s ]
INFO: [ app_init ] --END-- [ RunTime:0.000868s ]

[ 2017-05-22T15:55:56+08:00 ] ::1 /hzaucomm/index.php/Home/index/main.html
INFO: [ app_init ] --START--
INFO: Run Behavior\BuildLiteBehavior [ RunTime:0.000053s ]
INFO: [ app_init ] --END-- [ RunTime:0.000868s ]

[ 2017-05-22T15:56:04+08:00 ] ::1 /hzaucomm/index.php/Home/index/main.html
INFO: [ app_init ] --START--
INFO: Run Behavior\BuildLiteBehavior [ RunTime:0.000056s ]
INFO: [ app_init ] --END-- [ RunTime:0.000922s ]

[ 2017-05-22T16:03:13+08:00 ] ::1 /hzaucomm/index.php/Home/index/main.html
INFO: [ app_init ] --START--
INFO: Run Behavior\BuildLiteBehavior [ RunTime:0.000057s ]
INFO: [ app_init ] --END-- [ RunTime:0.001246s ]

[ 2017-05-22T16:03:25+08:00 ] ::1 /hzaucomm/index.php/Home/index/main.html
INFO: [ app_init ] --START--
INFO: Run Behavior\BuildLiteBehavior [ RunTime:0.000057s ]
INFO: [ app_init ] --END-- [ RunTime:0.000914s ]

[ 2017-05-22T16:08:42+08:00 ] ::1 /hzaucomm/index.php/Home/index/main.html
INFO: [ app_init ] --START--
INFO: Run Behavior\BuildLiteBehavior [ RunTime:0.000056s ]
INFO: [ app_init ] --END-- [ RunTime:0.000990s ]

[ 2017-05-22T16:08:53+08:00 ] ::1 /hzaucomm/index.php/Home/index/main.html
INFO: [ app_init ] --START--
INFO: Run Behavior\BuildLiteBehavior [ RunTime:0.000054s ]
INFO: [ app_init ] --END-- [ RunTime:0.000880s ]

[ 2017-05-22T16:08:54+08:00 ] ::1 /hzaucomm/index.php/Home/index/main.html
INFO: [ app_init ] --START--
INFO: Run Behavior\BuildLiteBehavior [ RunTime:0.000055s ]
INFO: [ app_init ] --END-- [ RunTime:0.000881s ]

[ 2017-05-22T16:09:00+08:00 ] ::1 /hzaucomm/index.php/Home/index/main.html
INFO: [ app_init ] --START--
INFO: Run Behavior\BuildLiteBehavior [ RunTime:0.000794s ]
INFO: [ app_init ] --END-- [ RunTime:0.002572s ]

[ 2017-05-22T16:09:24+08:00 ] ::1 /hzaucomm/index.php/Home/index/main.html
INFO: [ app_init ] --START--
INFO: Run Behavior\BuildLiteBehavior [ RunTime:0.000054s ]
INFO: [ app_init ] --END-- [ RunTime:0.000871s ]

[ 2017-05-22T16:09:59+08:00 ] ::1 /hzaucomm/index.php/Home/index/main.html
INFO: [ app_init ] --START--
INFO: Run Behavior\BuildLiteBehavior [ RunTime:0.000060s ]
INFO: [ app_init ] --END-- [ RunTime:0.003774s ]

[ 2017-05-22T16:10:50+08:00 ] ::1 /hzaucomm/index.php/Home/index/main.html
INFO: [ app_init ] --START--
INFO: Run Behavior\BuildLiteBehavior [ RunTime:0.000055s ]
INFO: [ app_init ] --END-- [ RunTime:0.000903s ]

[ 2017-05-22T16:10:52+08:00 ] ::1 /hzaucomm/index.php/Home/index/main.html
INFO: [ app_init ] --START--
INFO: Run Behavior\BuildLiteBehavior [ RunTime:0.000054s ]
INFO: [ app_init ] --END-- [ RunTime:0.000906s ]

[ 2017-05-22T16:10:55+08:00 ] ::1 /hzaucomm/index.php/Home/index/main.html
INFO: [ app_init ] --START--
INFO: Run Behavior\BuildLiteBehavior [ RunTime:0.000056s ]
INFO: [ app_init ] --END-- [ RunTime:0.000900s ]

[ 2017-05-22T16:11:36+08:00 ] ::1 /hzaucomm/index.php/Home/index/main.html
INFO: [ app_init ] --START--
INFO: Run Behavior\BuildLiteBehavior [ RunTime:0.000053s ]
INFO: [ app_init ] --END-- [ RunTime:0.000876s ]

[ 2017-05-22T16:11:37+08:00 ] ::1 /hzaucomm/index.php/Home/index/main.html
INFO: [ app_init ] --START--
INFO: Run Behavior\BuildLiteBehavior [ RunTime:0.000119s ]
INFO: [ app_init ] --END-- [ RunTime:0.000953s ]

[ 2017-05-22T16:12:35+08:00 ] ::1 /hzaucomm/index.php/Home/index/main.html
INFO: [ app_init ] --START--
INFO: Run Behavior\BuildLiteBehavior [ RunTime:0.000054s ]
INFO: [ app_init ] --END-- [ RunTime:0.000882s ]

[ 2017-05-22T16:12:37+08:00 ] ::1 /hzaucomm/index.php/Home/index/main.html
INFO: [ app_init ] --START--
INFO: Run Behavior\BuildLiteBehavior [ RunTime:0.000054s ]
INFO: [ app_init ] --END-- [ RunTime:0.000887s ]

[ 2017-05-22T16:13:48+08:00 ] ::1 /hzaucomm/index.php/Home/index/main.html
INFO: [ app_init ] --START--
INFO: Run Behavior\BuildLiteBehavior [ RunTime:0.000057s ]
INFO: [ app_init ] --END-- [ RunTime:0.000952s ]

[ 2017-05-22T16:14:59+08:00 ] ::1 /hzaucomm/index.php/Home/index/main.html
INFO: [ app_init ] --START--
INFO: Run Behavior\BuildLiteBehavior [ RunTime:0.000055s ]
INFO: [ app_init ] --END-- [ RunTime:0.000901s ]

[ 2017-05-22T16:15:04+08:00 ] ::1 /hzaucomm/index.php/Home/index/main.html
INFO: [ app_init ] --START--
INFO: Run Behavior\BuildLiteBehavior [ RunTime:0.000053s ]
INFO: [ app_init ] --END-- [ RunTime:0.000867s ]

[ 2017-05-22T16:15:10+08:00 ] ::1 /hzaucomm/index.php/Home/index/main.html
INFO: [ app_init ] --START--
INFO: Run Behavior\BuildLiteBehavior [ RunTime:0.000055s ]
INFO: [ app_init ] --END-- [ RunTime:0.000919s ]

[ 2017-05-22T16:15:17+08:00 ] ::1 /hzaucomm/index.php/Home/index/main.html
INFO: [ app_init ] --START--
INFO: Run Behavior\BuildLiteBehavior [ RunTime:0.000054s ]
INFO: [ app_init ] --END-- [ RunTime:0.000873s ]

[ 2017-05-22T16:15:28+08:00 ] ::1 /hzaucomm/index.php/Home/index/main.html
INFO: [ app_init ] --START--
INFO: Run Behavior\BuildLiteBehavior [ RunTime:0.000056s ]
INFO: [ app_init ] --END-- [ RunTime:0.000956s ]

[ 2017-05-22T16:15:31+08:00 ] ::1 /hzaucomm/index.php/Home/index/main.html
INFO: [ app_init ] --START--
INFO: Run Behavior\BuildLiteBehavior [ RunTime:0.000053s ]
INFO: [ app_init ] --END-- [ RunTime:0.000882s ]

[ 2017-05-22T16:15:41+08:00 ] ::1 /hzaucomm/index.php/Home/index/main.html
INFO: [ app_init ] --START--
INFO: Run Behavior\BuildLiteBehavior [ RunTime:0.000055s ]
INFO: [ app_init ] --END-- [ RunTime:0.000883s ]

[ 2017-05-22T16:15:42+08:00 ] ::1 /hzaucomm/index.php/Home/index/main.html
INFO: [ app_init ] --START--
INFO: Run Behavior\BuildLiteBehavior [ RunTime:0.000054s ]
INFO: [ app_init ] --END-- [ RunTime:0.000878s ]

[ 2017-05-22T16:15:50+08:00 ] ::1 /hzaucomm/index.php/Home/index/main.html
INFO: [ app_init ] --START--
INFO: Run Behavior\BuildLiteBehavior [ RunTime:0.000055s ]
INFO: [ app_init ] --END-- [ RunTime:0.000885s ]

[ 2017-05-22T16:16:08+08:00 ] ::1 /hzaucomm/index.php/Home/index/main.html
INFO: [ app_init ] --START--
INFO: Run Behavior\BuildLiteBehavior [ RunTime:0.000053s ]
INFO: [ app_init ] --END-- [ RunTime:0.000868s ]

[ 2017-05-22T16:17:08+08:00 ] ::1 /hzaucomm/index.php/Home/index/main.html
INFO: [ app_init ] --START--
INFO: Run Behavior\BuildLiteBehavior [ RunTime:0.000056s ]
INFO: [ app_init ] --END-- [ RunTime:0.000904s ]

[ 2017-05-22T16:17:36+08:00 ] ::1 /hzaucomm/index.php/Home/index/main.html
INFO: [ app_init ] --START--
INFO: Run Behavior\BuildLiteBehavior [ RunTime:0.000057s ]
INFO: [ app_init ] --END-- [ RunTime:0.000925s ]

[ 2017-05-22T16:18:00+08:00 ] ::1 /hzaucomm/index.php/Home/index/main.html
INFO: [ app_init ] --START--
INFO: Run Behavior\BuildLiteBehavior [ RunTime:0.000056s ]
INFO: [ app_init ] --END-- [ RunTime:0.000893s ]

[ 2017-05-22T16:18:20+08:00 ] ::1 /hzaucomm/index.php/Home/index/main.html
INFO: [ app_init ] --START--
INFO: Run Behavior\BuildLiteBehavior [ RunTime:0.000057s ]
INFO: [ app_init ] --END-- [ RunTime:0.000956s ]

[ 2017-05-22T16:20:05+08:00 ] ::1 /hzaucomm/index.php/Home/index/main.html
INFO: [ app_init ] --START--
INFO: Run Behavior\BuildLiteBehavior [ RunTime:0.000055s ]
INFO: [ app_init ] --END-- [ RunTime:0.000848s ]

[ 2017-05-22T16:20:51+08:00 ] ::1 /hzaucomm/index.php/Home/index/main.html
INFO: [ app_init ] --START--
INFO: Run Behavior\BuildLiteBehavior [ RunTime:0.000053s ]
INFO: [ app_init ] --END-- [ RunTime:0.000818s ]

[ 2017-05-22T16:21:03+08:00 ] ::1 /hzaucomm/index.php/Home/index/main.html
INFO: [ app_init ] --START--
INFO: Run Behavior\BuildLiteBehavior [ RunTime:0.000055s ]
INFO: [ app_init ] --END-- [ RunTime:0.000858s ]

[ 2017-05-22T16:22:14+08:00 ] ::1 /hzaucomm/index.php/Home/index/main.html
INFO: [ app_init ] --START--
INFO: Run Behavior\BuildLiteBehavior [ RunTime:0.000057s ]
INFO: [ app_init ] --END-- [ RunTime:0.000899s ]

[ 2017-05-22T16:22:46+08:00 ] ::1 /hzaucomm/index.php/Home/introduction/introduction.html
INFO: [ app_init ] --START--
INFO: Run Behavior\BuildLiteBehavior [ RunTime:0.000054s ]
INFO: [ app_init ] --END-- [ RunTime:0.000854s ]

[ 2017-05-22T16:22:50+08:00 ] ::1 /hzaucomm/index.php/Home/index/main.html
INFO: [ app_init ] --START--
INFO: Run Behavior\BuildLiteBehavior [ RunTime:0.000053s ]
INFO: [ app_init ] --END-- [ RunTime:0.000817s ]

[ 2017-05-22T16:30:06+08:00 ] ::1 /hzaucomm/index.php/Home/index/main.html
INFO: [ app_init ] --START--
INFO: Run Behavior\BuildLiteBehavior [ RunTime:0.000055s ]
INFO: [ app_init ] --END-- [ RunTime:0.000877s ]

[ 2017-05-22T16:30:45+08:00 ] ::1 /hzaucomm/index.php/Home/index/main.html
INFO: [ app_init ] --START--
INFO: Run Behavior\BuildLiteBehavior [ RunTime:0.000057s ]
INFO: [ app_init ] --END-- [ RunTime:0.000896s ]

[ 2017-05-22T16:31:04+08:00 ] ::1 /hzaucomm/index.php/Home/index/main.html
INFO: [ app_init ] --START--
INFO: Run Behavior\BuildLiteBehavior [ RunTime:0.000056s ]
INFO: [ app_init ] --END-- [ RunTime:0.000897s ]

[ 2017-05-22T16:31:33+08:00 ] ::1 /hzaucomm/index.php/Home/index/main.html
INFO: [ app_init ] --START--
INFO: Run Behavior\BuildLiteBehavior [ RunTime:0.000053s ]
INFO: [ app_init ] --END-- [ RunTime:0.000932s ]

[ 2017-05-22T16:33:57+08:00 ] ::1 /hzaucomm/index.php/Home/introduction/introduction.html
INFO: [ app_init ] --START--
INFO: Run Behavior\BuildLiteBehavior [ RunTime:0.000052s ]
INFO: [ app_init ] --END-- [ RunTime:0.000822s ]

[ 2017-05-22T16:35:31+08:00 ] ::1 /hzaucomm/index.php/Home/course/course.html
INFO: [ app_init ] --START--
INFO: Run Behavior\BuildLiteBehavior [ RunTime:0.000054s ]
INFO: [ app_init ] --END-- [ RunTime:0.000836s ]

[ 2017-05-22T16:35:33+08:00 ] ::1 /hzaucomm/index.php/Home/index/main.html
INFO: [ app_init ] --START--
INFO: Run Behavior\BuildLiteBehavior [ RunTime:0.000055s ]
INFO: [ app_init ] --END-- [ RunTime:0.000868s ]

[ 2017-05-22T16:35:39+08:00 ] ::1 /hzaucomm/index.php/Home/course/course.html
INFO: [ app_init ] --START--
INFO: Run Behavior\BuildLiteBehavior [ RunTime:0.000053s ]
INFO: [ app_init ] --END-- [ RunTime:0.000820s ]

[ 2017-05-22T16:37:08+08:00 ] ::1 /hzaucomm/index.php/Home/course/course.html
INFO: [ app_init ] --START--
INFO: Run Behavior\BuildLiteBehavior [ RunTime:0.000664s ]
INFO: [ app_init ] --END-- [ RunTime:0.001617s ]

[ 2017-05-22T16:37:51+08:00 ] ::1 /hzaucomm/index.php/Home/course/course.html
INFO: [ app_init ] --START--
INFO: Run Behavior\BuildLiteBehavior [ RunTime:0.000056s ]
INFO: [ app_init ] --END-- [ RunTime:0.000864s ]

[ 2017-05-22T16:37:52+08:00 ] ::1 /hzaucomm/index.php/Home/course/course.html
INFO: [ app_init ] --START--
INFO: Run Behavior\BuildLiteBehavior [ RunTime:0.000054s ]
INFO: [ app_init ] --END-- [ RunTime:0.000898s ]

[ 2017-05-22T16:38:08+08:00 ] ::1 /hzaucomm/index.php/Home/course/course.html
INFO: [ app_init ] --START--
INFO: Run Behavior\BuildLiteBehavior [ RunTime:0.000054s ]
INFO: [ app_init ] --END-- [ RunTime:0.000815s ]

[ 2017-05-22T16:38:27+08:00 ] ::1 /hzaucomm/index.php/Home/course/course.html
INFO: [ app_init ] --START--
INFO: Run Behavior\BuildLiteBehavior [ RunTime:0.000054s ]
INFO: [ app_init ] --END-- [ RunTime:0.000833s ]

[ 2017-05-22T16:40:10+08:00 ] ::1 /hzaucomm/index.php/Home/course/course.html
INFO: [ app_init ] --START--
INFO: Run Behavior\BuildLiteBehavior [ RunTime:0.000055s ]
INFO: [ app_init ] --END-- [ RunTime:0.000853s ]

[ 2017-05-22T16:40:31+08:00 ] ::1 /hzaucomm/index.php/Home/course/course.html
INFO: [ app_init ] --START--
INFO: Run Behavior\BuildLiteBehavior [ RunTime:0.000054s ]
INFO: [ app_init ] --END-- [ RunTime:0.000820s ]

[ 2017-05-22T16:41:01+08:00 ] ::1 /hzaucomm/index.php/Home/course/course.html
INFO: [ app_init ] --START--
INFO: Run Behavior\BuildLiteBehavior [ RunTime:0.000056s ]
INFO: [ app_init ] --END-- [ RunTime:0.000884s ]

[ 2017-05-22T16:41:42+08:00 ] ::1 /hzaucomm/index.php/Home/source/zip.html
INFO: [ app_init ] --START--
INFO: Run Behavior\BuildLiteBehavior [ RunTime:0.000056s ]
INFO: [ app_init ] --END-- [ RunTime:0.000985s ]

[ 2017-05-22T16:41:44+08:00 ] ::1 /hzaucomm/index.php/Home/comp/comp.html
INFO: [ app_init ] --START--
INFO: Run Behavior\BuildLiteBehavior [ RunTime:0.000054s ]
INFO: [ app_init ] --END-- [ RunTime:0.001479s ]

[ 2017-05-22T16:41:51+08:00 ] ::1 /hzaucomm/index.php/Home/about/about.html
INFO: [ app_init ] --START--
INFO: Run Behavior\BuildLiteBehavior [ RunTime:0.000055s ]
INFO: [ app_init ] --END-- [ RunTime:0.000857s ]

[ 2017-05-22T16:41:53+08:00 ] ::1 /hzaucomm/index.php/Home/comp/comp.html
INFO: [ app_init ] --START--
INFO: Run Behavior\BuildLiteBehavior [ RunTime:0.000053s ]
INFO: [ app_init ] --END-- [ RunTime:0.000934s ]

[ 2017-05-22T16:41:54+08:00 ] ::1 /hzaucomm/index.php/Home/comp/comp.html
INFO: [ app_init ] --START--
INFO: Run Behavior\BuildLiteBehavior [ RunTime:0.000057s ]
INFO: [ app_init ] --END-- [ RunTime:0.000878s ]

[ 2017-05-22T16:41:54+08:00 ] ::1 /hzaucomm/index.php/Home/introduction/introduction.html
INFO: [ app_init ] --START--
INFO: Run Behavior\BuildLiteBehavior [ RunTime:0.000055s ]
INFO: [ app_init ] --END-- [ RunTime:0.000841s ]

[ 2017-05-22T16:41:57+08:00 ] ::1 /hzaucomm/index.php/Home/course/course.html
INFO: [ app_init ] --START--
INFO: Run Behavior\BuildLiteBehavior [ RunTime:0.000053s ]
INFO: [ app_init ] --END-- [ RunTime:0.000959s ]

[ 2017-05-22T16:48:10+08:00 ] ::1 /hzaucomm/index.php/Home/course/course.html
INFO: [ app_init ] --START--
INFO: Run Behavior\BuildLiteBehavior [ RunTime:0.000061s ]
INFO: [ app_init ] --END-- [ RunTime:0.023456s ]

[ 2017-05-22T16:48:38+08:00 ] ::1 /hzaucomm/index.php/Home/course/course.html
INFO: [ app_init ] --START--
INFO: Run Behavior\BuildLiteBehavior [ RunTime:0.000053s ]
INFO: [ app_init ] --END-- [ RunTime:0.000810s ]

[ 2017-05-22T16:49:22+08:00 ] ::1 /hzaucomm/index.php/Home/course/course.html
INFO: [ app_init ] --START--
INFO: Run Behavior\BuildLiteBehavior [ RunTime:0.000051s ]
INFO: [ app_init ] --END-- [ RunTime:0.000810s ]

[ 2017-05-22T16:49:41+08:00 ] ::1 /hzaucomm/index.php/Home/course/course.html
INFO: [ app_init ] --START--
INFO: Run Behavior\BuildLiteBehavior [ RunTime:0.000057s ]
INFO: [ app_init ] --END-- [ RunTime:0.000882s ]

[ 2017-05-22T16:49:54+08:00 ] ::1 /hzaucomm/index.php/Home/course/course.html
INFO: [ app_init ] --START--
INFO: Run Behavior\BuildLiteBehavior [ RunTime:0.000054s ]
INFO: [ app_init ] --END-- [ RunTime:0.000852s ]

[ 2017-05-22T16:50:03+08:00 ] ::1 /hzaucomm/index.php/Home/course/course.html
INFO: [ app_init ] --START--
INFO: Run Behavior\BuildLiteBehavior [ RunTime:0.000056s ]
INFO: [ app_init ] --END-- [ RunTime:0.001007s ]

[ 2017-05-22T16:51:05+08:00 ] ::1 /hzaucomm/index.php/Home/course/course.html
INFO: [ app_init ] --START--
INFO: Run Behavior\BuildLiteBehavior [ RunTime:0.000054s ]
INFO: [ app_init ] --END-- [ RunTime:0.000817s ]

[ 2017-05-22T16:51:22+08:00 ] ::1 /hzaucomm/index.php/Home/course/course.html
INFO: [ app_init ] --START--
INFO: Run Behavior\BuildLiteBehavior [ RunTime:0.000056s ]
INFO: [ app_init ] --END-- [ RunTime:0.000845s ]

[ 2017-05-22T16:51:41+08:00 ] ::1 /hzaucomm/index.php/Home/course/course.html
INFO: [ app_init ] --START--
INFO: Run Behavior\BuildLiteBehavior [ RunTime:0.000285s ]
INFO: [ app_init ] --END-- [ RunTime:0.001074s ]

[ 2017-05-22T16:52:03+08:00 ] ::1 /hzaucomm/index.php/Home/course/course.html
INFO: [ app_init ] --START--
INFO: Run Behavior\BuildLiteBehavior [ RunTime:0.000054s ]
INFO: [ app_init ] --END-- [ RunTime:0.000821s ]

[ 2017-05-22T16:52:18+08:00 ] ::1 /hzaucomm/index.php/Home/course/course.html
INFO: [ app_init ] --START--
INFO: Run Behavior\BuildLiteBehavior [ RunTime:0.000056s ]
INFO: [ app_init ] --END-- [ RunTime:0.001176s ]

[ 2017-05-22T16:52:34+08:00 ] ::1 /hzaucomm/index.php/Home/course/course.html
INFO: [ app_init ] --START--
INFO: Run Behavior\BuildLiteBehavior [ RunTime:0.000055s ]
INFO: [ app_init ] --END-- [ RunTime:0.000839s ]

[ 2017-05-22T16:52:52+08:00 ] ::1 /hzaucomm/index.php/Home/course/course.html
INFO: [ app_init ] --START--
INFO: Run Behavior\BuildLiteBehavior [ RunTime:0.000054s ]
INFO: [ app_init ] --END-- [ RunTime:0.000844s ]

[ 2017-05-22T16:53:03+08:00 ] ::1 /hzaucomm/index.php/Home/course/course.html
INFO: [ app_init ] --START--
INFO: Run Behavior\BuildLiteBehavior [ RunTime:0.000054s ]
INFO: [ app_init ] --END-- [ RunTime:0.000810s ]

[ 2017-05-22T16:53:35+08:00 ] ::1 /hzaucomm/index.php/Home/course/course.html
INFO: [ app_init ] --START--
INFO: Run Behavior\BuildLiteBehavior [ RunTime:0.000057s ]
INFO: [ app_init ] --END-- [ RunTime:0.000855s ]

[ 2017-05-22T16:53:45+08:00 ] ::1 /hzaucomm/index.php/Home/course/course.html
INFO: [ app_init ] --START--
INFO: Run Behavior\BuildLiteBehavior [ RunTime:0.000056s ]
INFO: [ app_init ] --END-- [ RunTime:0.000860s ]

[ 2017-05-22T16:54:07+08:00 ] ::1 /hzaucomm/index.php/Home/course/course.html
INFO: [ app_init ] --START--
INFO: Run Behavior\BuildLiteBehavior [ RunTime:0.000056s ]
INFO: [ app_init ] --END-- [ RunTime:0.000874s ]

[ 2017-05-22T16:54:08+08:00 ] ::1 /hzaucomm/index.php/Home/course/course.html
INFO: [ app_init ] --START--
INFO: Run Behavior\BuildLiteBehavior [ RunTime:0.000055s ]
INFO: [ app_init ] --END-- [ RunTime:0.000846s ]

[ 2017-05-22T16:54:39+08:00 ] ::1 /hzaucomm/index.php/Home/course/course.html
INFO: [ app_init ] --START--
INFO: Run Behavior\BuildLiteBehavior [ RunTime:0.000054s ]
INFO: [ app_init ] --END-- [ RunTime:0.000832s ]

[ 2017-05-22T16:54:40+08:00 ] ::1 /hzaucomm/index.php/Home/course/course.html
INFO: [ app_init ] --START--
INFO: Run Behavior\BuildLiteBehavior [ RunTime:0.000057s ]
INFO: [ app_init ] --END-- [ RunTime:0.000853s ]

[ 2017-05-22T16:55:16+08:00 ] ::1 /hzaucomm/index.php/Home/course/course.html
INFO: [ app_init ] --START--
INFO: Run Behavior\BuildLiteBehavior [ RunTime:0.000055s ]
INFO: [ app_init ] --END-- [ RunTime:0.000935s ]

[ 2017-05-22T16:55:28+08:00 ] ::1 /hzaucomm/index.php/Home/course/course.html
INFO: [ app_init ] --START--
INFO: Run Behavior\BuildLiteBehavior [ RunTime:0.000054s ]
INFO: [ app_init ] --END-- [ RunTime:0.000818s ]

[ 2017-05-22T16:55:51+08:00 ] ::1 /hzaucomm/index.php/Home/course/course.html
INFO: [ app_init ] --START--
INFO: Run Behavior\BuildLiteBehavior [ RunTime:0.000060s ]
INFO: [ app_init ] --END-- [ RunTime:0.000908s ]

[ 2017-05-22T16:55:53+08:00 ] ::1 /hzaucomm/index.php/Home/course/course.html
INFO: [ app_init ] --START--
INFO: Run Behavior\BuildLiteBehavior [ RunTime:0.000055s ]
INFO: [ app_init ] --END-- [ RunTime:0.000969s ]

[ 2017-05-22T16:56:45+08:00 ] ::1 /hzaucomm/index.php/Home/course/course.html
INFO: [ app_init ] --START--
INFO: Run Behavior\BuildLiteBehavior [ RunTime:0.000054s ]
INFO: [ app_init ] --END-- [ RunTime:0.000835s ]

[ 2017-05-22T16:57:19+08:00 ] ::1 /hzaucomm/index.php/Home/course/course.html
INFO: [ app_init ] --START--
INFO: Run Behavior\BuildLiteBehavior [ RunTime:0.000055s ]
INFO: [ app_init ] --END-- [ RunTime:0.000846s ]

[ 2017-05-22T16:58:54+08:00 ] ::1 /hzaucomm/index.php/Home/course/course.html
INFO: [ app_init ] --START--
INFO: Run Behavior\BuildLiteBehavior [ RunTime:0.000057s ]
INFO: [ app_init ] --END-- [ RunTime:0.000912s ]

[ 2017-05-22T16:59:25+08:00 ] ::1 /hzaucomm/index.php/Home/course/course.html
INFO: [ app_init ] --START--
INFO: Run Behavior\BuildLiteBehavior [ RunTime:0.000052s ]
INFO: [ app_init ] --END-- [ RunTime:0.000848s ]

[ 2017-05-22T17:00:34+08:00 ] ::1 /hzaucomm/index.php/Home/course/course.html
INFO: [ app_init ] --START--
INFO: Run Behavior\BuildLiteBehavior [ RunTime:0.000057s ]
INFO: [ app_init ] --END-- [ RunTime:0.001193s ]

[ 2017-05-22T17:01:14+08:00 ] ::1 /hzaucomm/index.php/Home/course/course.html
INFO: [ app_init ] --START--
INFO: Run Behavior\BuildLiteBehavior [ RunTime:0.000054s ]
INFO: [ app_init ] --END-- [ RunTime:0.000893s ]

[ 2017-05-22T17:02:36+08:00 ] ::1 /hzaucomm/index.php/Home/course/course.html
INFO: [ app_init ] --START--
INFO: Run Behavior\BuildLiteBehavior [ RunTime:0.000058s ]
INFO: [ app_init ] --END-- [ RunTime:0.000879s ]

[ 2017-05-22T17:02:42+08:00 ] ::1 /hzaucomm/index.php/Home/course/course.html
INFO: [ app_init ] --START--
INFO: Run Behavior\BuildLiteBehavior [ RunTime:0.000053s ]
INFO: [ app_init ] --END-- [ RunTime:0.000820s ]

[ 2017-05-22T17:02:58+08:00 ] ::1 /hzaucomm/index.php/Home/course/course.html
INFO: [ app_init ] --START--
INFO: Run Behavior\BuildLiteBehavior [ RunTime:0.000054s ]
INFO: [ app_init ] --END-- [ RunTime:0.000860s ]

[ 2017-05-22T17:03:04+08:00 ] ::1 /hzaucomm/index.php/Home/course/course.html
INFO: [ app_init ] --START--
INFO: Run Behavior\BuildLiteBehavior [ RunTime:0.000057s ]
INFO: [ app_init ] --END-- [ RunTime:0.000902s ]

[ 2017-05-22T17:03:20+08:00 ] ::1 /hzaucomm/index.php/Home/course/course.html
INFO: [ app_init ] --START--
INFO: Run Behavior\BuildLiteBehavior [ RunTime:0.000055s ]
INFO: [ app_init ] --END-- [ RunTime:0.000834s ]

[ 2017-05-22T17:03:40+08:00 ] ::1 /hzaucomm/index.php/Home/course/course.html
INFO: [ app_init ] --START--
INFO: Run Behavior\BuildLiteBehavior [ RunTime:0.000055s ]
INFO: [ app_init ] --END-- [ RunTime:0.000949s ]

[ 2017-05-22T17:04:55+08:00 ] ::1 /hzaucomm/index.php/Home/course/course.html
INFO: [ app_init ] --START--
INFO: Run Behavior\BuildLiteBehavior [ RunTime:0.000058s ]
INFO: [ app_init ] --END-- [ RunTime:0.000969s ]

[ 2017-05-22T17:07:47+08:00 ] ::1 /hzaucomm/index.php/Home/course/course.html
INFO: [ app_init ] --START--
INFO: Run Behavior\BuildLiteBehavior [ RunTime:0.000053s ]
INFO: [ app_init ] --END-- [ RunTime:0.000888s ]

[ 2017-05-22T17:08:47+08:00 ] ::1 /hzaucomm/index.php/Home/course/course.html
INFO: [ app_init ] --START--
INFO: Run Behavior\BuildLiteBehavior [ RunTime:0.000055s ]
INFO: [ app_init ] --END-- [ RunTime:0.000843s ]

[ 2017-05-22T17:14:15+08:00 ] ::1 /hzaucomm/index.php/Home/index/main.html
INFO: [ app_init ] --START--
INFO: Run Behavior\BuildLiteBehavior [ RunTime:0.000092s ]
INFO: [ app_init ] --END-- [ RunTime:0.000924s ]

[ 2017-05-22T17:15:30+08:00 ] ::1 /hzaucomm/index.php/Home/index/main.html
INFO: [ app_init ] --START--
INFO: Run Behavior\BuildLiteBehavior [ RunTime:0.000054s ]
INFO: [ app_init ] --END-- [ RunTime:0.000829s ]

[ 2017-05-22T17:15:43+08:00 ] ::1 /hzaucomm/index.php/Home/index/main.html
INFO: [ app_init ] --START--
INFO: Run Behavior\BuildLiteBehavior [ RunTime:0.000054s ]
INFO: [ app_init ] --END-- [ RunTime:0.000834s ]

[ 2017-05-22T17:15:49+08:00 ] ::1 /hzaucomm/index.php/Home/index/main.html
INFO: [ app_init ] --START--
INFO: Run Behavior\BuildLiteBehavior [ RunTime:0.000053s ]
INFO: [ app_init ] --END-- [ RunTime:0.000812s ]

[ 2017-05-22T17:15:55+08:00 ] ::1 /hzaucomm/index.php/Home/index/main.html
INFO: [ app_init ] --START--
INFO: Run Behavior\BuildLiteBehavior [ RunTime:0.000053s ]
INFO: [ app_init ] --END-- [ RunTime:0.000825s ]

[ 2017-05-22T17:16:05+08:00 ] ::1 /hzaucomm/index.php/Home/index/main.html
INFO: [ app_init ] --START--
INFO: Run Behavior\BuildLiteBehavior [ RunTime:0.000053s ]
INFO: [ app_init ] --END-- [ RunTime:0.000822s ]

[ 2017-05-22T17:17:01+08:00 ] ::1 /hzaucomm/index.php/Home/index/main.html
INFO: [ app_init ] --START--
INFO: Run Behavior\BuildLiteBehavior [ RunTime:0.000053s ]
INFO: [ app_init ] --END-- [ RunTime:0.000825s ]

[ 2017-05-22T17:17:36+08:00 ] ::1 /hzaucomm/index.php/Home/index/main.html
INFO: [ app_init ] --START--
INFO: Run Behavior\BuildLiteBehavior [ RunTime:0.000053s ]
INFO: [ app_init ] --END-- [ RunTime:0.000824s ]

[ 2017-05-22T17:18:18+08:00 ] ::1 /hzaucomm/index.php/Home/index/main.html
INFO: [ app_init ] --START--
INFO: Run Behavior\BuildLiteBehavior [ RunTime:0.000053s ]
INFO: [ app_init ] --END-- [ RunTime:0.000817s ]

[ 2017-05-22T17:18:44+08:00 ] ::1 /hzaucomm/index.php/Home/index/main.html
INFO: [ app_init ] --START--
INFO: Run Behavior\BuildLiteBehavior [ RunTime:0.000055s ]
INFO: [ app_init ] --END-- [ RunTime:0.000850s ]

[ 2017-05-22T17:18:52+08:00 ] ::1 /hzaucomm/index.php/Home/index/main.html
INFO: [ app_init ] --START--
INFO: Run Behavior\BuildLiteBehavior [ RunTime:0.000058s ]
INFO: [ app_init ] --END-- [ RunTime:0.001324s ]

[ 2017-05-22T17:19:12+08:00 ] ::1 /hzaucomm/index.php/Home/index/main.html
INFO: [ app_init ] --START--
INFO: Run Behavior\BuildLiteBehavior [ RunTime:0.000053s ]
INFO: [ app_init ] --END-- [ RunTime:0.000826s ]

[ 2017-05-22T17:19:26+08:00 ] ::1 /hzaucomm/index.php/Home/index/main.html
INFO: [ app_init ] --START--
INFO: Run Behavior\BuildLiteBehavior [ RunTime:0.000053s ]
INFO: [ app_init ] --END-- [ RunTime:0.000858s ]

[ 2017-05-22T17:20:11+08:00 ] ::1 /hzaucomm/index.php/Home/index/main.html
INFO: [ app_init ] --START--
INFO: Run Behavior\BuildLiteBehavior [ RunTime:0.000056s ]
INFO: [ app_init ] --END-- [ RunTime:0.000877s ]

[ 2017-05-22T17:20:18+08:00 ] ::1 /hzaucomm/index.php/Home/index/main.html
INFO: [ app_init ] --START--
INFO: Run Behavior\BuildLiteBehavior [ RunTime:0.000054s ]
INFO: [ app_init ] --END-- [ RunTime:0.000819s ]

[ 2017-05-22T17:20:23+08:00 ] ::1 /hzaucomm/index.php/Home/index/main.html
INFO: [ app_init ] --START--
INFO: Run Behavior\BuildLiteBehavior [ RunTime:0.000055s ]
INFO: [ app_init ] --END-- [ RunTime:0.000901s ]

[ 2017-05-22T17:20:50+08:00 ] ::1 /hzaucomm/index.php/Home/index/main.html
INFO: [ app_init ] --START--
INFO: Run Behavior\BuildLiteBehavior [ RunTime:0.000053s ]
INFO: [ app_init ] --END-- [ RunTime:0.000819s ]

[ 2017-05-22T17:21:02+08:00 ] ::1 /hzaucomm/index.php/Home/index/main.html
INFO: [ app_init ] --START--
INFO: Run Behavior\BuildLiteBehavior [ RunTime:0.000055s ]
INFO: [ app_init ] --END-- [ RunTime:0.000832s ]

[ 2017-05-22T17:21:14+08:00 ] ::1 /hzaucomm/index.php/Home/index/main.html
INFO: [ app_init ] --START--
INFO: Run Behavior\BuildLiteBehavior [ RunTime:0.000056s ]
INFO: [ app_init ] --END-- [ RunTime:0.000881s ]

[ 2017-05-22T17:21:23+08:00 ] ::1 /hzaucomm/index.php/Home/index/main.html
INFO: [ app_init ] --START--
INFO: Run Behavior\BuildLiteBehavior [ RunTime:0.000055s ]
INFO: [ app_init ] --END-- [ RunTime:0.000846s ]

[ 2017-05-22T17:22:17+08:00 ] ::1 /hzaucomm/index.php/Home/index/main.html
INFO: [ app_init ] --START--
INFO: Run Behavior\BuildLiteBehavior [ RunTime:0.000057s ]
INFO: [ app_init ] --END-- [ RunTime:0.000917s ]

[ 2017-05-22T17:22:34+08:00 ] ::1 /hzaucomm/index.php/Home/course/course.html?
INFO: [ app_init ] --START--
INFO: Run Behavior\BuildLiteBehavior [ RunTime:0.000052s ]
INFO: [ app_init ] --END-- [ RunTime:0.000833s ]

[ 2017-05-22T17:23:12+08:00 ] ::1 /hzaucomm/index.php/Home/course/course.html?
INFO: [ app_init ] --START--
INFO: Run Behavior\BuildLiteBehavior [ RunTime:0.000055s ]
INFO: [ app_init ] --END-- [ RunTime:0.000843s ]

[ 2017-05-22T17:24:09+08:00 ] ::1 /hzaucomm/index.php/Home/course/course.html?
INFO: [ app_init ] --START--
INFO: Run Behavior\BuildLiteBehavior [ RunTime:0.000057s ]
INFO: [ app_init ] --END-- [ RunTime:0.000863s ]

[ 2017-05-22T17:24:52+08:00 ] ::1 /hzaucomm/index.php/Home/course/course.html?
INFO: [ app_init ] --START--
INFO: Run Behavior\BuildLiteBehavior [ RunTime:0.000056s ]
INFO: [ app_init ] --END-- [ RunTime:0.000902s ]

[ 2017-05-22T20:46:17+08:00 ] ::1 /hzaucomm/index.php/Home/course/course.html?
INFO: [ app_init ] --START--
INFO: Run Behavior\BuildLiteBehavior [ RunTime:0.000107s ]
INFO: [ app_init ] --END-- [ RunTime:0.043289s ]

[ 2017-05-22T20:46:33+08:00 ] ::1 /hzaucomm/index.php/Home/course/course.html?
INFO: [ app_init ] --START--
INFO: Run Behavior\BuildLiteBehavior [ RunTime:0.000054s ]
INFO: [ app_init ] --END-- [ RunTime:0.000860s ]

[ 2017-05-22T20:46:36+08:00 ] ::1 /hzaucomm/index.php/Home/course/course.html?
INFO: [ app_init ] --START--
INFO: Run Behavior\BuildLiteBehavior [ RunTime:0.000055s ]
INFO: [ app_init ] --END-- [ RunTime:0.000842s ]

[ 2017-05-22T20:46:49+08:00 ] ::1 /hzaucomm/index.php/Home/course/course.html?
INFO: [ app_init ] --START--
INFO: Run Behavior\BuildLiteBehavior [ RunTime:0.000056s ]
INFO: [ app_init ] --END-- [ RunTime:0.000920s ]

[ 2017-05-22T20:47:02+08:00 ] ::1 /hzaucomm/index.php/Home/course/course.html?
INFO: [ app_init ] --START--
INFO: Run Behavior\BuildLiteBehavior [ RunTime:0.000057s ]
INFO: [ app_init ] --END-- [ RunTime:0.000957s ]

[ 2017-05-22T20:48:12+08:00 ] ::1 /hzaucomm/index.php/Home/course/course.html?
INFO: [ app_init ] --START--
INFO: Run Behavior\BuildLiteBehavior [ RunTime:0.000055s ]
INFO: [ app_init ] --END-- [ RunTime:0.000869s ]

[ 2017-05-22T20:48:24+08:00 ] ::1 /hzaucomm/index.php/Home/course/course.html?
INFO: [ app_init ] --START--
INFO: Run Behavior\BuildLiteBehavior [ RunTime:0.000054s ]
INFO: [ app_init ] --END-- [ RunTime:0.000859s ]

[ 2017-05-22T20:49:39+08:00 ] ::1 /hzaucomm/index.php/Home/course/course.html?
INFO: [ app_init ] --START--
INFO: Run Behavior\BuildLiteBehavior [ RunTime:0.000056s ]
INFO: [ app_init ] --END-- [ RunTime:0.001412s ]

[ 2017-05-22T20:49:59+08:00 ] ::1 /hzaucomm/index.php/Home/course/course.html?
INFO: [ app_init ] --START--
INFO: Run Behavior\BuildLiteBehavior [ RunTime:0.000055s ]
INFO: [ app_init ] --END-- [ RunTime:0.000910s ]

[ 2017-05-22T20:50:10+08:00 ] ::1 /hzaucomm/index.php/Home/course/course.html?
INFO: [ app_init ] --START--
INFO: Run Behavior\BuildLiteBehavior [ RunTime:0.000056s ]
INFO: [ app_init ] --END-- [ RunTime:0.000851s ]

[ 2017-05-22T20:50:12+08:00 ] ::1 /hzaucomm/index.php/Home/course/course.html?
INFO: [ app_init ] --START--
INFO: Run Behavior\BuildLiteBehavior [ RunTime:0.000057s ]
INFO: [ app_init ] --END-- [ RunTime:0.000921s ]

[ 2017-05-22T20:50:31+08:00 ] ::1 /hzaucomm/index.php/Home/course/course.html?
INFO: [ app_init ] --START--
INFO: Run Behavior\BuildLiteBehavior [ RunTime:0.000054s ]
INFO: [ app_init ] --END-- [ RunTime:0.000827s ]

[ 2017-05-22T20:50:32+08:00 ] ::1 /hzaucomm/index.php/Home/course/course.html?
INFO: [ app_init ] --START--
INFO: Run Behavior\BuildLiteBehavior [ RunTime:0.000055s ]
INFO: [ app_init ] --END-- [ RunTime:0.000860s ]

[ 2017-05-22T20:50:45+08:00 ] ::1 /hzaucomm/index.php/Home/course/course.html?
INFO: [ app_init ] --START--
INFO: Run Behavior\BuildLiteBehavior [ RunTime:0.000053s ]
INFO: [ app_init ] --END-- [ RunTime:0.000818s ]

[ 2017-05-22T20:50:54+08:00 ] ::1 /hzaucomm/index.php/Home/course/course.html?
INFO: [ app_init ] --START--
INFO: Run Behavior\BuildLiteBehavior [ RunTime:0.000057s ]
INFO: [ app_init ] --END-- [ RunTime:0.001565s ]

[ 2017-05-22T20:50:56+08:00 ] ::1 /hzaucomm/index.php/Home/course/course.html?
INFO: [ app_init ] --START--
INFO: Run Behavior\BuildLiteBehavior [ RunTime:0.000055s ]
INFO: [ app_init ] --END-- [ RunTime:0.000854s ]

[ 2017-05-22T20:51:03+08:00 ] ::1 /hzaucomm/index.php/Home/course/course.html?
INFO: [ app_init ] --START--
INFO: Run Behavior\BuildLiteBehavior [ RunTime:0.000064s ]
INFO: [ app_init ] --END-- [ RunTime:0.004102s ]

[ 2017-05-22T20:51:15+08:00 ] ::1 /hzaucomm/index.php/Home/course/course.html?
INFO: [ app_init ] --START--
INFO: Run Behavior\BuildLiteBehavior [ RunTime:0.000056s ]
INFO: [ app_init ] --END-- [ RunTime:0.000873s ]

[ 2017-05-22T20:51:22+08:00 ] ::1 /hzaucomm/index.php/Home/course/course.html?
INFO: [ app_init ] --START--
INFO: Run Behavior\BuildLiteBehavior [ RunTime:0.000059s ]
INFO: [ app_init ] --END-- [ RunTime:0.001486s ]

[ 2017-05-22T20:51:39+08:00 ] ::1 /hzaucomm/index.php/Home/course/course.html?
INFO: [ app_init ] --START--
INFO: Run Behavior\BuildLiteBehavior [ RunTime:0.000055s ]
INFO: [ app_init ] --END-- [ RunTime:0.000836s ]

[ 2017-05-22T20:51:45+08:00 ] ::1 /hzaucomm/index.php/Home/course/course.html?
INFO: [ app_init ] --START--
INFO: Run Behavior\BuildLiteBehavior [ RunTime:0.000053s ]
INFO: [ app_init ] --END-- [ RunTime:0.000817s ]

[ 2017-05-22T20:53:09+08:00 ] ::1 /hzaucomm/index.php/Home/course/course.html?
INFO: [ app_init ] --START--
INFO: Run Behavior\BuildLiteBehavior [ RunTime:0.000056s ]
INFO: [ app_init ] --END-- [ RunTime:0.001116s ]

[ 2017-05-22T20:53:21+08:00 ] ::1 /hzaucomm/index.php/Home/course/course.html?
INFO: [ app_init ] --START--
INFO: Run Behavior\BuildLiteBehavior [ RunTime:0.000062s ]
INFO: [ app_init ] --END-- [ RunTime:0.003620s ]

[ 2017-05-22T20:53:26+08:00 ] ::1 /hzaucomm/index.php/Home/source/picture.html
INFO: [ app_init ] --START--
INFO: Run Behavior\BuildLiteBehavior [ RunTime:0.000053s ]
INFO: [ app_init ] --END-- [ RunTime:0.000830s ]

[ 2017-05-22T20:53:28+08:00 ] ::1 /hzaucomm/index.php/Home/source/picture.html
INFO: [ app_init ] --START--
INFO: Run Behavior\BuildLiteBehavior [ RunTime:0.000055s ]
INFO: [ app_init ] --END-- [ RunTime:0.000844s ]

[ 2017-05-22T20:53:29+08:00 ] ::1 /hzaucomm/index.php/Home/source/document.html
INFO: [ app_init ] --START--
INFO: Run Behavior\BuildLiteBehavior [ RunTime:0.000054s ]
INFO: [ app_init ] --END-- [ RunTime:0.000836s ]

[ 2017-05-22T20:53:31+08:00 ] ::1 /hzaucomm/index.php/Home/source/video.html
INFO: [ app_init ] --START--
INFO: Run Behavior\BuildLiteBehavior [ RunTime:0.000056s ]
INFO: [ app_init ] --END-- [ RunTime:0.000874s ]

[ 2017-05-22T20:53:32+08:00 ] ::1 /hzaucomm/index.php/Home/source/video.html
INFO: [ app_init ] --START--
INFO: Run Behavior\BuildLiteBehavior [ RunTime:0.000055s ]
INFO: [ app_init ] --END-- [ RunTime:0.000856s ]

[ 2017-05-22T20:53:33+08:00 ] ::1 /hzaucomm/index.php/Home/source/video.html
INFO: [ app_init ] --START--
INFO: Run Behavior\BuildLiteBehavior [ RunTime:0.000054s ]
INFO: [ app_init ] --END-- [ RunTime:0.000844s ]

[ 2017-05-22T20:53:35+08:00 ] ::1 /hzaucomm/index.php/Home/source/zip.html
INFO: [ app_init ] --START--
INFO: Run Behavior\BuildLiteBehavior [ RunTime:0.000054s ]
INFO: [ app_init ] --END-- [ RunTime:0.000844s ]

[ 2017-05-22T20:53:38+08:00 ] ::1 /hzaucomm/index.php/Home/introduction/introduction.html
INFO: [ app_init ] --START--
INFO: Run Behavior\BuildLiteBehavior [ RunTime:0.000054s ]
INFO: [ app_init ] --END-- [ RunTime:0.000820s ]

[ 2017-05-22T20:57:08+08:00 ] ::1 /hzaucomm/index.php/Home/introduction/introduction.html
INFO: [ app_init ] --START--
INFO: Run Behavior\BuildLiteBehavior [ RunTime:0.000060s ]
INFO: [ app_init ] --END-- [ RunTime:0.021553s ]

[ 2017-05-22T20:57:31+08:00 ] ::1 /hzaucomm/index.php/Home/introduction/introduction.html
INFO: [ app_init ] --START--
INFO: Run Behavior\BuildLiteBehavior [ RunTime:0.000053s ]
INFO: [ app_init ] --END-- [ RunTime:0.000867s ]

[ 2017-05-22T20:57:47+08:00 ] ::1 /hzaucomm/index.php/Home/introduction/introduction.html
INFO: [ app_init ] --START--
INFO: Run Behavior\BuildLiteBehavior [ RunTime:0.000055s ]
INFO: [ app_init ] --END-- [ RunTime:0.000850s ]

[ 2017-05-22T20:58:32+08:00 ] ::1 /hzaucomm/index.php/Home/introduction/introduction.html
INFO: [ app_init ] --START--
INFO: Run Behavior\BuildLiteBehavior [ RunTime:0.000053s ]
INFO: [ app_init ] --END-- [ RunTime:0.000864s ]

[ 2017-05-22T21:01:17+08:00 ] ::1 /hzaucomm/index.php/Home/introduction/introduction.html
INFO: [ app_init ] --START--
INFO: Run Behavior\BuildLiteBehavior [ RunTime:0.000054s ]
INFO: [ app_init ] --END-- [ RunTime:0.000848s ]

[ 2017-05-22T21:01:35+08:00 ] ::1 /hzaucomm/index.php/Home/introduction/introduction.html
INFO: [ app_init ] --START--
INFO: Run Behavior\BuildLiteBehavior [ RunTime:0.000053s ]
INFO: [ app_init ] --END-- [ RunTime:0.000824s ]

[ 2017-05-22T21:03:12+08:00 ] ::1 /hzaucomm/index.php/Home/introduction/introduction.html
INFO: [ app_init ] --START--
INFO: Run Behavior\BuildLiteBehavior [ RunTime:0.000056s ]
INFO: [ app_init ] --END-- [ RunTime:0.000873s ]

[ 2017-05-22T21:03:21+08:00 ] ::1 /hzaucomm/index.php/Home/introduction/introduction.html
INFO: [ app_init ] --START--
INFO: Run Behavior\BuildLiteBehavior [ RunTime:0.000057s ]
INFO: [ app_init ] --END-- [ RunTime:0.000898s ]

[ 2017-05-22T21:03:46+08:00 ] ::1 /hzaucomm/index.php/Home/introduction/introduction.html
INFO: [ app_init ] --START--
INFO: Run Behavior\BuildLiteBehavior [ RunTime:0.000053s ]
INFO: [ app_init ] --END-- [ RunTime:0.000813s ]

[ 2017-05-22T21:04:07+08:00 ] ::1 /hzaucomm/index.php/Home/introduction/introduction.html
INFO: [ app_init ] --START--
INFO: Run Behavior\BuildLiteBehavior [ RunTime:0.000055s ]
INFO: [ app_init ] --END-- [ RunTime:0.000921s ]

[ 2017-05-22T21:04:20+08:00 ] ::1 /hzaucomm/index.php/Home/introduction/introduction.html
INFO: [ app_init ] --START--
INFO: Run Behavior\BuildLiteBehavior [ RunTime:0.000054s ]
INFO: [ app_init ] --END-- [ RunTime:0.000821s ]

[ 2017-05-22T21:04:37+08:00 ] ::1 /hzaucomm/index.php/Home/introduction/introduction.html
INFO: [ app_init ] --START--
INFO: Run Behavior\BuildLiteBehavior [ RunTime:0.000055s ]
INFO: [ app_init ] --END-- [ RunTime:0.000850s ]

[ 2017-05-22T21:05:00+08:00 ] ::1 /hzaucomm/index.php/Home/introduction/introduction.html
INFO: [ app_init ] --START--
INFO: Run Behavior\BuildLiteBehavior [ RunTime:0.000053s ]
INFO: [ app_init ] --END-- [ RunTime:0.000824s ]

[ 2017-05-22T21:05:12+08:00 ] ::1 /hzaucomm/index.php/Home/introduction/introduction.html
INFO: [ app_init ] --START--
INFO: Run Behavior\BuildLiteBehavior [ RunTime:0.000056s ]
INFO: [ app_init ] --END-- [ RunTime:0.000864s ]

[ 2017-05-22T21:05:20+08:00 ] ::1 /hzaucomm/index.php/Home/introduction/introduction.html
INFO: [ app_init ] --START--
INFO: Run Behavior\BuildLiteBehavior [ RunTime:0.000054s ]
INFO: [ app_init ] --END-- [ RunTime:0.000815s ]

[ 2017-05-22T21:05:44+08:00 ] ::1 /hzaucomm/index.php/Home/introduction/introduction.html
INFO: [ app_init ] --START--
INFO: Run Behavior\BuildLiteBehavior [ RunTime:0.000052s ]
INFO: [ app_init ] --END-- [ RunTime:0.000821s ]

[ 2017-05-22T21:06:01+08:00 ] ::1 /hzaucomm/index.php/Home/introduction/introduction.html
INFO: [ app_init ] --START--
INFO: Run Behavior\BuildLiteBehavior [ RunTime:0.000057s ]
INFO: [ app_init ] --END-- [ RunTime:0.001257s ]

[ 2017-05-22T21:08:56+08:00 ] ::1 /hzaucomm/index.php/Home/introduction/introduction.html
INFO: [ app_init ] --START--
INFO: Run Behavior\BuildLiteBehavior [ RunTime:0.000055s ]
INFO: [ app_init ] --END-- [ RunTime:0.000872s ]

[ 2017-05-22T21:08:57+08:00 ] ::1 /hzaucomm/index.php/Home/introduction/introduction.html
INFO: [ app_init ] --START--
INFO: Run Behavior\BuildLiteBehavior [ RunTime:0.000056s ]
INFO: [ app_init ] --END-- [ RunTime:0.000849s ]

[ 2017-05-22T21:11:17+08:00 ] ::1 /hzaucomm/index.php/Home/index/main.html
INFO: [ app_init ] --START--
INFO: Run Behavior\BuildLiteBehavior [ RunTime:0.000053s ]
INFO: [ app_init ] --END-- [ RunTime:0.000818s ]

[ 2017-05-22T21:11:23+08:00 ] ::1 /hzaucomm/index.php/Home/course/course.html
INFO: [ app_init ] --START--
INFO: Run Behavior\BuildLiteBehavior [ RunTime:0.000057s ]
INFO: [ app_init ] --END-- [ RunTime:0.000967s ]

[ 2017-05-22T21:11:27+08:00 ] ::1 /hzaucomm/index.php/Home/course/course.html
INFO: [ app_init ] --START--
INFO: Run Behavior\BuildLiteBehavior [ RunTime:0.000053s ]
INFO: [ app_init ] --END-- [ RunTime:0.000819s ]

[ 2017-05-22T21:11:29+08:00 ] ::1 /hzaucomm/index.php/Home/introduction/introduction.html
INFO: [ app_init ] --START--
INFO: Run Behavior\BuildLiteBehavior [ RunTime:0.000055s ]
INFO: [ app_init ] --END-- [ RunTime:0.000829s ]

[ 2017-05-22T21:11:33+08:00 ] ::1 /hzaucomm/index.php/Home/introduction/introduction.html
INFO: [ app_init ] --START--
INFO: Run Behavior\BuildLiteBehavior [ RunTime:0.000056s ]
INFO: [ app_init ] --END-- [ RunTime:0.000921s ]

