[ 2017-06-15T14:17:24+08:00 ] ::1 /hzaucomm/index.php/Home/source/document.html
INFO: [ app_init ] --START--
INFO: Run Behavior\BuildLiteBehavior [ RunTime:0.000063s ]
INFO: [ app_init ] --END-- [ RunTime:0.044036s ]

[ 2017-06-15T14:17:57+08:00 ] ::1 /hzaucomm/index.php/Home/source/pic_update
INFO: [ app_init ] --START--
INFO: Run Behavior\BuildLiteBehavior [ RunTime:0.000060s ]
INFO: [ app_init ] --END-- [ RunTime:0.000931s ]

[ 2017-06-15T14:18:03+08:00 ] ::1 /hzaucomm/index.php/Home/course/course
INFO: [ app_init ] --START--
INFO: Run Behavior\BuildLiteBehavior [ RunTime:0.000053s ]
INFO: [ app_init ] --END-- [ RunTime:0.000768s ]

[ 2017-06-15T14:18:04+08:00 ] ::1 /hzaucomm/index.php/Home/course/themeluanch
INFO: [ app_init ] --START--
INFO: Run Behavior\BuildLiteBehavior [ RunTime:0.000055s ]
INFO: [ app_init ] --END-- [ RunTime:0.000801s ]

[ 2017-06-15T14:19:21+08:00 ] ::1 /hzaucomm/index.php/Home/course/themeluanch
INFO: [ app_init ] --START--
INFO: Run Behavior\BuildLiteBehavior [ RunTime:0.000065s ]
INFO: [ app_init ] --END-- [ RunTime:0.018370s ]

[ 2017-06-15T14:19:21+08:00 ] ::1 /hzaucomm/index.php/Home/course/themeluanch
INFO: [ app_init ] --START--
INFO: Run Behavior\BuildLiteBehavior [ RunTime:0.000062s ]
INFO: [ app_init ] --END-- [ RunTime:0.022843s ]

[ 2017-06-15T14:19:43+08:00 ] ::1 /hzaucomm/index.php/Home/course/themeluanch
INFO: [ app_init ] --START--
INFO: Run Behavior\BuildLiteBehavior [ RunTime:0.000057s ]
INFO: [ app_init ] --END-- [ RunTime:0.000925s ]

[ 2017-06-15T14:20:24+08:00 ] ::1 /hzaucomm/index.php/Home/course/themeluanch
INFO: [ app_init ] --START--
INFO: Run Behavior\BuildLiteBehavior [ RunTime:0.000057s ]
INFO: [ app_init ] --END-- [ RunTime:0.000838s ]

[ 2017-06-15T14:20:25+08:00 ] ::1 /hzaucomm/index.php/Home/course/themeluanch
INFO: [ app_init ] --START--
INFO: Run Behavior\BuildLiteBehavior [ RunTime:0.000056s ]
INFO: [ app_init ] --END-- [ RunTime:0.000831s ]

[ 2017-06-15T14:20:36+08:00 ] ::1 /hzaucomm/index.php/Home/course/themeluanch
INFO: [ app_init ] --START--
INFO: Run Behavior\BuildLiteBehavior [ RunTime:0.000057s ]
INFO: [ app_init ] --END-- [ RunTime:0.000815s ]

[ 2017-06-15T14:20:46+08:00 ] ::1 /hzaucomm/index.php/Home/course/themeluanch
INFO: [ app_init ] --START--
INFO: Run Behavior\BuildLiteBehavior [ RunTime:0.000056s ]
INFO: [ app_init ] --END-- [ RunTime:0.000801s ]

[ 2017-06-15T14:21:40+08:00 ] ::1 /hzaucomm/index.php/Home/course/themeluanch
INFO: [ app_init ] --START--
INFO: Run Behavior\BuildLiteBehavior [ RunTime:0.000572s ]
INFO: [ app_init ] --END-- [ RunTime:0.001903s ]

[ 2017-06-15T14:21:40+08:00 ] ::1 /hzaucomm/index.php/Home/course/themeluanch
INFO: [ app_init ] --START--
INFO: Run Behavior\BuildLiteBehavior [ RunTime:0.000057s ]
INFO: [ app_init ] --END-- [ RunTime:0.001046s ]

[ 2017-06-15T14:21:43+08:00 ] ::1 /hzaucomm/index.php/Home/course/themeluanch
INFO: [ app_init ] --START--
INFO: Run Behavior\BuildLiteBehavior [ RunTime:0.000054s ]
INFO: [ app_init ] --END-- [ RunTime:0.000802s ]

[ 2017-06-15T14:22:43+08:00 ] ::1 /hzaucomm/index.php/Home/course/themeluanch
INFO: [ app_init ] --START--
INFO: Run Behavior\BuildLiteBehavior [ RunTime:0.000126s ]
INFO: [ app_init ] --END-- [ RunTime:0.001174s ]

[ 2017-06-15T14:24:15+08:00 ] ::1 /hzaucomm/index.php/Home/course/themeluanch
INFO: [ app_init ] --START--
INFO: Run Behavior\BuildLiteBehavior [ RunTime:0.000057s ]
INFO: [ app_init ] --END-- [ RunTime:0.000892s ]

[ 2017-06-15T14:25:16+08:00 ] ::1 /hzaucomm/index.php/Home/course/themeluanch
INFO: [ app_init ] --START--
INFO: Run Behavior\BuildLiteBehavior [ RunTime:0.000057s ]
INFO: [ app_init ] --END-- [ RunTime:0.000838s ]

[ 2017-06-15T14:25:42+08:00 ] ::1 /hzaucomm/index.php/Home/index/main
INFO: [ app_init ] --START--
INFO: Run Behavior\BuildLiteBehavior [ RunTime:0.000057s ]
INFO: [ app_init ] --END-- [ RunTime:0.000934s ]

[ 2017-06-15T14:25:48+08:00 ] ::1 /hzaucomm/index.php/Home/course/course
INFO: [ app_init ] --START--
INFO: Run Behavior\BuildLiteBehavior [ RunTime:0.000058s ]
INFO: [ app_init ] --END-- [ RunTime:0.001035s ]

[ 2017-06-15T14:27:19+08:00 ] ::1 /hzaucomm/index.php/Home/index/main
INFO: [ app_init ] --START--
INFO: Run Behavior\BuildLiteBehavior [ RunTime:0.000055s ]
INFO: [ app_init ] --END-- [ RunTime:0.001039s ]

[ 2017-06-15T14:29:08+08:00 ] ::1 /hzaucomm/index.php/Home/course/course
INFO: [ app_init ] --START--
INFO: Run Behavior\BuildLiteBehavior [ RunTime:0.000064s ]
INFO: [ app_init ] --END-- [ RunTime:0.049247s ]

[ 2017-06-15T14:29:08+08:00 ] ::1 /hzaucomm/index.php/Home/course/course?
INFO: [ app_init ] --START--
INFO: Run Behavior\BuildLiteBehavior [ RunTime:0.000064s ]
INFO: [ app_init ] --END-- [ RunTime:0.068737s ]

[ 2017-06-15T14:30:34+08:00 ] ::1 /hzaucomm/index.php/Home/course/course?
INFO: [ app_init ] --START--
INFO: Run Behavior\BuildLiteBehavior [ RunTime:0.000115s ]
INFO: [ app_init ] --END-- [ RunTime:0.001442s ]

[ 2017-06-15T14:31:44+08:00 ] ::1 /hzaucomm/index.php/Home/index/main
INFO: [ app_init ] --START--
INFO: Run Behavior\BuildLiteBehavior [ RunTime:0.000058s ]
INFO: [ app_init ] --END-- [ RunTime:0.000912s ]

[ 2017-06-15T14:31:49+08:00 ] ::1 /hzaucomm/index.php/Home/comp/comp
INFO: [ app_init ] --START--
INFO: Run Behavior\BuildLiteBehavior [ RunTime:0.000059s ]
INFO: [ app_init ] --END-- [ RunTime:0.000874s ]

[ 2017-06-15T14:31:59+08:00 ] ::1 /hzaucomm/index.php/Home/course/course
INFO: [ app_init ] --START--
INFO: Run Behavior\BuildLiteBehavior [ RunTime:0.000057s ]
INFO: [ app_init ] --END-- [ RunTime:0.000895s ]

[ 2017-06-15T14:32:04+08:00 ] ::1 /hzaucomm/index.php/Home/comp/comp
INFO: [ app_init ] --START--
INFO: Run Behavior\BuildLiteBehavior [ RunTime:0.000062s ]
INFO: [ app_init ] --END-- [ RunTime:0.000946s ]

[ 2017-06-15T14:34:53+08:00 ] ::1 /hzaucomm/index.php/Home/comp/comp
INFO: [ app_init ] --START--
INFO: Run Behavior\BuildLiteBehavior [ RunTime:0.000062s ]
INFO: [ app_init ] --END-- [ RunTime:0.017441s ]

[ 2017-06-15T14:34:58+08:00 ] ::1 /hzaucomm/index.php/Home/index/main
INFO: [ app_init ] --START--
INFO: Run Behavior\BuildLiteBehavior [ RunTime:0.000057s ]
INFO: [ app_init ] --END-- [ RunTime:0.000821s ]

[ 2017-06-15T14:35:03+08:00 ] ::1 /hzaucomm/index.php/Home/course/course
INFO: [ app_init ] --START--
INFO: Run Behavior\BuildLiteBehavior [ RunTime:0.000087s ]
INFO: [ app_init ] --END-- [ RunTime:0.001185s ]

[ 2017-06-15T14:35:07+08:00 ] ::1 /hzaucomm/index.php/Home/index/main
INFO: [ app_init ] --START--
INFO: Run Behavior\BuildLiteBehavior [ RunTime:0.000056s ]
INFO: [ app_init ] --END-- [ RunTime:0.000807s ]

[ 2017-06-15T14:35:11+08:00 ] ::1 /hzaucomm/index.php/Home/source/source
INFO: [ app_init ] --START--
INFO: Run Behavior\BuildLiteBehavior [ RunTime:0.000063s ]
INFO: [ app_init ] --END-- [ RunTime:0.000931s ]

[ 2017-06-15T14:35:14+08:00 ] ::1 /hzaucomm/index.php/Home/course/course
INFO: [ app_init ] --START--
INFO: Run Behavior\BuildLiteBehavior [ RunTime:0.000060s ]
INFO: [ app_init ] --END-- [ RunTime:0.000875s ]

[ 2017-06-15T14:36:41+08:00 ] ::1 /hzaucomm/index.php/Home/course/course
INFO: [ app_init ] --START--
INFO: Run Behavior\BuildLiteBehavior [ RunTime:0.000061s ]
INFO: [ app_init ] --END-- [ RunTime:0.001080s ]

[ 2017-06-15T14:39:17+08:00 ] ::1 /hzaucomm/index.php/Home/course/course
INFO: [ app_init ] --START--
INFO: Run Behavior\BuildLiteBehavior [ RunTime:0.000057s ]
INFO: [ app_init ] --END-- [ RunTime:0.001024s ]

[ 2017-06-15T14:41:33+08:00 ] ::1 /hzaucomm/index.php/Home/course/course
INFO: [ app_init ] --START--
INFO: Run Behavior\BuildLiteBehavior [ RunTime:0.000111s ]
INFO: [ app_init ] --END-- [ RunTime:0.032901s ]

[ 2017-06-15T14:41:37+08:00 ] ::1 /hzaucomm/index.php/Home/source/pic_update
INFO: [ app_init ] --START--
INFO: Run Behavior\BuildLiteBehavior [ RunTime:0.000058s ]
INFO: [ app_init ] --END-- [ RunTime:0.000908s ]

[ 2017-06-15T14:41:42+08:00 ] ::1 /hzaucomm/index.php/Home/source/pic_update
INFO: [ app_init ] --START--
INFO: Run Behavior\BuildLiteBehavior [ RunTime:0.000054s ]
INFO: [ app_init ] --END-- [ RunTime:0.000879s ]

[ 2017-06-15T14:41:46+08:00 ] ::1 /hzaucomm/index.php/Home/comp/comp
INFO: [ app_init ] --START--
INFO: Run Behavior\BuildLiteBehavior [ RunTime:0.000061s ]
INFO: [ app_init ] --END-- [ RunTime:0.000964s ]

[ 2017-06-15T14:41:50+08:00 ] ::1 /hzaucomm/index.php/Home/comp/themeluanch
INFO: [ app_init ] --START--
INFO: Run Behavior\BuildLiteBehavior [ RunTime:0.000057s ]
INFO: [ app_init ] --END-- [ RunTime:0.001055s ]

[ 2017-06-15T14:41:57+08:00 ] ::1 /hzaucomm/index.php/Home/comp/comp
INFO: [ app_init ] --START--
INFO: Run Behavior\BuildLiteBehavior [ RunTime:0.000057s ]
INFO: [ app_init ] --END-- [ RunTime:0.000927s ]

[ 2017-06-15T14:42:01+08:00 ] ::1 /hzaucomm/index.php/Home/comp/themeluanch
INFO: [ app_init ] --START--
INFO: Run Behavior\BuildLiteBehavior [ RunTime:0.000058s ]
INFO: [ app_init ] --END-- [ RunTime:0.000862s ]

[ 2017-06-15T14:42:05+08:00 ] ::1 /hzaucomm/index.php/Home/course/course?
INFO: [ app_init ] --START--
INFO: Run Behavior\BuildLiteBehavior [ RunTime:0.000056s ]
INFO: [ app_init ] --END-- [ RunTime:0.000798s ]

[ 2017-06-15T14:42:08+08:00 ] ::1 /hzaucomm/index.php/Home/course/course
INFO: [ app_init ] --START--
INFO: Run Behavior\BuildLiteBehavior [ RunTime:0.000056s ]
INFO: [ app_init ] --END-- [ RunTime:0.000805s ]

[ 2017-06-15T14:42:11+08:00 ] ::1 /hzaucomm/index.php/Home/course/themeluanch
INFO: [ app_init ] --START--
INFO: Run Behavior\BuildLiteBehavior [ RunTime:0.000060s ]
INFO: [ app_init ] --END-- [ RunTime:0.000815s ]

[ 2017-06-15T14:42:26+08:00 ] ::1 /hzaucomm/index.php/Home/course/themeluanch
INFO: [ app_init ] --START--
INFO: Run Behavior\BuildLiteBehavior [ RunTime:0.000057s ]
INFO: [ app_init ] --END-- [ RunTime:0.000941s ]

[ 2017-06-15T14:42:37+08:00 ] ::1 /hzaucomm/index.php/Home/course/themeluanch
INFO: [ app_init ] --START--
INFO: Run Behavior\BuildLiteBehavior [ RunTime:0.000094s ]
INFO: [ app_init ] --END-- [ RunTime:0.000934s ]

[ 2017-06-15T14:43:09+08:00 ] ::1 /hzaucomm/index.php/Home/index/main
INFO: [ app_init ] --START--
INFO: Run Behavior\BuildLiteBehavior [ RunTime:0.000059s ]
INFO: [ app_init ] --END-- [ RunTime:0.000993s ]

[ 2017-06-15T14:43:37+08:00 ] ::1 /hzaucomm/index.php/Home/index/main
INFO: [ app_init ] --START--
INFO: Run Behavior\BuildLiteBehavior [ RunTime:0.000060s ]
INFO: [ app_init ] --END-- [ RunTime:0.000996s ]

[ 2017-06-15T14:44:08+08:00 ] ::1 /hzaucomm/index.php/Home/course/course
INFO: [ app_init ] --START--
INFO: Run Behavior\BuildLiteBehavior [ RunTime:0.000057s ]
INFO: [ app_init ] --END-- [ RunTime:0.000949s ]

[ 2017-06-15T14:44:10+08:00 ] ::1 /hzaucomm/index.php/Home/index/main
INFO: [ app_init ] --START--
INFO: Run Behavior\BuildLiteBehavior [ RunTime:0.000059s ]
INFO: [ app_init ] --END-- [ RunTime:0.001252s ]

[ 2017-06-15T14:44:14+08:00 ] ::1 /hzaucomm/index.php/Home/course/course
INFO: [ app_init ] --START--
INFO: Run Behavior\BuildLiteBehavior [ RunTime:0.000062s ]
INFO: [ app_init ] --END-- [ RunTime:0.001165s ]

[ 2017-06-15T14:44:18+08:00 ] ::1 /hzaucomm/index.php/Home/course/themeluanch
INFO: [ app_init ] --START--
INFO: Run Behavior\BuildLiteBehavior [ RunTime:0.000059s ]
INFO: [ app_init ] --END-- [ RunTime:0.001246s ]

[ 2017-06-15T14:44:35+08:00 ] ::1 /hzaucomm/index.php/Home/course/themeluanch
INFO: [ app_init ] --START--
INFO: Run Behavior\BuildLiteBehavior [ RunTime:0.000059s ]
INFO: [ app_init ] --END-- [ RunTime:0.000981s ]

[ 2017-06-15T14:45:13+08:00 ] ::1 /hzaucomm/index.php/Home/course/themeluanch
INFO: [ app_init ] --START--
INFO: Run Behavior\BuildLiteBehavior [ RunTime:0.000057s ]
INFO: [ app_init ] --END-- [ RunTime:0.000986s ]

[ 2017-06-15T14:45:37+08:00 ] ::1 /hzaucomm/index.php/Home/course/themeluanch
INFO: [ app_init ] --START--
INFO: Run Behavior\BuildLiteBehavior [ RunTime:0.000059s ]
INFO: [ app_init ] --END-- [ RunTime:0.001093s ]

[ 2017-06-15T14:47:45+08:00 ] ::1 /hzaucomm/index.php/Home/course/themeluanch
INFO: [ app_init ] --START--
INFO: Run Behavior\BuildLiteBehavior [ RunTime:0.000058s ]
INFO: [ app_init ] --END-- [ RunTime:0.001010s ]

[ 2017-06-15T14:47:49+08:00 ] ::1 /hzaucomm/index.php/Home/course/themeluanch
INFO: [ app_init ] --START--
INFO: Run Behavior\BuildLiteBehavior [ RunTime:0.000059s ]
INFO: [ app_init ] --END-- [ RunTime:0.001373s ]

[ 2017-06-15T14:47:54+08:00 ] ::1 /hzaucomm/index.php/Home/index/main
INFO: [ app_init ] --START--
INFO: Run Behavior\BuildLiteBehavior [ RunTime:0.000057s ]
INFO: [ app_init ] --END-- [ RunTime:0.000937s ]

[ 2017-06-15T14:47:57+08:00 ] ::1 /hzaucomm/index.php/Home/source/source
INFO: [ app_init ] --START--
INFO: Run Behavior\BuildLiteBehavior [ RunTime:0.000056s ]
INFO: [ app_init ] --END-- [ RunTime:0.000887s ]

[ 2017-06-15T14:48:00+08:00 ] ::1 /hzaucomm/index.php/Home/comp/comp
INFO: [ app_init ] --START--
INFO: Run Behavior\BuildLiteBehavior [ RunTime:0.000061s ]
INFO: [ app_init ] --END-- [ RunTime:0.001900s ]

[ 2017-06-15T14:48:03+08:00 ] ::1 /hzaucomm/index.php/Home/source/pic_update
INFO: [ app_init ] --START--
INFO: Run Behavior\BuildLiteBehavior [ RunTime:0.000059s ]
INFO: [ app_init ] --END-- [ RunTime:0.001685s ]

[ 2017-06-15T14:48:06+08:00 ] ::1 /hzaucomm/index.php/Home/introduction/introduction
INFO: [ app_init ] --START--
INFO: Run Behavior\BuildLiteBehavior [ RunTime:0.000058s ]
INFO: [ app_init ] --END-- [ RunTime:0.000930s ]

[ 2017-06-15T14:48:08+08:00 ] ::1 /hzaucomm/index.php/Home/introduction/introduction
INFO: [ app_init ] --START--
INFO: Run Behavior\BuildLiteBehavior [ RunTime:0.000055s ]
INFO: [ app_init ] --END-- [ RunTime:0.000854s ]

[ 2017-06-15T14:48:10+08:00 ] ::1 /hzaucomm/index.php/Home/introduction/introduction
INFO: [ app_init ] --START--
INFO: Run Behavior\BuildLiteBehavior [ RunTime:0.000060s ]
INFO: [ app_init ] --END-- [ RunTime:0.001005s ]

[ 2017-06-15T14:48:14+08:00 ] ::1 /hzaucomm/index.php/Home/introduction/introduction
INFO: [ app_init ] --START--
INFO: Run Behavior\BuildLiteBehavior [ RunTime:0.000061s ]
INFO: [ app_init ] --END-- [ RunTime:0.001493s ]

[ 2017-06-15T14:48:19+08:00 ] ::1 /hzaucomm/index.php/Home/introduction/notice
INFO: [ app_init ] --START--
INFO: Run Behavior\BuildLiteBehavior [ RunTime:0.000062s ]
INFO: [ app_init ] --END-- [ RunTime:0.000906s ]

[ 2017-06-15T14:48:22+08:00 ] ::1 /hzaucomm/index.php/Home/source/pic_update
INFO: [ app_init ] --START--
INFO: Run Behavior\BuildLiteBehavior [ RunTime:0.000057s ]
INFO: [ app_init ] --END-- [ RunTime:0.000881s ]

[ 2017-06-15T14:48:26+08:00 ] ::1 /hzaucomm/index.php/Home/source/pic_update
INFO: [ app_init ] --START--
INFO: Run Behavior\BuildLiteBehavior [ RunTime:0.000058s ]
INFO: [ app_init ] --END-- [ RunTime:0.000996s ]

[ 2017-06-15T14:48:29+08:00 ] ::1 /hzaucomm/index.php/Home/comp/comp
INFO: [ app_init ] --START--
INFO: Run Behavior\BuildLiteBehavior [ RunTime:0.000058s ]
INFO: [ app_init ] --END-- [ RunTime:0.001019s ]

[ 2017-06-15T14:48:31+08:00 ] ::1 /hzaucomm/index.php/Home/comp/comp
INFO: [ app_init ] --START--
INFO: Run Behavior\BuildLiteBehavior [ RunTime:0.000056s ]
INFO: [ app_init ] --END-- [ RunTime:0.000877s ]

[ 2017-06-15T14:48:34+08:00 ] ::1 /hzaucomm/index.php/Home/comp/comp
INFO: [ app_init ] --START--
INFO: Run Behavior\BuildLiteBehavior [ RunTime:0.000059s ]
INFO: [ app_init ] --END-- [ RunTime:0.001018s ]

[ 2017-06-15T14:48:37+08:00 ] ::1 /hzaucomm/index.php/Home/comp/comp
INFO: [ app_init ] --START--
INFO: Run Behavior\BuildLiteBehavior [ RunTime:0.000056s ]
INFO: [ app_init ] --END-- [ RunTime:0.000922s ]

[ 2017-06-15T14:48:39+08:00 ] ::1 /hzaucomm/index.php/Home/comp/showitem.html
INFO: [ app_init ] --START--
INFO: Run Behavior\BuildLiteBehavior [ RunTime:0.000059s ]
INFO: [ app_init ] --END-- [ RunTime:0.001056s ]

[ 2017-06-15T14:48:51+08:00 ] ::1 /hzaucomm/index.php/Home/comp/showitem.html?title=
INFO: [ app_init ] --START--
INFO: Run Behavior\BuildLiteBehavior [ RunTime:0.000059s ]
INFO: [ app_init ] --END-- [ RunTime:0.001076s ]

[ 2017-06-15T14:48:56+08:00 ] ::1 /hzaucomm/index.php/Home/comp/showitem.html?title=
INFO: [ app_init ] --START--
INFO: Run Behavior\BuildLiteBehavior [ RunTime:0.000056s ]
INFO: [ app_init ] --END-- [ RunTime:0.000852s ]

[ 2017-06-15T14:49:00+08:00 ] ::1 /hzaucomm/index.php/Home/source/source
INFO: [ app_init ] --START--
INFO: Run Behavior\BuildLiteBehavior [ RunTime:0.000059s ]
INFO: [ app_init ] --END-- [ RunTime:0.001180s ]

[ 2017-06-15T14:49:04+08:00 ] ::1 /hzaucomm/index.php/Home/source/zip.html
INFO: [ app_init ] --START--
INFO: Run Behavior\BuildLiteBehavior [ RunTime:0.000058s ]
INFO: [ app_init ] --END-- [ RunTime:0.000908s ]

[ 2017-06-15T14:55:26+08:00 ] ::1 /hzaucomm/index.php/Home/course/course
INFO: [ app_init ] --START--
INFO: Run Behavior\BuildLiteBehavior [ RunTime:0.000059s ]
INFO: [ app_init ] --END-- [ RunTime:0.001250s ]

[ 2017-06-15T14:56:34+08:00 ] ::1 /hzaucomm/index.php/Home/course/course
INFO: [ app_init ] --START--
INFO: Run Behavior\BuildLiteBehavior [ RunTime:0.000111s ]
INFO: [ app_init ] --END-- [ RunTime:0.001704s ]

[ 2017-06-15T14:57:43+08:00 ] ::1 /hzaucomm/
INFO: [ app_init ] --START--
INFO: Run Behavior\BuildLiteBehavior [ RunTime:0.000057s ]
INFO: [ app_init ] --END-- [ RunTime:0.000995s ]

[ 2017-06-15T14:58:07+08:00 ] ::1 /hzaucomm/index.php/Home/comp/comp
INFO: [ app_init ] --START--
INFO: Run Behavior\BuildLiteBehavior [ RunTime:0.000059s ]
INFO: [ app_init ] --END-- [ RunTime:0.001525s ]

[ 2017-06-15T14:58:24+08:00 ] ::1 /hzaucomm/index.php/Home/index/main
INFO: [ app_init ] --START--
INFO: Run Behavior\BuildLiteBehavior [ RunTime:0.000061s ]
INFO: [ app_init ] --END-- [ RunTime:0.001493s ]

[ 2017-06-15T14:58:25+08:00 ] ::1 /hzaucomm/index.php/Home/course/course
INFO: [ app_init ] --START--
INFO: Run Behavior\BuildLiteBehavior [ RunTime:0.000057s ]
INFO: [ app_init ] --END-- [ RunTime:0.001027s ]

[ 2017-06-15T14:58:30+08:00 ] ::1 /hzaucomm/index.php/Home/source/source
INFO: [ app_init ] --START--
INFO: Run Behavior\BuildLiteBehavior [ RunTime:0.000058s ]
INFO: [ app_init ] --END-- [ RunTime:0.001062s ]

[ 2017-06-15T14:58:34+08:00 ] ::1 /hzaucomm/index.php/Home/comp/comp
INFO: [ app_init ] --START--
INFO: Run Behavior\BuildLiteBehavior [ RunTime:0.000057s ]
INFO: [ app_init ] --END-- [ RunTime:0.001297s ]

[ 2017-06-15T14:58:39+08:00 ] ::1 /hzaucomm/index.php/Home/source/pic_update
INFO: [ app_init ] --START--
INFO: Run Behavior\BuildLiteBehavior [ RunTime:0.000057s ]
INFO: [ app_init ] --END-- [ RunTime:0.000946s ]

[ 2017-06-15T14:58:42+08:00 ] ::1 /hzaucomm/index.php/Home/introduction/introduction
INFO: [ app_init ] --START--
INFO: Run Behavior\BuildLiteBehavior [ RunTime:0.000057s ]
INFO: [ app_init ] --END-- [ RunTime:0.000898s ]

[ 2017-06-15T14:58:44+08:00 ] ::1 /hzaucomm/index.php/Home/source/source
INFO: [ app_init ] --START--
INFO: Run Behavior\BuildLiteBehavior [ RunTime:0.000060s ]
INFO: [ app_init ] --END-- [ RunTime:0.001119s ]

[ 2017-06-15T14:58:46+08:00 ] ::1 /hzaucomm/index.php/Home/course/course
INFO: [ app_init ] --START--
INFO: Run Behavior\BuildLiteBehavior [ RunTime:0.000058s ]
INFO: [ app_init ] --END-- [ RunTime:0.000958s ]

[ 2017-06-15T14:59:02+08:00 ] ::1 /hzaucomm/index.php/Home/course/course?
INFO: [ app_init ] --START--
INFO: Run Behavior\BuildLiteBehavior [ RunTime:0.000061s ]
INFO: [ app_init ] --END-- [ RunTime:0.000935s ]

[ 2017-06-15T14:59:24+08:00 ] ::1 /hzaucomm/index.php/Home/course/course?
INFO: [ app_init ] --START--
INFO: Run Behavior\BuildLiteBehavior [ RunTime:0.000055s ]
INFO: [ app_init ] --END-- [ RunTime:0.000879s ]

[ 2017-06-15T15:01:32+08:00 ] ::1 /hzaucomm/index.php/Home/course/course?
INFO: [ app_init ] --START--
INFO: Run Behavior\BuildLiteBehavior [ RunTime:0.000064s ]
INFO: [ app_init ] --END-- [ RunTime:0.025005s ]

[ 2017-06-15T15:04:40+08:00 ] ::1 /hzaucomm/index.php/Home/course/course?
INFO: [ app_init ] --START--
INFO: Run Behavior\BuildLiteBehavior [ RunTime:0.000063s ]
INFO: [ app_init ] --END-- [ RunTime:0.011959s ]

[ 2017-06-15T15:05:59+08:00 ] ::1 /hzaucomm/index.php/Home/course/course?
INFO: [ app_init ] --START--
INFO: Run Behavior\BuildLiteBehavior [ RunTime:0.000063s ]
INFO: [ app_init ] --END-- [ RunTime:0.032841s ]

[ 2017-06-15T15:07:20+08:00 ] ::1 /hzaucomm/index.php/Home/course/course?
INFO: [ app_init ] --START--
INFO: Run Behavior\BuildLiteBehavior [ RunTime:0.000060s ]
INFO: [ app_init ] --END-- [ RunTime:0.000978s ]

[ 2017-06-15T15:08:27+08:00 ] ::1 /hzaucomm/index.php/Home/course/course?
INFO: [ app_init ] --START--
INFO: Run Behavior\BuildLiteBehavior [ RunTime:0.000059s ]
INFO: [ app_init ] --END-- [ RunTime:0.001693s ]

[ 2017-06-15T15:08:57+08:00 ] ::1 /hzaucomm/index.php/Home/course/course?
INFO: [ app_init ] --START--
INFO: Run Behavior\BuildLiteBehavior [ RunTime:0.000055s ]
INFO: [ app_init ] --END-- [ RunTime:0.000950s ]

[ 2017-06-15T15:09:10+08:00 ] ::1 /hzaucomm/index.php/Home/course/course?
INFO: [ app_init ] --START--
INFO: Run Behavior\BuildLiteBehavior [ RunTime:0.000054s ]
INFO: [ app_init ] --END-- [ RunTime:0.000925s ]

[ 2017-06-15T15:10:25+08:00 ] ::1 /hzaucomm/index.php/Home/index/main
INFO: [ app_init ] --START--
INFO: Run Behavior\BuildLiteBehavior [ RunTime:0.000055s ]
INFO: [ app_init ] --END-- [ RunTime:0.000924s ]

[ 2017-06-15T15:10:29+08:00 ] ::1 /hzaucomm/index.php/Home/course/course
INFO: [ app_init ] --START--
INFO: Run Behavior\BuildLiteBehavior [ RunTime:0.000058s ]
INFO: [ app_init ] --END-- [ RunTime:0.001084s ]

[ 2017-06-15T15:10:30+08:00 ] ::1 /hzaucomm/index.php/Home/source/source
INFO: [ app_init ] --START--
INFO: Run Behavior\BuildLiteBehavior [ RunTime:0.000057s ]
INFO: [ app_init ] --END-- [ RunTime:0.000965s ]

[ 2017-06-15T15:10:31+08:00 ] ::1 /hzaucomm/index.php/Home/comp/comp
INFO: [ app_init ] --START--
INFO: Run Behavior\BuildLiteBehavior [ RunTime:0.000060s ]
INFO: [ app_init ] --END-- [ RunTime:0.001289s ]

[ 2017-06-15T15:10:33+08:00 ] ::1 /hzaucomm/index.php/Home/source/pic_update
INFO: [ app_init ] --START--
INFO: Run Behavior\BuildLiteBehavior [ RunTime:0.000060s ]
INFO: [ app_init ] --END-- [ RunTime:0.001075s ]

[ 2017-06-15T15:10:34+08:00 ] ::1 /hzaucomm/index.php/Home/introduction/introduction
INFO: [ app_init ] --START--
INFO: Run Behavior\BuildLiteBehavior [ RunTime:0.000060s ]
INFO: [ app_init ] --END-- [ RunTime:0.001384s ]

[ 2017-06-15T15:10:36+08:00 ] ::1 /hzaucomm/index.php/Home/course/course
INFO: [ app_init ] --START--
INFO: Run Behavior\BuildLiteBehavior [ RunTime:0.000056s ]
INFO: [ app_init ] --END-- [ RunTime:0.000942s ]

[ 2017-06-15T15:11:05+08:00 ] ::1 /hzaucomm/index.php/Home/course/course
INFO: [ app_init ] --START--
INFO: Run Behavior\BuildLiteBehavior [ RunTime:0.000060s ]
INFO: [ app_init ] --END-- [ RunTime:0.001071s ]

[ 2017-06-15T15:11:13+08:00 ] ::1 /hzaucomm/index.php/Home/course/themeluanch
INFO: [ app_init ] --START--
INFO: Run Behavior\BuildLiteBehavior [ RunTime:0.000057s ]
INFO: [ app_init ] --END-- [ RunTime:0.000912s ]

[ 2017-06-15T15:11:40+08:00 ] ::1 /hzaucomm/index.php/Home/course/course
INFO: [ app_init ] --START--
INFO: Run Behavior\BuildLiteBehavior [ RunTime:0.000057s ]
INFO: [ app_init ] --END-- [ RunTime:0.001217s ]

[ 2017-06-15T15:11:42+08:00 ] ::1 /hzaucomm/index.php/Home/course/themeluanch
INFO: [ app_init ] --START--
INFO: Run Behavior\BuildLiteBehavior [ RunTime:0.000058s ]
INFO: [ app_init ] --END-- [ RunTime:0.001211s ]

[ 2017-06-15T15:12:04+08:00 ] ::1 /hzaucomm/index.php/Home/course/themeluanch
INFO: [ app_init ] --START--
INFO: Run Behavior\BuildLiteBehavior [ RunTime:0.000055s ]
INFO: [ app_init ] --END-- [ RunTime:0.000921s ]

[ 2017-06-15T15:12:46+08:00 ] ::1 /hzaucomm/index.php/Home/source/source
INFO: [ app_init ] --START--
INFO: Run Behavior\BuildLiteBehavior [ RunTime:0.000059s ]
INFO: [ app_init ] --END-- [ RunTime:0.001044s ]

[ 2017-06-15T15:12:49+08:00 ] ::1 /hzaucomm/index.php/Home/source/picture.html
INFO: [ app_init ] --START--
INFO: Run Behavior\BuildLiteBehavior [ RunTime:0.000059s ]
INFO: [ app_init ] --END-- [ RunTime:0.002095s ]

[ 2017-06-15T15:12:50+08:00 ] ::1 /hzaucomm/index.php/Home/source/video.html
INFO: [ app_init ] --START--
INFO: Run Behavior\BuildLiteBehavior [ RunTime:0.000058s ]
INFO: [ app_init ] --END-- [ RunTime:0.001046s ]

[ 2017-06-15T15:12:53+08:00 ] ::1 /hzaucomm/index.php/Home/source/zip.html
INFO: [ app_init ] --START--
INFO: Run Behavior\BuildLiteBehavior [ RunTime:0.000057s ]
INFO: [ app_init ] --END-- [ RunTime:0.000897s ]

[ 2017-06-15T15:12:54+08:00 ] ::1 /hzaucomm/index.php/Home/source/picture.html
INFO: [ app_init ] --START--
INFO: Run Behavior\BuildLiteBehavior [ RunTime:0.000058s ]
INFO: [ app_init ] --END-- [ RunTime:0.000904s ]

[ 2017-06-15T15:13:47+08:00 ] ::1 /hzaucomm/index.php/Home/source/picture.html
INFO: [ app_init ] --START--
INFO: Run Behavior\BuildLiteBehavior [ RunTime:0.000066s ]
INFO: [ app_init ] --END-- [ RunTime:0.000945s ]

[ 2017-06-15T15:13:49+08:00 ] ::1 /hzaucomm/index.php/Home/source/picture.html
INFO: [ app_init ] --START--
INFO: Run Behavior\BuildLiteBehavior [ RunTime:0.000063s ]
INFO: [ app_init ] --END-- [ RunTime:0.010460s ]

[ 2017-06-15T15:13:50+08:00 ] ::1 /hzaucomm/index.php/Home/source/picture.html
INFO: [ app_init ] --START--
INFO: Run Behavior\BuildLiteBehavior [ RunTime:0.000060s ]
INFO: [ app_init ] --END-- [ RunTime:0.000898s ]

[ 2017-06-15T15:14:44+08:00 ] ::1 /hzaucomm/index.php/Home/source/picture.html
INFO: [ app_init ] --START--
INFO: Run Behavior\BuildLiteBehavior [ RunTime:0.000060s ]
INFO: [ app_init ] --END-- [ RunTime:0.000912s ]

[ 2017-06-15T15:15:04+08:00 ] ::1 /hzaucomm/index.php/Home/source/picture.html
INFO: [ app_init ] --START--
INFO: Run Behavior\BuildLiteBehavior [ RunTime:0.000057s ]
INFO: [ app_init ] --END-- [ RunTime:0.000908s ]

[ 2017-06-15T15:15:06+08:00 ] ::1 /hzaucomm/index.php/Home/source/picture.html
INFO: [ app_init ] --START--
INFO: Run Behavior\BuildLiteBehavior [ RunTime:0.000055s ]
INFO: [ app_init ] --END-- [ RunTime:0.000884s ]

[ 2017-06-15T15:15:34+08:00 ] ::1 /hzaucomm/index.php/Home/source/picture.html
INFO: [ app_init ] --START--
INFO: Run Behavior\BuildLiteBehavior [ RunTime:0.000299s ]
INFO: [ app_init ] --END-- [ RunTime:0.001370s ]

[ 2017-06-15T15:15:40+08:00 ] ::1 /hzaucomm/index.php/Home/course/course
INFO: [ app_init ] --START--
INFO: Run Behavior\BuildLiteBehavior [ RunTime:0.000058s ]
INFO: [ app_init ] --END-- [ RunTime:0.000969s ]

[ 2017-06-15T15:15:42+08:00 ] ::1 /hzaucomm/index.php/Home/source/picture.html
INFO: [ app_init ] --START--
INFO: Run Behavior\BuildLiteBehavior [ RunTime:0.000059s ]
INFO: [ app_init ] --END-- [ RunTime:0.000947s ]

[ 2017-06-15T15:16:11+08:00 ] ::1 /hzaucomm/index.php/Home/source/document.html
INFO: [ app_init ] --START--
INFO: Run Behavior\BuildLiteBehavior [ RunTime:0.000058s ]
INFO: [ app_init ] --END-- [ RunTime:0.001068s ]

[ 2017-06-15T15:16:13+08:00 ] ::1 /hzaucomm/index.php/Home/source/video.html
INFO: [ app_init ] --START--
INFO: Run Behavior\BuildLiteBehavior [ RunTime:0.000057s ]
INFO: [ app_init ] --END-- [ RunTime:0.001000s ]

[ 2017-06-15T15:16:15+08:00 ] ::1 /hzaucomm/index.php/Home/source/zip.html
INFO: [ app_init ] --START--
INFO: Run Behavior\BuildLiteBehavior [ RunTime:0.000063s ]
INFO: [ app_init ] --END-- [ RunTime:0.001072s ]

[ 2017-06-15T15:16:35+08:00 ] ::1 /hzaucomm/index.php/Home/comp/comp
INFO: [ app_init ] --START--
INFO: Run Behavior\BuildLiteBehavior [ RunTime:0.000055s ]
INFO: [ app_init ] --END-- [ RunTime:0.000925s ]

[ 2017-06-15T15:17:10+08:00 ] ::1 /hzaucomm/index.php/Home/comp/comp
INFO: [ app_init ] --START--
INFO: Run Behavior\BuildLiteBehavior [ RunTime:0.000059s ]
INFO: [ app_init ] --END-- [ RunTime:0.001043s ]

[ 2017-06-15T15:17:13+08:00 ] ::1 /hzaucomm/index.php/Home/comp/comp
INFO: [ app_init ] --START--
INFO: Run Behavior\BuildLiteBehavior [ RunTime:0.000060s ]
INFO: [ app_init ] --END-- [ RunTime:0.001226s ]

[ 2017-06-15T15:17:18+08:00 ] ::1 /hzaucomm/index.php/Home/comp/comp
INFO: [ app_init ] --START--
INFO: Run Behavior\BuildLiteBehavior [ RunTime:0.000055s ]
INFO: [ app_init ] --END-- [ RunTime:0.000933s ]

[ 2017-06-15T15:17:38+08:00 ] ::1 /hzaucomm/index.php/Home/source/picture.html
INFO: [ app_init ] --START--
INFO: Run Behavior\BuildLiteBehavior [ RunTime:0.000057s ]
INFO: [ app_init ] --END-- [ RunTime:0.001213s ]

[ 2017-06-15T15:18:55+08:00 ] ::1 /hzaucomm/index.php/Home/comp/comp
INFO: [ app_init ] --START--
INFO: Run Behavior\BuildLiteBehavior [ RunTime:0.000056s ]
INFO: [ app_init ] --END-- [ RunTime:0.000980s ]

[ 2017-06-15T15:18:58+08:00 ] ::1 /hzaucomm/index.php/Home/comp/comp
INFO: [ app_init ] --START--
INFO: Run Behavior\BuildLiteBehavior [ RunTime:0.000057s ]
INFO: [ app_init ] --END-- [ RunTime:0.001030s ]

[ 2017-06-15T15:19:05+08:00 ] ::1 /hzaucomm/index.php/Home/comp/comp
INFO: [ app_init ] --START--
INFO: Run Behavior\BuildLiteBehavior [ RunTime:0.000061s ]
INFO: [ app_init ] --END-- [ RunTime:0.001001s ]

[ 2017-06-15T15:20:14+08:00 ] ::1 /hzaucomm/index.php/Home/comp/comp
INFO: [ app_init ] --START--
INFO: Run Behavior\BuildLiteBehavior [ RunTime:0.000063s ]
INFO: [ app_init ] --END-- [ RunTime:0.002569s ]

[ 2017-06-15T15:20:17+08:00 ] ::1 /hzaucomm/index.php/Home/comp/comp
INFO: [ app_init ] --START--
INFO: Run Behavior\BuildLiteBehavior [ RunTime:0.000058s ]
INFO: [ app_init ] --END-- [ RunTime:0.001082s ]

[ 2017-06-15T15:20:54+08:00 ] ::1 /hzaucomm/index.php/Home/comp/comp
INFO: [ app_init ] --START--
INFO: Run Behavior\BuildLiteBehavior [ RunTime:0.000057s ]
INFO: [ app_init ] --END-- [ RunTime:0.001004s ]

[ 2017-06-15T15:20:56+08:00 ] ::1 /hzaucomm/index.php/Home/comp/comp
INFO: [ app_init ] --START--
INFO: Run Behavior\BuildLiteBehavior [ RunTime:0.000056s ]
INFO: [ app_init ] --END-- [ RunTime:0.000974s ]

[ 2017-06-15T15:21:17+08:00 ] ::1 /hzaucomm/index.php/Home/comp/comp
INFO: [ app_init ] --START--
INFO: Run Behavior\BuildLiteBehavior [ RunTime:0.000059s ]
INFO: [ app_init ] --END-- [ RunTime:0.001067s ]

[ 2017-06-15T15:21:22+08:00 ] ::1 /hzaucomm/index.php/Home/comp/comp
INFO: [ app_init ] --START--
INFO: Run Behavior\BuildLiteBehavior [ RunTime:0.000086s ]
INFO: [ app_init ] --END-- [ RunTime:0.001288s ]

[ 2017-06-15T15:21:23+08:00 ] ::1 /hzaucomm/index.php/Home/comp/comp
INFO: [ app_init ] --START--
INFO: Run Behavior\BuildLiteBehavior [ RunTime:0.000059s ]
INFO: [ app_init ] --END-- [ RunTime:0.001158s ]

[ 2017-06-15T15:21:52+08:00 ] ::1 /hzaucomm/index.php/Home/source/picture
INFO: [ app_init ] --START--
INFO: Run Behavior\BuildLiteBehavior [ RunTime:0.000058s ]
INFO: [ app_init ] --END-- [ RunTime:0.000971s ]

[ 2017-06-15T15:21:55+08:00 ] ::1 /hzaucomm/index.php/Home/comp/comp
INFO: [ app_init ] --START--
INFO: Run Behavior\BuildLiteBehavior [ RunTime:0.000057s ]
INFO: [ app_init ] --END-- [ RunTime:0.001002s ]

[ 2017-06-15T15:21:57+08:00 ] ::1 /hzaucomm/index.php/Home/source/pic_update
INFO: [ app_init ] --START--
INFO: Run Behavior\BuildLiteBehavior [ RunTime:0.000059s ]
INFO: [ app_init ] --END-- [ RunTime:0.001105s ]

[ 2017-06-15T15:21:58+08:00 ] ::1 /hzaucomm/index.php/Home/introduction/introduction
INFO: [ app_init ] --START--
INFO: Run Behavior\BuildLiteBehavior [ RunTime:0.000063s ]
INFO: [ app_init ] --END-- [ RunTime:0.002090s ]

[ 2017-06-15T15:23:10+08:00 ] ::1 /hzaucomm/index.php/Home/introduction/introduction
INFO: [ app_init ] --START--
INFO: Run Behavior\BuildLiteBehavior [ RunTime:0.000059s ]
INFO: [ app_init ] --END-- [ RunTime:0.001235s ]

[ 2017-06-15T15:23:13+08:00 ] ::1 /hzaucomm/index.php/Home/introduction/introduction
INFO: [ app_init ] --START--
INFO: Run Behavior\BuildLiteBehavior [ RunTime:0.000056s ]
INFO: [ app_init ] --END-- [ RunTime:0.000990s ]

[ 2017-06-15T15:23:15+08:00 ] ::1 /hzaucomm/index.php/Home/introduction/notice
INFO: [ app_init ] --START--
INFO: Run Behavior\BuildLiteBehavior [ RunTime:0.000057s ]
INFO: [ app_init ] --END-- [ RunTime:0.001080s ]

[ 2017-06-15T15:23:16+08:00 ] ::1 /hzaucomm/index.php/Home/course/course
INFO: [ app_init ] --START--
INFO: Run Behavior\BuildLiteBehavior [ RunTime:0.000063s ]
INFO: [ app_init ] --END-- [ RunTime:0.000979s ]

[ 2017-06-15T15:23:17+08:00 ] ::1 /hzaucomm/index.php/Home/comp/comp
INFO: [ app_init ] --START--
INFO: Run Behavior\BuildLiteBehavior [ RunTime:0.000056s ]
INFO: [ app_init ] --END-- [ RunTime:0.000954s ]

[ 2017-06-15T15:25:00+08:00 ] ::1 /hzaucomm/index.php/Home/comp/comp
INFO: [ app_init ] --START--
INFO: Run Behavior\BuildLiteBehavior [ RunTime:0.000055s ]
INFO: [ app_init ] --END-- [ RunTime:0.000945s ]

[ 2017-06-15T15:25:03+08:00 ] ::1 /hzaucomm/index.php/Home/source/source
INFO: [ app_init ] --START--
INFO: Run Behavior\BuildLiteBehavior [ RunTime:0.000069s ]
INFO: [ app_init ] --END-- [ RunTime:0.001170s ]

[ 2017-06-15T15:25:07+08:00 ] ::1 /hzaucomm/index.php/Home/introduction/introduction
INFO: [ app_init ] --START--
INFO: Run Behavior\BuildLiteBehavior [ RunTime:0.000057s ]
INFO: [ app_init ] --END-- [ RunTime:0.000916s ]

[ 2017-06-15T15:25:09+08:00 ] ::1 /hzaucomm/index.php/Home/introduction/notice
INFO: [ app_init ] --START--
INFO: Run Behavior\BuildLiteBehavior [ RunTime:0.000057s ]
INFO: [ app_init ] --END-- [ RunTime:0.000956s ]

[ 2017-06-15T15:25:12+08:00 ] ::1 /hzaucomm/index.php/Home/introduction/introduction
INFO: [ app_init ] --START--
INFO: Run Behavior\BuildLiteBehavior [ RunTime:0.000058s ]
INFO: [ app_init ] --END-- [ RunTime:0.000987s ]

[ 2017-06-15T15:25:21+08:00 ] ::1 /hzaucomm/index.php/Home/introduction/introduction
INFO: [ app_init ] --START--
INFO: Run Behavior\BuildLiteBehavior [ RunTime:0.000263s ]
INFO: [ app_init ] --END-- [ RunTime:0.001205s ]

[ 2017-06-15T15:25:23+08:00 ] ::1 /hzaucomm/index.php/Home/introduction/notice
INFO: [ app_init ] --START--
INFO: Run Behavior\BuildLiteBehavior [ RunTime:0.000058s ]
INFO: [ app_init ] --END-- [ RunTime:0.001008s ]

[ 2017-06-15T15:25:26+08:00 ] ::1 /hzaucomm/index.php/Home/introduction/introduction
INFO: [ app_init ] --START--
INFO: Run Behavior\BuildLiteBehavior [ RunTime:0.000064s ]
INFO: [ app_init ] --END-- [ RunTime:0.000985s ]

[ 2017-06-15T15:25:29+08:00 ] ::1 /hzaucomm/index.php/Home/source/pic_update
INFO: [ app_init ] --START--
INFO: Run Behavior\BuildLiteBehavior [ RunTime:0.000057s ]
INFO: [ app_init ] --END-- [ RunTime:0.000903s ]

[ 2017-06-15T15:25:30+08:00 ] ::1 /hzaucomm/index.php/Home/source/pic_update.html
INFO: [ app_init ] --START--
INFO: Run Behavior\BuildLiteBehavior [ RunTime:0.000056s ]
INFO: [ app_init ] --END-- [ RunTime:0.000878s ]

[ 2017-06-15T15:25:33+08:00 ] ::1 /hzaucomm/index.php/Home/source/pic_update.html
INFO: [ app_init ] --START--
INFO: Run Behavior\BuildLiteBehavior [ RunTime:0.000061s ]
INFO: [ app_init ] --END-- [ RunTime:0.002106s ]

[ 2017-06-15T15:25:34+08:00 ] ::1 /hzaucomm/index.php/Home/source/document_update.html
INFO: [ app_init ] --START--
INFO: Run Behavior\BuildLiteBehavior [ RunTime:0.000056s ]
INFO: [ app_init ] --END-- [ RunTime:0.000871s ]

[ 2017-06-15T15:25:36+08:00 ] ::1 /hzaucomm/index.php/Home/source/video_update.html
INFO: [ app_init ] --START--
INFO: Run Behavior\BuildLiteBehavior [ RunTime:0.000057s ]
INFO: [ app_init ] --END-- [ RunTime:0.000928s ]

[ 2017-06-15T15:25:37+08:00 ] ::1 /hzaucomm/index.php/Home/source/zip_update.html
INFO: [ app_init ] --START--
INFO: Run Behavior\BuildLiteBehavior [ RunTime:0.000101s ]
INFO: [ app_init ] --END-- [ RunTime:0.001344s ]

[ 2017-06-15T15:25:38+08:00 ] ::1 /hzaucomm/index.php/Home/source/video_update.html
INFO: [ app_init ] --START--
INFO: Run Behavior\BuildLiteBehavior [ RunTime:0.000066s ]
INFO: [ app_init ] --END-- [ RunTime:0.000963s ]

[ 2017-06-15T15:25:39+08:00 ] ::1 /hzaucomm/index.php/Home/source/document_update.html
INFO: [ app_init ] --START--
INFO: Run Behavior\BuildLiteBehavior [ RunTime:0.000057s ]
INFO: [ app_init ] --END-- [ RunTime:0.000935s ]

[ 2017-06-15T15:25:40+08:00 ] ::1 /hzaucomm/index.php/Home/source/video_update.html
INFO: [ app_init ] --START--
INFO: Run Behavior\BuildLiteBehavior [ RunTime:0.000058s ]
INFO: [ app_init ] --END-- [ RunTime:0.001048s ]

[ 2017-06-15T15:25:48+08:00 ] ::1 /hzaucomm/index.php/Home/source/video_update.html
INFO: [ app_init ] --START--
INFO: Run Behavior\BuildLiteBehavior [ RunTime:0.000056s ]
INFO: [ app_init ] --END-- [ RunTime:0.000896s ]

[ 2017-06-15T15:25:50+08:00 ] ::1 /hzaucomm/index.php/Home/source/zip_update.html
INFO: [ app_init ] --START--
INFO: Run Behavior\BuildLiteBehavior [ RunTime:0.000086s ]
INFO: [ app_init ] --END-- [ RunTime:0.001140s ]

[ 2017-06-15T15:25:51+08:00 ] ::1 /hzaucomm/index.php/Home/source/video_update.html
INFO: [ app_init ] --START--
INFO: Run Behavior\BuildLiteBehavior [ RunTime:0.000078s ]
INFO: [ app_init ] --END-- [ RunTime:0.001017s ]

[ 2017-06-15T15:25:52+08:00 ] ::1 /hzaucomm/index.php/Home/source/document_update.html
INFO: [ app_init ] --START--
INFO: Run Behavior\BuildLiteBehavior [ RunTime:0.000057s ]
INFO: [ app_init ] --END-- [ RunTime:0.000984s ]

[ 2017-06-15T15:25:53+08:00 ] ::1 /hzaucomm/index.php/Home/source/pic_update.html
INFO: [ app_init ] --START--
INFO: Run Behavior\BuildLiteBehavior [ RunTime:0.000124s ]
INFO: [ app_init ] --END-- [ RunTime:0.001136s ]

[ 2017-06-15T15:25:55+08:00 ] ::1 /hzaucomm/index.php/Home/comp/comp
INFO: [ app_init ] --START--
INFO: Run Behavior\BuildLiteBehavior [ RunTime:0.000057s ]
INFO: [ app_init ] --END-- [ RunTime:0.000892s ]

[ 2017-06-15T15:25:58+08:00 ] ::1 /hzaucomm/index.php/Home/source/source
INFO: [ app_init ] --START--
INFO: Run Behavior\BuildLiteBehavior [ RunTime:0.000057s ]
INFO: [ app_init ] --END-- [ RunTime:0.000881s ]

[ 2017-06-15T15:26:00+08:00 ] ::1 /hzaucomm/index.php/Home/source/document.html
INFO: [ app_init ] --START--
INFO: Run Behavior\BuildLiteBehavior [ RunTime:0.000057s ]
INFO: [ app_init ] --END-- [ RunTime:0.001034s ]

[ 2017-06-15T15:26:01+08:00 ] ::1 /hzaucomm/index.php/Home/source/video.html
INFO: [ app_init ] --START--
INFO: Run Behavior\BuildLiteBehavior [ RunTime:0.000059s ]
INFO: [ app_init ] --END-- [ RunTime:0.000934s ]

[ 2017-06-15T15:26:02+08:00 ] ::1 /hzaucomm/index.php/Home/source/zip.html
INFO: [ app_init ] --START--
INFO: Run Behavior\BuildLiteBehavior [ RunTime:0.000056s ]
INFO: [ app_init ] --END-- [ RunTime:0.001289s ]

[ 2017-06-15T15:26:04+08:00 ] ::1 /hzaucomm/index.php/Home/source/picture.html
INFO: [ app_init ] --START--
INFO: Run Behavior\BuildLiteBehavior [ RunTime:0.000058s ]
INFO: [ app_init ] --END-- [ RunTime:0.001071s ]

[ 2017-06-15T15:26:21+08:00 ] ::1 /hzaucomm/index.php/Home/course/course
INFO: [ app_init ] --START--
INFO: Run Behavior\BuildLiteBehavior [ RunTime:0.000058s ]
INFO: [ app_init ] --END-- [ RunTime:0.001012s ]

[ 2017-06-15T15:26:48+08:00 ] ::1 /hzaucomm/index.php/Home/source/source
INFO: [ app_init ] --START--
INFO: Run Behavior\BuildLiteBehavior [ RunTime:0.000060s ]
INFO: [ app_init ] --END-- [ RunTime:0.001371s ]

[ 2017-06-15T15:26:51+08:00 ] ::1 /hzaucomm/index.php/Home/course/course
INFO: [ app_init ] --START--
INFO: Run Behavior\BuildLiteBehavior [ RunTime:0.000073s ]
INFO: [ app_init ] --END-- [ RunTime:0.001104s ]

[ 2017-06-15T15:26:54+08:00 ] ::1 /hzaucomm/index.php/Home/course/themeluanch
INFO: [ app_init ] --START--
INFO: Run Behavior\BuildLiteBehavior [ RunTime:0.000058s ]
INFO: [ app_init ] --END-- [ RunTime:0.001231s ]

[ 2017-06-15T15:26:59+08:00 ] ::1 /hzaucomm/index.php/Home/comp/comp
INFO: [ app_init ] --START--
INFO: Run Behavior\BuildLiteBehavior [ RunTime:0.000056s ]
INFO: [ app_init ] --END-- [ RunTime:0.001135s ]

[ 2017-06-15T15:27:35+08:00 ] ::1 /hzaucomm/index.php/Home/comp/comp
INFO: [ app_init ] --START--
INFO: Run Behavior\BuildLiteBehavior [ RunTime:0.000058s ]
INFO: [ app_init ] --END-- [ RunTime:0.000994s ]

[ 2017-06-15T15:27:37+08:00 ] ::1 /hzaucomm/index.php/Home/comp/comp
INFO: [ app_init ] --START--
INFO: Run Behavior\BuildLiteBehavior [ RunTime:0.000057s ]
INFO: [ app_init ] --END-- [ RunTime:0.001105s ]

[ 2017-06-15T15:27:42+08:00 ] ::1 /hzaucomm/index.php/Home/comp/comp
INFO: [ app_init ] --START--
INFO: Run Behavior\BuildLiteBehavior [ RunTime:0.000056s ]
INFO: [ app_init ] --END-- [ RunTime:0.000986s ]

[ 2017-06-15T15:28:07+08:00 ] ::1 /hzaucomm/index.php/Home/comp/comp
INFO: [ app_init ] --START--
INFO: Run Behavior\BuildLiteBehavior [ RunTime:0.000062s ]
INFO: [ app_init ] --END-- [ RunTime:0.001057s ]

[ 2017-06-15T15:28:29+08:00 ] ::1 /hzaucomm/index.php/Home/course/course?
INFO: [ app_init ] --START--
INFO: Run Behavior\BuildLiteBehavior [ RunTime:0.000059s ]
INFO: [ app_init ] --END-- [ RunTime:0.000928s ]

[ 2017-06-15T15:28:31+08:00 ] ::1 /hzaucomm/index.php/Home/source/source
INFO: [ app_init ] --START--
INFO: Run Behavior\BuildLiteBehavior [ RunTime:0.000067s ]
INFO: [ app_init ] --END-- [ RunTime:0.001017s ]

[ 2017-06-15T15:28:35+08:00 ] ::1 /hzaucomm/index.php/Home/source/pic_update
INFO: [ app_init ] --START--
INFO: Run Behavior\BuildLiteBehavior [ RunTime:0.000054s ]
INFO: [ app_init ] --END-- [ RunTime:0.000908s ]

[ 2017-06-15T15:28:39+08:00 ] ::1 /hzaucomm/index.php/Home/course/course
INFO: [ app_init ] --START--
INFO: Run Behavior\BuildLiteBehavior [ RunTime:0.000058s ]
INFO: [ app_init ] --END-- [ RunTime:0.000940s ]

[ 2017-06-15T15:28:41+08:00 ] ::1 /hzaucomm/index.php/Home/course/themeluanch
INFO: [ app_init ] --START--
INFO: Run Behavior\BuildLiteBehavior [ RunTime:0.000056s ]
INFO: [ app_init ] --END-- [ RunTime:0.000804s ]

[ 2017-06-15T15:29:05+08:00 ] ::1 /hzaucomm/index.php/Home/course/themeluanch
INFO: [ app_init ] --START--
INFO: Run Behavior\BuildLiteBehavior [ RunTime:0.000054s ]
INFO: [ app_init ] --END-- [ RunTime:0.000775s ]

[ 2017-06-15T15:29:33+08:00 ] ::1 /hzaucomm/index.php/Home/course/themeluanch
INFO: [ app_init ] --START--
INFO: Run Behavior\BuildLiteBehavior [ RunTime:0.000057s ]
INFO: [ app_init ] --END-- [ RunTime:0.001355s ]

[ 2017-06-15T15:29:59+08:00 ] ::1 /hzaucomm/index.php/Home/course/themeluanch
INFO: [ app_init ] --START--
INFO: Run Behavior\BuildLiteBehavior [ RunTime:0.000213s ]
INFO: [ app_init ] --END-- [ RunTime:0.001071s ]

[ 2017-06-15T15:30:06+08:00 ] ::1 /hzaucomm/index.php/Home/course/themeluanch
INFO: [ app_init ] --START--
INFO: Run Behavior\BuildLiteBehavior [ RunTime:0.000057s ]
INFO: [ app_init ] --END-- [ RunTime:0.000860s ]

[ 2017-06-15T15:30:21+08:00 ] ::1 /hzaucomm/index.php/Home/course/themeluanch
INFO: [ app_init ] --START--
INFO: Run Behavior\BuildLiteBehavior [ RunTime:0.000062s ]
INFO: [ app_init ] --END-- [ RunTime:0.001813s ]

[ 2017-06-15T15:30:37+08:00 ] ::1 /hzaucomm/index.php/Home/source/document
INFO: [ app_init ] --START--
INFO: Run Behavior\BuildLiteBehavior [ RunTime:0.000061s ]
INFO: [ app_init ] --END-- [ RunTime:0.001367s ]

[ 2017-06-15T15:30:39+08:00 ] ::1 /hzaucomm/index.php/Home/course/course
INFO: [ app_init ] --START--
INFO: Run Behavior\BuildLiteBehavior [ RunTime:0.000106s ]
INFO: [ app_init ] --END-- [ RunTime:0.000925s ]

[ 2017-06-15T15:30:41+08:00 ] ::1 /hzaucomm/index.php/Home/course/themeluanch
INFO: [ app_init ] --START--
INFO: Run Behavior\BuildLiteBehavior [ RunTime:0.000055s ]
INFO: [ app_init ] --END-- [ RunTime:0.000807s ]

[ 2017-06-15T15:30:44+08:00 ] ::1 /hzaucomm/index.php/Home/course/course
INFO: [ app_init ] --START--
INFO: Run Behavior\BuildLiteBehavior [ RunTime:0.000058s ]
INFO: [ app_init ] --END-- [ RunTime:0.000877s ]

[ 2017-06-15T15:30:46+08:00 ] ::1 /hzaucomm/index.php/Home/course/showitem.html
INFO: [ app_init ] --START--
INFO: Run Behavior\BuildLiteBehavior [ RunTime:0.000060s ]
INFO: [ app_init ] --END-- [ RunTime:0.000915s ]

[ 2017-06-15T15:30:49+08:00 ] ::1 /hzaucomm/index.php/Home/course/showitem.html?title=
INFO: [ app_init ] --START--
INFO: Run Behavior\BuildLiteBehavior [ RunTime:0.000058s ]
INFO: [ app_init ] --END-- [ RunTime:0.000945s ]

[ 2017-06-15T15:30:51+08:00 ] ::1 /hzaucomm/index.php/Home/comp/comp
INFO: [ app_init ] --START--
INFO: Run Behavior\BuildLiteBehavior [ RunTime:0.000056s ]
INFO: [ app_init ] --END-- [ RunTime:0.000883s ]

[ 2017-06-15T15:30:54+08:00 ] ::1 /hzaucomm/index.php/Home/comp/themeluanch
INFO: [ app_init ] --START--
INFO: Run Behavior\BuildLiteBehavior [ RunTime:0.000059s ]
INFO: [ app_init ] --END-- [ RunTime:0.000920s ]
ERR: 非法操作:themeluanch

[ 2017-06-15T15:32:11+08:00 ] ::1 /hzaucomm/index.php/Home/comp/comp
INFO: [ app_init ] --START--
INFO: Run Behavior\BuildLiteBehavior [ RunTime:0.000056s ]
INFO: [ app_init ] --END-- [ RunTime:0.000868s ]

[ 2017-06-15T15:32:13+08:00 ] ::1 /hzaucomm/index.php/Home/comp/comp
INFO: [ app_init ] --START--
INFO: Run Behavior\BuildLiteBehavior [ RunTime:0.000055s ]
INFO: [ app_init ] --END-- [ RunTime:0.000797s ]

[ 2017-06-15T15:32:17+08:00 ] ::1 /hzaucomm/index.php/Home/comp/themeluanch
INFO: [ app_init ] --START--
INFO: Run Behavior\BuildLiteBehavior [ RunTime:0.000057s ]
INFO: [ app_init ] --END-- [ RunTime:0.000834s ]

[ 2017-06-15T15:32:40+08:00 ] ::1 /hzaucomm/index.php/Home/comp/themeluanch
INFO: [ app_init ] --START--
INFO: Run Behavior\BuildLiteBehavior [ RunTime:0.000058s ]
INFO: [ app_init ] --END-- [ RunTime:0.000930s ]

[ 2017-06-15T15:39:32+08:00 ] ::1 /hzaucomm/index.php/Home/comp/themeluanch
INFO: [ app_init ] --START--
INFO: Run Behavior\BuildLiteBehavior [ RunTime:0.000066s ]
INFO: [ app_init ] --END-- [ RunTime:0.001804s ]

[ 2017-06-15T15:40:08+08:00 ] ::1 /hzaucomm/index.php/Home/comp/themeluanch
INFO: [ app_init ] --START--
INFO: Run Behavior\BuildLiteBehavior [ RunTime:0.000060s ]
INFO: [ app_init ] --END-- [ RunTime:0.001097s ]

[ 2017-06-15T15:40:39+08:00 ] ::1 /hzaucomm/index.php/Home/comp/themeluanch
INFO: [ app_init ] --START--
INFO: Run Behavior\BuildLiteBehavior [ RunTime:0.000062s ]
INFO: [ app_init ] --END-- [ RunTime:0.000988s ]

[ 2017-06-15T15:40:45+08:00 ] ::1 /hzaucomm/index.php/Home/comp/themeluanch
INFO: [ app_init ] --START--
INFO: Run Behavior\BuildLiteBehavior [ RunTime:0.000087s ]
INFO: [ app_init ] --END-- [ RunTime:0.000901s ]

[ 2017-06-15T15:40:52+08:00 ] ::1 /hzaucomm/index.php/Home/comp/themeluanch
INFO: [ app_init ] --START--
INFO: Run Behavior\BuildLiteBehavior [ RunTime:0.000060s ]
INFO: [ app_init ] --END-- [ RunTime:0.001411s ]

[ 2017-06-15T15:41:01+08:00 ] ::1 /hzaucomm/index.php/Home/comp/themeluanch
INFO: [ app_init ] --START--
INFO: Run Behavior\BuildLiteBehavior [ RunTime:0.000054s ]
INFO: [ app_init ] --END-- [ RunTime:0.000864s ]

[ 2017-06-15T15:41:11+08:00 ] ::1 /hzaucomm/index.php/Home/comp/themeluanch
INFO: [ app_init ] --START--
INFO: Run Behavior\BuildLiteBehavior [ RunTime:0.000057s ]
INFO: [ app_init ] --END-- [ RunTime:0.001032s ]

[ 2017-06-15T15:41:21+08:00 ] ::1 /hzaucomm/index.php/Home/comp/themeluanch
INFO: [ app_init ] --START--
INFO: Run Behavior\BuildLiteBehavior [ RunTime:0.000056s ]
INFO: [ app_init ] --END-- [ RunTime:0.000862s ]

[ 2017-06-15T15:41:39+08:00 ] ::1 /hzaucomm/index.php/Home/comp/themeluanch
INFO: [ app_init ] --START--
INFO: Run Behavior\BuildLiteBehavior [ RunTime:0.000057s ]
INFO: [ app_init ] --END-- [ RunTime:0.000902s ]

[ 2017-06-15T15:41:41+08:00 ] ::1 /hzaucomm/index.php/Home/comp/themeluanch
INFO: [ app_init ] --START--
INFO: Run Behavior\BuildLiteBehavior [ RunTime:0.000060s ]
INFO: [ app_init ] --END-- [ RunTime:0.001056s ]

[ 2017-06-15T15:41:57+08:00 ] ::1 /hzaucomm/index.php/Home/comp/themeluanch
INFO: [ app_init ] --START--
INFO: Run Behavior\BuildLiteBehavior [ RunTime:0.000058s ]
INFO: [ app_init ] --END-- [ RunTime:0.000958s ]

[ 2017-06-15T15:42:18+08:00 ] ::1 /hzaucomm/index.php/Home/comp/themeluanch
INFO: [ app_init ] --START--
INFO: Run Behavior\BuildLiteBehavior [ RunTime:0.000061s ]
INFO: [ app_init ] --END-- [ RunTime:0.000954s ]

[ 2017-06-15T15:42:32+08:00 ] ::1 /hzaucomm/index.php/Home/comp/themeluanch
INFO: [ app_init ] --START--
INFO: Run Behavior\BuildLiteBehavior [ RunTime:0.000060s ]
INFO: [ app_init ] --END-- [ RunTime:0.001008s ]

[ 2017-06-15T15:43:00+08:00 ] ::1 /hzaucomm/index.php/Home/comp/themeluanch
INFO: [ app_init ] --START--
INFO: Run Behavior\BuildLiteBehavior [ RunTime:0.000054s ]
INFO: [ app_init ] --END-- [ RunTime:0.000852s ]

[ 2017-06-15T15:43:07+08:00 ] ::1 /hzaucomm/index.php/Home/comp/themeluanch
INFO: [ app_init ] --START--
INFO: Run Behavior\BuildLiteBehavior [ RunTime:0.000057s ]
INFO: [ app_init ] --END-- [ RunTime:0.000921s ]

[ 2017-06-15T15:44:12+08:00 ] ::1 /hzaucomm/index.php/Home/source/picture
INFO: [ app_init ] --START--
INFO: Run Behavior\BuildLiteBehavior [ RunTime:0.000059s ]
INFO: [ app_init ] --END-- [ RunTime:0.000943s ]

[ 2017-06-15T15:44:16+08:00 ] ::1 /hzaucomm/index.php/Home/source/document.html
INFO: [ app_init ] --START--
INFO: Run Behavior\BuildLiteBehavior [ RunTime:0.000055s ]
INFO: [ app_init ] --END-- [ RunTime:0.000862s ]

[ 2017-06-15T15:44:17+08:00 ] ::1 /hzaucomm/index.php/Home/source/video.html
INFO: [ app_init ] --START--
INFO: Run Behavior\BuildLiteBehavior [ RunTime:0.000057s ]
INFO: [ app_init ] --END-- [ RunTime:0.000948s ]

[ 2017-06-15T15:44:22+08:00 ] ::1 /hzaucomm/index.php/Home/source/pic_update
INFO: [ app_init ] --START--
INFO: Run Behavior\BuildLiteBehavior [ RunTime:0.000055s ]
INFO: [ app_init ] --END-- [ RunTime:0.000879s ]

[ 2017-06-15T15:45:03+08:00 ] ::1 /hzaucomm/index.php/Home/source/pic_update
INFO: [ app_init ] --START--
INFO: Run Behavior\BuildLiteBehavior [ RunTime:0.000058s ]
INFO: [ app_init ] --END-- [ RunTime:0.001072s ]

[ 2017-06-15T15:45:06+08:00 ] ::1 /hzaucomm/index.php/Home/source/pic_update
INFO: [ app_init ] --START--
INFO: Run Behavior\BuildLiteBehavior [ RunTime:0.000056s ]
INFO: [ app_init ] --END-- [ RunTime:0.000916s ]

[ 2017-06-15T15:45:07+08:00 ] ::1 /hzaucomm/index.php/Home/source/pic_update
INFO: [ app_init ] --START--
INFO: Run Behavior\BuildLiteBehavior [ RunTime:0.000061s ]
INFO: [ app_init ] --END-- [ RunTime:0.002096s ]

[ 2017-06-15T15:45:07+08:00 ] ::1 /hzaucomm/index.php/Home/source/pic_update
INFO: [ app_init ] --START--
INFO: Run Behavior\BuildLiteBehavior [ RunTime:0.000059s ]
INFO: [ app_init ] --END-- [ RunTime:0.001027s ]

[ 2017-06-15T15:45:15+08:00 ] ::1 /hzaucomm/index.php/Home/source/pic_update
INFO: [ app_init ] --START--
INFO: Run Behavior\BuildLiteBehavior [ RunTime:0.000056s ]
INFO: [ app_init ] --END-- [ RunTime:0.001913s ]

[ 2017-06-15T15:45:35+08:00 ] ::1 /hzaucomm/index.php/Home/source/document_update.html
INFO: [ app_init ] --START--
INFO: Run Behavior\BuildLiteBehavior [ RunTime:0.000055s ]
INFO: [ app_init ] --END-- [ RunTime:0.000853s ]

[ 2017-06-15T15:45:36+08:00 ] ::1 /hzaucomm/index.php/Home/source/video_update.html
INFO: [ app_init ] --START--
INFO: Run Behavior\BuildLiteBehavior [ RunTime:0.000059s ]
INFO: [ app_init ] --END-- [ RunTime:0.000969s ]

[ 2017-06-15T15:45:38+08:00 ] ::1 /hzaucomm/index.php/Home/source/zip_update.html
INFO: [ app_init ] --START--
INFO: Run Behavior\BuildLiteBehavior [ RunTime:0.000056s ]
INFO: [ app_init ] --END-- [ RunTime:0.000911s ]

[ 2017-06-15T15:46:44+08:00 ] ::1 /hzaucomm/index.php/Home/source/zip_update.html
INFO: [ app_init ] --START--
INFO: Run Behavior\BuildLiteBehavior [ RunTime:0.000172s ]
INFO: [ app_init ] --END-- [ RunTime:0.001252s ]

[ 2017-06-15T15:46:49+08:00 ] ::1 /hzaucomm/index.php/Home/source/zip_update.html
INFO: [ app_init ] --START--
INFO: Run Behavior\BuildLiteBehavior [ RunTime:0.000057s ]
INFO: [ app_init ] --END-- [ RunTime:0.000930s ]

[ 2017-06-15T15:46:54+08:00 ] ::1 /hzaucomm/index.php/Home/source/zip_update.html
INFO: [ app_init ] --START--
INFO: Run Behavior\BuildLiteBehavior [ RunTime:0.000056s ]
INFO: [ app_init ] --END-- [ RunTime:0.000894s ]

[ 2017-06-15T15:46:55+08:00 ] ::1 /hzaucomm/index.php/Home/introduction/introduction
INFO: [ app_init ] --START--
INFO: Run Behavior\BuildLiteBehavior [ RunTime:0.000058s ]
INFO: [ app_init ] --END-- [ RunTime:0.000978s ]

[ 2017-06-15T15:46:57+08:00 ] ::1 /hzaucomm/index.php/Home/introduction/introduction
INFO: [ app_init ] --START--
INFO: Run Behavior\BuildLiteBehavior [ RunTime:0.000059s ]
INFO: [ app_init ] --END-- [ RunTime:0.001056s ]

[ 2017-06-15T15:46:59+08:00 ] ::1 /hzaucomm/index.php/Home/introduction/notice
INFO: [ app_init ] --START--
INFO: Run Behavior\BuildLiteBehavior [ RunTime:0.000056s ]
INFO: [ app_init ] --END-- [ RunTime:0.000889s ]

[ 2017-06-15T15:47:02+08:00 ] ::1 /hzaucomm/index.php/Home/comp/comp
INFO: [ app_init ] --START--
INFO: Run Behavior\BuildLiteBehavior [ RunTime:0.000058s ]
INFO: [ app_init ] --END-- [ RunTime:0.001103s ]

[ 2017-06-15T15:47:03+08:00 ] ::1 /hzaucomm/index.php/Home/source/source
INFO: [ app_init ] --START--
INFO: Run Behavior\BuildLiteBehavior [ RunTime:0.000067s ]
INFO: [ app_init ] --END-- [ RunTime:0.001585s ]

[ 2017-06-15T15:47:06+08:00 ] ::1 /hzaucomm/index.php/Home/source/video
INFO: [ app_init ] --START--
INFO: Run Behavior\BuildLiteBehavior [ RunTime:0.000056s ]
INFO: [ app_init ] --END-- [ RunTime:0.000909s ]

[ 2017-06-15T15:47:08+08:00 ] ::1 /hzaucomm/index.php/Home/source/zip
INFO: [ app_init ] --START--
INFO: Run Behavior\BuildLiteBehavior [ RunTime:0.000056s ]
INFO: [ app_init ] --END-- [ RunTime:0.000957s ]

[ 2017-06-15T15:47:28+08:00 ] ::1 /hzaucomm/index.php/Home/course/course
INFO: [ app_init ] --START--
INFO: Run Behavior\BuildLiteBehavior [ RunTime:0.000055s ]
INFO: [ app_init ] --END-- [ RunTime:0.000773s ]

[ 2017-06-15T15:48:50+08:00 ] ::1 /hzaucomm/index.php/Home/course/course
INFO: [ app_init ] --START--
INFO: Run Behavior\BuildLiteBehavior [ RunTime:0.000083s ]
INFO: [ app_init ] --END-- [ RunTime:0.001232s ]

[ 2017-06-15T15:49:24+08:00 ] ::1 /hzaucomm/index.php/Home/course/course
INFO: [ app_init ] --START--
INFO: Run Behavior\BuildLiteBehavior [ RunTime:0.000055s ]
INFO: [ app_init ] --END-- [ RunTime:0.000861s ]

[ 2017-06-15T15:49:37+08:00 ] ::1 /hzaucomm/index.php/Home/course/course
INFO: [ app_init ] --START--
INFO: Run Behavior\BuildLiteBehavior [ RunTime:0.000055s ]
INFO: [ app_init ] --END-- [ RunTime:0.000794s ]

[ 2017-06-15T15:50:49+08:00 ] ::1 /hzaucomm/index.php/Home/course/course
INFO: [ app_init ] --START--
INFO: Run Behavior\BuildLiteBehavior [ RunTime:0.000088s ]
INFO: [ app_init ] --END-- [ RunTime:0.000889s ]

[ 2017-06-15T15:50:51+08:00 ] ::1 /hzaucomm/index.php/Home/course/course
INFO: [ app_init ] --START--
INFO: Run Behavior\BuildLiteBehavior [ RunTime:0.000073s ]
INFO: [ app_init ] --END-- [ RunTime:0.001106s ]

[ 2017-06-15T15:51:20+08:00 ] ::1 /hzaucomm/index.php/Home/course/course
INFO: [ app_init ] --START--
INFO: Run Behavior\BuildLiteBehavior [ RunTime:0.000059s ]
INFO: [ app_init ] --END-- [ RunTime:0.000884s ]

[ 2017-06-15T15:51:46+08:00 ] ::1 /hzaucomm/index.php/Home/course/course
INFO: [ app_init ] --START--
INFO: Run Behavior\BuildLiteBehavior [ RunTime:0.000056s ]
INFO: [ app_init ] --END-- [ RunTime:0.000973s ]

[ 2017-06-15T15:52:18+08:00 ] ::1 /hzaucomm/index.php/Home/course/course
INFO: [ app_init ] --START--
INFO: Run Behavior\BuildLiteBehavior [ RunTime:0.000058s ]
INFO: [ app_init ] --END-- [ RunTime:0.001004s ]

[ 2017-06-15T15:52:43+08:00 ] ::1 /hzaucomm/index.php/Home/course/course
INFO: [ app_init ] --START--
INFO: Run Behavior\BuildLiteBehavior [ RunTime:0.000057s ]
INFO: [ app_init ] --END-- [ RunTime:0.001071s ]

[ 2017-06-15T15:53:40+08:00 ] ::1 /hzaucomm/index.php/Home/course/course
INFO: [ app_init ] --START--
INFO: Run Behavior\BuildLiteBehavior [ RunTime:0.000056s ]
INFO: [ app_init ] --END-- [ RunTime:0.000959s ]

[ 2017-06-15T15:54:33+08:00 ] ::1 /hzaucomm/index.php/Home/course/course
INFO: [ app_init ] --START--
INFO: Run Behavior\BuildLiteBehavior [ RunTime:0.000054s ]
INFO: [ app_init ] --END-- [ RunTime:0.000925s ]

[ 2017-06-15T15:54:36+08:00 ] ::1 /hzaucomm/index.php/Home/comp/comp
INFO: [ app_init ] --START--
INFO: Run Behavior\BuildLiteBehavior [ RunTime:0.000056s ]
INFO: [ app_init ] --END-- [ RunTime:0.000969s ]

[ 2017-06-15T15:54:51+08:00 ] ::1 /hzaucomm/index.php/Home/comp/comp
INFO: [ app_init ] --START--
INFO: Run Behavior\BuildLiteBehavior [ RunTime:0.000062s ]
INFO: [ app_init ] --END-- [ RunTime:0.001117s ]

[ 2017-06-15T15:55:04+08:00 ] ::1 /hzaucomm/index.php/Home/comp/themeluanch
INFO: [ app_init ] --START--
INFO: Run Behavior\BuildLiteBehavior [ RunTime:0.000057s ]
INFO: [ app_init ] --END-- [ RunTime:0.000950s ]

[ 2017-06-15T15:55:09+08:00 ] ::1 /hzaucomm/index.php/Home/course/course
INFO: [ app_init ] --START--
INFO: Run Behavior\BuildLiteBehavior [ RunTime:0.000054s ]
INFO: [ app_init ] --END-- [ RunTime:0.000914s ]

[ 2017-06-15T15:55:10+08:00 ] ::1 /hzaucomm/index.php/Home/source/source
INFO: [ app_init ] --START--
INFO: Run Behavior\BuildLiteBehavior [ RunTime:0.000061s ]
INFO: [ app_init ] --END-- [ RunTime:0.002097s ]

[ 2017-06-15T15:55:12+08:00 ] ::1 /hzaucomm/index.php/Home/comp/comp
INFO: [ app_init ] --START--
INFO: Run Behavior\BuildLiteBehavior [ RunTime:0.000057s ]
INFO: [ app_init ] --END-- [ RunTime:0.000972s ]

[ 2017-06-15T15:55:13+08:00 ] ::1 /hzaucomm/index.php/Home/source/pic_update
INFO: [ app_init ] --START--
INFO: Run Behavior\BuildLiteBehavior [ RunTime:0.000062s ]
INFO: [ app_init ] --END-- [ RunTime:0.000966s ]

[ 2017-06-15T15:55:14+08:00 ] ::1 /hzaucomm/index.php/Home/introduction/introduction
INFO: [ app_init ] --START--
INFO: Run Behavior\BuildLiteBehavior [ RunTime:0.000056s ]
INFO: [ app_init ] --END-- [ RunTime:0.000997s ]

[ 2017-06-15T15:57:29+08:00 ] ::1 /hzaucomm/index.php/Home/introduction/introduction
INFO: [ app_init ] --START--
INFO: Run Behavior\BuildLiteBehavior [ RunTime:0.000062s ]
INFO: [ app_init ] --END-- [ RunTime:0.001234s ]

[ 2017-06-15T15:57:32+08:00 ] ::1 /hzaucomm/index.php/Home/introduction/introduction
INFO: [ app_init ] --START--
INFO: Run Behavior\BuildLiteBehavior [ RunTime:0.000058s ]
INFO: [ app_init ] --END-- [ RunTime:0.001032s ]

[ 2017-06-15T15:58:13+08:00 ] ::1 /hzaucomm/index.php/Home/introduction/introduction
INFO: [ app_init ] --START--
INFO: Run Behavior\BuildLiteBehavior [ RunTime:0.000055s ]
INFO: [ app_init ] --END-- [ RunTime:0.000967s ]

[ 2017-06-15T15:58:14+08:00 ] ::1 /hzaucomm/index.php/Home/introduction/introduction
INFO: [ app_init ] --START--
INFO: Run Behavior\BuildLiteBehavior [ RunTime:0.000057s ]
INFO: [ app_init ] --END-- [ RunTime:0.000962s ]

[ 2017-06-15T15:58:18+08:00 ] ::1 /hzaucomm/index.php/Home/introduction/introduction
INFO: [ app_init ] --START--
INFO: Run Behavior\BuildLiteBehavior [ RunTime:0.000054s ]
INFO: [ app_init ] --END-- [ RunTime:0.000910s ]

[ 2017-06-15T15:58:20+08:00 ] ::1 /hzaucomm/index.php/Home/introduction/introduction
INFO: [ app_init ] --START--
INFO: Run Behavior\BuildLiteBehavior [ RunTime:0.000151s ]
INFO: [ app_init ] --END-- [ RunTime:0.001084s ]

[ 2017-06-15T15:58:37+08:00 ] ::1 /hzaucomm/index.php/Home/introduction/notice
INFO: [ app_init ] --START--
INFO: Run Behavior\BuildLiteBehavior [ RunTime:0.000055s ]
INFO: [ app_init ] --END-- [ RunTime:0.000956s ]

[ 2017-06-15T15:58:40+08:00 ] ::1 /hzaucomm/index.php/Home/introduction/introduction
INFO: [ app_init ] --START--
INFO: Run Behavior\BuildLiteBehavior [ RunTime:0.000058s ]
INFO: [ app_init ] --END-- [ RunTime:0.001275s ]

[ 2017-06-15T15:58:53+08:00 ] ::1 /hzaucomm/index.php/Home/introduction/introduction
INFO: [ app_init ] --START--
INFO: Run Behavior\BuildLiteBehavior [ RunTime:0.000058s ]
INFO: [ app_init ] --END-- [ RunTime:0.001105s ]

[ 2017-06-15T15:58:54+08:00 ] ::1 /hzaucomm/index.php/Home/introduction/introduction
INFO: [ app_init ] --START--
INFO: Run Behavior\BuildLiteBehavior [ RunTime:0.000055s ]
INFO: [ app_init ] --END-- [ RunTime:0.000936s ]

[ 2017-06-15T16:01:30+08:00 ] ::1 /hzaucomm/index.php/Home/source/picture
INFO: [ app_init ] --START--
INFO: Run Behavior\BuildLiteBehavior [ RunTime:0.000070s ]
INFO: [ app_init ] --END-- [ RunTime:0.001077s ]

[ 2017-06-15T16:01:45+08:00 ] ::1 /hzaucomm/index.php/Home/source/picture
INFO: [ app_init ] --START--
INFO: Run Behavior\BuildLiteBehavior [ RunTime:0.000055s ]
INFO: [ app_init ] --END-- [ RunTime:0.000925s ]

[ 2017-06-15T16:02:57+08:00 ] ::1 /hzaucomm/index.php/Home/source/picture
INFO: [ app_init ] --START--
INFO: Run Behavior\BuildLiteBehavior [ RunTime:0.000056s ]
INFO: [ app_init ] --END-- [ RunTime:0.001252s ]

[ 2017-06-15T16:10:45+08:00 ] ::1 /hzaucomm/index.php/Home/introduction/introduction
INFO: [ app_init ] --START--
INFO: Run Behavior\BuildLiteBehavior [ RunTime:0.000057s ]
INFO: [ app_init ] --END-- [ RunTime:0.042343s ]

[ 2017-06-15T16:10:48+08:00 ] ::1 /hzaucomm/index.php/Home/introduction/introduction
INFO: [ app_init ] --START--
INFO: Run Behavior\BuildLiteBehavior [ RunTime:0.000061s ]
INFO: [ app_init ] --END-- [ RunTime:0.013428s ]

[ 2017-06-15T16:12:56+08:00 ] ::1 /hzaucomm/index.php/Home/introduction/introduction
INFO: [ app_init ] --START--
INFO: Run Behavior\BuildLiteBehavior [ RunTime:0.000059s ]
INFO: [ app_init ] --END-- [ RunTime:0.001809s ]

[ 2017-06-15T16:13:48+08:00 ] ::1 /hzaucomm/index.php/Home/introduction/connect
INFO: [ app_init ] --START--
INFO: Run Behavior\BuildLiteBehavior [ RunTime:0.000057s ]
INFO: [ app_init ] --END-- [ RunTime:0.000791s ]

[ 2017-06-15T16:14:20+08:00 ] ::1 /hzaucomm/index.php/Home/introduction/connect
INFO: [ app_init ] --START--
INFO: Run Behavior\BuildLiteBehavior [ RunTime:0.000058s ]
INFO: [ app_init ] --END-- [ RunTime:0.000820s ]

[ 2017-06-15T16:14:52+08:00 ] ::1 /hzaucomm/index.php/Home/introduction/introduction
INFO: [ app_init ] --START--
INFO: Run Behavior\BuildLiteBehavior [ RunTime:0.000053s ]
INFO: [ app_init ] --END-- [ RunTime:0.000923s ]

[ 2017-06-15T16:15:25+08:00 ] ::1 /hzaucomm/index.php/Home/course/course?
INFO: [ app_init ] --START--
INFO: Run Behavior\BuildLiteBehavior [ RunTime:0.000062s ]
INFO: [ app_init ] --END-- [ RunTime:0.002912s ]

[ 2017-06-15T16:15:27+08:00 ] ::1 /hzaucomm/index.php/Home/course/themeluanch
INFO: [ app_init ] --START--
INFO: Run Behavior\BuildLiteBehavior [ RunTime:0.000062s ]
INFO: [ app_init ] --END-- [ RunTime:0.001226s ]

[ 2017-06-15T16:16:38+08:00 ] ::1 /hzaucomm/index.php/Home/course/themeluanch
INFO: [ app_init ] --START--
INFO: Run Behavior\BuildLiteBehavior [ RunTime:0.000057s ]
INFO: [ app_init ] --END-- [ RunTime:0.001100s ]

[ 2017-06-15T16:16:42+08:00 ] ::1 /hzaucomm/index.php/Home/introduction/introduction
INFO: [ app_init ] --START--
INFO: Run Behavior\BuildLiteBehavior [ RunTime:0.000056s ]
INFO: [ app_init ] --END-- [ RunTime:0.000947s ]

[ 2017-06-15T16:16:43+08:00 ] ::1 /hzaucomm/index.php/Home/introduction/connect
INFO: [ app_init ] --START--
INFO: Run Behavior\BuildLiteBehavior [ RunTime:0.000056s ]
INFO: [ app_init ] --END-- [ RunTime:0.000870s ]

[ 2017-06-15T16:17:57+08:00 ] ::1 /hzaucomm/index.php/Home/course/course
INFO: [ app_init ] --START--
INFO: Run Behavior\BuildLiteBehavior [ RunTime:0.000059s ]
INFO: [ app_init ] --END-- [ RunTime:0.001288s ]

[ 2017-06-15T16:17:58+08:00 ] ::1 /hzaucomm/index.php/Home/course/themeluanch
INFO: [ app_init ] --START--
INFO: Run Behavior\BuildLiteBehavior [ RunTime:0.000056s ]
INFO: [ app_init ] --END-- [ RunTime:0.000788s ]

[ 2017-06-15T16:24:30+08:00 ] ::1 /hzaucomm/index.php/Home/course/themeluanch
INFO: [ app_init ] --START--
INFO: Run Behavior\BuildLiteBehavior [ RunTime:0.000064s ]
INFO: [ app_init ] --END-- [ RunTime:0.014643s ]

[ 2017-06-15T16:25:39+08:00 ] ::1 /hzaucomm/index.php/Home/source/picture
INFO: [ app_init ] --START--
INFO: Run Behavior\BuildLiteBehavior [ RunTime:0.000059s ]
INFO: [ app_init ] --END-- [ RunTime:0.001255s ]

[ 2017-06-15T16:28:50+08:00 ] ::1 /hzaucomm/index.php/Home/source/picture
INFO: [ app_init ] --START--
INFO: Run Behavior\BuildLiteBehavior [ RunTime:0.000085s ]
INFO: [ app_init ] --END-- [ RunTime:0.000990s ]

[ 2017-06-15T16:29:40+08:00 ] ::1 /hzaucomm/index.php/Home/source/picture
INFO: [ app_init ] --START--
INFO: Run Behavior\BuildLiteBehavior [ RunTime:0.000066s ]
INFO: [ app_init ] --END-- [ RunTime:0.000785s ]

[ 2017-06-15T16:29:54+08:00 ] ::1 /hzaucomm/index.php/Home/source/picture
INFO: [ app_init ] --START--
INFO: Run Behavior\BuildLiteBehavior [ RunTime:0.000062s ]
INFO: [ app_init ] --END-- [ RunTime:0.001332s ]

[ 2017-06-15T16:31:52+08:00 ] ::1 /hzaucomm/index.php/Home/course/course
INFO: [ app_init ] --START--
INFO: Run Behavior\BuildLiteBehavior [ RunTime:0.000059s ]
INFO: [ app_init ] --END-- [ RunTime:0.001021s ]

[ 2017-06-15T16:33:34+08:00 ] ::1 /hzaucomm/index.php/Home/course/course
INFO: [ app_init ] --START--
INFO: Run Behavior\BuildLiteBehavior [ RunTime:0.000094s ]
INFO: [ app_init ] --END-- [ RunTime:0.000955s ]

[ 2017-06-15T16:33:40+08:00 ] ::1 /hzaucomm/index.php/Home/source/source
INFO: [ app_init ] --START--
INFO: Run Behavior\BuildLiteBehavior [ RunTime:0.000064s ]
INFO: [ app_init ] --END-- [ RunTime:0.000993s ]

[ 2017-06-15T16:33:45+08:00 ] ::1 /hzaucomm/index.php/Home/source/picture.html
INFO: [ app_init ] --START--
INFO: Run Behavior\BuildLiteBehavior [ RunTime:0.000063s ]
INFO: [ app_init ] --END-- [ RunTime:0.001420s ]

[ 2017-06-15T16:34:35+08:00 ] ::1 /hzaucomm/index.php/Home/source/picture.html
INFO: [ app_init ] --START--
INFO: Run Behavior\BuildLiteBehavior [ RunTime:0.000054s ]
INFO: [ app_init ] --END-- [ RunTime:0.000846s ]

[ 2017-06-15T16:34:50+08:00 ] ::1 /hzaucomm/index.php/Home/source/picture.html
INFO: [ app_init ] --START--
INFO: Run Behavior\BuildLiteBehavior [ RunTime:0.000055s ]
INFO: [ app_init ] --END-- [ RunTime:0.001376s ]

[ 2017-06-15T16:36:04+08:00 ] ::1 /hzaucomm/index.php/Home/source/picture.html
INFO: [ app_init ] --START--
INFO: Run Behavior\BuildLiteBehavior [ RunTime:0.000056s ]
INFO: [ app_init ] --END-- [ RunTime:0.000844s ]

[ 2017-06-15T16:36:07+08:00 ] ::1 /hzaucomm/index.php/Home/source/picture.html
INFO: [ app_init ] --START--
INFO: Run Behavior\BuildLiteBehavior [ RunTime:0.000056s ]
INFO: [ app_init ] --END-- [ RunTime:0.000837s ]

[ 2017-06-15T16:36:15+08:00 ] ::1 /hzaucomm/index.php/Home/source/picture.html
INFO: [ app_init ] --START--
INFO: Run Behavior\BuildLiteBehavior [ RunTime:0.000062s ]
INFO: [ app_init ] --END-- [ RunTime:0.001582s ]

[ 2017-06-15T16:36:20+08:00 ] ::1 /hzaucomm/index.php/Home/source/picture.html
INFO: [ app_init ] --START--
INFO: Run Behavior\BuildLiteBehavior [ RunTime:0.000056s ]
INFO: [ app_init ] --END-- [ RunTime:0.000882s ]

[ 2017-06-15T16:36:32+08:00 ] ::1 /hzaucomm/index.php/Home/source/picture.html
INFO: [ app_init ] --START--
INFO: Run Behavior\BuildLiteBehavior [ RunTime:0.000057s ]
INFO: [ app_init ] --END-- [ RunTime:0.000918s ]

[ 2017-06-15T16:37:19+08:00 ] ::1 /hzaucomm/index.php/Home/course/course
INFO: [ app_init ] --START--
INFO: Run Behavior\BuildLiteBehavior [ RunTime:0.000060s ]
INFO: [ app_init ] --END-- [ RunTime:0.001364s ]

[ 2017-06-15T16:38:00+08:00 ] ::1 /hzaucomm/index.php/Home/source/picture
INFO: [ app_init ] --START--
INFO: Run Behavior\BuildLiteBehavior [ RunTime:0.000065s ]
INFO: [ app_init ] --END-- [ RunTime:0.000870s ]

[ 2017-06-15T16:38:50+08:00 ] ::1 /hzaucomm/index.php/Home/source/pictureshow
INFO: [ app_init ] --START--
INFO: Run Behavior\BuildLiteBehavior [ RunTime:0.000060s ]
INFO: [ app_init ] --END-- [ RunTime:0.001030s ]

[ 2017-06-15T16:39:29+08:00 ] ::1 /hzaucomm/index.php/Home/source/pictureshow
INFO: [ app_init ] --START--
INFO: Run Behavior\BuildLiteBehavior [ RunTime:0.000058s ]
INFO: [ app_init ] --END-- [ RunTime:0.001164s ]

[ 2017-06-15T16:40:01+08:00 ] ::1 /hzaucomm/index.php/Home/source/pictureshow
INFO: [ app_init ] --START--
INFO: Run Behavior\BuildLiteBehavior [ RunTime:0.000055s ]
INFO: [ app_init ] --END-- [ RunTime:0.000875s ]

[ 2017-06-15T16:40:04+08:00 ] ::1 /hzaucomm/index.php/Home/source/pictureshow
INFO: [ app_init ] --START--
INFO: Run Behavior\BuildLiteBehavior [ RunTime:0.000057s ]
INFO: [ app_init ] --END-- [ RunTime:0.000882s ]

[ 2017-06-15T16:40:56+08:00 ] ::1 /hzaucomm/index.php/Home/source/pictureshow
INFO: [ app_init ] --START--
INFO: Run Behavior\BuildLiteBehavior [ RunTime:0.000061s ]
INFO: [ app_init ] --END-- [ RunTime:0.001102s ]

[ 2017-06-15T16:41:49+08:00 ] ::1 /hzaucomm/index.php/Home/source/pictureshow
INFO: [ app_init ] --START--
INFO: Run Behavior\BuildLiteBehavior [ RunTime:0.000055s ]
INFO: [ app_init ] --END-- [ RunTime:0.000997s ]

[ 2017-06-15T16:42:43+08:00 ] ::1 /hzaucomm/index.php/Home/source/pictureshow
INFO: [ app_init ] --START--
INFO: Run Behavior\BuildLiteBehavior [ RunTime:0.000055s ]
INFO: [ app_init ] --END-- [ RunTime:0.001030s ]

[ 2017-06-15T16:45:08+08:00 ] ::1 /hzaucomm/index.php/Home/source/pictureshow
INFO: [ app_init ] --START--
INFO: Run Behavior\BuildLiteBehavior [ RunTime:0.000144s ]
INFO: [ app_init ] --END-- [ RunTime:0.001281s ]

[ 2017-06-15T16:46:12+08:00 ] ::1 /hzaucomm/index.php/Home/source/source
INFO: [ app_init ] --START--
INFO: Run Behavior\BuildLiteBehavior [ RunTime:0.000058s ]
INFO: [ app_init ] --END-- [ RunTime:0.001075s ]

[ 2017-06-15T16:46:16+08:00 ] ::1 /hzaucomm/index.php/Home/source/picture.html
INFO: [ app_init ] --START--
INFO: Run Behavior\BuildLiteBehavior [ RunTime:0.000060s ]
INFO: [ app_init ] --END-- [ RunTime:0.001363s ]

[ 2017-06-15T16:46:18+08:00 ] ::1 /hzaucomm/index.php/Home/source/picture.html
INFO: [ app_init ] --START--
INFO: Run Behavior\BuildLiteBehavior [ RunTime:0.000059s ]
INFO: [ app_init ] --END-- [ RunTime:0.001085s ]

[ 2017-06-15T16:46:22+08:00 ] ::1 /hzaucomm/index.php/Home/source/pic_update
INFO: [ app_init ] --START--
INFO: Run Behavior\BuildLiteBehavior [ RunTime:0.000058s ]
INFO: [ app_init ] --END-- [ RunTime:0.000997s ]

[ 2017-06-15T16:46:25+08:00 ] ::1 /hzaucomm/index.php/Home/source/pic_update.html
INFO: [ app_init ] --START--
INFO: Run Behavior\BuildLiteBehavior [ RunTime:0.000059s ]
INFO: [ app_init ] --END-- [ RunTime:0.001104s ]

[ 2017-06-15T16:46:55+08:00 ] ::1 /hzaucomm/index.php/Home/source/pic_update.html
INFO: [ app_init ] --START--
INFO: Run Behavior\BuildLiteBehavior [ RunTime:0.000055s ]
INFO: [ app_init ] --END-- [ RunTime:0.000929s ]

[ 2017-06-15T16:47:02+08:00 ] ::1 /hzaucomm/index.php/Home/source/picture
INFO: [ app_init ] --START--
INFO: Run Behavior\BuildLiteBehavior [ RunTime:0.000058s ]
INFO: [ app_init ] --END-- [ RunTime:0.000946s ]

[ 2017-06-15T16:47:06+08:00 ] ::1 /hzaucomm/index.php/Home/source/pictureshow
INFO: [ app_init ] --START--
INFO: Run Behavior\BuildLiteBehavior [ RunTime:0.000057s ]
INFO: [ app_init ] --END-- [ RunTime:0.001042s ]

[ 2017-06-15T16:47:35+08:00 ] ::1 /hzaucomm/index.php/Home/source/pictureshow
INFO: [ app_init ] --START--
INFO: Run Behavior\BuildLiteBehavior [ RunTime:0.000057s ]
INFO: [ app_init ] --END-- [ RunTime:0.000962s ]

[ 2017-06-15T16:47:39+08:00 ] ::1 /hzaucomm/index.php/Home/source/pictureshow
INFO: [ app_init ] --START--
INFO: Run Behavior\BuildLiteBehavior [ RunTime:0.000054s ]
INFO: [ app_init ] --END-- [ RunTime:0.000919s ]

[ 2017-06-15T16:50:36+08:00 ] ::1 /hzaucomm/index.php/Home/source/pictureshow
INFO: [ app_init ] --START--
INFO: Run Behavior\BuildLiteBehavior [ RunTime:0.000059s ]
INFO: [ app_init ] --END-- [ RunTime:0.001472s ]

[ 2017-06-15T16:50:51+08:00 ] ::1 /hzaucomm/index.php/Home/source/pictureshow
INFO: [ app_init ] --START--
INFO: Run Behavior\BuildLiteBehavior [ RunTime:0.000060s ]
INFO: [ app_init ] --END-- [ RunTime:0.000978s ]

[ 2017-06-15T16:50:57+08:00 ] ::1 /hzaucomm/index.php/Home/source/pictureshow
INFO: [ app_init ] --START--
INFO: Run Behavior\BuildLiteBehavior [ RunTime:0.000092s ]
INFO: [ app_init ] --END-- [ RunTime:0.001134s ]

[ 2017-06-15T16:51:13+08:00 ] ::1 /hzaucomm/index.php/Home/source/pictureshow
INFO: [ app_init ] --START--
INFO: Run Behavior\BuildLiteBehavior [ RunTime:0.000059s ]
INFO: [ app_init ] --END-- [ RunTime:0.001340s ]

[ 2017-06-15T16:51:49+08:00 ] ::1 /hzaucomm/index.php/Home/source/pictureshow
INFO: [ app_init ] --START--
INFO: Run Behavior\BuildLiteBehavior [ RunTime:0.000057s ]
INFO: [ app_init ] --END-- [ RunTime:0.001478s ]

[ 2017-06-15T16:52:15+08:00 ] ::1 /hzaucomm/index.php/Home/source/pictureshow
INFO: [ app_init ] --START--
INFO: Run Behavior\BuildLiteBehavior [ RunTime:0.000060s ]
INFO: [ app_init ] --END-- [ RunTime:0.001000s ]

[ 2017-06-15T16:52:57+08:00 ] ::1 /hzaucomm/index.php/Home/source/pictureshow
INFO: [ app_init ] --START--
INFO: Run Behavior\BuildLiteBehavior [ RunTime:0.000057s ]
INFO: [ app_init ] --END-- [ RunTime:0.001043s ]

[ 2017-06-15T16:53:37+08:00 ] ::1 /hzaucomm/index.php/Home/source/pictureshow
INFO: [ app_init ] --START--
INFO: Run Behavior\BuildLiteBehavior [ RunTime:0.000059s ]
INFO: [ app_init ] --END-- [ RunTime:0.001568s ]

[ 2017-06-15T16:53:46+08:00 ] ::1 /hzaucomm/index.php/Home/source/pictureshow
INFO: [ app_init ] --START--
INFO: Run Behavior\BuildLiteBehavior [ RunTime:0.000062s ]
INFO: [ app_init ] --END-- [ RunTime:0.002358s ]

[ 2017-06-15T16:53:52+08:00 ] ::1 /hzaucomm/index.php/Home/source/picture.html
INFO: [ app_init ] --START--
INFO: Run Behavior\BuildLiteBehavior [ RunTime:0.000125s ]
INFO: [ app_init ] --END-- [ RunTime:0.001453s ]

[ 2017-06-15T16:54:19+08:00 ] ::1 /hzaucomm/index.php/Home/source/picture.html
INFO: [ app_init ] --START--
INFO: Run Behavior\BuildLiteBehavior [ RunTime:0.000056s ]
INFO: [ app_init ] --END-- [ RunTime:0.001022s ]

[ 2017-06-15T16:54:35+08:00 ] ::1 /hzaucomm/index.php/Home/source/picture.html
INFO: [ app_init ] --START--
INFO: Run Behavior\BuildLiteBehavior [ RunTime:0.000058s ]
INFO: [ app_init ] --END-- [ RunTime:0.001153s ]

[ 2017-06-15T16:54:50+08:00 ] ::1 /hzaucomm/index.php/Home/source/picture.html
INFO: [ app_init ] --START--
INFO: Run Behavior\BuildLiteBehavior [ RunTime:0.000054s ]
INFO: [ app_init ] --END-- [ RunTime:0.000950s ]

[ 2017-06-15T16:54:53+08:00 ] ::1 /hzaucomm/index.php/Home/source/picture.html
INFO: [ app_init ] --START--
INFO: Run Behavior\BuildLiteBehavior [ RunTime:0.000058s ]
INFO: [ app_init ] --END-- [ RunTime:0.001162s ]

[ 2017-06-15T16:55:09+08:00 ] ::1 /hzaucomm/index.php/Home/source/picture.html
INFO: [ app_init ] --START--
INFO: Run Behavior\BuildLiteBehavior [ RunTime:0.000059s ]
INFO: [ app_init ] --END-- [ RunTime:0.000991s ]

[ 2017-06-15T16:56:05+08:00 ] ::1 /hzaucomm/index.php/Home/source/picture.html
INFO: [ app_init ] --START--
INFO: Run Behavior\BuildLiteBehavior [ RunTime:0.000059s ]
INFO: [ app_init ] --END-- [ RunTime:0.001077s ]

[ 2017-06-15T16:56:22+08:00 ] ::1 /hzaucomm/index.php/Home/source/picture.html
INFO: [ app_init ] --START--
INFO: Run Behavior\BuildLiteBehavior [ RunTime:0.000055s ]
INFO: [ app_init ] --END-- [ RunTime:0.000938s ]

[ 2017-06-15T16:56:33+08:00 ] ::1 /hzaucomm/index.php/Home/source/picture.html
INFO: [ app_init ] --START--
INFO: Run Behavior\BuildLiteBehavior [ RunTime:0.000056s ]
INFO: [ app_init ] --END-- [ RunTime:0.000939s ]

[ 2017-06-15T16:56:46+08:00 ] ::1 /hzaucomm/index.php/Home/source/picture.html
INFO: [ app_init ] --START--
INFO: Run Behavior\BuildLiteBehavior [ RunTime:0.000056s ]
INFO: [ app_init ] --END-- [ RunTime:0.000940s ]

[ 2017-06-15T16:56:53+08:00 ] ::1 /hzaucomm/index.php/Home/source/picture.html
INFO: [ app_init ] --START--
INFO: Run Behavior\BuildLiteBehavior [ RunTime:0.000056s ]
INFO: [ app_init ] --END-- [ RunTime:0.001005s ]

[ 2017-06-15T16:57:02+08:00 ] ::1 /hzaucomm/index.php/Home/source/picture.html
INFO: [ app_init ] --START--
INFO: Run Behavior\BuildLiteBehavior [ RunTime:0.000057s ]
INFO: [ app_init ] --END-- [ RunTime:0.000959s ]

[ 2017-06-15T16:57:07+08:00 ] ::1 /hzaucomm/index.php/Home/source/pictureshow
INFO: [ app_init ] --START--
INFO: Run Behavior\BuildLiteBehavior [ RunTime:0.000057s ]
INFO: [ app_init ] --END-- [ RunTime:0.000932s ]

[ 2017-06-15T16:58:15+08:00 ] ::1 /hzaucomm/index.php/Home/source/pictureshow
INFO: [ app_init ] --START--
INFO: Run Behavior\BuildLiteBehavior [ RunTime:0.000064s ]
INFO: [ app_init ] --END-- [ RunTime:0.001122s ]

[ 2017-06-15T16:58:38+08:00 ] ::1 /hzaucomm/index.php/Home/source/pictureshow
INFO: [ app_init ] --START--
INFO: Run Behavior\BuildLiteBehavior [ RunTime:0.000057s ]
INFO: [ app_init ] --END-- [ RunTime:0.000962s ]

[ 2017-06-15T16:58:41+08:00 ] ::1 /hzaucomm/index.php/Home/source/pictureshow
INFO: [ app_init ] --START--
INFO: Run Behavior\BuildLiteBehavior [ RunTime:0.000063s ]
INFO: [ app_init ] --END-- [ RunTime:0.001000s ]

[ 2017-06-15T16:58:53+08:00 ] ::1 /hzaucomm/index.php/Home/source/pictureshow
INFO: [ app_init ] --START--
INFO: Run Behavior\BuildLiteBehavior [ RunTime:0.000058s ]
INFO: [ app_init ] --END-- [ RunTime:0.001038s ]

[ 2017-06-15T16:59:12+08:00 ] ::1 /hzaucomm/index.php/Home/source/pictureshow
INFO: [ app_init ] --START--
INFO: Run Behavior\BuildLiteBehavior [ RunTime:0.000059s ]
INFO: [ app_init ] --END-- [ RunTime:0.001063s ]

[ 2017-06-15T17:00:01+08:00 ] ::1 /hzaucomm/index.php/Home/source/pictureshow
INFO: [ app_init ] --START--
INFO: Run Behavior\BuildLiteBehavior [ RunTime:0.000057s ]
INFO: [ app_init ] --END-- [ RunTime:0.001187s ]

[ 2017-06-15T17:00:11+08:00 ] ::1 /hzaucomm/index.php/Home/source/pictureshow
INFO: [ app_init ] --START--
INFO: Run Behavior\BuildLiteBehavior [ RunTime:0.000059s ]
INFO: [ app_init ] --END-- [ RunTime:0.001209s ]

[ 2017-06-15T17:00:14+08:00 ] ::1 /hzaucomm/index.php/Home/index/main
INFO: [ app_init ] --START--
INFO: Run Behavior\BuildLiteBehavior [ RunTime:0.000062s ]
INFO: [ app_init ] --END-- [ RunTime:0.001115s ]

[ 2017-06-15T17:00:24+08:00 ] ::1 /hzaucomm/index.php/Home/index/main
INFO: [ app_init ] --START--
INFO: Run Behavior\BuildLiteBehavior [ RunTime:0.000059s ]
INFO: [ app_init ] --END-- [ RunTime:0.001313s ]

[ 2017-06-15T17:00:35+08:00 ] ::1 /hzaucomm/index.php/Home/introduction/introduction
INFO: [ app_init ] --START--
INFO: Run Behavior\BuildLiteBehavior [ RunTime:0.000061s ]
INFO: [ app_init ] --END-- [ RunTime:0.001268s ]

[ 2017-06-15T17:00:37+08:00 ] ::1 /hzaucomm/index.php/Home/introduction/introduction
INFO: [ app_init ] --START--
INFO: Run Behavior\BuildLiteBehavior [ RunTime:0.000059s ]
INFO: [ app_init ] --END-- [ RunTime:0.001059s ]

[ 2017-06-15T17:00:38+08:00 ] ::1 /hzaucomm/index.php/Home/introduction/notice
INFO: [ app_init ] --START--
INFO: Run Behavior\BuildLiteBehavior [ RunTime:0.000057s ]
INFO: [ app_init ] --END-- [ RunTime:0.000866s ]

[ 2017-06-15T17:00:39+08:00 ] ::1 /hzaucomm/index.php/Home/introduction/connect
INFO: [ app_init ] --START--
INFO: Run Behavior\BuildLiteBehavior [ RunTime:0.000087s ]
INFO: [ app_init ] --END-- [ RunTime:0.001031s ]

[ 2017-06-15T17:00:42+08:00 ] ::1 /hzaucomm/index.php/Home/course/course?
INFO: [ app_init ] --START--
INFO: Run Behavior\BuildLiteBehavior [ RunTime:0.000058s ]
INFO: [ app_init ] --END-- [ RunTime:0.000919s ]

[ 2017-06-15T17:00:45+08:00 ] ::1 /hzaucomm/index.php/Home/course/course?
INFO: [ app_init ] --START--
INFO: Run Behavior\BuildLiteBehavior [ RunTime:0.000058s ]
INFO: [ app_init ] --END-- [ RunTime:0.000927s ]

[ 2017-06-15T17:00:49+08:00 ] ::1 /hzaucomm/index.php/Home/source/source
INFO: [ app_init ] --START--
INFO: Run Behavior\BuildLiteBehavior [ RunTime:0.000055s ]
INFO: [ app_init ] --END-- [ RunTime:0.000855s ]

[ 2017-06-15T17:00:51+08:00 ] ::1 /hzaucomm/index.php/Home/source/video.html
INFO: [ app_init ] --START--
INFO: Run Behavior\BuildLiteBehavior [ RunTime:0.000057s ]
INFO: [ app_init ] --END-- [ RunTime:0.000914s ]

[ 2017-06-15T17:00:54+08:00 ] ::1 /hzaucomm/index.php/Home/source/zip.html
INFO: [ app_init ] --START--
INFO: Run Behavior\BuildLiteBehavior [ RunTime:0.000058s ]
INFO: [ app_init ] --END-- [ RunTime:0.000962s ]

[ 2017-06-15T17:00:59+08:00 ] ::1 /hzaucomm/index.php/Home/source/pic_update
INFO: [ app_init ] --START--
INFO: Run Behavior\BuildLiteBehavior [ RunTime:0.000087s ]
INFO: [ app_init ] --END-- [ RunTime:0.001363s ]

[ 2017-06-15T17:01:03+08:00 ] ::1 /hzaucomm/index.php/Home/source/source
INFO: [ app_init ] --START--
INFO: Run Behavior\BuildLiteBehavior [ RunTime:0.000057s ]
INFO: [ app_init ] --END-- [ RunTime:0.000957s ]

[ 2017-06-15T17:01:05+08:00 ] ::1 /hzaucomm/index.php/Home/source/picture.html
INFO: [ app_init ] --START--
INFO: Run Behavior\BuildLiteBehavior [ RunTime:0.000055s ]
INFO: [ app_init ] --END-- [ RunTime:0.000869s ]

[ 2017-06-15T17:02:58+08:00 ] ::1 /hzaucomm/index.php/Home/index/main
INFO: [ app_init ] --START--
INFO: Run Behavior\BuildLiteBehavior [ RunTime:0.000057s ]
INFO: [ app_init ] --END-- [ RunTime:0.000992s ]

[ 2017-06-15T17:03:02+08:00 ] ::1 /hzaucomm/index.php/Home/introduction/introduction
INFO: [ app_init ] --START--
INFO: Run Behavior\BuildLiteBehavior [ RunTime:0.000064s ]
INFO: [ app_init ] --END-- [ RunTime:0.001078s ]

[ 2017-06-15T17:25:09+08:00 ] ::1 /hzaucomm/index.php/Home/introduction/introduction
INFO: [ app_init ] --START--
INFO: Run Behavior\BuildLiteBehavior [ RunTime:0.000061s ]
INFO: [ app_init ] --END-- [ RunTime:0.002958s ]

[ 2017-06-15T17:25:12+08:00 ] ::1 /hzaucomm/index.php/Home/index/main
INFO: [ app_init ] --START--
INFO: Run Behavior\BuildLiteBehavior [ RunTime:0.000061s ]
INFO: [ app_init ] --END-- [ RunTime:0.000948s ]

[ 2017-06-15T17:25:33+08:00 ] ::1 /hzaucomm/index.php/Home/index/main
INFO: [ app_init ] --START--
INFO: Run Behavior\BuildLiteBehavior [ RunTime:0.000060s ]
INFO: [ app_init ] --END-- [ RunTime:0.001437s ]

[ 2017-06-15T19:46:00+08:00 ] ::1 /hzaucomm/index.php/Home/index/main
INFO: [ app_init ] --START--
INFO: Run Behavior\BuildLiteBehavior [ RunTime:0.000057s ]
INFO: [ app_init ] --END-- [ RunTime:0.001047s ]

[ 2017-06-15T19:46:11+08:00 ] ::1 /hzaucomm/index.php/Home/user/index
INFO: [ app_init ] --START--
INFO: Run Behavior\BuildLiteBehavior [ RunTime:0.000054s ]
INFO: [ app_init ] --END-- [ RunTime:0.000975s ]
ERR: 模板不存在:./Application/Home/View/User/index.html

[ 2017-06-15T19:47:08+08:00 ] ::1 /hzaucomm/index.php/Home/user/index
INFO: [ app_init ] --START--
INFO: Run Behavior\BuildLiteBehavior [ RunTime:0.000055s ]
INFO: [ app_init ] --END-- [ RunTime:0.000905s ]

[ 2017-06-15T19:49:06+08:00 ] ::1 /hzaucomm/index.php/Home/user/index
INFO: [ app_init ] --START--
INFO: Run Behavior\BuildLiteBehavior [ RunTime:0.000057s ]
INFO: [ app_init ] --END-- [ RunTime:0.001064s ]

[ 2017-06-15T19:49:36+08:00 ] ::1 /hzaucomm/index.php/Home/user/index
INFO: [ app_init ] --START--
INFO: Run Behavior\BuildLiteBehavior [ RunTime:0.000056s ]
INFO: [ app_init ] --END-- [ RunTime:0.000941s ]

[ 2017-06-15T19:50:30+08:00 ] ::1 /hzaucomm/index.php/Home/user
INFO: [ app_init ] --START--
INFO: Run Behavior\BuildLiteBehavior [ RunTime:0.000055s ]
INFO: [ app_init ] --END-- [ RunTime:0.000913s ]
ERR: 非法操作:main

[ 2017-06-15T19:50:44+08:00 ] ::1 /hzaucomm/index.php/Home/user
INFO: [ app_init ] --START--
INFO: Run Behavior\BuildLiteBehavior [ RunTime:0.000056s ]
INFO: [ app_init ] --END-- [ RunTime:0.000951s ]
ERR: 非法操作:main

[ 2017-06-15T19:50:49+08:00 ] ::1 /hzaucomm/index.php/Home/user/index
INFO: [ app_init ] --START--
INFO: Run Behavior\BuildLiteBehavior [ RunTime:0.000227s ]
INFO: [ app_init ] --END-- [ RunTime:0.001504s ]

[ 2017-06-15T19:52:12+08:00 ] ::1 /hzaucomm/index.php/Home/user/index
INFO: [ app_init ] --START--
INFO: Run Behavior\BuildLiteBehavior [ RunTime:0.000056s ]
INFO: [ app_init ] --END-- [ RunTime:0.001095s ]

[ 2017-06-15T19:52:18+08:00 ] ::1 /hzaucomm/index.php/Home/User/applicationg
INFO: [ app_init ] --START--
INFO: Run Behavior\BuildLiteBehavior [ RunTime:0.000056s ]
INFO: [ app_init ] --END-- [ RunTime:0.000962s ]
ERR: 非法操作:applicationg

[ 2017-06-15T19:52:35+08:00 ] ::1 /hzaucomm/index.php/Home/user/index
INFO: [ app_init ] --START--
INFO: Run Behavior\BuildLiteBehavior [ RunTime:0.000058s ]
INFO: [ app_init ] --END-- [ RunTime:0.001016s ]

[ 2017-06-15T19:53:16+08:00 ] ::1 /hzaucomm/index.php/Home/User/applicationg
INFO: [ app_init ] --START--
INFO: Run Behavior\BuildLiteBehavior [ RunTime:0.000057s ]
INFO: [ app_init ] --END-- [ RunTime:0.000974s ]
ERR: 非法操作:applicationg

[ 2017-06-15T19:53:30+08:00 ] ::1 /hzaucomm/index.php/Home/User/applicationg
INFO: [ app_init ] --START--
INFO: Run Behavior\BuildLiteBehavior [ RunTime:0.000056s ]
INFO: [ app_init ] --END-- [ RunTime:0.000952s ]
ERR: 非法操作:applicationg

[ 2017-06-15T19:53:34+08:00 ] ::1 /hzaucomm/index.php/Home/User/applicationg
INFO: [ app_init ] --START--
INFO: Run Behavior\BuildLiteBehavior [ RunTime:0.000059s ]
INFO: [ app_init ] --END-- [ RunTime:0.001171s ]
ERR: 非法操作:applicationg

[ 2017-06-15T19:53:56+08:00 ] ::1 /hzaucomm/index.php/Home/user/index
INFO: [ app_init ] --START--
INFO: Run Behavior\BuildLiteBehavior [ RunTime:0.000058s ]
INFO: [ app_init ] --END-- [ RunTime:0.001068s ]

[ 2017-06-15T19:53:58+08:00 ] ::1 /hzaucomm/index.php/Home/User/application
INFO: [ app_init ] --START--
INFO: Run Behavior\BuildLiteBehavior [ RunTime:0.000057s ]
INFO: [ app_init ] --END-- [ RunTime:0.000949s ]

[ 2017-06-15T19:54:00+08:00 ] ::1 /hzaucomm/index.php/Home/User/index
INFO: [ app_init ] --START--
INFO: Run Behavior\BuildLiteBehavior [ RunTime:0.000057s ]
INFO: [ app_init ] --END-- [ RunTime:0.000984s ]

[ 2017-06-15T19:54:01+08:00 ] ::1 /hzaucomm/index.php/Home/User/message
INFO: [ app_init ] --START--
INFO: Run Behavior\BuildLiteBehavior [ RunTime:0.000060s ]
INFO: [ app_init ] --END-- [ RunTime:0.001044s ]

[ 2017-06-15T19:54:02+08:00 ] ::1 /hzaucomm/index.php/Home/User/histoyr
INFO: [ app_init ] --START--
INFO: Run Behavior\BuildLiteBehavior [ RunTime:0.000056s ]
INFO: [ app_init ] --END-- [ RunTime:0.001026s ]
ERR: 非法操作:histoyr

[ 2017-06-15T19:54:29+08:00 ] ::1 /hzaucomm/index.php/Home/User/histoyr
INFO: [ app_init ] --START--
INFO: Run Behavior\BuildLiteBehavior [ RunTime:0.000055s ]
INFO: [ app_init ] --END-- [ RunTime:0.000925s ]
ERR: 非法操作:histoyr

[ 2017-06-15T19:54:37+08:00 ] ::1 /hzaucomm/index.php/Home/User/hietory
INFO: [ app_init ] --START--
INFO: Run Behavior\BuildLiteBehavior [ RunTime:0.000056s ]
INFO: [ app_init ] --END-- [ RunTime:0.000923s ]
ERR: 非法操作:hietory

[ 2017-06-15T19:54:42+08:00 ] ::1 /hzaucomm/index.php/Home/User/history
INFO: [ app_init ] --START--
INFO: Run Behavior\BuildLiteBehavior [ RunTime:0.000056s ]
INFO: [ app_init ] --END-- [ RunTime:0.000957s ]

[ 2017-06-15T19:54:45+08:00 ] ::1 /hzaucomm/index.php/Home/User/application
INFO: [ app_init ] --START--
INFO: Run Behavior\BuildLiteBehavior [ RunTime:0.000057s ]
INFO: [ app_init ] --END-- [ RunTime:0.000986s ]

[ 2017-06-15T19:54:46+08:00 ] ::1 /hzaucomm/index.php/Home/User/message
INFO: [ app_init ] --START--
INFO: Run Behavior\BuildLiteBehavior [ RunTime:0.000058s ]
INFO: [ app_init ] --END-- [ RunTime:0.001062s ]

[ 2017-06-15T19:54:47+08:00 ] ::1 /hzaucomm/index.php/Home/User/history
INFO: [ app_init ] --START--
INFO: Run Behavior\BuildLiteBehavior [ RunTime:0.000058s ]
INFO: [ app_init ] --END-- [ RunTime:0.001144s ]

