[ 2017-02-16T18:40:31+08:00 ] ::1 /hzaueqt/
INFO: [ app_init ] --START--
INFO: Run Behavior\BuildLiteBehavior [ RunTime:0.000031s ]
INFO: [ app_init ] --END-- [ RunTime:0.033400s ]
INFO: [ app_begin ] --START--
INFO: Run Behavior\ReadHtmlCacheBehavior [ RunTime:0.014057s ]
INFO: [ app_begin ] --END-- [ RunTime:0.014240s ]
NOTIC: [2] Missing argument 1 for Think\Controller::show(), called in D:\wamp64\www\hzaueqt\Application\Home\Controller\IndexController.class.php on line 6 and defined D:\wamp64\www\hzaueqt\ThinkPHP\Library\Think\Controller.class.php 第 68 行.
NOTIC: [8] Undefined variable: content D:\wamp64\www\hzaueqt\ThinkPHP\Library\Think\Controller.class.php 第 69 行.
INFO: [ view_parse ] --START--
INFO: [ template_filter ] --START--
INFO: Run Behavior\ContentReplaceBehavior [ RunTime:0.003679s ]
INFO: [ template_filter ] --END-- [ RunTime:0.003962s ]
INFO: Run Behavior\ParseTemplateBehavior [ RunTime:0.338363s ]
INFO: [ view_parse ] --END-- [ RunTime:0.338537s ]
INFO: [ view_filter ] --START--
INFO: Run Behavior\WriteHtmlCacheBehavior [ RunTime:0.011077s ]
INFO: [ view_filter ] --END-- [ RunTime:0.011225s ]
INFO: [ app_end ] --START--
INFO: Run Behavior\ShowPageTraceBehavior [ RunTime:0.020894s ]
INFO: [ app_end ] --END-- [ RunTime:0.021265s ]

