[ 2017-02-25T00:03:09+08:00 ] ::1 /hzaueqt/index.php/home/Communication/comp.html
INFO: [ app_init ] --START--
INFO: Run Behavior\BuildLiteBehavior [ RunTime:0.000026s ]
INFO: [ app_init ] --END-- [ RunTime:0.010030s ]

[ 2017-02-25T00:03:23+08:00 ] ::1 /hzaueqt/index.php/home/Communication/main.html
INFO: [ app_init ] --START--
INFO: Run Behavior\BuildLiteBehavior [ RunTime:0.000021s ]
INFO: [ app_init ] --END-- [ RunTime:0.000414s ]

[ 2017-02-25T00:07:10+08:00 ] ::1 /hzaueqt/index.php/home/Communication/comp.html
INFO: [ app_init ] --START--
INFO: Run Behavior\BuildLiteBehavior [ RunTime:0.000023s ]
INFO: [ app_init ] --END-- [ RunTime:0.000477s ]

[ 2017-02-25T00:08:42+08:00 ] ::1 /hzaueqt/index.php/home/Communication/comp.html
INFO: [ app_init ] --START--
INFO: Run Behavior\BuildLiteBehavior [ RunTime:0.000025s ]
INFO: [ app_init ] --END-- [ RunTime:0.000558s ]

[ 2017-02-25T00:09:16+08:00 ] ::1 /hzaueqt/index.php/home/Communication/comp.html
INFO: [ app_init ] --START--
INFO: Run Behavior\BuildLiteBehavior [ RunTime:0.000020s ]
INFO: [ app_init ] --END-- [ RunTime:0.000356s ]

[ 2017-02-25T00:09:27+08:00 ] ::1 /hzaueqt/index.php/home/Communication/comp.html
INFO: [ app_init ] --START--
INFO: Run Behavior\BuildLiteBehavior [ RunTime:0.000026s ]
INFO: [ app_init ] --END-- [ RunTime:0.000596s ]

[ 2017-02-25T00:09:43+08:00 ] ::1 /hzaueqt/index.php/home/Communication/comp.html
INFO: [ app_init ] --START--
INFO: Run Behavior\BuildLiteBehavior [ RunTime:0.000024s ]
INFO: [ app_init ] --END-- [ RunTime:0.000440s ]

[ 2017-02-25T00:09:49+08:00 ] ::1 /hzaueqt/index.php/home/Communication/comp.html
INFO: [ app_init ] --START--
INFO: Run Behavior\BuildLiteBehavior [ RunTime:0.000022s ]
INFO: [ app_init ] --END-- [ RunTime:0.000394s ]

[ 2017-02-25T00:10:06+08:00 ] ::1 /hzaueqt/index.php/home/Communication/comp.html
INFO: [ app_init ] --START--
INFO: Run Behavior\BuildLiteBehavior [ RunTime:0.000022s ]
INFO: [ app_init ] --END-- [ RunTime:0.000386s ]

[ 2017-02-25T00:11:51+08:00 ] ::1 /hzaueqt/index.php/home/Communication/comp.html
INFO: [ app_init ] --START--
INFO: Run Behavior\BuildLiteBehavior [ RunTime:0.000023s ]
INFO: [ app_init ] --END-- [ RunTime:0.000449s ]

[ 2017-02-25T00:11:52+08:00 ] ::1 /hzaueqt/index.php/home/Communication/comp.html
INFO: [ app_init ] --START--
INFO: Run Behavior\BuildLiteBehavior [ RunTime:0.000033s ]
INFO: [ app_init ] --END-- [ RunTime:0.000368s ]

[ 2017-02-25T00:12:02+08:00 ] ::1 /hzaueqt/index.php/home/Communication/comp.html
INFO: [ app_init ] --START--
INFO: Run Behavior\BuildLiteBehavior [ RunTime:0.000025s ]
INFO: [ app_init ] --END-- [ RunTime:0.000573s ]

[ 2017-02-25T00:12:18+08:00 ] ::1 /hzaueqt/index.php/home/Communication/comp.html
INFO: [ app_init ] --START--
INFO: Run Behavior\BuildLiteBehavior [ RunTime:0.000021s ]
INFO: [ app_init ] --END-- [ RunTime:0.000412s ]

[ 2017-02-25T00:13:19+08:00 ] ::1 /hzaueqt/index.php/home/Communication/comp.html
INFO: [ app_init ] --START--
INFO: Run Behavior\BuildLiteBehavior [ RunTime:0.000021s ]
INFO: [ app_init ] --END-- [ RunTime:0.000360s ]

[ 2017-02-25T00:13:32+08:00 ] ::1 /hzaueqt/index.php/home/Communication/comp.html
INFO: [ app_init ] --START--
INFO: Run Behavior\BuildLiteBehavior [ RunTime:0.000023s ]
INFO: [ app_init ] --END-- [ RunTime:0.000386s ]

[ 2017-02-25T00:13:51+08:00 ] ::1 /hzaueqt/index.php/home/Communication/comp.html
INFO: [ app_init ] --START--
INFO: Run Behavior\BuildLiteBehavior [ RunTime:0.000023s ]
INFO: [ app_init ] --END-- [ RunTime:0.000627s ]

[ 2017-02-25T00:14:17+08:00 ] ::1 /hzaueqt/index.php/home/Communication/comp.html
INFO: [ app_init ] --START--
INFO: Run Behavior\BuildLiteBehavior [ RunTime:0.000028s ]
INFO: [ app_init ] --END-- [ RunTime:0.000537s ]

[ 2017-02-25T00:14:18+08:00 ] ::1 /hzaueqt/index.php/home/Communication/comp.html
INFO: [ app_init ] --START--
INFO: Run Behavior\BuildLiteBehavior [ RunTime:0.000024s ]
INFO: [ app_init ] --END-- [ RunTime:0.000421s ]

[ 2017-02-25T00:14:18+08:00 ] ::1 /hzaueqt/index.php/home/Communication/comp.html
INFO: [ app_init ] --START--
INFO: Run Behavior\BuildLiteBehavior [ RunTime:0.000021s ]
INFO: [ app_init ] --END-- [ RunTime:0.000431s ]

[ 2017-02-25T00:14:47+08:00 ] ::1 /hzaueqt/index.php/home/Communication/comp.html
INFO: [ app_init ] --START--
INFO: Run Behavior\BuildLiteBehavior [ RunTime:0.000022s ]
INFO: [ app_init ] --END-- [ RunTime:0.000549s ]

[ 2017-02-25T00:14:48+08:00 ] ::1 /hzaueqt/index.php/home/Communication/comp.html
INFO: [ app_init ] --START--
INFO: Run Behavior\BuildLiteBehavior [ RunTime:0.000022s ]
INFO: [ app_init ] --END-- [ RunTime:0.000376s ]

[ 2017-02-25T00:14:58+08:00 ] ::1 /hzaueqt/index.php/home/Communication/comp.html
INFO: [ app_init ] --START--
INFO: Run Behavior\BuildLiteBehavior [ RunTime:0.000022s ]
INFO: [ app_init ] --END-- [ RunTime:0.000453s ]

[ 2017-02-25T00:14:58+08:00 ] ::1 /hzaueqt/index.php/home/Communication/comp.html
INFO: [ app_init ] --START--
INFO: Run Behavior\BuildLiteBehavior [ RunTime:0.000022s ]
INFO: [ app_init ] --END-- [ RunTime:0.000396s ]

[ 2017-02-25T00:15:13+08:00 ] ::1 /hzaueqt/index.php/home/Communication/comp.html
INFO: [ app_init ] --START--
INFO: Run Behavior\BuildLiteBehavior [ RunTime:0.000020s ]
INFO: [ app_init ] --END-- [ RunTime:0.000403s ]

[ 2017-02-25T00:15:14+08:00 ] ::1 /hzaueqt/index.php/home/Communication/comp.html
INFO: [ app_init ] --START--
INFO: Run Behavior\BuildLiteBehavior [ RunTime:0.000030s ]
INFO: [ app_init ] --END-- [ RunTime:0.000468s ]

[ 2017-02-25T00:15:14+08:00 ] ::1 /hzaueqt/index.php/home/Communication/comp.html
INFO: [ app_init ] --START--
INFO: Run Behavior\BuildLiteBehavior [ RunTime:0.000023s ]
INFO: [ app_init ] --END-- [ RunTime:0.000409s ]

[ 2017-02-25T00:15:32+08:00 ] ::1 /hzaueqt/index.php/home/Communication/comp.html
INFO: [ app_init ] --START--
INFO: Run Behavior\BuildLiteBehavior [ RunTime:0.000024s ]
INFO: [ app_init ] --END-- [ RunTime:0.000383s ]

[ 2017-02-25T00:15:40+08:00 ] ::1 /hzaueqt/index.php/home/Communication/comp.html
INFO: [ app_init ] --START--
INFO: Run Behavior\BuildLiteBehavior [ RunTime:0.000022s ]
INFO: [ app_init ] --END-- [ RunTime:0.000389s ]

[ 2017-02-25T00:15:53+08:00 ] ::1 /hzaueqt/index.php/home/Communication/comp.html
INFO: [ app_init ] --START--
INFO: Run Behavior\BuildLiteBehavior [ RunTime:0.000024s ]
INFO: [ app_init ] --END-- [ RunTime:0.000394s ]

[ 2017-02-25T00:16:02+08:00 ] ::1 /hzaueqt/index.php/home/Communication/comp.html
INFO: [ app_init ] --START--
INFO: Run Behavior\BuildLiteBehavior [ RunTime:0.000021s ]
INFO: [ app_init ] --END-- [ RunTime:0.000374s ]

[ 2017-02-25T00:17:52+08:00 ] ::1 /hzaueqt/index.php/home/Communication/comp.html
INFO: [ app_init ] --START--
INFO: Run Behavior\BuildLiteBehavior [ RunTime:0.000022s ]
INFO: [ app_init ] --END-- [ RunTime:0.000444s ]

[ 2017-02-25T00:19:37+08:00 ] ::1 /hzaueqt/index.php/home/Communication/comp.html
INFO: [ app_init ] --START--
INFO: Run Behavior\BuildLiteBehavior [ RunTime:0.000021s ]
INFO: [ app_init ] --END-- [ RunTime:0.000402s ]

[ 2017-02-25T00:19:37+08:00 ] ::1 /hzaueqt/index.php/home/Communication/comp.html
INFO: [ app_init ] --START--
INFO: Run Behavior\BuildLiteBehavior [ RunTime:0.000023s ]
INFO: [ app_init ] --END-- [ RunTime:0.000390s ]

[ 2017-02-25T00:19:37+08:00 ] ::1 /hzaueqt/index.php/home/Communication/comp.html
INFO: [ app_init ] --START--
INFO: Run Behavior\BuildLiteBehavior [ RunTime:0.000021s ]
INFO: [ app_init ] --END-- [ RunTime:0.000386s ]

[ 2017-02-25T00:19:56+08:00 ] ::1 /hzaueqt/index.php/home/Communication/comp.html
INFO: [ app_init ] --START--
INFO: Run Behavior\BuildLiteBehavior [ RunTime:0.000025s ]
INFO: [ app_init ] --END-- [ RunTime:0.000491s ]

[ 2017-02-25T00:20:10+08:00 ] ::1 /hzaueqt/index.php/home/Communication/comp.html
INFO: [ app_init ] --START--
INFO: Run Behavior\BuildLiteBehavior [ RunTime:0.000022s ]
INFO: [ app_init ] --END-- [ RunTime:0.000412s ]

[ 2017-02-25T00:20:19+08:00 ] ::1 /hzaueqt/index.php/home/Communication/comp.html
INFO: [ app_init ] --START--
INFO: Run Behavior\BuildLiteBehavior [ RunTime:0.000021s ]
INFO: [ app_init ] --END-- [ RunTime:0.000455s ]

[ 2017-02-25T00:20:37+08:00 ] ::1 /hzaueqt/index.php/home/Communication/comp.html
INFO: [ app_init ] --START--
INFO: Run Behavior\BuildLiteBehavior [ RunTime:0.000021s ]
INFO: [ app_init ] --END-- [ RunTime:0.000373s ]

[ 2017-02-25T00:20:58+08:00 ] ::1 /hzaueqt/index.php/home/Communication/comp.html
INFO: [ app_init ] --START--
INFO: Run Behavior\BuildLiteBehavior [ RunTime:0.000022s ]
INFO: [ app_init ] --END-- [ RunTime:0.000437s ]

[ 2017-02-25T00:21:07+08:00 ] ::1 /hzaueqt/index.php/home/Communication/comp.html
INFO: [ app_init ] --START--
INFO: Run Behavior\BuildLiteBehavior [ RunTime:0.000022s ]
INFO: [ app_init ] --END-- [ RunTime:0.000380s ]

[ 2017-02-25T00:21:59+08:00 ] ::1 /hzaueqt/index.php/home/Communication/comp.html
INFO: [ app_init ] --START--
INFO: Run Behavior\BuildLiteBehavior [ RunTime:0.000023s ]
INFO: [ app_init ] --END-- [ RunTime:0.000461s ]

[ 2017-02-25T00:22:20+08:00 ] ::1 /hzaueqt/index.php/home/Communication/comp.html
INFO: [ app_init ] --START--
INFO: Run Behavior\BuildLiteBehavior [ RunTime:0.000021s ]
INFO: [ app_init ] --END-- [ RunTime:0.000435s ]

[ 2017-02-25T00:22:46+08:00 ] ::1 /hzaueqt/index.php/home/Communication/comp.html
INFO: [ app_init ] --START--
INFO: Run Behavior\BuildLiteBehavior [ RunTime:0.000021s ]
INFO: [ app_init ] --END-- [ RunTime:0.000365s ]

[ 2017-02-25T00:22:55+08:00 ] ::1 /hzaueqt/index.php/home/Communication/comp.html
INFO: [ app_init ] --START--
INFO: Run Behavior\BuildLiteBehavior [ RunTime:0.000024s ]
INFO: [ app_init ] --END-- [ RunTime:0.000482s ]

[ 2017-02-25T00:24:19+08:00 ] ::1 /hzaueqt/index.php/home/Communication/comp.html
INFO: [ app_init ] --START--
INFO: Run Behavior\BuildLiteBehavior [ RunTime:0.000022s ]
INFO: [ app_init ] --END-- [ RunTime:0.000442s ]

[ 2017-02-25T00:24:20+08:00 ] ::1 /hzaueqt/index.php/home/Communication/comp.html
INFO: [ app_init ] --START--
INFO: Run Behavior\BuildLiteBehavior [ RunTime:0.000024s ]
INFO: [ app_init ] --END-- [ RunTime:0.000412s ]

[ 2017-02-25T00:24:31+08:00 ] ::1 /hzaueqt/index.php/home/Communication/comp.html
INFO: [ app_init ] --START--
INFO: Run Behavior\BuildLiteBehavior [ RunTime:0.000022s ]
INFO: [ app_init ] --END-- [ RunTime:0.000402s ]

[ 2017-02-25T00:24:31+08:00 ] ::1 /hzaueqt/index.php/home/Communication/comp.html
INFO: [ app_init ] --START--
INFO: Run Behavior\BuildLiteBehavior [ RunTime:0.000025s ]
INFO: [ app_init ] --END-- [ RunTime:0.000541s ]

[ 2017-02-25T00:24:32+08:00 ] ::1 /hzaueqt/index.php/home/Communication/comp.html
INFO: [ app_init ] --START--
INFO: Run Behavior\BuildLiteBehavior [ RunTime:0.000026s ]
INFO: [ app_init ] --END-- [ RunTime:0.000533s ]

[ 2017-02-25T00:24:51+08:00 ] ::1 /hzaueqt/index.php/home/Communication/comp.html
INFO: [ app_init ] --START--
INFO: Run Behavior\BuildLiteBehavior [ RunTime:0.000023s ]
INFO: [ app_init ] --END-- [ RunTime:0.000465s ]

[ 2017-02-25T00:25:08+08:00 ] ::1 /hzaueqt/index.php/home/Communication/comp.html
INFO: [ app_init ] --START--
INFO: Run Behavior\BuildLiteBehavior [ RunTime:0.000022s ]
INFO: [ app_init ] --END-- [ RunTime:0.000439s ]

[ 2017-02-25T00:25:22+08:00 ] ::1 /hzaueqt/index.php/home/Communication/comp.html
INFO: [ app_init ] --START--
INFO: Run Behavior\BuildLiteBehavior [ RunTime:0.000025s ]
INFO: [ app_init ] --END-- [ RunTime:0.000402s ]

[ 2017-02-25T00:25:23+08:00 ] ::1 /hzaueqt/index.php/home/Communication/comp.html
INFO: [ app_init ] --START--
INFO: Run Behavior\BuildLiteBehavior [ RunTime:0.000021s ]
INFO: [ app_init ] --END-- [ RunTime:0.000381s ]

[ 2017-02-25T00:25:42+08:00 ] ::1 /hzaueqt/index.php/home/Communication/comp.html
INFO: [ app_init ] --START--
INFO: Run Behavior\BuildLiteBehavior [ RunTime:0.000026s ]
INFO: [ app_init ] --END-- [ RunTime:0.000440s ]

[ 2017-02-25T00:25:47+08:00 ] ::1 /hzaueqt/index.php/home/Communication/comp.html
INFO: [ app_init ] --START--
INFO: Run Behavior\BuildLiteBehavior [ RunTime:0.000021s ]
INFO: [ app_init ] --END-- [ RunTime:0.000399s ]

[ 2017-02-25T00:25:50+08:00 ] ::1 /hzaueqt/index.php/home/Communication/comp.html
INFO: [ app_init ] --START--
INFO: Run Behavior\BuildLiteBehavior [ RunTime:0.000022s ]
INFO: [ app_init ] --END-- [ RunTime:0.000388s ]

[ 2017-02-25T00:26:02+08:00 ] ::1 /hzaueqt/index.php/home/Communication/comp.html
INFO: [ app_init ] --START--
INFO: Run Behavior\BuildLiteBehavior [ RunTime:0.000024s ]
INFO: [ app_init ] --END-- [ RunTime:0.000387s ]

[ 2017-02-25T00:26:16+08:00 ] ::1 /hzaueqt/index.php/home/Communication/comp.html
INFO: [ app_init ] --START--
INFO: Run Behavior\BuildLiteBehavior [ RunTime:0.000024s ]
INFO: [ app_init ] --END-- [ RunTime:0.000420s ]

[ 2017-02-25T00:26:17+08:00 ] ::1 /hzaueqt/index.php/home/Communication/comp.html
INFO: [ app_init ] --START--
INFO: Run Behavior\BuildLiteBehavior [ RunTime:0.000038s ]
INFO: [ app_init ] --END-- [ RunTime:0.006008s ]

[ 2017-02-25T00:26:17+08:00 ] ::1 /hzaueqt/index.php/home/Communication/comp.html
INFO: [ app_init ] --START--
INFO: Run Behavior\BuildLiteBehavior [ RunTime:0.000024s ]
INFO: [ app_init ] --END-- [ RunTime:0.000516s ]

[ 2017-02-25T00:26:23+08:00 ] ::1 /hzaueqt/index.php/home/Communication/comp.html
INFO: [ app_init ] --START--
INFO: Run Behavior\BuildLiteBehavior [ RunTime:0.000022s ]
INFO: [ app_init ] --END-- [ RunTime:0.000379s ]

[ 2017-02-25T00:27:07+08:00 ] ::1 /hzaueqt/index.php/home/Communication/comp.html
INFO: [ app_init ] --START--
INFO: Run Behavior\BuildLiteBehavior [ RunTime:0.000023s ]
INFO: [ app_init ] --END-- [ RunTime:0.000483s ]

[ 2017-02-25T00:27:37+08:00 ] ::1 /hzaueqt/index.php/home/Communication/comp.html
INFO: [ app_init ] --START--
INFO: Run Behavior\BuildLiteBehavior [ RunTime:0.000023s ]
INFO: [ app_init ] --END-- [ RunTime:0.000379s ]

[ 2017-02-25T00:27:38+08:00 ] ::1 /hzaueqt/index.php/home/Communication/comp.html
INFO: [ app_init ] --START--
INFO: Run Behavior\BuildLiteBehavior [ RunTime:0.000021s ]
INFO: [ app_init ] --END-- [ RunTime:0.000401s ]

[ 2017-02-25T00:27:41+08:00 ] ::1 /hzaueqt/index.php/home/Communication/comp.html
INFO: [ app_init ] --START--
INFO: Run Behavior\BuildLiteBehavior [ RunTime:0.000023s ]
INFO: [ app_init ] --END-- [ RunTime:0.000388s ]

[ 2017-02-25T00:27:42+08:00 ] ::1 /hzaueqt/index.php/home/Communication/comp.html
INFO: [ app_init ] --START--
INFO: Run Behavior\BuildLiteBehavior [ RunTime:0.000021s ]
INFO: [ app_init ] --END-- [ RunTime:0.000355s ]

[ 2017-02-25T00:27:42+08:00 ] ::1 /hzaueqt/index.php/home/Communication/comp.html
INFO: [ app_init ] --START--
INFO: Run Behavior\BuildLiteBehavior [ RunTime:0.000022s ]
INFO: [ app_init ] --END-- [ RunTime:0.000401s ]

[ 2017-02-25T00:31:26+08:00 ] ::1 /hzaueqt/index.php/home/Communication/comp.html
INFO: [ app_init ] --START--
INFO: Run Behavior\BuildLiteBehavior [ RunTime:0.000024s ]
INFO: [ app_init ] --END-- [ RunTime:0.000509s ]

[ 2017-02-25T00:33:06+08:00 ] ::1 /hzaueqt/index.php/home/Communication/comp.html
INFO: [ app_init ] --START--
INFO: Run Behavior\BuildLiteBehavior [ RunTime:0.000022s ]
INFO: [ app_init ] --END-- [ RunTime:0.000377s ]

[ 2017-02-25T00:33:23+08:00 ] ::1 /hzaueqt/index.php/home/Communication/comp.html
INFO: [ app_init ] --START--
INFO: Run Behavior\BuildLiteBehavior [ RunTime:0.000029s ]
INFO: [ app_init ] --END-- [ RunTime:0.000676s ]

[ 2017-02-25T00:33:41+08:00 ] ::1 /hzaueqt/index.php/home/Communication/comp.html
INFO: [ app_init ] --START--
INFO: Run Behavior\BuildLiteBehavior [ RunTime:0.000079s ]
INFO: [ app_init ] --END-- [ RunTime:0.000518s ]

[ 2017-02-25T00:34:51+08:00 ] ::1 /hzaueqt/index.php/home/Communication/comp.html
INFO: [ app_init ] --START--
INFO: Run Behavior\BuildLiteBehavior [ RunTime:0.000022s ]
INFO: [ app_init ] --END-- [ RunTime:0.000387s ]

[ 2017-02-25T00:34:52+08:00 ] ::1 /hzaueqt/index.php/home/Communication/comp.html
INFO: [ app_init ] --START--
INFO: Run Behavior\BuildLiteBehavior [ RunTime:0.000023s ]
INFO: [ app_init ] --END-- [ RunTime:0.000379s ]

[ 2017-02-25T00:35:22+08:00 ] ::1 /hzaueqt/index.php/home/Communication/comp.html
INFO: [ app_init ] --START--
INFO: Run Behavior\BuildLiteBehavior [ RunTime:0.000022s ]
INFO: [ app_init ] --END-- [ RunTime:0.000453s ]

[ 2017-02-25T00:35:23+08:00 ] ::1 /hzaueqt/index.php/home/Communication/comp.html
INFO: [ app_init ] --START--
INFO: Run Behavior\BuildLiteBehavior [ RunTime:0.000024s ]
INFO: [ app_init ] --END-- [ RunTime:0.000405s ]

[ 2017-02-25T00:35:24+08:00 ] ::1 /hzaueqt/index.php/home/Communication/comp.html
INFO: [ app_init ] --START--
INFO: Run Behavior\BuildLiteBehavior [ RunTime:0.000026s ]
INFO: [ app_init ] --END-- [ RunTime:0.000465s ]

[ 2017-02-25T00:37:38+08:00 ] ::1 /hzaueqt/index.php/home/Communication/comp.html
INFO: [ app_init ] --START--
INFO: Run Behavior\BuildLiteBehavior [ RunTime:0.000024s ]
INFO: [ app_init ] --END-- [ RunTime:0.000461s ]

[ 2017-02-25T00:37:50+08:00 ] ::1 /hzaueqt/index.php/home/Communication/comp.html
INFO: [ app_init ] --START--
INFO: Run Behavior\BuildLiteBehavior [ RunTime:0.000025s ]
INFO: [ app_init ] --END-- [ RunTime:0.000492s ]

[ 2017-02-25T00:38:43+08:00 ] ::1 /hzaueqt/index.php/home/Communication/comp.html
INFO: [ app_init ] --START--
INFO: Run Behavior\BuildLiteBehavior [ RunTime:0.000025s ]
INFO: [ app_init ] --END-- [ RunTime:0.000396s ]

[ 2017-02-25T00:38:44+08:00 ] ::1 /hzaueqt/index.php/home/Communication/comp.html
INFO: [ app_init ] --START--
INFO: Run Behavior\BuildLiteBehavior [ RunTime:0.000024s ]
INFO: [ app_init ] --END-- [ RunTime:0.000399s ]

[ 2017-02-25T00:38:44+08:00 ] ::1 /hzaueqt/index.php/home/Communication/comp.html
INFO: [ app_init ] --START--
INFO: Run Behavior\BuildLiteBehavior [ RunTime:0.000023s ]
INFO: [ app_init ] --END-- [ RunTime:0.000384s ]

[ 2017-02-25T00:38:44+08:00 ] ::1 /hzaueqt/index.php/home/Communication/comp.html
INFO: [ app_init ] --START--
INFO: Run Behavior\BuildLiteBehavior [ RunTime:0.000021s ]
INFO: [ app_init ] --END-- [ RunTime:0.000374s ]

[ 2017-02-25T00:38:53+08:00 ] ::1 /hzaueqt/index.php/home/Communication/comp.html
INFO: [ app_init ] --START--
INFO: Run Behavior\BuildLiteBehavior [ RunTime:0.000022s ]
INFO: [ app_init ] --END-- [ RunTime:0.000443s ]

[ 2017-02-25T00:38:54+08:00 ] ::1 /hzaueqt/index.php/home/Communication/comp.html
INFO: [ app_init ] --START--
INFO: Run Behavior\BuildLiteBehavior [ RunTime:0.000022s ]
INFO: [ app_init ] --END-- [ RunTime:0.000382s ]

[ 2017-02-25T00:38:54+08:00 ] ::1 /hzaueqt/index.php/home/Communication/comp.html
INFO: [ app_init ] --START--
INFO: Run Behavior\BuildLiteBehavior [ RunTime:0.000021s ]
INFO: [ app_init ] --END-- [ RunTime:0.000381s ]

[ 2017-02-25T00:40:17+08:00 ] ::1 /hzaueqt/index.php/home/Communication/comp.html
INFO: [ app_init ] --START--
INFO: Run Behavior\BuildLiteBehavior [ RunTime:0.000023s ]
INFO: [ app_init ] --END-- [ RunTime:0.000482s ]

[ 2017-02-25T00:42:29+08:00 ] ::1 /hzaueqt/index.php/home/Communication/comp.html
INFO: [ app_init ] --START--
INFO: Run Behavior\BuildLiteBehavior [ RunTime:0.000023s ]
INFO: [ app_init ] --END-- [ RunTime:0.000484s ]

[ 2017-02-25T00:42:38+08:00 ] ::1 /hzaueqt/index.php/home/Communication/comp.html
INFO: [ app_init ] --START--
INFO: Run Behavior\BuildLiteBehavior [ RunTime:0.000024s ]
INFO: [ app_init ] --END-- [ RunTime:0.000407s ]

[ 2017-02-25T00:42:39+08:00 ] ::1 /hzaueqt/index.php/home/Communication/comp.html
INFO: [ app_init ] --START--
INFO: Run Behavior\BuildLiteBehavior [ RunTime:0.000023s ]
INFO: [ app_init ] --END-- [ RunTime:0.000414s ]

[ 2017-02-25T00:42:39+08:00 ] ::1 /hzaueqt/index.php/home/Communication/comp.html
INFO: [ app_init ] --START--
INFO: Run Behavior\BuildLiteBehavior [ RunTime:0.000025s ]
INFO: [ app_init ] --END-- [ RunTime:0.000433s ]

[ 2017-02-25T00:42:53+08:00 ] ::1 /hzaueqt/index.php/home/Communication/comp.html
INFO: [ app_init ] --START--
INFO: Run Behavior\BuildLiteBehavior [ RunTime:0.000036s ]
INFO: [ app_init ] --END-- [ RunTime:0.000567s ]

[ 2017-02-25T00:42:53+08:00 ] ::1 /hzaueqt/index.php/home/Communication/comp.html
INFO: [ app_init ] --START--
INFO: Run Behavior\BuildLiteBehavior [ RunTime:0.000032s ]
INFO: [ app_init ] --END-- [ RunTime:0.000418s ]

[ 2017-02-25T00:42:54+08:00 ] ::1 /hzaueqt/index.php/home/Communication/comp.html
INFO: [ app_init ] --START--
INFO: Run Behavior\BuildLiteBehavior [ RunTime:0.000123s ]
INFO: [ app_init ] --END-- [ RunTime:0.000501s ]

[ 2017-02-25T00:43:23+08:00 ] ::1 /hzaueqt/index.php/home/Communication/comp.html
INFO: [ app_init ] --START--
INFO: Run Behavior\BuildLiteBehavior [ RunTime:0.000024s ]
INFO: [ app_init ] --END-- [ RunTime:0.000475s ]

[ 2017-02-25T00:43:24+08:00 ] ::1 /hzaueqt/index.php/home/Communication/comp.html
INFO: [ app_init ] --START--
INFO: Run Behavior\BuildLiteBehavior [ RunTime:0.000021s ]
INFO: [ app_init ] --END-- [ RunTime:0.000357s ]

[ 2017-02-25T00:43:24+08:00 ] ::1 /hzaueqt/index.php/home/Communication/comp.html
INFO: [ app_init ] --START--
INFO: Run Behavior\BuildLiteBehavior [ RunTime:0.000023s ]
INFO: [ app_init ] --END-- [ RunTime:0.000387s ]

[ 2017-02-25T00:44:20+08:00 ] ::1 /hzaueqt/index.php/home/Communication/comp.html
INFO: [ app_init ] --START--
INFO: Run Behavior\BuildLiteBehavior [ RunTime:0.000022s ]
INFO: [ app_init ] --END-- [ RunTime:0.000454s ]

[ 2017-02-25T00:44:33+08:00 ] ::1 /hzaueqt/index.php/home/Communication/comp.html
INFO: [ app_init ] --START--
INFO: Run Behavior\BuildLiteBehavior [ RunTime:0.000022s ]
INFO: [ app_init ] --END-- [ RunTime:0.000395s ]

[ 2017-02-25T00:44:49+08:00 ] ::1 /hzaueqt/index.php/home/Communication/comp.html
INFO: [ app_init ] --START--
INFO: Run Behavior\BuildLiteBehavior [ RunTime:0.000024s ]
INFO: [ app_init ] --END-- [ RunTime:0.000480s ]

[ 2017-02-25T00:45:08+08:00 ] ::1 /hzaueqt/index.php/home/Communication/comp.html
INFO: [ app_init ] --START--
INFO: Run Behavior\BuildLiteBehavior [ RunTime:0.000022s ]
INFO: [ app_init ] --END-- [ RunTime:0.000660s ]

[ 2017-02-25T00:45:48+08:00 ] ::1 /hzaueqt/index.php/home/Communication/comp.html
INFO: [ app_init ] --START--
INFO: Run Behavior\BuildLiteBehavior [ RunTime:0.000024s ]
INFO: [ app_init ] --END-- [ RunTime:0.000479s ]

[ 2017-02-25T00:46:37+08:00 ] ::1 /hzaueqt/index.php/home/Communication/comp.html
INFO: [ app_init ] --START--
INFO: Run Behavior\BuildLiteBehavior [ RunTime:0.000023s ]
INFO: [ app_init ] --END-- [ RunTime:0.000471s ]

[ 2017-02-25T00:46:38+08:00 ] ::1 /hzaueqt/index.php/home/Communication/comp.html
INFO: [ app_init ] --START--
INFO: Run Behavior\BuildLiteBehavior [ RunTime:0.000022s ]
INFO: [ app_init ] --END-- [ RunTime:0.000424s ]

[ 2017-02-25T00:46:48+08:00 ] ::1 /hzaueqt/index.php/home/Communication/comp.html
INFO: [ app_init ] --START--
INFO: Run Behavior\BuildLiteBehavior [ RunTime:0.000021s ]
INFO: [ app_init ] --END-- [ RunTime:0.000396s ]

[ 2017-02-25T00:46:56+08:00 ] ::1 /hzaueqt/index.php/home/Communication/comp.html
INFO: [ app_init ] --START--
INFO: Run Behavior\BuildLiteBehavior [ RunTime:0.000023s ]
INFO: [ app_init ] --END-- [ RunTime:0.000529s ]

[ 2017-02-25T00:47:45+08:00 ] ::1 /hzaueqt/index.php/home/Communication/comp.html
INFO: [ app_init ] --START--
INFO: Run Behavior\BuildLiteBehavior [ RunTime:0.000022s ]
INFO: [ app_init ] --END-- [ RunTime:0.000390s ]

[ 2017-02-25T00:47:46+08:00 ] ::1 /hzaueqt/index.php/home/Communication/comp.html
INFO: [ app_init ] --START--
INFO: Run Behavior\BuildLiteBehavior [ RunTime:0.000024s ]
INFO: [ app_init ] --END-- [ RunTime:0.000486s ]

[ 2017-02-25T00:48:38+08:00 ] ::1 /hzaueqt/index.php/home/Communication/comp.html
INFO: [ app_init ] --START--
INFO: Run Behavior\BuildLiteBehavior [ RunTime:0.000023s ]
INFO: [ app_init ] --END-- [ RunTime:0.000502s ]

[ 2017-02-25T00:48:38+08:00 ] ::1 /hzaueqt/index.php/home/Communication/comp.html
INFO: [ app_init ] --START--
INFO: Run Behavior\BuildLiteBehavior [ RunTime:0.000034s ]
INFO: [ app_init ] --END-- [ RunTime:0.000434s ]

[ 2017-02-25T00:48:38+08:00 ] ::1 /hzaueqt/index.php/home/Communication/comp.html
INFO: [ app_init ] --START--
INFO: Run Behavior\BuildLiteBehavior [ RunTime:0.000024s ]
INFO: [ app_init ] --END-- [ RunTime:0.000391s ]

[ 2017-02-25T00:48:39+08:00 ] ::1 /hzaueqt/index.php/home/Communication/comp.html
INFO: [ app_init ] --START--
INFO: Run Behavior\BuildLiteBehavior [ RunTime:0.000023s ]
INFO: [ app_init ] --END-- [ RunTime:0.000425s ]

[ 2017-02-25T00:48:57+08:00 ] ::1 /hzaueqt/index.php/home/Communication/comp.html
INFO: [ app_init ] --START--
INFO: Run Behavior\BuildLiteBehavior [ RunTime:0.000020s ]
INFO: [ app_init ] --END-- [ RunTime:0.000415s ]

[ 2017-02-25T00:50:21+08:00 ] ::1 /hzaueqt/index.php/home/Communication/comp.html
INFO: [ app_init ] --START--
INFO: Run Behavior\BuildLiteBehavior [ RunTime:0.000022s ]
INFO: [ app_init ] --END-- [ RunTime:0.000451s ]

[ 2017-02-25T00:51:29+08:00 ] ::1 /hzaueqt/index.php/home/Communication/comp.html
INFO: [ app_init ] --START--
INFO: Run Behavior\BuildLiteBehavior [ RunTime:0.000022s ]
INFO: [ app_init ] --END-- [ RunTime:0.000367s ]

[ 2017-02-25T00:52:02+08:00 ] ::1 /hzaueqt/index.php/home/Communication/comp.html
INFO: [ app_init ] --START--
INFO: Run Behavior\BuildLiteBehavior [ RunTime:0.000035s ]
INFO: [ app_init ] --END-- [ RunTime:0.000508s ]

[ 2017-02-25T00:52:03+08:00 ] ::1 /hzaueqt/index.php/home/Communication/comp.html
INFO: [ app_init ] --START--
INFO: Run Behavior\BuildLiteBehavior [ RunTime:0.000024s ]
INFO: [ app_init ] --END-- [ RunTime:0.000416s ]

