[ 2017-06-22T23:19:39+08:00 ] ::1 /hzaucomm/
INFO: [ app_init ] --START--
INFO: Run Behavior\BuildLiteBehavior [ RunTime:0.000035s ]
INFO: [ app_init ] --END-- [ RunTime:0.015173s ]

[ 2017-06-22T23:19:41+08:00 ] ::1 /hzaucomm/index.php/Home/course/course
INFO: [ app_init ] --START--
INFO: Run Behavior\BuildLiteBehavior [ RunTime:0.000035s ]
INFO: [ app_init ] --END-- [ RunTime:0.000705s ]

[ 2017-06-22T23:19:42+08:00 ] ::1 /hzaucomm/index.php/Home/course/course
INFO: [ app_init ] --START--
INFO: Run Behavior\BuildLiteBehavior [ RunTime:0.000047s ]
INFO: [ app_init ] --END-- [ RunTime:0.000817s ]

[ 2017-06-22T23:19:43+08:00 ] ::1 /hzaucomm/index.php/Home/source/source
INFO: [ app_init ] --START--
INFO: Run Behavior\BuildLiteBehavior [ RunTime:0.000036s ]
INFO: [ app_init ] --END-- [ RunTime:0.000740s ]

[ 2017-06-22T23:19:44+08:00 ] ::1 /hzaucomm/index.php/Home/source/pic_update
INFO: [ app_init ] --START--
INFO: Run Behavior\BuildLiteBehavior [ RunTime:0.000033s ]
INFO: [ app_init ] --END-- [ RunTime:0.000578s ]

[ 2017-06-22T23:19:51+08:00 ] ::1 /hzaucomm/index.php/Home/comp/comp
INFO: [ app_init ] --START--
INFO: Run Behavior\BuildLiteBehavior [ RunTime:0.000034s ]
INFO: [ app_init ] --END-- [ RunTime:0.000613s ]

[ 2017-06-22T23:19:55+08:00 ] ::1 /hzaucomm/index.php/Home/index/main
INFO: [ app_init ] --START--
INFO: Run Behavior\BuildLiteBehavior [ RunTime:0.000038s ]
INFO: [ app_init ] --END-- [ RunTime:0.000645s ]

