[ 2017-02-26T11:03:46+08:00 ] ::1 /hzaueqt/index.php/home/Communication/comp.html
INFO: [ app_init ] --START--
INFO: Run Behavior\BuildLiteBehavior [ RunTime:0.000026s ]
INFO: [ app_init ] --END-- [ RunTime:0.008813s ]

[ 2017-02-26T11:07:01+08:00 ] ::1 /hzaueqt/index.php/home/Communication/comp.html
INFO: [ app_init ] --START--
INFO: Run Behavior\BuildLiteBehavior [ RunTime:0.000020s ]
INFO: [ app_init ] --END-- [ RunTime:0.000407s ]

[ 2017-02-26T11:07:22+08:00 ] ::1 /hzaueqt/index.php/home/Communication/comp.html
INFO: [ app_init ] --START--
INFO: Run Behavior\BuildLiteBehavior [ RunTime:0.000019s ]
INFO: [ app_init ] --END-- [ RunTime:0.000455s ]

[ 2017-02-26T11:08:59+08:00 ] ::1 /hzaueqt/index.php/home/Communication/comp.html
INFO: [ app_init ] --START--
INFO: Run Behavior\BuildLiteBehavior [ RunTime:0.000020s ]
INFO: [ app_init ] --END-- [ RunTime:0.000440s ]

[ 2017-02-26T11:09:20+08:00 ] ::1 /hzaueqt/index.php/home/Communication/main.html
INFO: [ app_init ] --START--
INFO: Run Behavior\BuildLiteBehavior [ RunTime:0.000019s ]
INFO: [ app_init ] --END-- [ RunTime:0.000434s ]

[ 2017-02-26T11:09:54+08:00 ] ::1 /hzaueqt/index.php/home/Communication/comp.html
INFO: [ app_init ] --START--
INFO: Run Behavior\BuildLiteBehavior [ RunTime:0.000020s ]
INFO: [ app_init ] --END-- [ RunTime:0.000345s ]

[ 2017-02-26T11:10:00+08:00 ] ::1 /hzaueqt/index.php/home/Communication/comp.html
INFO: [ app_init ] --START--
INFO: Run Behavior\BuildLiteBehavior [ RunTime:0.000021s ]
INFO: [ app_init ] --END-- [ RunTime:0.000440s ]

[ 2017-02-26T11:10:01+08:00 ] ::1 /hzaueqt/index.php/home/Communication/comp.html
INFO: [ app_init ] --START--
INFO: Run Behavior\BuildLiteBehavior [ RunTime:0.000020s ]
INFO: [ app_init ] --END-- [ RunTime:0.000349s ]

[ 2017-02-26T11:10:02+08:00 ] ::1 /hzaueqt/index.php/home/Communication/comp.html
INFO: [ app_init ] --START--
INFO: Run Behavior\BuildLiteBehavior [ RunTime:0.000022s ]
INFO: [ app_init ] --END-- [ RunTime:0.000402s ]

[ 2017-02-26T11:10:03+08:00 ] ::1 /hzaueqt/index.php/home/Communication/comp.html
INFO: [ app_init ] --START--
INFO: Run Behavior\BuildLiteBehavior [ RunTime:0.000020s ]
INFO: [ app_init ] --END-- [ RunTime:0.000376s ]

[ 2017-02-26T11:10:14+08:00 ] ::1 /hzaueqt/index.php/home/Communication/comp.html
INFO: [ app_init ] --START--
INFO: Run Behavior\BuildLiteBehavior [ RunTime:0.000021s ]
INFO: [ app_init ] --END-- [ RunTime:0.000351s ]

[ 2017-02-26T11:10:23+08:00 ] ::1 /hzaueqt/index.php/home/Communication/comp.html
INFO: [ app_init ] --START--
INFO: Run Behavior\BuildLiteBehavior [ RunTime:0.000020s ]
INFO: [ app_init ] --END-- [ RunTime:0.000345s ]

[ 2017-02-26T11:10:24+08:00 ] ::1 /hzaueqt/index.php/home/Communication/comp.html
INFO: [ app_init ] --START--
INFO: Run Behavior\BuildLiteBehavior [ RunTime:0.000019s ]
INFO: [ app_init ] --END-- [ RunTime:0.000365s ]

[ 2017-02-26T11:10:24+08:00 ] ::1 /hzaueqt/index.php/home/Communication/comp.html
INFO: [ app_init ] --START--
INFO: Run Behavior\BuildLiteBehavior [ RunTime:0.000021s ]
INFO: [ app_init ] --END-- [ RunTime:0.000349s ]

[ 2017-02-26T11:19:35+08:00 ] ::1 /hzaueqt/index.php/home/Communication/comp.html
INFO: [ app_init ] --START--
INFO: Run Behavior\BuildLiteBehavior [ RunTime:0.000021s ]
INFO: [ app_init ] --END-- [ RunTime:0.000410s ]

[ 2017-02-26T11:19:45+08:00 ] ::1 /hzaueqt/index.php/home/Communication/comp.html
INFO: [ app_init ] --START--
INFO: Run Behavior\BuildLiteBehavior [ RunTime:0.000019s ]
INFO: [ app_init ] --END-- [ RunTime:0.000456s ]

[ 2017-02-26T11:19:54+08:00 ] ::1 /hzaueqt/index.php/home/Communication/comp.html
INFO: [ app_init ] --START--
INFO: Run Behavior\BuildLiteBehavior [ RunTime:0.000020s ]
INFO: [ app_init ] --END-- [ RunTime:0.000372s ]

[ 2017-02-26T11:20:00+08:00 ] ::1 /hzaueqt/index.php/home/Communication/comp.html
INFO: [ app_init ] --START--
INFO: Run Behavior\BuildLiteBehavior [ RunTime:0.000021s ]
INFO: [ app_init ] --END-- [ RunTime:0.000378s ]

[ 2017-02-26T11:20:15+08:00 ] ::1 /hzaueqt/index.php/home/Communication/comp.html
INFO: [ app_init ] --START--
INFO: Run Behavior\BuildLiteBehavior [ RunTime:0.000023s ]
INFO: [ app_init ] --END-- [ RunTime:0.000588s ]

[ 2017-02-26T11:29:33+08:00 ] ::1 /hzaueqt/index.php/home/Communication/comp.html
INFO: [ app_init ] --START--
INFO: Run Behavior\BuildLiteBehavior [ RunTime:0.000022s ]
INFO: [ app_init ] --END-- [ RunTime:0.000466s ]

[ 2017-02-26T11:31:03+08:00 ] ::1 /hzaueqt/index.php/home/Communication/comp.html
INFO: [ app_init ] --START--
INFO: Run Behavior\BuildLiteBehavior [ RunTime:0.000022s ]
INFO: [ app_init ] --END-- [ RunTime:0.000461s ]

[ 2017-02-26T11:31:21+08:00 ] ::1 /hzaueqt/index.php/home/Communication/comp.html
INFO: [ app_init ] --START--
INFO: Run Behavior\BuildLiteBehavior [ RunTime:0.000021s ]
INFO: [ app_init ] --END-- [ RunTime:0.000391s ]

[ 2017-02-26T11:32:47+08:00 ] ::1 /hzaueqt/index.php/home/Communication/comp.html
INFO: [ app_init ] --START--
INFO: Run Behavior\BuildLiteBehavior [ RunTime:0.000020s ]
INFO: [ app_init ] --END-- [ RunTime:0.000390s ]

[ 2017-02-26T11:34:39+08:00 ] ::1 /hzaueqt/index.php/home/Communication/comp.html
INFO: [ app_init ] --START--
INFO: Run Behavior\BuildLiteBehavior [ RunTime:0.000019s ]
INFO: [ app_init ] --END-- [ RunTime:0.000454s ]

[ 2017-02-26T11:34:57+08:00 ] ::1 /hzaueqt/index.php/home/Communication/comp.html
INFO: [ app_init ] --START--
INFO: Run Behavior\BuildLiteBehavior [ RunTime:0.000020s ]
INFO: [ app_init ] --END-- [ RunTime:0.000373s ]

[ 2017-02-26T11:35:10+08:00 ] ::1 /hzaueqt/index.php/home/Communication/comp.html
INFO: [ app_init ] --START--
INFO: Run Behavior\BuildLiteBehavior [ RunTime:0.000021s ]
INFO: [ app_init ] --END-- [ RunTime:0.000480s ]

[ 2017-02-26T11:35:31+08:00 ] ::1 /hzaueqt/index.php/home/Communication/comp.html
INFO: [ app_init ] --START--
INFO: Run Behavior\BuildLiteBehavior [ RunTime:0.000039s ]
INFO: [ app_init ] --END-- [ RunTime:0.000380s ]

[ 2017-02-26T11:35:46+08:00 ] ::1 /hzaueqt/index.php/home/Communication/comp.html
INFO: [ app_init ] --START--
INFO: Run Behavior\BuildLiteBehavior [ RunTime:0.000033s ]
INFO: [ app_init ] --END-- [ RunTime:0.000559s ]

[ 2017-02-26T11:35:53+08:00 ] ::1 /hzaueqt/index.php/home/Communication/comp.html
INFO: [ app_init ] --START--
INFO: Run Behavior\BuildLiteBehavior [ RunTime:0.000019s ]
INFO: [ app_init ] --END-- [ RunTime:0.000343s ]

[ 2017-02-26T11:36:09+08:00 ] ::1 /hzaueqt/index.php/home/Communication/comp.html
INFO: [ app_init ] --START--
INFO: Run Behavior\BuildLiteBehavior [ RunTime:0.000019s ]
INFO: [ app_init ] --END-- [ RunTime:0.000436s ]

[ 2017-02-26T11:36:25+08:00 ] ::1 /hzaueqt/index.php/home/Communication/comp.html
INFO: [ app_init ] --START--
INFO: Run Behavior\BuildLiteBehavior [ RunTime:0.000020s ]
INFO: [ app_init ] --END-- [ RunTime:0.000385s ]

[ 2017-02-26T11:36:40+08:00 ] ::1 /hzaueqt/index.php/home/Communication/comp.html
INFO: [ app_init ] --START--
INFO: Run Behavior\BuildLiteBehavior [ RunTime:0.000020s ]
INFO: [ app_init ] --END-- [ RunTime:0.000464s ]

[ 2017-02-26T11:36:41+08:00 ] ::1 /hzaueqt/index.php/home/Communication/comp.html
INFO: [ app_init ] --START--
INFO: Run Behavior\BuildLiteBehavior [ RunTime:0.000019s ]
INFO: [ app_init ] --END-- [ RunTime:0.000343s ]

[ 2017-02-26T11:36:47+08:00 ] ::1 /hzaueqt/index.php/home/Communication/comp.html
INFO: [ app_init ] --START--
INFO: Run Behavior\BuildLiteBehavior [ RunTime:0.000019s ]
INFO: [ app_init ] --END-- [ RunTime:0.000346s ]

[ 2017-02-26T11:36:47+08:00 ] ::1 /hzaueqt/index.php/home/Communication/comp.html
INFO: [ app_init ] --START--
INFO: Run Behavior\BuildLiteBehavior [ RunTime:0.000019s ]
INFO: [ app_init ] --END-- [ RunTime:0.000366s ]

[ 2017-02-26T11:36:47+08:00 ] ::1 /hzaueqt/index.php/home/Communication/comp.html
INFO: [ app_init ] --START--
INFO: Run Behavior\BuildLiteBehavior [ RunTime:0.000019s ]
INFO: [ app_init ] --END-- [ RunTime:0.000370s ]

[ 2017-02-26T11:36:59+08:00 ] ::1 /hzaueqt/index.php/home/Communication/comp.html
INFO: [ app_init ] --START--
INFO: Run Behavior\BuildLiteBehavior [ RunTime:0.000020s ]
INFO: [ app_init ] --END-- [ RunTime:0.000379s ]

[ 2017-02-26T11:37:00+08:00 ] ::1 /hzaueqt/index.php/home/Communication/comp.html
INFO: [ app_init ] --START--
INFO: Run Behavior\BuildLiteBehavior [ RunTime:0.000031s ]
INFO: [ app_init ] --END-- [ RunTime:0.000382s ]

[ 2017-02-26T11:37:00+08:00 ] ::1 /hzaueqt/index.php/home/Communication/comp.html
INFO: [ app_init ] --START--
INFO: Run Behavior\BuildLiteBehavior [ RunTime:0.000020s ]
INFO: [ app_init ] --END-- [ RunTime:0.000524s ]

[ 2017-02-26T11:37:06+08:00 ] ::1 /hzaueqt/index.php/home/Communication/comp.html
INFO: [ app_init ] --START--
INFO: Run Behavior\BuildLiteBehavior [ RunTime:0.000020s ]
INFO: [ app_init ] --END-- [ RunTime:0.000352s ]

[ 2017-02-26T11:37:12+08:00 ] ::1 /hzaueqt/index.php/home/Communication/comp.html
INFO: [ app_init ] --START--
INFO: Run Behavior\BuildLiteBehavior [ RunTime:0.000024s ]
INFO: [ app_init ] --END-- [ RunTime:0.000490s ]

[ 2017-02-26T11:37:12+08:00 ] ::1 /hzaueqt/index.php/home/Communication/comp.html
INFO: [ app_init ] --START--
INFO: Run Behavior\BuildLiteBehavior [ RunTime:0.000021s ]
INFO: [ app_init ] --END-- [ RunTime:0.000413s ]

[ 2017-02-26T11:37:12+08:00 ] ::1 /hzaueqt/index.php/home/Communication/comp.html
INFO: [ app_init ] --START--
INFO: Run Behavior\BuildLiteBehavior [ RunTime:0.000021s ]
INFO: [ app_init ] --END-- [ RunTime:0.000377s ]

[ 2017-02-26T11:39:02+08:00 ] ::1 /hzaueqt/index.php/home/Communication/comp.html
INFO: [ app_init ] --START--
INFO: Run Behavior\BuildLiteBehavior [ RunTime:0.000021s ]
INFO: [ app_init ] --END-- [ RunTime:0.000438s ]

[ 2017-02-26T11:39:17+08:00 ] ::1 /hzaueqt/index.php/home/Communication/comp.html
INFO: [ app_init ] --START--
INFO: Run Behavior\BuildLiteBehavior [ RunTime:0.000021s ]
INFO: [ app_init ] --END-- [ RunTime:0.000392s ]

[ 2017-02-26T11:39:36+08:00 ] ::1 /hzaueqt/index.php/home/Communication/comp.html
INFO: [ app_init ] --START--
INFO: Run Behavior\BuildLiteBehavior [ RunTime:0.000019s ]
INFO: [ app_init ] --END-- [ RunTime:0.000402s ]

[ 2017-02-26T11:39:37+08:00 ] ::1 /hzaueqt/index.php/home/Communication/comp.html
INFO: [ app_init ] --START--
INFO: Run Behavior\BuildLiteBehavior [ RunTime:0.000019s ]
INFO: [ app_init ] --END-- [ RunTime:0.000330s ]

[ 2017-02-26T11:39:37+08:00 ] ::1 /hzaueqt/index.php/home/Communication/comp.html
INFO: [ app_init ] --START--
INFO: Run Behavior\BuildLiteBehavior [ RunTime:0.000019s ]
INFO: [ app_init ] --END-- [ RunTime:0.000365s ]

[ 2017-02-26T11:39:52+08:00 ] ::1 /hzaueqt/index.php/home/Communication/comp.html
INFO: [ app_init ] --START--
INFO: Run Behavior\BuildLiteBehavior [ RunTime:0.000020s ]
INFO: [ app_init ] --END-- [ RunTime:0.000417s ]

[ 2017-02-26T11:40:05+08:00 ] ::1 /hzaueqt/index.php/home/Communication/comp.html
INFO: [ app_init ] --START--
INFO: Run Behavior\BuildLiteBehavior [ RunTime:0.000019s ]
INFO: [ app_init ] --END-- [ RunTime:0.000336s ]

[ 2017-02-26T11:40:20+08:00 ] ::1 /hzaueqt/index.php/home/Communication/comp.html
INFO: [ app_init ] --START--
INFO: Run Behavior\BuildLiteBehavior [ RunTime:0.000020s ]
INFO: [ app_init ] --END-- [ RunTime:0.000354s ]

[ 2017-02-26T11:40:21+08:00 ] ::1 /hzaueqt/index.php/home/Communication/comp.html
INFO: [ app_init ] --START--
INFO: Run Behavior\BuildLiteBehavior [ RunTime:0.000020s ]
INFO: [ app_init ] --END-- [ RunTime:0.000342s ]

[ 2017-02-26T11:40:21+08:00 ] ::1 /hzaueqt/index.php/home/Communication/comp.html
INFO: [ app_init ] --START--
INFO: Run Behavior\BuildLiteBehavior [ RunTime:0.000019s ]
INFO: [ app_init ] --END-- [ RunTime:0.000335s ]

[ 2017-02-26T11:42:39+08:00 ] ::1 /hzaueqt/index.php/home/Communication/comp.html
INFO: [ app_init ] --START--
INFO: Run Behavior\BuildLiteBehavior [ RunTime:0.000021s ]
INFO: [ app_init ] --END-- [ RunTime:0.000452s ]

[ 2017-02-26T11:42:59+08:00 ] ::1 /hzaueqt/index.php/home/Communication/comp.html
INFO: [ app_init ] --START--
INFO: Run Behavior\BuildLiteBehavior [ RunTime:0.000021s ]
INFO: [ app_init ] --END-- [ RunTime:0.000410s ]

[ 2017-02-26T11:43:00+08:00 ] ::1 /hzaueqt/index.php/home/Communication/comp.html
INFO: [ app_init ] --START--
INFO: Run Behavior\BuildLiteBehavior [ RunTime:0.000019s ]
INFO: [ app_init ] --END-- [ RunTime:0.000332s ]

[ 2017-02-26T11:43:00+08:00 ] ::1 /hzaueqt/index.php/home/Communication/comp.html
INFO: [ app_init ] --START--
INFO: Run Behavior\BuildLiteBehavior [ RunTime:0.000019s ]
INFO: [ app_init ] --END-- [ RunTime:0.000371s ]

[ 2017-02-26T11:43:00+08:00 ] ::1 /hzaueqt/index.php/home/Communication/comp.html
INFO: [ app_init ] --START--
INFO: Run Behavior\BuildLiteBehavior [ RunTime:0.000032s ]
INFO: [ app_init ] --END-- [ RunTime:0.000417s ]

[ 2017-02-26T11:43:00+08:00 ] ::1 /hzaueqt/index.php/home/Communication/comp.html
INFO: [ app_init ] --START--
INFO: Run Behavior\BuildLiteBehavior [ RunTime:0.000019s ]
INFO: [ app_init ] --END-- [ RunTime:0.000411s ]

[ 2017-02-26T11:43:01+08:00 ] ::1 /hzaueqt/index.php/home/Communication/comp.html
INFO: [ app_init ] --START--
INFO: Run Behavior\BuildLiteBehavior [ RunTime:0.000022s ]
INFO: [ app_init ] --END-- [ RunTime:0.000706s ]

[ 2017-02-26T11:43:21+08:00 ] ::1 /hzaueqt/index.php/home/Communication/comp.html
INFO: [ app_init ] --START--
INFO: Run Behavior\BuildLiteBehavior [ RunTime:0.000019s ]
INFO: [ app_init ] --END-- [ RunTime:0.000412s ]

[ 2017-02-26T11:43:25+08:00 ] ::1 /hzaueqt/index.php/home/Communication/comp.html
INFO: [ app_init ] --START--
INFO: Run Behavior\BuildLiteBehavior [ RunTime:0.000026s ]
INFO: [ app_init ] --END-- [ RunTime:0.000487s ]

[ 2017-02-26T11:43:33+08:00 ] ::1 /hzaueqt/index.php/home/Communication/comp.html
INFO: [ app_init ] --START--
INFO: Run Behavior\BuildLiteBehavior [ RunTime:0.000019s ]
INFO: [ app_init ] --END-- [ RunTime:0.000433s ]

[ 2017-02-26T11:43:34+08:00 ] ::1 /hzaueqt/index.php/home/Communication/comp.html
INFO: [ app_init ] --START--
INFO: Run Behavior\BuildLiteBehavior [ RunTime:0.000018s ]
INFO: [ app_init ] --END-- [ RunTime:0.000356s ]

[ 2017-02-26T11:43:34+08:00 ] ::1 /hzaueqt/index.php/home/Communication/comp.html
INFO: [ app_init ] --START--
INFO: Run Behavior\BuildLiteBehavior [ RunTime:0.000019s ]
INFO: [ app_init ] --END-- [ RunTime:0.000340s ]

[ 2017-02-26T11:44:56+08:00 ] ::1 /hzaueqt/index.php/home/Communication/comp.html
INFO: [ app_init ] --START--
INFO: Run Behavior\BuildLiteBehavior [ RunTime:0.000022s ]
INFO: [ app_init ] --END-- [ RunTime:0.000381s ]

[ 2017-02-26T11:48:26+08:00 ] ::1 /hzaueqt/index.php/home/Communication/comp.html
INFO: [ app_init ] --START--
INFO: Run Behavior\BuildLiteBehavior [ RunTime:0.000035s ]
INFO: [ app_init ] --END-- [ RunTime:0.000673s ]

[ 2017-02-26T11:48:58+08:00 ] ::1 /hzaueqt/index.php/home/Communication/comp.html
INFO: [ app_init ] --START--
INFO: Run Behavior\BuildLiteBehavior [ RunTime:0.000020s ]
INFO: [ app_init ] --END-- [ RunTime:0.000377s ]

[ 2017-02-26T11:49:13+08:00 ] ::1 /hzaueqt/index.php/home/Communication/comp.html
INFO: [ app_init ] --START--
INFO: Run Behavior\BuildLiteBehavior [ RunTime:0.000019s ]
INFO: [ app_init ] --END-- [ RunTime:0.000331s ]

[ 2017-02-26T11:51:40+08:00 ] ::1 /hzaueqt/index.php/home/Communication/comp.html
INFO: [ app_init ] --START--
INFO: Run Behavior\BuildLiteBehavior [ RunTime:0.000022s ]
INFO: [ app_init ] --END-- [ RunTime:0.000460s ]

[ 2017-02-26T11:52:32+08:00 ] ::1 /hzaueqt/index.php/home/Communication/comp.html
INFO: [ app_init ] --START--
INFO: Run Behavior\BuildLiteBehavior [ RunTime:0.000020s ]
INFO: [ app_init ] --END-- [ RunTime:0.000375s ]

[ 2017-02-26T11:52:58+08:00 ] ::1 /hzaueqt/index.php/home/Communication/comp.html
INFO: [ app_init ] --START--
INFO: Run Behavior\BuildLiteBehavior [ RunTime:0.000019s ]
INFO: [ app_init ] --END-- [ RunTime:0.000412s ]

[ 2017-02-26T11:53:41+08:00 ] ::1 /hzaueqt/index.php/home/Communication/comp.html
INFO: [ app_init ] --START--
INFO: Run Behavior\BuildLiteBehavior [ RunTime:0.000021s ]
INFO: [ app_init ] --END-- [ RunTime:0.000482s ]

[ 2017-02-26T11:54:16+08:00 ] ::1 /hzaueqt/index.php/home/Communication/comp.html
INFO: [ app_init ] --START--
INFO: Run Behavior\BuildLiteBehavior [ RunTime:0.000020s ]
INFO: [ app_init ] --END-- [ RunTime:0.000422s ]

[ 2017-02-26T11:54:25+08:00 ] ::1 /hzaueqt/index.php/home/Communication/comp.html
INFO: [ app_init ] --START--
INFO: Run Behavior\BuildLiteBehavior [ RunTime:0.000020s ]
INFO: [ app_init ] --END-- [ RunTime:0.000378s ]

[ 2017-02-26T11:54:26+08:00 ] ::1 /hzaueqt/index.php/home/Communication/comp.html
INFO: [ app_init ] --START--
INFO: Run Behavior\BuildLiteBehavior [ RunTime:0.000020s ]
INFO: [ app_init ] --END-- [ RunTime:0.000409s ]

[ 2017-02-26T11:54:26+08:00 ] ::1 /hzaueqt/index.php/home/Communication/comp.html
INFO: [ app_init ] --START--
INFO: Run Behavior\BuildLiteBehavior [ RunTime:0.000022s ]
INFO: [ app_init ] --END-- [ RunTime:0.000461s ]

[ 2017-02-26T11:54:36+08:00 ] ::1 /hzaueqt/index.php/home/Communication/comp.html
INFO: [ app_init ] --START--
INFO: Run Behavior\BuildLiteBehavior [ RunTime:0.000022s ]
INFO: [ app_init ] --END-- [ RunTime:0.000488s ]

[ 2017-02-26T11:54:37+08:00 ] ::1 /hzaueqt/index.php/home/Communication/comp.html
INFO: [ app_init ] --START--
INFO: Run Behavior\BuildLiteBehavior [ RunTime:0.000022s ]
INFO: [ app_init ] --END-- [ RunTime:0.000384s ]

[ 2017-02-26T11:55:14+08:00 ] ::1 /hzaueqt/index.php/home/Communication/comp.html
INFO: [ app_init ] --START--
INFO: Run Behavior\BuildLiteBehavior [ RunTime:0.000033s ]
INFO: [ app_init ] --END-- [ RunTime:0.000698s ]

[ 2017-02-26T11:55:51+08:00 ] ::1 /hzaueqt/index.php/home/Communication/comp.html
INFO: [ app_init ] --START--
INFO: Run Behavior\BuildLiteBehavior [ RunTime:0.000020s ]
INFO: [ app_init ] --END-- [ RunTime:0.000347s ]

[ 2017-02-26T11:56:23+08:00 ] ::1 /hzaueqt/index.php/home/Communication/comp.html
INFO: [ app_init ] --START--
INFO: Run Behavior\BuildLiteBehavior [ RunTime:0.000031s ]
INFO: [ app_init ] --END-- [ RunTime:0.000473s ]

[ 2017-02-26T11:56:24+08:00 ] ::1 /hzaueqt/index.php/home/Communication/comp.html
INFO: [ app_init ] --START--
INFO: Run Behavior\BuildLiteBehavior [ RunTime:0.000018s ]
INFO: [ app_init ] --END-- [ RunTime:0.000367s ]

[ 2017-02-26T11:56:24+08:00 ] ::1 /hzaueqt/index.php/home/Communication/comp.html
INFO: [ app_init ] --START--
INFO: Run Behavior\BuildLiteBehavior [ RunTime:0.000021s ]
INFO: [ app_init ] --END-- [ RunTime:0.000662s ]

[ 2017-02-26T11:58:11+08:00 ] ::1 /hzaueqt/index.php/home/Communication/comp.html
INFO: [ app_init ] --START--
INFO: Run Behavior\BuildLiteBehavior [ RunTime:0.000020s ]
INFO: [ app_init ] --END-- [ RunTime:0.000439s ]

[ 2017-02-26T11:58:11+08:00 ] ::1 /hzaueqt/index.php/home/Communication/comp.html
INFO: [ app_init ] --START--
INFO: Run Behavior\BuildLiteBehavior [ RunTime:0.000021s ]
INFO: [ app_init ] --END-- [ RunTime:0.000353s ]

[ 2017-02-26T11:58:12+08:00 ] ::1 /hzaueqt/index.php/home/Communication/comp.html
INFO: [ app_init ] --START--
INFO: Run Behavior\BuildLiteBehavior [ RunTime:0.000021s ]
INFO: [ app_init ] --END-- [ RunTime:0.000369s ]

[ 2017-02-26T11:58:36+08:00 ] ::1 /hzaueqt/index.php/home/Communication/comp.html
INFO: [ app_init ] --START--
INFO: Run Behavior\BuildLiteBehavior [ RunTime:0.000022s ]
INFO: [ app_init ] --END-- [ RunTime:0.000475s ]

[ 2017-02-26T11:58:50+08:00 ] ::1 /hzaueqt/index.php/home/Communication/comp.html
INFO: [ app_init ] --START--
INFO: Run Behavior\BuildLiteBehavior [ RunTime:0.000019s ]
INFO: [ app_init ] --END-- [ RunTime:0.000344s ]

[ 2017-02-26T11:58:55+08:00 ] ::1 /hzaueqt/index.php/home/Communication/comp.html
INFO: [ app_init ] --START--
INFO: Run Behavior\BuildLiteBehavior [ RunTime:0.000018s ]
INFO: [ app_init ] --END-- [ RunTime:0.000325s ]

[ 2017-02-26T11:59:32+08:00 ] ::1 /hzaueqt/index.php/home/Communication/comp.html
INFO: [ app_init ] --START--
INFO: Run Behavior\BuildLiteBehavior [ RunTime:0.000019s ]
INFO: [ app_init ] --END-- [ RunTime:0.000376s ]

[ 2017-02-26T11:59:42+08:00 ] ::1 /hzaueqt/index.php/home/Communication/comp.html
INFO: [ app_init ] --START--
INFO: Run Behavior\BuildLiteBehavior [ RunTime:0.000019s ]
INFO: [ app_init ] --END-- [ RunTime:0.000338s ]

[ 2017-02-26T12:00:33+08:00 ] ::1 /hzaueqt/index.php/home/Communication/comp.html
INFO: [ app_init ] --START--
INFO: Run Behavior\BuildLiteBehavior [ RunTime:0.000020s ]
INFO: [ app_init ] --END-- [ RunTime:0.000482s ]

[ 2017-02-26T12:01:07+08:00 ] ::1 /hzaueqt/index.php/home/Communication/comp.html
INFO: [ app_init ] --START--
INFO: Run Behavior\BuildLiteBehavior [ RunTime:0.000020s ]
INFO: [ app_init ] --END-- [ RunTime:0.000415s ]

[ 2017-02-26T12:01:47+08:00 ] ::1 /hzaueqt/index.php/home/Communication/comp.html
INFO: [ app_init ] --START--
INFO: Run Behavior\BuildLiteBehavior [ RunTime:0.000020s ]
INFO: [ app_init ] --END-- [ RunTime:0.000377s ]

[ 2017-02-26T12:01:54+08:00 ] ::1 /hzaueqt/index.php/home/Communication/comp.html
INFO: [ app_init ] --START--
INFO: Run Behavior\BuildLiteBehavior [ RunTime:0.000019s ]
INFO: [ app_init ] --END-- [ RunTime:0.000364s ]

[ 2017-02-26T12:01:55+08:00 ] ::1 /hzaueqt/index.php/home/Communication/comp.html
INFO: [ app_init ] --START--
INFO: Run Behavior\BuildLiteBehavior [ RunTime:0.000020s ]
INFO: [ app_init ] --END-- [ RunTime:0.000342s ]

[ 2017-02-26T12:01:55+08:00 ] ::1 /hzaueqt/index.php/home/Communication/comp.html
INFO: [ app_init ] --START--
INFO: Run Behavior\BuildLiteBehavior [ RunTime:0.000021s ]
INFO: [ app_init ] --END-- [ RunTime:0.000360s ]

[ 2017-02-26T12:02:10+08:00 ] ::1 /hzaueqt/index.php/home/Communication/comp.html
INFO: [ app_init ] --START--
INFO: Run Behavior\BuildLiteBehavior [ RunTime:0.000021s ]
INFO: [ app_init ] --END-- [ RunTime:0.000419s ]

[ 2017-02-26T12:02:10+08:00 ] ::1 /hzaueqt/index.php/home/Communication/comp.html
INFO: [ app_init ] --START--
INFO: Run Behavior\BuildLiteBehavior [ RunTime:0.000017s ]
INFO: [ app_init ] --END-- [ RunTime:0.000351s ]

[ 2017-02-26T12:02:21+08:00 ] ::1 /hzaueqt/index.php/home/Communication/comp.html
INFO: [ app_init ] --START--
INFO: Run Behavior\BuildLiteBehavior [ RunTime:0.000035s ]
INFO: [ app_init ] --END-- [ RunTime:0.000411s ]

[ 2017-02-26T12:02:22+08:00 ] ::1 /hzaueqt/index.php/home/Communication/comp.html
INFO: [ app_init ] --START--
INFO: Run Behavior\BuildLiteBehavior [ RunTime:0.000020s ]
INFO: [ app_init ] --END-- [ RunTime:0.000362s ]

[ 2017-02-26T12:02:22+08:00 ] ::1 /hzaueqt/index.php/home/Communication/comp.html
INFO: [ app_init ] --START--
INFO: Run Behavior\BuildLiteBehavior [ RunTime:0.000021s ]
INFO: [ app_init ] --END-- [ RunTime:0.000377s ]

[ 2017-02-26T12:02:36+08:00 ] ::1 /hzaueqt/index.php/home/Communication/comp.html
INFO: [ app_init ] --START--
INFO: Run Behavior\BuildLiteBehavior [ RunTime:0.000020s ]
INFO: [ app_init ] --END-- [ RunTime:0.000369s ]

[ 2017-02-26T12:03:03+08:00 ] ::1 /hzaueqt/index.php/home/Communication/comp.html
INFO: [ app_init ] --START--
INFO: Run Behavior\BuildLiteBehavior [ RunTime:0.000020s ]
INFO: [ app_init ] --END-- [ RunTime:0.000377s ]

[ 2017-02-26T12:03:30+08:00 ] ::1 /hzaueqt/index.php/home/Communication/comp.html
INFO: [ app_init ] --START--
INFO: Run Behavior\BuildLiteBehavior [ RunTime:0.000021s ]
INFO: [ app_init ] --END-- [ RunTime:0.000417s ]

[ 2017-02-26T12:04:02+08:00 ] ::1 /hzaueqt/index.php/home/Communication/comp.html
INFO: [ app_init ] --START--
INFO: Run Behavior\BuildLiteBehavior [ RunTime:0.000019s ]
INFO: [ app_init ] --END-- [ RunTime:0.000349s ]

[ 2017-02-26T12:04:10+08:00 ] ::1 /hzaueqt/index.php/home/Communication/comp.html
INFO: [ app_init ] --START--
INFO: Run Behavior\BuildLiteBehavior [ RunTime:0.000087s ]
INFO: [ app_init ] --END-- [ RunTime:0.000512s ]

[ 2017-02-26T12:04:24+08:00 ] ::1 /hzaueqt/index.php/home/Communication/comp.html
INFO: [ app_init ] --START--
INFO: Run Behavior\BuildLiteBehavior [ RunTime:0.000021s ]
INFO: [ app_init ] --END-- [ RunTime:0.000413s ]

[ 2017-02-26T12:04:25+08:00 ] ::1 /hzaueqt/index.php/home/Communication/comp.html
INFO: [ app_init ] --START--
INFO: Run Behavior\BuildLiteBehavior [ RunTime:0.000076s ]
INFO: [ app_init ] --END-- [ RunTime:0.000566s ]

[ 2017-02-26T12:04:25+08:00 ] ::1 /hzaueqt/index.php/home/Communication/comp.html
INFO: [ app_init ] --START--
INFO: Run Behavior\BuildLiteBehavior [ RunTime:0.000020s ]
INFO: [ app_init ] --END-- [ RunTime:0.000349s ]

[ 2017-02-26T12:04:25+08:00 ] ::1 /hzaueqt/index.php/home/Communication/comp.html
INFO: [ app_init ] --START--
INFO: Run Behavior\BuildLiteBehavior [ RunTime:0.000020s ]
INFO: [ app_init ] --END-- [ RunTime:0.000347s ]

[ 2017-02-26T12:04:47+08:00 ] ::1 /hzaueqt/index.php/home/Communication/comp.html
INFO: [ app_init ] --START--
INFO: Run Behavior\BuildLiteBehavior [ RunTime:0.000022s ]
INFO: [ app_init ] --END-- [ RunTime:0.000483s ]

[ 2017-02-26T12:04:48+08:00 ] ::1 /hzaueqt/index.php/home/Communication/comp.html
INFO: [ app_init ] --START--
INFO: Run Behavior\BuildLiteBehavior [ RunTime:0.000019s ]
INFO: [ app_init ] --END-- [ RunTime:0.000340s ]

[ 2017-02-26T12:05:00+08:00 ] ::1 /hzaueqt/index.php/home/Communication/comp.html
INFO: [ app_init ] --START--
INFO: Run Behavior\BuildLiteBehavior [ RunTime:0.000022s ]
INFO: [ app_init ] --END-- [ RunTime:0.000438s ]

[ 2017-02-26T12:05:07+08:00 ] ::1 /hzaueqt/index.php/home/Communication/comp.html
INFO: [ app_init ] --START--
INFO: Run Behavior\BuildLiteBehavior [ RunTime:0.000020s ]
INFO: [ app_init ] --END-- [ RunTime:0.000405s ]

[ 2017-02-26T12:05:08+08:00 ] ::1 /hzaueqt/index.php/home/Communication/comp.html
INFO: [ app_init ] --START--
INFO: Run Behavior\BuildLiteBehavior [ RunTime:0.000020s ]
INFO: [ app_init ] --END-- [ RunTime:0.000374s ]

[ 2017-02-26T12:05:18+08:00 ] ::1 /hzaueqt/index.php/home/Communication/comp.html
INFO: [ app_init ] --START--
INFO: Run Behavior\BuildLiteBehavior [ RunTime:0.000021s ]
INFO: [ app_init ] --END-- [ RunTime:0.000356s ]

[ 2017-02-26T12:05:28+08:00 ] ::1 /hzaueqt/index.php/home/Communication/comp.html
INFO: [ app_init ] --START--
INFO: Run Behavior\BuildLiteBehavior [ RunTime:0.000019s ]
INFO: [ app_init ] --END-- [ RunTime:0.000348s ]

[ 2017-02-26T12:05:37+08:00 ] ::1 /hzaueqt/index.php/home/Communication/comp.html
INFO: [ app_init ] --START--
INFO: Run Behavior\BuildLiteBehavior [ RunTime:0.000032s ]
INFO: [ app_init ] --END-- [ RunTime:0.000379s ]

[ 2017-02-26T12:05:38+08:00 ] ::1 /hzaueqt/index.php/home/Communication/comp.html
INFO: [ app_init ] --START--
INFO: Run Behavior\BuildLiteBehavior [ RunTime:0.000019s ]
INFO: [ app_init ] --END-- [ RunTime:0.000398s ]

[ 2017-02-26T12:05:38+08:00 ] ::1 /hzaueqt/index.php/home/Communication/comp.html
INFO: [ app_init ] --START--
INFO: Run Behavior\BuildLiteBehavior [ RunTime:0.000020s ]
INFO: [ app_init ] --END-- [ RunTime:0.000344s ]

[ 2017-02-26T12:06:07+08:00 ] ::1 /hzaueqt/index.php/home/Communication/comp.html
INFO: [ app_init ] --START--
INFO: Run Behavior\BuildLiteBehavior [ RunTime:0.000048s ]
INFO: [ app_init ] --END-- [ RunTime:0.000511s ]

[ 2017-02-26T12:06:08+08:00 ] ::1 /hzaueqt/index.php/home/Communication/comp.html
INFO: [ app_init ] --START--
INFO: Run Behavior\BuildLiteBehavior [ RunTime:0.000020s ]
INFO: [ app_init ] --END-- [ RunTime:0.000340s ]

[ 2017-02-26T12:06:08+08:00 ] ::1 /hzaueqt/index.php/home/Communication/comp.html
INFO: [ app_init ] --START--
INFO: Run Behavior\BuildLiteBehavior [ RunTime:0.000018s ]
INFO: [ app_init ] --END-- [ RunTime:0.000339s ]

[ 2017-02-26T12:06:25+08:00 ] ::1 /hzaueqt/index.php/home/Communication/comp.html
INFO: [ app_init ] --START--
INFO: Run Behavior\BuildLiteBehavior [ RunTime:0.000035s ]
INFO: [ app_init ] --END-- [ RunTime:0.000394s ]

[ 2017-02-26T12:08:30+08:00 ] ::1 /hzaueqt/index.php/home/Communication/comp.html
INFO: [ app_init ] --START--
INFO: Run Behavior\BuildLiteBehavior [ RunTime:0.000019s ]
INFO: [ app_init ] --END-- [ RunTime:0.000390s ]

[ 2017-02-26T12:08:30+08:00 ] ::1 /hzaueqt/index.php/home/Communication/comp.html
INFO: [ app_init ] --START--
INFO: Run Behavior\BuildLiteBehavior [ RunTime:0.000019s ]
INFO: [ app_init ] --END-- [ RunTime:0.000338s ]

[ 2017-02-26T12:08:31+08:00 ] ::1 /hzaueqt/index.php/home/Communication/comp.html
INFO: [ app_init ] --START--
INFO: Run Behavior\BuildLiteBehavior [ RunTime:0.000021s ]
INFO: [ app_init ] --END-- [ RunTime:0.000360s ]

[ 2017-02-26T12:08:31+08:00 ] ::1 /hzaueqt/index.php/home/Communication/comp.html
INFO: [ app_init ] --START--
INFO: Run Behavior\BuildLiteBehavior [ RunTime:0.000019s ]
INFO: [ app_init ] --END-- [ RunTime:0.000375s ]

[ 2017-02-26T12:08:31+08:00 ] ::1 /hzaueqt/index.php/home/Communication/comp.html
INFO: [ app_init ] --START--
INFO: Run Behavior\BuildLiteBehavior [ RunTime:0.000020s ]
INFO: [ app_init ] --END-- [ RunTime:0.000370s ]

[ 2017-02-26T12:09:10+08:00 ] ::1 /hzaueqt/index.php/home/Communication/comp.html
INFO: [ app_init ] --START--
INFO: Run Behavior\BuildLiteBehavior [ RunTime:0.000021s ]
INFO: [ app_init ] --END-- [ RunTime:0.000482s ]

[ 2017-02-26T12:09:48+08:00 ] ::1 /hzaueqt/index.php/home/Communication/comp.html
INFO: [ app_init ] --START--
INFO: Run Behavior\BuildLiteBehavior [ RunTime:0.000020s ]
INFO: [ app_init ] --END-- [ RunTime:0.000394s ]

[ 2017-02-26T12:09:50+08:00 ] ::1 /hzaueqt/index.php/home/Communication/comp.html
INFO: [ app_init ] --START--
INFO: Run Behavior\BuildLiteBehavior [ RunTime:0.000020s ]
INFO: [ app_init ] --END-- [ RunTime:0.000377s ]

[ 2017-02-26T12:10:02+08:00 ] ::1 /hzaueqt/index.php/home/Communication/comp.html
INFO: [ app_init ] --START--
INFO: Run Behavior\BuildLiteBehavior [ RunTime:0.000018s ]
INFO: [ app_init ] --END-- [ RunTime:0.000395s ]

[ 2017-02-26T12:10:58+08:00 ] ::1 /hzaueqt/index.php/home/Communication/comp.html
INFO: [ app_init ] --START--
INFO: Run Behavior\BuildLiteBehavior [ RunTime:0.000019s ]
INFO: [ app_init ] --END-- [ RunTime:0.000367s ]

[ 2017-02-26T12:11:19+08:00 ] ::1 /hzaueqt/index.php/home/Communication/comp.html
INFO: [ app_init ] --START--
INFO: Run Behavior\BuildLiteBehavior [ RunTime:0.000019s ]
INFO: [ app_init ] --END-- [ RunTime:0.000363s ]

[ 2017-02-26T12:13:05+08:00 ] ::1 /hzaueqt/index.php/home/Communication/comp.html
INFO: [ app_init ] --START--
INFO: Run Behavior\BuildLiteBehavior [ RunTime:0.000020s ]
INFO: [ app_init ] --END-- [ RunTime:0.000480s ]

[ 2017-02-26T12:13:05+08:00 ] ::1 /hzaueqt/index.php/home/Communication/comp.html
INFO: [ app_init ] --START--
INFO: Run Behavior\BuildLiteBehavior [ RunTime:0.000020s ]
INFO: [ app_init ] --END-- [ RunTime:0.000552s ]

[ 2017-02-26T12:13:06+08:00 ] ::1 /hzaueqt/index.php/home/Communication/comp.html
INFO: [ app_init ] --START--
INFO: Run Behavior\BuildLiteBehavior [ RunTime:0.000021s ]
INFO: [ app_init ] --END-- [ RunTime:0.000412s ]

[ 2017-02-26T12:13:06+08:00 ] ::1 /hzaueqt/index.php/home/Communication/comp.html
INFO: [ app_init ] --START--
INFO: Run Behavior\BuildLiteBehavior [ RunTime:0.000020s ]
INFO: [ app_init ] --END-- [ RunTime:0.000347s ]

[ 2017-02-26T12:13:32+08:00 ] ::1 /hzaueqt/index.php/home/Communication/comp.html
INFO: [ app_init ] --START--
INFO: Run Behavior\BuildLiteBehavior [ RunTime:0.000019s ]
INFO: [ app_init ] --END-- [ RunTime:0.000397s ]

[ 2017-02-26T12:13:33+08:00 ] ::1 /hzaueqt/index.php/home/Communication/comp.html
INFO: [ app_init ] --START--
INFO: Run Behavior\BuildLiteBehavior [ RunTime:0.000021s ]
INFO: [ app_init ] --END-- [ RunTime:0.000575s ]

[ 2017-02-26T12:13:33+08:00 ] ::1 /hzaueqt/index.php/home/Communication/comp.html
INFO: [ app_init ] --START--
INFO: Run Behavior\BuildLiteBehavior [ RunTime:0.000020s ]
INFO: [ app_init ] --END-- [ RunTime:0.000348s ]

[ 2017-02-26T12:13:33+08:00 ] ::1 /hzaueqt/index.php/home/Communication/comp.html
INFO: [ app_init ] --START--
INFO: Run Behavior\BuildLiteBehavior [ RunTime:0.000021s ]
INFO: [ app_init ] --END-- [ RunTime:0.000660s ]

[ 2017-02-26T12:14:25+08:00 ] ::1 /hzaueqt/index.php/home/Communication/comp.html
INFO: [ app_init ] --START--
INFO: Run Behavior\BuildLiteBehavior [ RunTime:0.000021s ]
INFO: [ app_init ] --END-- [ RunTime:0.000449s ]

[ 2017-02-26T12:14:26+08:00 ] ::1 /hzaueqt/index.php/home/Communication/comp.html
INFO: [ app_init ] --START--
INFO: Run Behavior\BuildLiteBehavior [ RunTime:0.000021s ]
INFO: [ app_init ] --END-- [ RunTime:0.000800s ]

[ 2017-02-26T12:14:26+08:00 ] ::1 /hzaueqt/index.php/home/Communication/comp.html
INFO: [ app_init ] --START--
INFO: Run Behavior\BuildLiteBehavior [ RunTime:0.000020s ]
INFO: [ app_init ] --END-- [ RunTime:0.000372s ]

[ 2017-02-26T12:14:47+08:00 ] ::1 /hzaueqt/index.php/home/Communication/comp.html
INFO: [ app_init ] --START--
INFO: Run Behavior\BuildLiteBehavior [ RunTime:0.000020s ]
INFO: [ app_init ] --END-- [ RunTime:0.000368s ]

[ 2017-02-26T12:14:55+08:00 ] ::1 /hzaueqt/index.php/home/Communication/comp.html
INFO: [ app_init ] --START--
INFO: Run Behavior\BuildLiteBehavior [ RunTime:0.000020s ]
INFO: [ app_init ] --END-- [ RunTime:0.000400s ]

[ 2017-02-26T12:15:16+08:00 ] ::1 /hzaueqt/index.php/home/Communication/comp.html
INFO: [ app_init ] --START--
INFO: Run Behavior\BuildLiteBehavior [ RunTime:0.000021s ]
INFO: [ app_init ] --END-- [ RunTime:0.000410s ]

[ 2017-02-26T12:16:07+08:00 ] ::1 /hzaueqt/index.php/home/Communication/comp.html
INFO: [ app_init ] --START--
INFO: Run Behavior\BuildLiteBehavior [ RunTime:0.000019s ]
INFO: [ app_init ] --END-- [ RunTime:0.000391s ]

[ 2017-02-26T12:16:21+08:00 ] ::1 /hzaueqt/index.php/home/Communication/comp.html
INFO: [ app_init ] --START--
INFO: Run Behavior\BuildLiteBehavior [ RunTime:0.000019s ]
INFO: [ app_init ] --END-- [ RunTime:0.000365s ]

[ 2017-02-26T12:16:21+08:00 ] ::1 /hzaueqt/index.php/home/Communication/comp.html
INFO: [ app_init ] --START--
INFO: Run Behavior\BuildLiteBehavior [ RunTime:0.000019s ]
INFO: [ app_init ] --END-- [ RunTime:0.000355s ]

[ 2017-02-26T12:16:31+08:00 ] ::1 /hzaueqt/index.php/home/Communication/comp.html
INFO: [ app_init ] --START--
INFO: Run Behavior\BuildLiteBehavior [ RunTime:0.000019s ]
INFO: [ app_init ] --END-- [ RunTime:0.000396s ]

[ 2017-02-26T12:17:28+08:00 ] ::1 /hzaueqt/index.php/home/Communication/comp.html
INFO: [ app_init ] --START--
INFO: Run Behavior\BuildLiteBehavior [ RunTime:0.000021s ]
INFO: [ app_init ] --END-- [ RunTime:0.000446s ]

[ 2017-02-26T12:18:03+08:00 ] ::1 /hzaueqt/index.php/home/Communication/comp.html
INFO: [ app_init ] --START--
INFO: Run Behavior\BuildLiteBehavior [ RunTime:0.000018s ]
INFO: [ app_init ] --END-- [ RunTime:0.000408s ]

[ 2017-02-26T12:18:04+08:00 ] ::1 /hzaueqt/index.php/home/Communication/comp.html
INFO: [ app_init ] --START--
INFO: Run Behavior\BuildLiteBehavior [ RunTime:0.000019s ]
INFO: [ app_init ] --END-- [ RunTime:0.000347s ]

[ 2017-02-26T12:18:04+08:00 ] ::1 /hzaueqt/index.php/home/Communication/comp.html
INFO: [ app_init ] --START--
INFO: Run Behavior\BuildLiteBehavior [ RunTime:0.000020s ]
INFO: [ app_init ] --END-- [ RunTime:0.000351s ]

[ 2017-02-26T12:18:18+08:00 ] ::1 /hzaueqt/index.php/home/Communication/comp.html
INFO: [ app_init ] --START--
INFO: Run Behavior\BuildLiteBehavior [ RunTime:0.000019s ]
INFO: [ app_init ] --END-- [ RunTime:0.000352s ]

[ 2017-02-26T12:18:32+08:00 ] ::1 /hzaueqt/index.php/home/Communication/comp.html
INFO: [ app_init ] --START--
INFO: Run Behavior\BuildLiteBehavior [ RunTime:0.000019s ]
INFO: [ app_init ] --END-- [ RunTime:0.000343s ]

