[ 2017-07-04T08:44:15+08:00 ] ::1 /hzaucomm/
INFO: [ app_init ] --START--
INFO: Run Behavior\BuildLiteBehavior [ RunTime:0.000035s ]
INFO: [ app_init ] --END-- [ RunTime:0.014937s ]

[ 2017-07-04T15:03:34+08:00 ] ::1 /hzaucomm/home/user
INFO: [ app_init ] --START--
INFO: Run Behavior\BuildLiteBehavior [ RunTime:0.000034s ]
INFO: [ app_init ] --END-- [ RunTime:0.017228s ]
ERR: 非法操作:main

[ 2017-07-04T15:03:40+08:00 ] ::1 /hzaucomm/home/user/index
INFO: [ app_init ] --START--
INFO: Run Behavior\BuildLiteBehavior [ RunTime:0.000029s ]
INFO: [ app_init ] --END-- [ RunTime:0.000462s ]

[ 2017-07-04T16:00:51+08:00 ] ::1 /hzaucomm/index.php/Home/User/index
INFO: [ app_init ] --START--
INFO: Run Behavior\BuildLiteBehavior [ RunTime:0.000193s ]
INFO: [ app_init ] --END-- [ RunTime:0.019824s ]

[ 2017-07-04T16:42:03+08:00 ] ::1 /hzaucomm/home/user/index
INFO: [ app_init ] --START--
INFO: Run Behavior\BuildLiteBehavior [ RunTime:0.000036s ]
INFO: [ app_init ] --END-- [ RunTime:0.015196s ]

[ 2017-07-04T16:42:10+08:00 ] ::1 /hzaucomm/home/
INFO: [ app_init ] --START--
INFO: Run Behavior\BuildLiteBehavior [ RunTime:0.000031s ]
INFO: [ app_init ] --END-- [ RunTime:0.000540s ]

[ 2017-07-04T16:42:35+08:00 ] ::1 /hzaucomm/index.php/Home/source/pic_update
INFO: [ app_init ] --START--
INFO: Run Behavior\BuildLiteBehavior [ RunTime:0.000072s ]
INFO: [ app_init ] --END-- [ RunTime:0.001683s ]

[ 2017-07-04T18:32:53+08:00 ] ::1 /hzaucomm/index.php/Home/user/index
INFO: [ app_init ] --START--
INFO: Run Behavior\BuildLiteBehavior [ RunTime:0.000033s ]
INFO: [ app_init ] --END-- [ RunTime:0.000668s ]

[ 2017-07-04T18:37:38+08:00 ] ::1 /hzaucomm/index.php/Home/User/application
INFO: [ app_init ] --START--
INFO: Run Behavior\BuildLiteBehavior [ RunTime:0.000038s ]
INFO: [ app_init ] --END-- [ RunTime:0.000572s ]

[ 2017-07-04T18:37:40+08:00 ] ::1 /hzaucomm/index.php/Home/User/message
INFO: [ app_init ] --START--
INFO: Run Behavior\BuildLiteBehavior [ RunTime:0.000029s ]
INFO: [ app_init ] --END-- [ RunTime:0.000523s ]

[ 2017-07-04T18:37:43+08:00 ] ::1 /hzaucomm/index.php/Home/User/message
INFO: [ app_init ] --START--
INFO: Run Behavior\BuildLiteBehavior [ RunTime:0.000034s ]
INFO: [ app_init ] --END-- [ RunTime:0.000773s ]

[ 2017-07-04T18:38:15+08:00 ] ::1 /hzaucomm/index.php/Home/comp/comp
INFO: [ app_init ] --START--
INFO: Run Behavior\BuildLiteBehavior [ RunTime:0.000029s ]
INFO: [ app_init ] --END-- [ RunTime:0.000479s ]

[ 2017-07-04T18:39:14+08:00 ] ::1 /hzaucomm/index.php/Home/source/document
INFO: [ app_init ] --START--
INFO: Run Behavior\BuildLiteBehavior [ RunTime:0.000028s ]
INFO: [ app_init ] --END-- [ RunTime:0.000506s ]

[ 2017-07-04T18:39:16+08:00 ] ::1 /hzaucomm/index.php/Home/comp/comp
INFO: [ app_init ] --START--
INFO: Run Behavior\BuildLiteBehavior [ RunTime:0.000029s ]
INFO: [ app_init ] --END-- [ RunTime:0.000467s ]

[ 2017-07-04T18:39:18+08:00 ] ::1 /hzaucomm/index.php/Home/source/pic_update
INFO: [ app_init ] --START--
INFO: Run Behavior\BuildLiteBehavior [ RunTime:0.000029s ]
INFO: [ app_init ] --END-- [ RunTime:0.000468s ]

[ 2017-07-04T18:39:23+08:00 ] ::1 /hzaucomm/index.php/Home/course/course?
INFO: [ app_init ] --START--
INFO: Run Behavior\BuildLiteBehavior [ RunTime:0.000057s ]
INFO: [ app_init ] --END-- [ RunTime:0.000531s ]

[ 2017-07-04T18:39:25+08:00 ] ::1 /hzaucomm/index.php/Home/introduction/introduction
INFO: [ app_init ] --START--
INFO: Run Behavior\BuildLiteBehavior [ RunTime:0.000029s ]
INFO: [ app_init ] --END-- [ RunTime:0.000523s ]

[ 2017-07-04T18:39:27+08:00 ] ::1 /hzaucomm/index.php/Home/index/main
INFO: [ app_init ] --START--
INFO: Run Behavior\BuildLiteBehavior [ RunTime:0.000029s ]
INFO: [ app_init ] --END-- [ RunTime:0.000469s ]

[ 2017-07-04T18:39:55+08:00 ] ::1 /hzaucomm/index.php/Home/course/course?
INFO: [ app_init ] --START--
INFO: Run Behavior\BuildLiteBehavior [ RunTime:0.000051s ]
INFO: [ app_init ] --END-- [ RunTime:0.001348s ]

[ 2017-07-04T18:39:57+08:00 ] ::1 /hzaucomm/index.php/Home/introduction/introduction
INFO: [ app_init ] --START--
INFO: Run Behavior\BuildLiteBehavior [ RunTime:0.000030s ]
INFO: [ app_init ] --END-- [ RunTime:0.000560s ]

[ 2017-07-04T18:39:59+08:00 ] ::1 /hzaucomm/index.php/Home/introduction/connect
INFO: [ app_init ] --START--
INFO: Run Behavior\BuildLiteBehavior [ RunTime:0.000051s ]
INFO: [ app_init ] --END-- [ RunTime:0.000764s ]

[ 2017-07-04T18:41:02+08:00 ] ::1 /hzaucomm/index.php/Home/introduction/connect
INFO: [ app_init ] --START--
INFO: Run Behavior\BuildLiteBehavior [ RunTime:0.000028s ]
INFO: [ app_init ] --END-- [ RunTime:0.000494s ]

[ 2017-07-04T18:42:20+08:00 ] ::1 /hzaucomm/index.php/Home/introduction/connect
INFO: [ app_init ] --START--
INFO: Run Behavior\BuildLiteBehavior [ RunTime:0.000029s ]
INFO: [ app_init ] --END-- [ RunTime:0.000508s ]

[ 2017-07-04T18:42:41+08:00 ] ::1 /hzaucomm/index.php/Home/introduction/connect
INFO: [ app_init ] --START--
INFO: Run Behavior\BuildLiteBehavior [ RunTime:0.000028s ]
INFO: [ app_init ] --END-- [ RunTime:0.000515s ]

[ 2017-07-04T18:42:54+08:00 ] ::1 /hzaucomm/index.php/Home/introduction/connect
INFO: [ app_init ] --START--
INFO: Run Behavior\BuildLiteBehavior [ RunTime:0.000030s ]
INFO: [ app_init ] --END-- [ RunTime:0.000554s ]

[ 2017-07-04T18:42:55+08:00 ] ::1 /hzaucomm/index.php/Home/introduction/connect
INFO: [ app_init ] --START--
INFO: Run Behavior\BuildLiteBehavior [ RunTime:0.000050s ]
INFO: [ app_init ] --END-- [ RunTime:0.000814s ]

[ 2017-07-04T18:43:12+08:00 ] ::1 /hzaucomm/index.php/Home/introduction/connect
INFO: [ app_init ] --START--
INFO: Run Behavior\BuildLiteBehavior [ RunTime:0.000029s ]
INFO: [ app_init ] --END-- [ RunTime:0.000506s ]

[ 2017-07-04T18:43:14+08:00 ] ::1 /hzaucomm/index.php/Home/introduction/connect
INFO: [ app_init ] --START--
INFO: Run Behavior\BuildLiteBehavior [ RunTime:0.000052s ]
INFO: [ app_init ] --END-- [ RunTime:0.000826s ]

[ 2017-07-04T18:44:24+08:00 ] ::1 /hzaucomm/index.php/Home/introduction/connect
INFO: [ app_init ] --START--
INFO: Run Behavior\BuildLiteBehavior [ RunTime:0.000033s ]
INFO: [ app_init ] --END-- [ RunTime:0.000566s ]

[ 2017-07-04T18:47:27+08:00 ] ::1 /hzaucomm/index.php/Home/introduction/connect
INFO: [ app_init ] --START--
INFO: Run Behavior\BuildLiteBehavior [ RunTime:0.000030s ]
INFO: [ app_init ] --END-- [ RunTime:0.000603s ]

[ 2017-07-04T18:47:43+08:00 ] ::1 /hzaucomm/index.php/Home/introduction/connect
INFO: [ app_init ] --START--
INFO: Run Behavior\BuildLiteBehavior [ RunTime:0.000032s ]
INFO: [ app_init ] --END-- [ RunTime:0.000514s ]

[ 2017-07-04T18:47:45+08:00 ] ::1 /hzaucomm/index.php/Home/introduction/connect
INFO: [ app_init ] --START--
INFO: Run Behavior\BuildLiteBehavior [ RunTime:0.000033s ]
INFO: [ app_init ] --END-- [ RunTime:0.000560s ]

[ 2017-07-04T18:47:56+08:00 ] ::1 /hzaucomm/index.php/Home/introduction/connect
INFO: [ app_init ] --START--
INFO: Run Behavior\BuildLiteBehavior [ RunTime:0.000053s ]
INFO: [ app_init ] --END-- [ RunTime:0.000687s ]

[ 2017-07-04T18:48:23+08:00 ] ::1 /hzaucomm/index.php/Home/introduction/connect
INFO: [ app_init ] --START--
INFO: Run Behavior\BuildLiteBehavior [ RunTime:0.000030s ]
INFO: [ app_init ] --END-- [ RunTime:0.000675s ]

[ 2017-07-04T18:49:16+08:00 ] ::1 /hzaucomm/index.php/Home/introduction/connect
INFO: [ app_init ] --START--
INFO: Run Behavior\BuildLiteBehavior [ RunTime:0.000029s ]
INFO: [ app_init ] --END-- [ RunTime:0.000626s ]

[ 2017-07-04T18:49:41+08:00 ] ::1 /hzaucomm/index.php/Home/introduction/connect
INFO: [ app_init ] --START--
INFO: Run Behavior\BuildLiteBehavior [ RunTime:0.000028s ]
INFO: [ app_init ] --END-- [ RunTime:0.000461s ]

[ 2017-07-04T18:50:01+08:00 ] ::1 /hzaucomm/index.php/Home/introduction/connect
INFO: [ app_init ] --START--
INFO: Run Behavior\BuildLiteBehavior [ RunTime:0.000030s ]
INFO: [ app_init ] --END-- [ RunTime:0.000649s ]

[ 2017-07-04T18:50:15+08:00 ] ::1 /hzaucomm/index.php/Home/introduction/connect
INFO: [ app_init ] --START--
INFO: Run Behavior\BuildLiteBehavior [ RunTime:0.000033s ]
INFO: [ app_init ] --END-- [ RunTime:0.000600s ]

[ 2017-07-04T18:50:23+08:00 ] ::1 /hzaucomm/index.php/Home/introduction/connect
INFO: [ app_init ] --START--
INFO: Run Behavior\BuildLiteBehavior [ RunTime:0.000083s ]
INFO: [ app_init ] --END-- [ RunTime:0.001171s ]

[ 2017-07-04T18:50:28+08:00 ] ::1 /hzaucomm/index.php/Home/introduction/connect
INFO: [ app_init ] --START--
INFO: Run Behavior\BuildLiteBehavior [ RunTime:0.000030s ]
INFO: [ app_init ] --END-- [ RunTime:0.000516s ]

[ 2017-07-04T18:50:35+08:00 ] ::1 /hzaucomm/index.php/Home/introduction/connect
INFO: [ app_init ] --START--
INFO: Run Behavior\BuildLiteBehavior [ RunTime:0.000031s ]
INFO: [ app_init ] --END-- [ RunTime:0.000497s ]

[ 2017-07-04T18:50:43+08:00 ] ::1 /hzaucomm/index.php/Home/introduction/connect
INFO: [ app_init ] --START--
INFO: Run Behavior\BuildLiteBehavior [ RunTime:0.000038s ]
INFO: [ app_init ] --END-- [ RunTime:0.000720s ]

[ 2017-07-04T18:50:47+08:00 ] ::1 /hzaucomm/index.php/Home/introduction/connect
INFO: [ app_init ] --START--
INFO: Run Behavior\BuildLiteBehavior [ RunTime:0.000029s ]
INFO: [ app_init ] --END-- [ RunTime:0.000514s ]

[ 2017-07-04T18:50:51+08:00 ] ::1 /hzaucomm/index.php/Home/introduction/connect
INFO: [ app_init ] --START--
INFO: Run Behavior\BuildLiteBehavior [ RunTime:0.000028s ]
INFO: [ app_init ] --END-- [ RunTime:0.000465s ]

[ 2017-07-04T18:50:57+08:00 ] ::1 /hzaucomm/index.php/Home/introduction/connect
INFO: [ app_init ] --START--
INFO: Run Behavior\BuildLiteBehavior [ RunTime:0.000032s ]
INFO: [ app_init ] --END-- [ RunTime:0.000526s ]

[ 2017-07-04T18:51:03+08:00 ] ::1 /hzaucomm/index.php/Home/introduction/connect
INFO: [ app_init ] --START--
INFO: Run Behavior\BuildLiteBehavior [ RunTime:0.000032s ]
INFO: [ app_init ] --END-- [ RunTime:0.000502s ]

[ 2017-07-04T18:51:18+08:00 ] ::1 /hzaucomm/index.php/Home/introduction/connect
INFO: [ app_init ] --START--
INFO: Run Behavior\BuildLiteBehavior [ RunTime:0.000028s ]
INFO: [ app_init ] --END-- [ RunTime:0.000485s ]

[ 2017-07-04T18:51:26+08:00 ] ::1 /hzaucomm/index.php/Home/introduction/connect
INFO: [ app_init ] --START--
INFO: Run Behavior\BuildLiteBehavior [ RunTime:0.000040s ]
INFO: [ app_init ] --END-- [ RunTime:0.000547s ]

[ 2017-07-04T18:51:37+08:00 ] ::1 /hzaucomm/index.php/Home/introduction/connect
INFO: [ app_init ] --START--
INFO: Run Behavior\BuildLiteBehavior [ RunTime:0.000030s ]
INFO: [ app_init ] --END-- [ RunTime:0.000540s ]

[ 2017-07-04T18:52:37+08:00 ] ::1 /hzaucomm/index.php/Home/introduction/connect
INFO: [ app_init ] --START--
INFO: Run Behavior\BuildLiteBehavior [ RunTime:0.000029s ]
INFO: [ app_init ] --END-- [ RunTime:0.000498s ]

[ 2017-07-04T18:53:11+08:00 ] ::1 /hzaucomm/index.php/Home/introduction/connect
INFO: [ app_init ] --START--
INFO: Run Behavior\BuildLiteBehavior [ RunTime:0.000033s ]
INFO: [ app_init ] --END-- [ RunTime:0.000572s ]

[ 2017-07-04T18:53:20+08:00 ] ::1 /hzaucomm/index.php/Home/introduction/connect
INFO: [ app_init ] --START--
INFO: Run Behavior\BuildLiteBehavior [ RunTime:0.000028s ]
INFO: [ app_init ] --END-- [ RunTime:0.000459s ]

[ 2017-07-04T18:53:32+08:00 ] ::1 /hzaucomm/index.php/Home/introduction/connect
INFO: [ app_init ] --START--
INFO: Run Behavior\BuildLiteBehavior [ RunTime:0.000031s ]
INFO: [ app_init ] --END-- [ RunTime:0.000543s ]

[ 2017-07-04T18:53:38+08:00 ] ::1 /hzaucomm/index.php/Home/introduction/connect
INFO: [ app_init ] --START--
INFO: Run Behavior\BuildLiteBehavior [ RunTime:0.000030s ]
INFO: [ app_init ] --END-- [ RunTime:0.000618s ]

[ 2017-07-04T18:53:40+08:00 ] ::1 /hzaucomm/index.php/Home/introduction/connect
INFO: [ app_init ] --START--
INFO: Run Behavior\BuildLiteBehavior [ RunTime:0.000036s ]
INFO: [ app_init ] --END-- [ RunTime:0.000686s ]

[ 2017-07-04T18:54:09+08:00 ] ::1 /hzaucomm/index.php/Home/user/index
INFO: [ app_init ] --START--
INFO: Run Behavior\BuildLiteBehavior [ RunTime:0.000029s ]
INFO: [ app_init ] --END-- [ RunTime:0.000537s ]

[ 2017-07-04T18:55:30+08:00 ] ::1 /hzaucomm/index.php/Home/user/index
INFO: [ app_init ] --START--
INFO: Run Behavior\BuildLiteBehavior [ RunTime:0.000048s ]
INFO: [ app_init ] --END-- [ RunTime:0.000565s ]

[ 2017-07-04T18:56:29+08:00 ] ::1 /hzaucomm/index.php/Home/user/index
INFO: [ app_init ] --START--
INFO: Run Behavior\BuildLiteBehavior [ RunTime:0.000028s ]
INFO: [ app_init ] --END-- [ RunTime:0.000462s ]

[ 2017-07-04T18:57:26+08:00 ] ::1 /hzaucomm/index.php/Home/user/index
INFO: [ app_init ] --START--
INFO: Run Behavior\BuildLiteBehavior [ RunTime:0.000030s ]
INFO: [ app_init ] --END-- [ RunTime:0.000551s ]

[ 2017-07-04T18:59:25+08:00 ] ::1 /hzaucomm/index.php/Home/user/index
INFO: [ app_init ] --START--
INFO: Run Behavior\BuildLiteBehavior [ RunTime:0.000032s ]
INFO: [ app_init ] --END-- [ RunTime:0.000560s ]

[ 2017-07-04T18:59:56+08:00 ] ::1 /hzaucomm/index.php/Home/user/index
INFO: [ app_init ] --START--
INFO: Run Behavior\BuildLiteBehavior [ RunTime:0.000028s ]
INFO: [ app_init ] --END-- [ RunTime:0.000509s ]

[ 2017-07-04T19:00:27+08:00 ] ::1 /hzaucomm/index.php/Home/user/index
INFO: [ app_init ] --START--
INFO: Run Behavior\BuildLiteBehavior [ RunTime:0.000033s ]
INFO: [ app_init ] --END-- [ RunTime:0.000525s ]

[ 2017-07-04T19:00:28+08:00 ] ::1 /hzaucomm/index.php/Home/user/index
INFO: [ app_init ] --START--
INFO: Run Behavior\BuildLiteBehavior [ RunTime:0.000033s ]
INFO: [ app_init ] --END-- [ RunTime:0.000606s ]

[ 2017-07-04T19:00:57+08:00 ] ::1 /hzaucomm/index.php/Home/user/index
INFO: [ app_init ] --START--
INFO: Run Behavior\BuildLiteBehavior [ RunTime:0.000028s ]
INFO: [ app_init ] --END-- [ RunTime:0.000505s ]

[ 2017-07-04T19:01:07+08:00 ] ::1 /hzaucomm/index.php/Home/user/index
INFO: [ app_init ] --START--
INFO: Run Behavior\BuildLiteBehavior [ RunTime:0.000033s ]
INFO: [ app_init ] --END-- [ RunTime:0.000656s ]

[ 2017-07-04T19:05:59+08:00 ] ::1 /hzaucomm/index.php/Home/user/index
INFO: [ app_init ] --START--
INFO: Run Behavior\BuildLiteBehavior [ RunTime:0.000032s ]
INFO: [ app_init ] --END-- [ RunTime:0.000588s ]

[ 2017-07-04T19:06:46+08:00 ] ::1 /hzaucomm/index.php/Home/user/index
INFO: [ app_init ] --START--
INFO: Run Behavior\BuildLiteBehavior [ RunTime:0.000027s ]
INFO: [ app_init ] --END-- [ RunTime:0.000505s ]

[ 2017-07-04T19:07:31+08:00 ] ::1 /hzaucomm/index.php/Home/user/index
INFO: [ app_init ] --START--
INFO: Run Behavior\BuildLiteBehavior [ RunTime:0.000029s ]
INFO: [ app_init ] --END-- [ RunTime:0.000565s ]

[ 2017-07-04T19:07:42+08:00 ] ::1 /hzaucomm/index.php/Home/user/index
INFO: [ app_init ] --START--
INFO: Run Behavior\BuildLiteBehavior [ RunTime:0.000028s ]
INFO: [ app_init ] --END-- [ RunTime:0.000474s ]

[ 2017-07-04T19:07:49+08:00 ] ::1 /hzaucomm/index.php/Home/user/index
INFO: [ app_init ] --START--
INFO: Run Behavior\BuildLiteBehavior [ RunTime:0.000032s ]
INFO: [ app_init ] --END-- [ RunTime:0.000516s ]

[ 2017-07-04T19:08:15+08:00 ] ::1 /hzaucomm/index.php/Home/user/index
INFO: [ app_init ] --START--
INFO: Run Behavior\BuildLiteBehavior [ RunTime:0.000031s ]
INFO: [ app_init ] --END-- [ RunTime:0.000565s ]

[ 2017-07-04T19:09:32+08:00 ] ::1 /hzaucomm/index.php/Home/user/index
INFO: [ app_init ] --START--
INFO: Run Behavior\BuildLiteBehavior [ RunTime:0.000188s ]
INFO: [ app_init ] --END-- [ RunTime:0.000735s ]

[ 2017-07-04T19:09:51+08:00 ] ::1 /hzaucomm/index.php/Home/user/index
INFO: [ app_init ] --START--
INFO: Run Behavior\BuildLiteBehavior [ RunTime:0.000036s ]
INFO: [ app_init ] --END-- [ RunTime:0.000606s ]

[ 2017-07-04T19:09:53+08:00 ] ::1 /hzaucomm/index.php/Home/user/index
INFO: [ app_init ] --START--
INFO: Run Behavior\BuildLiteBehavior [ RunTime:0.000035s ]
INFO: [ app_init ] --END-- [ RunTime:0.000669s ]

[ 2017-07-04T19:10:06+08:00 ] ::1 /hzaucomm/index.php/Home/user/index
INFO: [ app_init ] --START--
INFO: Run Behavior\BuildLiteBehavior [ RunTime:0.000033s ]
INFO: [ app_init ] --END-- [ RunTime:0.000518s ]

[ 2017-07-04T19:10:34+08:00 ] ::1 /hzaucomm/index.php/Home/user/index
INFO: [ app_init ] --START--
INFO: Run Behavior\BuildLiteBehavior [ RunTime:0.000031s ]
INFO: [ app_init ] --END-- [ RunTime:0.000661s ]

[ 2017-07-04T19:11:09+08:00 ] ::1 /hzaucomm/index.php/Home/user/index
INFO: [ app_init ] --START--
INFO: Run Behavior\BuildLiteBehavior [ RunTime:0.000028s ]
INFO: [ app_init ] --END-- [ RunTime:0.000535s ]

[ 2017-07-04T19:11:47+08:00 ] ::1 /hzaucomm/index.php/Home/user/index
INFO: [ app_init ] --START--
INFO: Run Behavior\BuildLiteBehavior [ RunTime:0.000028s ]
INFO: [ app_init ] --END-- [ RunTime:0.000527s ]

[ 2017-07-04T19:12:38+08:00 ] ::1 /hzaucomm/index.php/Home/user/index
INFO: [ app_init ] --START--
INFO: Run Behavior\BuildLiteBehavior [ RunTime:0.000044s ]
INFO: [ app_init ] --END-- [ RunTime:0.000580s ]

[ 2017-07-04T19:12:45+08:00 ] ::1 /hzaucomm/index.php/Home/user/index
INFO: [ app_init ] --START--
INFO: Run Behavior\BuildLiteBehavior [ RunTime:0.000044s ]
INFO: [ app_init ] --END-- [ RunTime:0.000710s ]

[ 2017-07-04T19:13:02+08:00 ] ::1 /hzaucomm/index.php/Home/user/index
INFO: [ app_init ] --START--
INFO: Run Behavior\BuildLiteBehavior [ RunTime:0.000029s ]
INFO: [ app_init ] --END-- [ RunTime:0.000497s ]

[ 2017-07-04T19:13:11+08:00 ] ::1 /hzaucomm/index.php/Home/user/index
INFO: [ app_init ] --START--
INFO: Run Behavior\BuildLiteBehavior [ RunTime:0.000030s ]
INFO: [ app_init ] --END-- [ RunTime:0.000493s ]

[ 2017-07-04T19:13:56+08:00 ] ::1 /hzaucomm/index.php/Home/user/index
INFO: [ app_init ] --START--
INFO: Run Behavior\BuildLiteBehavior [ RunTime:0.000029s ]
INFO: [ app_init ] --END-- [ RunTime:0.000552s ]

[ 2017-07-04T19:14:47+08:00 ] ::1 /hzaucomm/index.php/Home/user/index
INFO: [ app_init ] --START--
INFO: Run Behavior\BuildLiteBehavior [ RunTime:0.000029s ]
INFO: [ app_init ] --END-- [ RunTime:0.000502s ]

[ 2017-07-04T19:14:55+08:00 ] ::1 /hzaucomm/index.php/Home/user/index
INFO: [ app_init ] --START--
INFO: Run Behavior\BuildLiteBehavior [ RunTime:0.000028s ]
INFO: [ app_init ] --END-- [ RunTime:0.000540s ]

[ 2017-07-04T19:15:43+08:00 ] ::1 /hzaucomm/index.php/Home/user/index
INFO: [ app_init ] --START--
INFO: Run Behavior\BuildLiteBehavior [ RunTime:0.000031s ]
INFO: [ app_init ] --END-- [ RunTime:0.000482s ]

[ 2017-07-04T19:16:01+08:00 ] ::1 /hzaucomm/index.php/Home/user/index
INFO: [ app_init ] --START--
INFO: Run Behavior\BuildLiteBehavior [ RunTime:0.000028s ]
INFO: [ app_init ] --END-- [ RunTime:0.000463s ]

[ 2017-07-04T19:16:24+08:00 ] ::1 /hzaucomm/index.php/Home/user/index
INFO: [ app_init ] --START--
INFO: Run Behavior\BuildLiteBehavior [ RunTime:0.000044s ]
INFO: [ app_init ] --END-- [ RunTime:0.000735s ]

[ 2017-07-04T19:16:58+08:00 ] ::1 /hzaucomm/index.php/Home/user/index
INFO: [ app_init ] --START--
INFO: Run Behavior\BuildLiteBehavior [ RunTime:0.000029s ]
INFO: [ app_init ] --END-- [ RunTime:0.000548s ]

[ 2017-07-04T19:17:27+08:00 ] ::1 /hzaucomm/index.php/Home/user/index
INFO: [ app_init ] --START--
INFO: Run Behavior\BuildLiteBehavior [ RunTime:0.000030s ]
INFO: [ app_init ] --END-- [ RunTime:0.000504s ]

[ 2017-07-04T19:17:47+08:00 ] ::1 /hzaucomm/index.php/Home/
INFO: [ app_init ] --START--
INFO: Run Behavior\BuildLiteBehavior [ RunTime:0.000029s ]
INFO: [ app_init ] --END-- [ RunTime:0.000458s ]

[ 2017-07-04T19:18:14+08:00 ] ::1 /hzaucomm/index.php/Home/source/pic_update
INFO: [ app_init ] --START--
INFO: Run Behavior\BuildLiteBehavior [ RunTime:0.000030s ]
INFO: [ app_init ] --END-- [ RunTime:0.000525s ]

[ 2017-07-04T19:18:57+08:00 ] ::1 /hzaucomm/index.php/Home/user/index
INFO: [ app_init ] --START--
INFO: Run Behavior\BuildLiteBehavior [ RunTime:0.000031s ]
INFO: [ app_init ] --END-- [ RunTime:0.000548s ]

[ 2017-07-04T19:19:52+08:00 ] ::1 /hzaucomm/index.php/Home/user/index
INFO: [ app_init ] --START--
INFO: Run Behavior\BuildLiteBehavior [ RunTime:0.000031s ]
INFO: [ app_init ] --END-- [ RunTime:0.000526s ]

[ 2017-07-04T19:20:10+08:00 ] ::1 /hzaucomm/index.php/Home/user/index
INFO: [ app_init ] --START--
INFO: Run Behavior\BuildLiteBehavior [ RunTime:0.000028s ]
INFO: [ app_init ] --END-- [ RunTime:0.000488s ]

[ 2017-07-04T19:21:17+08:00 ] ::1 /hzaucomm/index.php/Home/user/index
INFO: [ app_init ] --START--
INFO: Run Behavior\BuildLiteBehavior [ RunTime:0.000030s ]
INFO: [ app_init ] --END-- [ RunTime:0.000642s ]

[ 2017-07-04T19:21:33+08:00 ] ::1 /hzaucomm/index.php/Home/user/index
INFO: [ app_init ] --START--
INFO: Run Behavior\BuildLiteBehavior [ RunTime:0.000038s ]
INFO: [ app_init ] --END-- [ RunTime:0.000550s ]

[ 2017-07-04T19:23:04+08:00 ] ::1 /hzaucomm/index.php/Home/user/index
INFO: [ app_init ] --START--
INFO: Run Behavior\BuildLiteBehavior [ RunTime:0.000033s ]
INFO: [ app_init ] --END-- [ RunTime:0.000609s ]

[ 2017-07-04T19:23:14+08:00 ] ::1 /hzaucomm/index.php/Home/user/index
INFO: [ app_init ] --START--
INFO: Run Behavior\BuildLiteBehavior [ RunTime:0.000029s ]
INFO: [ app_init ] --END-- [ RunTime:0.000467s ]

[ 2017-07-04T19:24:56+08:00 ] ::1 /hzaucomm/index.php/Home/source/pic_update
INFO: [ app_init ] --START--
INFO: Run Behavior\BuildLiteBehavior [ RunTime:0.000029s ]
INFO: [ app_init ] --END-- [ RunTime:0.000573s ]

[ 2017-07-04T19:24:58+08:00 ] ::1 /hzaucomm/index.php/Home/user/index
INFO: [ app_init ] --START--
INFO: Run Behavior\BuildLiteBehavior [ RunTime:0.000037s ]
INFO: [ app_init ] --END-- [ RunTime:0.000718s ]

[ 2017-07-04T19:26:11+08:00 ] ::1 /hzaucomm/index.php/Home/source/pic_update
INFO: [ app_init ] --START--
INFO: Run Behavior\BuildLiteBehavior [ RunTime:0.000029s ]
INFO: [ app_init ] --END-- [ RunTime:0.000471s ]

[ 2017-07-04T19:26:13+08:00 ] ::1 /hzaucomm/index.php/Home/user/index
INFO: [ app_init ] --START--
INFO: Run Behavior\BuildLiteBehavior [ RunTime:0.000029s ]
INFO: [ app_init ] --END-- [ RunTime:0.000537s ]

[ 2017-07-04T19:26:28+08:00 ] ::1 /hzaucomm/index.php/Home/user/index
INFO: [ app_init ] --START--
INFO: Run Behavior\BuildLiteBehavior [ RunTime:0.000033s ]
INFO: [ app_init ] --END-- [ RunTime:0.000701s ]

[ 2017-07-04T19:26:51+08:00 ] ::1 /hzaucomm/index.php/Home/user/index
INFO: [ app_init ] --START--
INFO: Run Behavior\BuildLiteBehavior [ RunTime:0.000029s ]
INFO: [ app_init ] --END-- [ RunTime:0.000510s ]

[ 2017-07-04T19:27:11+08:00 ] ::1 /hzaucomm/index.php/Home/user/index
INFO: [ app_init ] --START--
INFO: Run Behavior\BuildLiteBehavior [ RunTime:0.000029s ]
INFO: [ app_init ] --END-- [ RunTime:0.000527s ]

[ 2017-07-04T19:27:22+08:00 ] ::1 /hzaucomm/index.php/Home/user/index
INFO: [ app_init ] --START--
INFO: Run Behavior\BuildLiteBehavior [ RunTime:0.000029s ]
INFO: [ app_init ] --END-- [ RunTime:0.000488s ]

[ 2017-07-04T19:27:28+08:00 ] ::1 /hzaucomm/index.php/Home/user/index
INFO: [ app_init ] --START--
INFO: Run Behavior\BuildLiteBehavior [ RunTime:0.000085s ]
INFO: [ app_init ] --END-- [ RunTime:0.000521s ]

[ 2017-07-04T19:27:39+08:00 ] ::1 /hzaucomm/index.php/Home/user/index
INFO: [ app_init ] --START--
INFO: Run Behavior\BuildLiteBehavior [ RunTime:0.000064s ]
INFO: [ app_init ] --END-- [ RunTime:0.000768s ]

[ 2017-07-04T19:28:18+08:00 ] ::1 /hzaucomm/index.php/Home/user/index
INFO: [ app_init ] --START--
INFO: Run Behavior\BuildLiteBehavior [ RunTime:0.000029s ]
INFO: [ app_init ] --END-- [ RunTime:0.000461s ]

[ 2017-07-04T19:28:27+08:00 ] ::1 /hzaucomm/index.php/Home/user/index
INFO: [ app_init ] --START--
INFO: Run Behavior\BuildLiteBehavior [ RunTime:0.000048s ]
INFO: [ app_init ] --END-- [ RunTime:0.000563s ]

[ 2017-07-04T19:28:41+08:00 ] ::1 /hzaucomm/index.php/Home/user/index
INFO: [ app_init ] --START--
INFO: Run Behavior\BuildLiteBehavior [ RunTime:0.000044s ]
INFO: [ app_init ] --END-- [ RunTime:0.000544s ]

[ 2017-07-04T19:30:04+08:00 ] ::1 /hzaucomm/index.php/Home/user/index
INFO: [ app_init ] --START--
INFO: Run Behavior\BuildLiteBehavior [ RunTime:0.000027s ]
INFO: [ app_init ] --END-- [ RunTime:0.000503s ]

[ 2017-07-04T19:30:17+08:00 ] ::1 /hzaucomm/index.php/Home/user/index
INFO: [ app_init ] --START--
INFO: Run Behavior\BuildLiteBehavior [ RunTime:0.000034s ]
INFO: [ app_init ] --END-- [ RunTime:0.000706s ]

[ 2017-07-04T19:30:24+08:00 ] ::1 /hzaucomm/index.php/Home/user/index
INFO: [ app_init ] --START--
INFO: Run Behavior\BuildLiteBehavior [ RunTime:0.000031s ]
INFO: [ app_init ] --END-- [ RunTime:0.000791s ]

[ 2017-07-04T19:30:53+08:00 ] ::1 /hzaucomm/index.php/Home/user/index
INFO: [ app_init ] --START--
INFO: Run Behavior\BuildLiteBehavior [ RunTime:0.000031s ]
INFO: [ app_init ] --END-- [ RunTime:0.000542s ]

[ 2017-07-04T19:35:22+08:00 ] ::1 /hzaucomm/index.php/Home/source/pic_update
INFO: [ app_init ] --START--
INFO: Run Behavior\BuildLiteBehavior [ RunTime:0.000031s ]
INFO: [ app_init ] --END-- [ RunTime:0.000528s ]

[ 2017-07-04T19:35:27+08:00 ] ::1 /hzaucomm/index.php/Home/user/index
INFO: [ app_init ] --START--
INFO: Run Behavior\BuildLiteBehavior [ RunTime:0.000029s ]
INFO: [ app_init ] --END-- [ RunTime:0.000503s ]

[ 2017-07-04T19:35:50+08:00 ] ::1 /hzaucomm/index.php/Home/user/index
INFO: [ app_init ] --START--
INFO: Run Behavior\BuildLiteBehavior [ RunTime:0.000028s ]
INFO: [ app_init ] --END-- [ RunTime:0.000461s ]

[ 2017-07-04T19:35:51+08:00 ] ::1 /hzaucomm/index.php/Home/user/index
INFO: [ app_init ] --START--
INFO: Run Behavior\BuildLiteBehavior [ RunTime:0.000029s ]
INFO: [ app_init ] --END-- [ RunTime:0.000461s ]

[ 2017-07-04T19:36:31+08:00 ] ::1 /hzaucomm/index.php/Home/user/index
INFO: [ app_init ] --START--
INFO: Run Behavior\BuildLiteBehavior [ RunTime:0.000043s ]
INFO: [ app_init ] --END-- [ RunTime:0.000671s ]

[ 2017-07-04T19:38:26+08:00 ] ::1 /hzaucomm/index.php/Home/user/index
INFO: [ app_init ] --START--
INFO: Run Behavior\BuildLiteBehavior [ RunTime:0.000029s ]
INFO: [ app_init ] --END-- [ RunTime:0.000530s ]

[ 2017-07-04T19:39:03+08:00 ] ::1 /hzaucomm/index.php/Home/user/index
INFO: [ app_init ] --START--
INFO: Run Behavior\BuildLiteBehavior [ RunTime:0.000028s ]
INFO: [ app_init ] --END-- [ RunTime:0.000460s ]

[ 2017-07-04T19:39:12+08:00 ] ::1 /hzaucomm/index.php/Home/user/index
INFO: [ app_init ] --START--
INFO: Run Behavior\BuildLiteBehavior [ RunTime:0.000080s ]
INFO: [ app_init ] --END-- [ RunTime:0.000804s ]

[ 2017-07-04T19:39:35+08:00 ] ::1 /hzaucomm/index.php/Home/user/index
INFO: [ app_init ] --START--
INFO: Run Behavior\BuildLiteBehavior [ RunTime:0.000028s ]
INFO: [ app_init ] --END-- [ RunTime:0.000505s ]

[ 2017-07-04T19:40:13+08:00 ] ::1 /hzaucomm/index.php/Home/user/index
INFO: [ app_init ] --START--
INFO: Run Behavior\BuildLiteBehavior [ RunTime:0.000035s ]
INFO: [ app_init ] --END-- [ RunTime:0.000647s ]

[ 2017-07-04T19:40:50+08:00 ] ::1 /hzaucomm/index.php/Home/user/index
INFO: [ app_init ] --START--
INFO: Run Behavior\BuildLiteBehavior [ RunTime:0.000137s ]
INFO: [ app_init ] --END-- [ RunTime:0.000692s ]

[ 2017-07-04T19:40:58+08:00 ] ::1 /hzaucomm/index.php/Home/user/index
INFO: [ app_init ] --START--
INFO: Run Behavior\BuildLiteBehavior [ RunTime:0.000029s ]
INFO: [ app_init ] --END-- [ RunTime:0.000486s ]

[ 2017-07-04T19:41:29+08:00 ] ::1 /hzaucomm/index.php/Home/user/index
INFO: [ app_init ] --START--
INFO: Run Behavior\BuildLiteBehavior [ RunTime:0.000030s ]
INFO: [ app_init ] --END-- [ RunTime:0.000466s ]

[ 2017-07-04T19:41:31+08:00 ] ::1 /hzaucomm/index.php/Home/user/index
INFO: [ app_init ] --START--
INFO: Run Behavior\BuildLiteBehavior [ RunTime:0.000058s ]
INFO: [ app_init ] --END-- [ RunTime:0.000835s ]

[ 2017-07-04T19:41:39+08:00 ] ::1 /hzaucomm/index.php/Home/user/index
INFO: [ app_init ] --START--
INFO: Run Behavior\BuildLiteBehavior [ RunTime:0.000033s ]
INFO: [ app_init ] --END-- [ RunTime:0.000684s ]

[ 2017-07-04T19:41:55+08:00 ] ::1 /hzaucomm/index.php/Home/user/index
INFO: [ app_init ] --START--
INFO: Run Behavior\BuildLiteBehavior [ RunTime:0.000029s ]
INFO: [ app_init ] --END-- [ RunTime:0.000537s ]

[ 2017-07-04T19:42:21+08:00 ] ::1 /hzaucomm/index.php/Home/user/index
INFO: [ app_init ] --START--
INFO: Run Behavior\BuildLiteBehavior [ RunTime:0.000029s ]
INFO: [ app_init ] --END-- [ RunTime:0.000500s ]

[ 2017-07-04T19:42:44+08:00 ] ::1 /hzaucomm/index.php/Home/user/index
INFO: [ app_init ] --START--
INFO: Run Behavior\BuildLiteBehavior [ RunTime:0.000029s ]
INFO: [ app_init ] --END-- [ RunTime:0.000522s ]

[ 2017-07-04T19:43:01+08:00 ] ::1 /hzaucomm/index.php/Home/user/index
INFO: [ app_init ] --START--
INFO: Run Behavior\BuildLiteBehavior [ RunTime:0.000028s ]
INFO: [ app_init ] --END-- [ RunTime:0.000505s ]

[ 2017-07-04T19:43:26+08:00 ] ::1 /hzaucomm/index.php/Home/user/index?img=&username=&name=&grade=&mail=&phone=
INFO: [ app_init ] --START--
INFO: Run Behavior\BuildLiteBehavior [ RunTime:0.000027s ]
INFO: [ app_init ] --END-- [ RunTime:0.000539s ]

[ 2017-07-04T19:44:20+08:00 ] ::1 /hzaucomm/index.php/Home/user/index?img=&username=&name=&grade=&mail=&phone=
INFO: [ app_init ] --START--
INFO: Run Behavior\BuildLiteBehavior [ RunTime:0.000044s ]
INFO: [ app_init ] --END-- [ RunTime:0.001110s ]

[ 2017-07-04T19:46:05+08:00 ] ::1 /hzaucomm/index.php/Home/user/index?img=&username=&name=&grade=&mail=&phone=
INFO: [ app_init ] --START--
INFO: Run Behavior\BuildLiteBehavior [ RunTime:0.000033s ]
INFO: [ app_init ] --END-- [ RunTime:0.000595s ]

[ 2017-07-04T19:46:45+08:00 ] ::1 /hzaucomm/index.php/Home/user/index?img=&username=&name=&grade=&mail=&phone=
INFO: [ app_init ] --START--
INFO: Run Behavior\BuildLiteBehavior [ RunTime:0.000030s ]
INFO: [ app_init ] --END-- [ RunTime:0.000787s ]

[ 2017-07-04T19:48:02+08:00 ] ::1 /hzaucomm/index.php/Home/user/index?img=&username=&name=&grade=&mail=&phone=
INFO: [ app_init ] --START--
INFO: Run Behavior\BuildLiteBehavior [ RunTime:0.000065s ]
INFO: [ app_init ] --END-- [ RunTime:0.000529s ]

[ 2017-07-04T19:49:30+08:00 ] ::1 /hzaucomm/index.php/Home/user/index?img=&username=&name=&grade=&mail=&phone=
INFO: [ app_init ] --START--
INFO: Run Behavior\BuildLiteBehavior [ RunTime:0.000052s ]
INFO: [ app_init ] --END-- [ RunTime:0.000753s ]

[ 2017-07-04T19:49:58+08:00 ] ::1 /hzaucomm/index.php/Home/user/index?img=&username=&name=&grade=&mail=&phone=
INFO: [ app_init ] --START--
INFO: Run Behavior\BuildLiteBehavior [ RunTime:0.000029s ]
INFO: [ app_init ] --END-- [ RunTime:0.000510s ]

[ 2017-07-04T19:50:17+08:00 ] ::1 /hzaucomm/index.php/Home/user/index?img=&username=&name=&grade=&mail=&phone=
INFO: [ app_init ] --START--
INFO: Run Behavior\BuildLiteBehavior [ RunTime:0.000037s ]
INFO: [ app_init ] --END-- [ RunTime:0.000597s ]

[ 2017-07-04T19:51:03+08:00 ] ::1 /hzaucomm/index.php/Home/user/index?img=&username=&name=&grade=&mail=&phone=
INFO: [ app_init ] --START--
INFO: Run Behavior\BuildLiteBehavior [ RunTime:0.000032s ]
INFO: [ app_init ] --END-- [ RunTime:0.000593s ]

[ 2017-07-04T19:51:23+08:00 ] ::1 /hzaucomm/index.php/Home/user/index?img=&username=&name=&grade=&mail=&phone=
INFO: [ app_init ] --START--
INFO: Run Behavior\BuildLiteBehavior [ RunTime:0.000045s ]
INFO: [ app_init ] --END-- [ RunTime:0.000839s ]

[ 2017-07-04T19:57:54+08:00 ] ::1 /hzaucomm/index.php/Home/user/index?img=&username=&name=&grade=&mail=&phone=
INFO: [ app_init ] --START--
INFO: Run Behavior\BuildLiteBehavior [ RunTime:0.000029s ]
INFO: [ app_init ] --END-- [ RunTime:0.000563s ]

[ 2017-07-04T19:59:34+08:00 ] ::1 /hzaucomm/index.php/Home/user/index?img=&username=&name=&grade=&mail=&phone=
INFO: [ app_init ] --START--
INFO: Run Behavior\BuildLiteBehavior [ RunTime:0.000086s ]
INFO: [ app_init ] --END-- [ RunTime:0.000599s ]

[ 2017-07-04T19:59:53+08:00 ] ::1 /hzaucomm/index.php/Home/user/index?img=&username=&name=&grade=&mail=&phone=
INFO: [ app_init ] --START--
INFO: Run Behavior\BuildLiteBehavior [ RunTime:0.000029s ]
INFO: [ app_init ] --END-- [ RunTime:0.000476s ]

[ 2017-07-04T20:00:14+08:00 ] ::1 /hzaucomm/index.php/Home/user/index?img=&username=&name=&grade=&mail=&phone=
INFO: [ app_init ] --START--
INFO: Run Behavior\BuildLiteBehavior [ RunTime:0.000030s ]
INFO: [ app_init ] --END-- [ RunTime:0.000465s ]

[ 2017-07-04T20:01:00+08:00 ] ::1 /hzaucomm/index.php/Home/user/index?img=&username=&name=&grade=&mail=&phone=
INFO: [ app_init ] --START--
INFO: Run Behavior\BuildLiteBehavior [ RunTime:0.000033s ]
INFO: [ app_init ] --END-- [ RunTime:0.000562s ]

[ 2017-07-04T20:01:12+08:00 ] ::1 /hzaucomm/index.php/Home/user/index?img=&username=&name=&grade=&mail=&phone=
INFO: [ app_init ] --START--
INFO: Run Behavior\BuildLiteBehavior [ RunTime:0.000028s ]
INFO: [ app_init ] --END-- [ RunTime:0.000541s ]

[ 2017-07-04T20:04:57+08:00 ] ::1 /hzaucomm/index.php/Home/user/index?img=&username=&name=&grade=&mail=&phone=
INFO: [ app_init ] --START--
INFO: Run Behavior\BuildLiteBehavior [ RunTime:0.000029s ]
INFO: [ app_init ] --END-- [ RunTime:0.000537s ]

[ 2017-07-04T20:05:33+08:00 ] ::1 /hzaucomm/index.php/Home/user/index?img=&username=&name=&grade=&mail=&phone=
INFO: [ app_init ] --START--
INFO: Run Behavior\BuildLiteBehavior [ RunTime:0.000030s ]
INFO: [ app_init ] --END-- [ RunTime:0.000574s ]

[ 2017-07-04T20:06:06+08:00 ] ::1 /hzaucomm/index.php/Home/user/index?img=&username=&name=&grade=&mail=&phone=
INFO: [ app_init ] --START--
INFO: Run Behavior\BuildLiteBehavior [ RunTime:0.000028s ]
INFO: [ app_init ] --END-- [ RunTime:0.000471s ]

[ 2017-07-04T20:06:31+08:00 ] ::1 /hzaucomm/index.php/Home/user/index?img=&username=&name=&grade=&mail=&phone=
INFO: [ app_init ] --START--
INFO: Run Behavior\BuildLiteBehavior [ RunTime:0.000031s ]
INFO: [ app_init ] --END-- [ RunTime:0.000512s ]

[ 2017-07-04T20:07:16+08:00 ] ::1 /hzaucomm/index.php/Home/user/index?img=&username=&name=&grade=&mail=&phone=
INFO: [ app_init ] --START--
INFO: Run Behavior\BuildLiteBehavior [ RunTime:0.000033s ]
INFO: [ app_init ] --END-- [ RunTime:0.000592s ]

[ 2017-07-04T20:07:40+08:00 ] ::1 /hzaucomm/index.php/Home/user/index?img=&username=&name=&grade=&mail=&phone=
INFO: [ app_init ] --START--
INFO: Run Behavior\BuildLiteBehavior [ RunTime:0.000031s ]
INFO: [ app_init ] --END-- [ RunTime:0.000616s ]

[ 2017-07-04T20:10:49+08:00 ] ::1 /hzaucomm/index.php/Home/user/index?img=&username=&name=&grade=&mail=&phone=
INFO: [ app_init ] --START--
INFO: Run Behavior\BuildLiteBehavior [ RunTime:0.000032s ]
INFO: [ app_init ] --END-- [ RunTime:0.000671s ]

[ 2017-07-04T20:11:20+08:00 ] ::1 /hzaucomm/index.php/Home/user/index?img=&username=&name=&grade=&mail=&phone=
INFO: [ app_init ] --START--
INFO: Run Behavior\BuildLiteBehavior [ RunTime:0.000029s ]
INFO: [ app_init ] --END-- [ RunTime:0.000528s ]

[ 2017-07-04T20:11:43+08:00 ] ::1 /hzaucomm/index.php/Home/user/index?img=&username=&name=&grade=&mail=&phone=
INFO: [ app_init ] --START--
INFO: Run Behavior\BuildLiteBehavior [ RunTime:0.000034s ]
INFO: [ app_init ] --END-- [ RunTime:0.000589s ]

[ 2017-07-04T20:12:12+08:00 ] ::1 /hzaucomm/index.php/Home/user/index?img=&username=&name=&grade=&mail=&phone=
INFO: [ app_init ] --START--
INFO: Run Behavior\BuildLiteBehavior [ RunTime:0.000038s ]
INFO: [ app_init ] --END-- [ RunTime:0.000576s ]

[ 2017-07-04T20:13:02+08:00 ] ::1 /hzaucomm/index.php/Home/user/index?img=&username=&name=&grade=&mail=&phone=
INFO: [ app_init ] --START--
INFO: Run Behavior\BuildLiteBehavior [ RunTime:0.000030s ]
INFO: [ app_init ] --END-- [ RunTime:0.000559s ]

[ 2017-07-04T20:14:07+08:00 ] ::1 /hzaucomm/index.php/Home/user/index?img=&username=&name=&grade=&mail=&phone=
INFO: [ app_init ] --START--
INFO: Run Behavior\BuildLiteBehavior [ RunTime:0.000035s ]
INFO: [ app_init ] --END-- [ RunTime:0.000683s ]

[ 2017-07-04T20:14:17+08:00 ] ::1 /hzaucomm/index.php/Home/user/index?img=&username=&name=&grade=&mail=&phone=
INFO: [ app_init ] --START--
INFO: Run Behavior\BuildLiteBehavior [ RunTime:0.000029s ]
INFO: [ app_init ] --END-- [ RunTime:0.000547s ]

[ 2017-07-04T20:14:33+08:00 ] ::1 /hzaucomm/index.php/Home/user/index?img=&username=&name=&grade=&mail=&phone=
INFO: [ app_init ] --START--
INFO: Run Behavior\BuildLiteBehavior [ RunTime:0.000028s ]
INFO: [ app_init ] --END-- [ RunTime:0.000468s ]

[ 2017-07-04T20:14:45+08:00 ] ::1 /hzaucomm/index.php/Home/user/index?img=&username=&name=&grade=&mail=&phone=
INFO: [ app_init ] --START--
INFO: Run Behavior\BuildLiteBehavior [ RunTime:0.000032s ]
INFO: [ app_init ] --END-- [ RunTime:0.000515s ]

[ 2017-07-04T20:14:52+08:00 ] ::1 /hzaucomm/index.php/Home/user/index?img=&username=&name=&grade=&mail=&phone=
INFO: [ app_init ] --START--
INFO: Run Behavior\BuildLiteBehavior [ RunTime:0.000031s ]
INFO: [ app_init ] --END-- [ RunTime:0.000508s ]

[ 2017-07-04T20:15:48+08:00 ] ::1 /hzaucomm/index.php/Home/user/index?img=&username=&name=&grade=&mail=&phone=
INFO: [ app_init ] --START--
INFO: Run Behavior\BuildLiteBehavior [ RunTime:0.000029s ]
INFO: [ app_init ] --END-- [ RunTime:0.000482s ]

[ 2017-07-04T20:16:31+08:00 ] ::1 /hzaucomm/index.php/Home/user/index?img=&username=&name=&grade=&mail=&phone=
INFO: [ app_init ] --START--
INFO: Run Behavior\BuildLiteBehavior [ RunTime:0.000035s ]
INFO: [ app_init ] --END-- [ RunTime:0.000610s ]

[ 2017-07-04T20:17:45+08:00 ] ::1 /hzaucomm/index.php/Home/user/index?img=&username=&name=&grade=&mail=&phone=
INFO: [ app_init ] --START--
INFO: Run Behavior\BuildLiteBehavior [ RunTime:0.000030s ]
INFO: [ app_init ] --END-- [ RunTime:0.000530s ]

[ 2017-07-04T20:18:56+08:00 ] ::1 /hzaucomm/index.php/Home/user/index?img=&username=&name=&grade=&mail=&phone=
INFO: [ app_init ] --START--
INFO: Run Behavior\BuildLiteBehavior [ RunTime:0.000029s ]
INFO: [ app_init ] --END-- [ RunTime:0.000535s ]

[ 2017-07-04T20:19:25+08:00 ] ::1 /hzaucomm/index.php/Home/user/index?img=&username=&name=&grade=&mail=&phone=
INFO: [ app_init ] --START--
INFO: Run Behavior\BuildLiteBehavior [ RunTime:0.000028s ]
INFO: [ app_init ] --END-- [ RunTime:0.000463s ]

[ 2017-07-04T20:19:54+08:00 ] ::1 /hzaucomm/index.php/Home/user/index?img=&username=&name=&grade=&mail=&phone=
INFO: [ app_init ] --START--
INFO: Run Behavior\BuildLiteBehavior [ RunTime:0.000031s ]
INFO: [ app_init ] --END-- [ RunTime:0.000595s ]

[ 2017-07-04T20:20:27+08:00 ] ::1 /hzaucomm/index.php/Home/user/index?img=&username=&name=&grade=&mail=&phone=
INFO: [ app_init ] --START--
INFO: Run Behavior\BuildLiteBehavior [ RunTime:0.000029s ]
INFO: [ app_init ] --END-- [ RunTime:0.000477s ]

[ 2017-07-04T20:20:51+08:00 ] ::1 /hzaucomm/index.php/Home/user/index?img=&username=&name=&grade=&mail=&phone=
INFO: [ app_init ] --START--
INFO: Run Behavior\BuildLiteBehavior [ RunTime:0.000062s ]
INFO: [ app_init ] --END-- [ RunTime:0.000862s ]

[ 2017-07-04T20:21:19+08:00 ] ::1 /hzaucomm/index.php/Home/user/index?img=&username=&name=&grade=&mail=&phone=
INFO: [ app_init ] --START--
INFO: Run Behavior\BuildLiteBehavior [ RunTime:0.000083s ]
INFO: [ app_init ] --END-- [ RunTime:0.000673s ]

[ 2017-07-04T20:21:29+08:00 ] ::1 /hzaucomm/index.php/Home/user/index?img=&username=&name=&grade=&mail=&phone=
INFO: [ app_init ] --START--
INFO: Run Behavior\BuildLiteBehavior [ RunTime:0.000028s ]
INFO: [ app_init ] --END-- [ RunTime:0.000467s ]

[ 2017-07-04T20:21:59+08:00 ] ::1 /hzaucomm/index.php/Home/user/index?img=&username=&name=&grade=&mail=&phone=
INFO: [ app_init ] --START--
INFO: Run Behavior\BuildLiteBehavior [ RunTime:0.000029s ]
INFO: [ app_init ] --END-- [ RunTime:0.000560s ]

[ 2017-07-04T20:23:03+08:00 ] ::1 /hzaucomm/index.php/Home/user/index?img=&username=&name=&grade=&mail=&phone=
INFO: [ app_init ] --START--
INFO: Run Behavior\BuildLiteBehavior [ RunTime:0.000035s ]
INFO: [ app_init ] --END-- [ RunTime:0.000657s ]

[ 2017-07-04T20:23:05+08:00 ] ::1 /hzaucomm/index.php/Home/user/index?img=&username=&name=&grade=&mail=&phone=
INFO: [ app_init ] --START--
INFO: Run Behavior\BuildLiteBehavior [ RunTime:0.000033s ]
INFO: [ app_init ] --END-- [ RunTime:0.000531s ]

[ 2017-07-04T20:23:12+08:00 ] ::1 /hzaucomm/index.php/Home/user/index?img=&username=&name=&grade=&mail=&phone=
INFO: [ app_init ] --START--
INFO: Run Behavior\BuildLiteBehavior [ RunTime:0.000029s ]
INFO: [ app_init ] --END-- [ RunTime:0.000567s ]

[ 2017-07-04T20:23:39+08:00 ] ::1 /hzaucomm/index.php/Home/user/index?img=&username=&name=&grade=&mail=&phone=
INFO: [ app_init ] --START--
INFO: Run Behavior\BuildLiteBehavior [ RunTime:0.000029s ]
INFO: [ app_init ] --END-- [ RunTime:0.000602s ]

[ 2017-07-04T20:23:53+08:00 ] ::1 /hzaucomm/index.php/Home/user/index?img=&username=&name=&grade=&mail=&phone=
INFO: [ app_init ] --START--
INFO: Run Behavior\BuildLiteBehavior [ RunTime:0.000029s ]
INFO: [ app_init ] --END-- [ RunTime:0.000473s ]

[ 2017-07-04T20:24:26+08:00 ] ::1 /hzaucomm/index.php/Home/user/index?img=&username=&name=&grade=&mail=&phone=
INFO: [ app_init ] --START--
INFO: Run Behavior\BuildLiteBehavior [ RunTime:0.000029s ]
INFO: [ app_init ] --END-- [ RunTime:0.000469s ]

[ 2017-07-04T20:25:00+08:00 ] ::1 /hzaucomm/index.php/Home/user/index?img=&username=&name=&grade=&mail=&phone=
INFO: [ app_init ] --START--
INFO: Run Behavior\BuildLiteBehavior [ RunTime:0.000028s ]
INFO: [ app_init ] --END-- [ RunTime:0.000476s ]

[ 2017-07-04T20:25:31+08:00 ] ::1 /hzaucomm/index.php/Home/user/index?img=&username=&name=&grade=&mail=&phone=
INFO: [ app_init ] --START--
INFO: Run Behavior\BuildLiteBehavior [ RunTime:0.000033s ]
INFO: [ app_init ] --END-- [ RunTime:0.000536s ]

[ 2017-07-04T20:25:38+08:00 ] ::1 /hzaucomm/index.php/Home/user/index?img=&username=&name=&grade=&mail=&phone=
INFO: [ app_init ] --START--
INFO: Run Behavior\BuildLiteBehavior [ RunTime:0.000045s ]
INFO: [ app_init ] --END-- [ RunTime:0.000815s ]

[ 2017-07-04T20:25:44+08:00 ] ::1 /hzaucomm/index.php/Home/user/index?img=&username=&name=&grade=&mail=&phone=
INFO: [ app_init ] --START--
INFO: Run Behavior\BuildLiteBehavior [ RunTime:0.000028s ]
INFO: [ app_init ] --END-- [ RunTime:0.000509s ]

[ 2017-07-04T20:25:49+08:00 ] ::1 /hzaucomm/index.php/Home/user/index?img=&username=&name=&grade=&mail=&phone=
INFO: [ app_init ] --START--
INFO: Run Behavior\BuildLiteBehavior [ RunTime:0.000034s ]
INFO: [ app_init ] --END-- [ RunTime:0.000710s ]

[ 2017-07-04T20:26:42+08:00 ] ::1 /hzaucomm/index.php/Home/user/index?img=&username=&name=&grade=&mail=&phone=
INFO: [ app_init ] --START--
INFO: Run Behavior\BuildLiteBehavior [ RunTime:0.000029s ]
INFO: [ app_init ] --END-- [ RunTime:0.000520s ]

[ 2017-07-04T20:27:01+08:00 ] ::1 /hzaucomm/index.php/Home/user/index?img=&username=&name=&grade=&mail=&phone=
INFO: [ app_init ] --START--
INFO: Run Behavior\BuildLiteBehavior [ RunTime:0.000033s ]
INFO: [ app_init ] --END-- [ RunTime:0.000568s ]

[ 2017-07-04T20:28:13+08:00 ] ::1 /hzaucomm/index.php/Home/user/index?img=&username=&name=&grade=&mail=&phone=
INFO: [ app_init ] --START--
INFO: Run Behavior\BuildLiteBehavior [ RunTime:0.000029s ]
INFO: [ app_init ] --END-- [ RunTime:0.000575s ]

[ 2017-07-04T20:29:40+08:00 ] ::1 /hzaucomm/index.php/Home/user/index?img=&username=&name=&grade=&mail=&phone=
INFO: [ app_init ] --START--
INFO: Run Behavior\BuildLiteBehavior [ RunTime:0.000029s ]
INFO: [ app_init ] --END-- [ RunTime:0.000513s ]

[ 2017-07-04T20:29:48+08:00 ] ::1 /hzaucomm/index.php/Home/user/index?img=&username=&name=&grade=&mail=&phone=
INFO: [ app_init ] --START--
INFO: Run Behavior\BuildLiteBehavior [ RunTime:0.000047s ]
INFO: [ app_init ] --END-- [ RunTime:0.000715s ]

[ 2017-07-04T20:30:38+08:00 ] ::1 /hzaucomm/index.php/Home/user/index?img=&username=&name=&grade=&mail=&phone=
INFO: [ app_init ] --START--
INFO: Run Behavior\BuildLiteBehavior [ RunTime:0.000033s ]
INFO: [ app_init ] --END-- [ RunTime:0.000572s ]

[ 2017-07-04T20:30:46+08:00 ] ::1 /hzaucomm/index.php/Home/user/index?img=&username=&name=&grade=&mail=&phone=
INFO: [ app_init ] --START--
INFO: Run Behavior\BuildLiteBehavior [ RunTime:0.000028s ]
INFO: [ app_init ] --END-- [ RunTime:0.000562s ]

[ 2017-07-04T20:31:09+08:00 ] ::1 /hzaucomm/index.php/Home/user/index?img=&username=&name=&grade=&mail=&phone=
INFO: [ app_init ] --START--
INFO: Run Behavior\BuildLiteBehavior [ RunTime:0.000051s ]
INFO: [ app_init ] --END-- [ RunTime:0.000691s ]

[ 2017-07-04T20:32:30+08:00 ] ::1 /hzaucomm/index.php/Home/user/index?img=&username=&name=&grade=&mail=&phone=
INFO: [ app_init ] --START--
INFO: Run Behavior\BuildLiteBehavior [ RunTime:0.000032s ]
INFO: [ app_init ] --END-- [ RunTime:0.000547s ]

[ 2017-07-04T20:32:48+08:00 ] ::1 /hzaucomm/index.php/Home/user/index?img=&username=&name=&grade=&mail=&phone=
INFO: [ app_init ] --START--
INFO: Run Behavior\BuildLiteBehavior [ RunTime:0.000030s ]
INFO: [ app_init ] --END-- [ RunTime:0.000541s ]

[ 2017-07-04T20:34:10+08:00 ] ::1 /hzaucomm/index.php/Home/user/index?img=&username=&name=&grade=&mail=&phone=
INFO: [ app_init ] --START--
INFO: Run Behavior\BuildLiteBehavior [ RunTime:0.000046s ]
INFO: [ app_init ] --END-- [ RunTime:0.000824s ]

[ 2017-07-04T20:34:58+08:00 ] ::1 /hzaucomm/index.php/Home/user/index?img=&username=&name=&grade=&mail=&phone=
INFO: [ app_init ] --START--
INFO: Run Behavior\BuildLiteBehavior [ RunTime:0.000030s ]
INFO: [ app_init ] --END-- [ RunTime:0.000591s ]

[ 2017-07-04T20:35:50+08:00 ] ::1 /hzaucomm/index.php/Home/user/index?img=&username=&name=&grade=&mail=&phone=
INFO: [ app_init ] --START--
INFO: Run Behavior\BuildLiteBehavior [ RunTime:0.000029s ]
INFO: [ app_init ] --END-- [ RunTime:0.000510s ]

[ 2017-07-04T20:36:53+08:00 ] ::1 /hzaucomm/index.php/Home/user/index?img=&username=&name=&grade=&mail=&phone=
INFO: [ app_init ] --START--
INFO: Run Behavior\BuildLiteBehavior [ RunTime:0.000028s ]
INFO: [ app_init ] --END-- [ RunTime:0.000474s ]

[ 2017-07-04T20:43:13+08:00 ] ::1 /hzaucomm/index.php/Home/user/index?img=&username=&name=&grade=&mail=&phone=
INFO: [ app_init ] --START--
INFO: Run Behavior\BuildLiteBehavior [ RunTime:0.000029s ]
INFO: [ app_init ] --END-- [ RunTime:0.000591s ]

[ 2017-07-04T20:43:50+08:00 ] ::1 /hzaucomm/index.php/Home/user/index?img=&username=&name=&grade=&mail=&phone=
INFO: [ app_init ] --START--
INFO: Run Behavior\BuildLiteBehavior [ RunTime:0.000029s ]
INFO: [ app_init ] --END-- [ RunTime:0.000569s ]

[ 2017-07-04T20:44:31+08:00 ] ::1 /hzaucomm/index.php/Home/user/index?img=&username=&name=&grade=&mail=&phone=
INFO: [ app_init ] --START--
INFO: Run Behavior\BuildLiteBehavior [ RunTime:0.000030s ]
INFO: [ app_init ] --END-- [ RunTime:0.000538s ]

[ 2017-07-04T20:44:58+08:00 ] ::1 /hzaucomm/index.php/Home/user/index?img=&username=&name=&grade=&mail=&phone=
INFO: [ app_init ] --START--
INFO: Run Behavior\BuildLiteBehavior [ RunTime:0.000030s ]
INFO: [ app_init ] --END-- [ RunTime:0.000616s ]

[ 2017-07-04T20:45:23+08:00 ] ::1 /hzaucomm/index.php/Home/user/index?img=&username=&name=&grade=&mail=&phone=
INFO: [ app_init ] --START--
INFO: Run Behavior\BuildLiteBehavior [ RunTime:0.000055s ]
INFO: [ app_init ] --END-- [ RunTime:0.000857s ]

[ 2017-07-04T20:45:42+08:00 ] ::1 /hzaucomm/index.php/Home/user/index?img=&username=&name=&grade=&mail=&phone=
INFO: [ app_init ] --START--
INFO: Run Behavior\BuildLiteBehavior [ RunTime:0.000032s ]
INFO: [ app_init ] --END-- [ RunTime:0.000469s ]

[ 2017-07-04T20:46:14+08:00 ] ::1 /hzaucomm/index.php/Home/user/index?img=&username=&name=&grade=&mail=&phone=
INFO: [ app_init ] --START--
INFO: Run Behavior\BuildLiteBehavior [ RunTime:0.000046s ]
INFO: [ app_init ] --END-- [ RunTime:0.000664s ]

[ 2017-07-04T20:46:33+08:00 ] ::1 /hzaucomm/index.php/Home/user/index?img=&username=&name=&grade=&mail=&phone=
INFO: [ app_init ] --START--
INFO: Run Behavior\BuildLiteBehavior [ RunTime:0.000030s ]
INFO: [ app_init ] --END-- [ RunTime:0.000593s ]

[ 2017-07-04T20:48:19+08:00 ] ::1 /hzaucomm/index.php/Home/user/index?img=&username=&name=&grade=&mail=&phone=
INFO: [ app_init ] --START--
INFO: Run Behavior\BuildLiteBehavior [ RunTime:0.000034s ]
INFO: [ app_init ] --END-- [ RunTime:0.000592s ]

[ 2017-07-04T20:49:12+08:00 ] ::1 /hzaucomm/index.php/Home/user/index?img=&username=&name=&grade=&mail=&phone=
INFO: [ app_init ] --START--
INFO: Run Behavior\BuildLiteBehavior [ RunTime:0.000029s ]
INFO: [ app_init ] --END-- [ RunTime:0.000567s ]

[ 2017-07-04T20:49:52+08:00 ] ::1 /hzaucomm/index.php/Home/user/index?img=&username=&name=&grade=&mail=&phone=
INFO: [ app_init ] --START--
INFO: Run Behavior\BuildLiteBehavior [ RunTime:0.000029s ]
INFO: [ app_init ] --END-- [ RunTime:0.000529s ]

[ 2017-07-04T20:50:35+08:00 ] ::1 /hzaucomm/index.php/Home/user/index?img=&username=&name=&grade=&mail=&phone=
INFO: [ app_init ] --START--
INFO: Run Behavior\BuildLiteBehavior [ RunTime:0.000032s ]
INFO: [ app_init ] --END-- [ RunTime:0.000588s ]

[ 2017-07-04T20:51:23+08:00 ] ::1 /hzaucomm/index.php/Home/user/index?img=&username=&name=&grade=&mail=&phone=
INFO: [ app_init ] --START--
INFO: Run Behavior\BuildLiteBehavior [ RunTime:0.000029s ]
INFO: [ app_init ] --END-- [ RunTime:0.000555s ]

[ 2017-07-04T20:51:31+08:00 ] ::1 /hzaucomm/index.php/Home/user/index?expasswortd=&newpassword=&repassword=&repassword=&submit=%E7%A1%AE%E8%AE%A4
INFO: [ app_init ] --START--
INFO: Run Behavior\BuildLiteBehavior [ RunTime:0.000029s ]
INFO: [ app_init ] --END-- [ RunTime:0.000464s ]

[ 2017-07-04T20:51:38+08:00 ] ::1 /hzaucomm/index.php/Home/course/course?
INFO: [ app_init ] --START--
INFO: Run Behavior\BuildLiteBehavior [ RunTime:0.000032s ]
INFO: [ app_init ] --END-- [ RunTime:0.000544s ]

[ 2017-07-04T20:51:42+08:00 ] ::1 /hzaucomm/index.php/Home/course/showitem.html
INFO: [ app_init ] --START--
INFO: Run Behavior\BuildLiteBehavior [ RunTime:0.000029s ]
INFO: [ app_init ] --END-- [ RunTime:0.000487s ]

[ 2017-07-04T20:51:48+08:00 ] ::1 /hzaucomm/index.php/Home/course/showitem.html?title=
INFO: [ app_init ] --START--
INFO: Run Behavior\BuildLiteBehavior [ RunTime:0.000044s ]
INFO: [ app_init ] --END-- [ RunTime:0.000855s ]

[ 2017-07-04T20:56:23+08:00 ] ::1 /hzaucomm/index.php/Home/user/index?expasswortd=&newpassword=&repassword=&repassword=&submit=%E7%A1%AE%E8%AE%A4
INFO: [ app_init ] --START--
INFO: Run Behavior\BuildLiteBehavior [ RunTime:0.000030s ]
INFO: [ app_init ] --END-- [ RunTime:0.000553s ]

[ 2017-07-04T20:56:46+08:00 ] ::1 /hzaucomm/index.php/Home/user/index?expasswortd=&newpassword=&repassword=&repassword=&submit=%E7%A1%AE%E8%AE%A4
INFO: [ app_init ] --START--
INFO: Run Behavior\BuildLiteBehavior [ RunTime:0.000027s ]
INFO: [ app_init ] --END-- [ RunTime:0.000547s ]

[ 2017-07-04T20:57:07+08:00 ] ::1 /hzaucomm/index.php/Home/user/index?expasswortd=&newpassword=&repassword=&repassword=&submit=%E7%A1%AE%E8%AE%A4
INFO: [ app_init ] --START--
INFO: Run Behavior\BuildLiteBehavior [ RunTime:0.000029s ]
INFO: [ app_init ] --END-- [ RunTime:0.000459s ]

[ 2017-07-04T20:57:11+08:00 ] ::1 /hzaucomm/index.php/Home/user/index?newpassword=&repassword=&phone=&repassword=&submit=%E7%A1%AE%E8%AE%A4
INFO: [ app_init ] --START--
INFO: Run Behavior\BuildLiteBehavior [ RunTime:0.000057s ]
INFO: [ app_init ] --END-- [ RunTime:0.000957s ]

[ 2017-07-04T20:57:14+08:00 ] ::1 /hzaucomm/index.php/Home/user/index?expasswortd=&newpassword=&repassword=&repassword=&submit=%E7%A1%AE%E8%AE%A4
INFO: [ app_init ] --START--
INFO: Run Behavior\BuildLiteBehavior [ RunTime:0.000075s ]
INFO: [ app_init ] --END-- [ RunTime:0.000552s ]

[ 2017-07-04T21:14:02+08:00 ] ::1 /hzaucomm/index.php/Home/user/index?expasswortd=&newpassword=&repassword=&repassword=&submit=%E7%A1%AE%E8%AE%A4
INFO: [ app_init ] --START--
INFO: Run Behavior\BuildLiteBehavior [ RunTime:0.000033s ]
INFO: [ app_init ] --END-- [ RunTime:0.000646s ]

[ 2017-07-04T21:14:24+08:00 ] ::1 /hzaucomm/index.php/Home/user/index?expasswortd=&newpassword=&repassword=&repassword=&submit=%E7%A1%AE%E8%AE%A4
INFO: [ app_init ] --START--
INFO: Run Behavior\BuildLiteBehavior [ RunTime:0.000033s ]
INFO: [ app_init ] --END-- [ RunTime:0.000527s ]

[ 2017-07-04T21:14:32+08:00 ] ::1 /hzaucomm/index.php/Home/user/index?expasswortd=&newpassword=&repassword=&repassword=&submit=%E7%A1%AE%E8%AE%A4
INFO: [ app_init ] --START--
INFO: Run Behavior\BuildLiteBehavior [ RunTime:0.000030s ]
INFO: [ app_init ] --END-- [ RunTime:0.000488s ]

[ 2017-07-04T21:14:39+08:00 ] ::1 /hzaucomm/index.php/Home/user/index?newpassword=&repassword=&phone=&repassword=&submit=%E7%A1%AE%E8%AE%A4
INFO: [ app_init ] --START--
INFO: Run Behavior\BuildLiteBehavior [ RunTime:0.000031s ]
INFO: [ app_init ] --END-- [ RunTime:0.000798s ]

[ 2017-07-04T21:15:27+08:00 ] ::1 /hzaucomm/index.php/Home/user/index?newpassword=&repassword=&phone=&repassword=&submit=%E7%A1%AE%E8%AE%A4
INFO: [ app_init ] --START--
INFO: Run Behavior\BuildLiteBehavior [ RunTime:0.000033s ]
INFO: [ app_init ] --END-- [ RunTime:0.000534s ]

[ 2017-07-04T21:16:13+08:00 ] ::1 /hzaucomm/index.php/Home/user/index?newpassword=&repassword=&phone=&repassword=&submit=%E7%A1%AE%E8%AE%A4
INFO: [ app_init ] --START--
INFO: Run Behavior\BuildLiteBehavior [ RunTime:0.000046s ]
INFO: [ app_init ] --END-- [ RunTime:0.000589s ]

[ 2017-07-04T21:16:15+08:00 ] ::1 /hzaucomm/index.php/Home/user/index?newpassword=&repassword=&phone=&repassword=&submit=%E7%A1%AE%E8%AE%A4
INFO: [ app_init ] --START--
INFO: Run Behavior\BuildLiteBehavior [ RunTime:0.000029s ]
INFO: [ app_init ] --END-- [ RunTime:0.000533s ]

[ 2017-07-04T21:46:35+08:00 ] ::1 /hzaucomm/index.php/Home/user/index?newpassword=&repassword=&phone=&repassword=&submit=%E7%A1%AE%E8%AE%A4
INFO: [ app_init ] --START--
INFO: Run Behavior\BuildLiteBehavior [ RunTime:0.000030s ]
INFO: [ app_init ] --END-- [ RunTime:0.001972s ]

[ 2017-07-04T21:46:36+08:00 ] ::1 /hzaucomm/index.php/Home/user/index?newpassword=&repassword=&phone=&repassword=&submit=%E7%A1%AE%E8%AE%A4
INFO: [ app_init ] --START--
INFO: Run Behavior\BuildLiteBehavior [ RunTime:0.000029s ]
INFO: [ app_init ] --END-- [ RunTime:0.000495s ]

[ 2017-07-04T21:47:05+08:00 ] ::1 /hzaucomm/index.php/Home/user/index?newpassword=&repassword=&phone=&repassword=&submit=%E7%A1%AE%E8%AE%A4
INFO: [ app_init ] --START--
INFO: Run Behavior\BuildLiteBehavior [ RunTime:0.000072s ]
INFO: [ app_init ] --END-- [ RunTime:0.000571s ]

[ 2017-07-04T21:47:30+08:00 ] ::1 /hzaucomm/index.php/Home/user/index?newpassword=&repassword=&phone=&repassword=&submit=%E7%A1%AE%E8%AE%A4
INFO: [ app_init ] --START--
INFO: Run Behavior\BuildLiteBehavior [ RunTime:0.000030s ]
INFO: [ app_init ] --END-- [ RunTime:0.000507s ]

[ 2017-07-04T21:48:28+08:00 ] ::1 /hzaucomm/index.php/Home/user/index?newpassword=&repassword=&phone=&repassword=&submit=%E7%A1%AE%E8%AE%A4
INFO: [ app_init ] --START--
INFO: Run Behavior\BuildLiteBehavior [ RunTime:0.000049s ]
INFO: [ app_init ] --END-- [ RunTime:0.000507s ]

[ 2017-07-04T21:48:48+08:00 ] ::1 /hzaucomm/index.php/Home/user/index?newpassword=&repassword=&phone=&repassword=&submit=%E7%A1%AE%E8%AE%A4
INFO: [ app_init ] --START--
INFO: Run Behavior\BuildLiteBehavior [ RunTime:0.000028s ]
INFO: [ app_init ] --END-- [ RunTime:0.000547s ]

[ 2017-07-04T21:49:49+08:00 ] ::1 /hzaucomm/index.php/Home/user/index?newpassword=&repassword=&phone=&repassword=&submit=%E7%A1%AE%E8%AE%A4
INFO: [ app_init ] --START--
INFO: Run Behavior\BuildLiteBehavior [ RunTime:0.000036s ]
INFO: [ app_init ] --END-- [ RunTime:0.000585s ]

[ 2017-07-04T21:50:51+08:00 ] ::1 /hzaucomm/index.php/Home/user/index?newpassword=&repassword=&phone=&repassword=&submit=%E7%A1%AE%E8%AE%A4
INFO: [ app_init ] --START--
INFO: Run Behavior\BuildLiteBehavior [ RunTime:0.000031s ]
INFO: [ app_init ] --END-- [ RunTime:0.000693s ]

[ 2017-07-04T21:51:30+08:00 ] ::1 /hzaucomm/index.php/Home/user/index?newpassword=&repassword=&phone=&repassword=&submit=%E7%A1%AE%E8%AE%A4
INFO: [ app_init ] --START--
INFO: Run Behavior\BuildLiteBehavior [ RunTime:0.000029s ]
INFO: [ app_init ] --END-- [ RunTime:0.000538s ]

[ 2017-07-04T21:52:10+08:00 ] ::1 /hzaucomm/index.php/Home/user/index?newpassword=&repassword=&phone=&repassword=&submit=%E7%A1%AE%E8%AE%A4
INFO: [ app_init ] --START--
INFO: Run Behavior\BuildLiteBehavior [ RunTime:0.000030s ]
INFO: [ app_init ] --END-- [ RunTime:0.000509s ]

[ 2017-07-04T21:52:28+08:00 ] ::1 /hzaucomm/index.php/Home/user/index?newpassword=&repassword=&phone=&repassword=&submit=%E7%A1%AE%E8%AE%A4
INFO: [ app_init ] --START--
INFO: Run Behavior\BuildLiteBehavior [ RunTime:0.000029s ]
INFO: [ app_init ] --END-- [ RunTime:0.000478s ]

[ 2017-07-04T21:52:47+08:00 ] ::1 /hzaucomm/index.php/Home/user/index?newpassword=&repassword=&phone=&repassword=&submit=%E7%A1%AE%E8%AE%A4
INFO: [ app_init ] --START--
INFO: Run Behavior\BuildLiteBehavior [ RunTime:0.000029s ]
INFO: [ app_init ] --END-- [ RunTime:0.000542s ]

[ 2017-07-04T21:56:22+08:00 ] ::1 /hzaucomm/index.php/Home/User/application
INFO: [ app_init ] --START--
INFO: Run Behavior\BuildLiteBehavior [ RunTime:0.000030s ]
INFO: [ app_init ] --END-- [ RunTime:0.000607s ]

[ 2017-07-04T21:56:23+08:00 ] ::1 /hzaucomm/index.php/Home/User/message
INFO: [ app_init ] --START--
INFO: Run Behavior\BuildLiteBehavior [ RunTime:0.000032s ]
INFO: [ app_init ] --END-- [ RunTime:0.000504s ]

[ 2017-07-04T21:56:25+08:00 ] ::1 /hzaucomm/index.php/Home/User/application
INFO: [ app_init ] --START--
INFO: Run Behavior\BuildLiteBehavior [ RunTime:0.000031s ]
INFO: [ app_init ] --END-- [ RunTime:0.000572s ]

[ 2017-07-04T21:56:28+08:00 ] ::1 /hzaucomm/index.php/Home/User/index
INFO: [ app_init ] --START--
INFO: Run Behavior\BuildLiteBehavior [ RunTime:0.000047s ]
INFO: [ app_init ] --END-- [ RunTime:0.000676s ]

[ 2017-07-04T21:56:34+08:00 ] ::1 /hzaucomm/index.php/Home/introduction/introduction
INFO: [ app_init ] --START--
INFO: Run Behavior\BuildLiteBehavior [ RunTime:0.000030s ]
INFO: [ app_init ] --END-- [ RunTime:0.000515s ]

[ 2017-07-04T21:56:37+08:00 ] ::1 /hzaucomm/index.php/Home/introduction/connect
INFO: [ app_init ] --START--
INFO: Run Behavior\BuildLiteBehavior [ RunTime:0.000054s ]
INFO: [ app_init ] --END-- [ RunTime:0.000509s ]

[ 2017-07-04T21:56:40+08:00 ] ::1 /hzaucomm/index.php/Home/course/course
INFO: [ app_init ] --START--
INFO: Run Behavior\BuildLiteBehavior [ RunTime:0.000030s ]
INFO: [ app_init ] --END-- [ RunTime:0.000538s ]

[ 2017-07-04T21:56:42+08:00 ] ::1 /hzaucomm/index.php/Home/introduction/introduction
INFO: [ app_init ] --START--
INFO: Run Behavior\BuildLiteBehavior [ RunTime:0.000032s ]
INFO: [ app_init ] --END-- [ RunTime:0.000534s ]

