[ 2017-05-15T15:39:10+08:00 ] ::1 /hzaucomm/
INFO: [ app_init ] --START--
INFO: Run Behavior\BuildLiteBehavior [ RunTime:0.000063s ]
INFO: [ app_init ] --END-- [ RunTime:0.078175s ]

[ 2017-05-15T15:40:26+08:00 ] ::1 /hzaucomm/index.php/Home/introduction/introduction.html
INFO: [ app_init ] --START--
INFO: Run Behavior\BuildLiteBehavior [ RunTime:0.000058s ]
INFO: [ app_init ] --END-- [ RunTime:0.001536s ]

[ 2017-05-15T15:40:35+08:00 ] ::1 /hzaucomm/index.php/Home/course/course.html?
INFO: [ app_init ] --START--
INFO: Run Behavior\BuildLiteBehavior [ RunTime:0.000055s ]
INFO: [ app_init ] --END-- [ RunTime:0.001144s ]

[ 2017-05-15T15:40:37+08:00 ] ::1 /hzaucomm/index.php/Home/course/showitem.html
INFO: [ app_init ] --START--
INFO: Run Behavior\BuildLiteBehavior [ RunTime:0.000054s ]
INFO: [ app_init ] --END-- [ RunTime:0.000892s ]

[ 2017-05-15T15:40:40+08:00 ] ::1 /hzaucomm/index.php/Home/course/showitem.html?title=
INFO: [ app_init ] --START--
INFO: Run Behavior\BuildLiteBehavior [ RunTime:0.000053s ]
INFO: [ app_init ] --END-- [ RunTime:0.000839s ]

[ 2017-05-15T15:40:43+08:00 ] ::1 /hzaucomm/index.php/Home/source/picture.html
INFO: [ app_init ] --START--
INFO: Run Behavior\BuildLiteBehavior [ RunTime:0.000054s ]
INFO: [ app_init ] --END-- [ RunTime:0.000831s ]

[ 2017-05-15T15:40:44+08:00 ] ::1 /hzaucomm/index.php/Home/source/document.html
INFO: [ app_init ] --START--
INFO: Run Behavior\BuildLiteBehavior [ RunTime:0.000054s ]
INFO: [ app_init ] --END-- [ RunTime:0.000842s ]

[ 2017-05-15T15:40:46+08:00 ] ::1 /hzaucomm/index.php/Home/source/video.html
INFO: [ app_init ] --START--
INFO: Run Behavior\BuildLiteBehavior [ RunTime:0.000053s ]
INFO: [ app_init ] --END-- [ RunTime:0.000826s ]

[ 2017-05-15T15:40:48+08:00 ] ::1 /hzaucomm/index.php/Home/source/video.html
INFO: [ app_init ] --START--
INFO: Run Behavior\BuildLiteBehavior [ RunTime:0.000055s ]
INFO: [ app_init ] --END-- [ RunTime:0.000853s ]

[ 2017-05-15T15:40:50+08:00 ] ::1 /hzaucomm/index.php/Home/source/zip.html
INFO: [ app_init ] --START--
INFO: Run Behavior\BuildLiteBehavior [ RunTime:0.000056s ]
INFO: [ app_init ] --END-- [ RunTime:0.000875s ]

[ 2017-05-15T15:42:42+08:00 ] ::1 /hzaucomm/index.php/Home/about/about.html
INFO: [ app_init ] --START--
INFO: Run Behavior\BuildLiteBehavior [ RunTime:0.000055s ]
INFO: [ app_init ] --END-- [ RunTime:0.000878s ]

[ 2017-05-15T15:42:44+08:00 ] ::1 /hzaucomm/index.php/Home/comp/comp.html
INFO: [ app_init ] --START--
INFO: Run Behavior\BuildLiteBehavior [ RunTime:0.000056s ]
INFO: [ app_init ] --END-- [ RunTime:0.000884s ]

[ 2017-05-15T15:42:46+08:00 ] ::1 /hzaucomm/index.php/Home/comp/comp.html
INFO: [ app_init ] --START--
INFO: Run Behavior\BuildLiteBehavior [ RunTime:0.000059s ]
INFO: [ app_init ] --END-- [ RunTime:0.001278s ]

[ 2017-05-15T15:42:48+08:00 ] ::1 /hzaucomm/index.php/Home/comp/comp.html
INFO: [ app_init ] --START--
INFO: Run Behavior\BuildLiteBehavior [ RunTime:0.000057s ]
INFO: [ app_init ] --END-- [ RunTime:0.000901s ]

[ 2017-05-15T15:42:50+08:00 ] ::1 /hzaucomm/index.php/Home/course/course.html
INFO: [ app_init ] --START--
INFO: Run Behavior\BuildLiteBehavior [ RunTime:0.000056s ]
INFO: [ app_init ] --END-- [ RunTime:0.001082s ]

[ 2017-05-15T15:42:51+08:00 ] ::1 /hzaucomm/index.php/Home/introduction/introduction.html
INFO: [ app_init ] --START--
INFO: Run Behavior\BuildLiteBehavior [ RunTime:0.000056s ]
INFO: [ app_init ] --END-- [ RunTime:0.000922s ]

[ 2017-05-15T15:42:53+08:00 ] ::1 /hzaucomm/index.php/Home/comp/comp.html
INFO: [ app_init ] --START--
INFO: Run Behavior\BuildLiteBehavior [ RunTime:0.000056s ]
INFO: [ app_init ] --END-- [ RunTime:0.000891s ]

[ 2017-05-15T15:42:55+08:00 ] ::1 /hzaucomm/index.php/Home/introduction/introduction.html
INFO: [ app_init ] --START--
INFO: Run Behavior\BuildLiteBehavior [ RunTime:0.000055s ]
INFO: [ app_init ] --END-- [ RunTime:0.000876s ]

[ 2017-05-15T15:43:04+08:00 ] ::1 /hzaucomm/index.php/Home/index/main.html
INFO: [ app_init ] --START--
INFO: Run Behavior\BuildLiteBehavior [ RunTime:0.000054s ]
INFO: [ app_init ] --END-- [ RunTime:0.000847s ]

[ 2017-05-15T15:43:17+08:00 ] ::1 /hzaucomm/index.php/Home/introduction/introduction.html
INFO: [ app_init ] --START--
INFO: Run Behavior\BuildLiteBehavior [ RunTime:0.000053s ]
INFO: [ app_init ] --END-- [ RunTime:0.000848s ]

[ 2017-05-15T15:48:00+08:00 ] ::1 /hzaucomm/index.php/Home/source/picture.html
INFO: [ app_init ] --START--
INFO: Run Behavior\BuildLiteBehavior [ RunTime:0.000055s ]
INFO: [ app_init ] --END-- [ RunTime:0.000891s ]

[ 2017-05-15T15:48:31+08:00 ] ::1 /hzaucomm/index.php/Home/introduction/introduction.html
INFO: [ app_init ] --START--
INFO: Run Behavior\BuildLiteBehavior [ RunTime:0.000055s ]
INFO: [ app_init ] --END-- [ RunTime:0.000881s ]

[ 2017-05-15T15:48:32+08:00 ] ::1 /hzaucomm/index.php/Home/course/course.html
INFO: [ app_init ] --START--
INFO: Run Behavior\BuildLiteBehavior [ RunTime:0.000056s ]
INFO: [ app_init ] --END-- [ RunTime:0.000878s ]

[ 2017-05-15T15:48:32+08:00 ] ::1 /hzaucomm/index.php/Home/course/course.html
INFO: [ app_init ] --START--
INFO: Run Behavior\BuildLiteBehavior [ RunTime:0.000058s ]
INFO: [ app_init ] --END-- [ RunTime:0.000901s ]

[ 2017-05-15T15:48:33+08:00 ] ::1 /hzaucomm/index.php/Home/comp/comp.html
INFO: [ app_init ] --START--
INFO: Run Behavior\BuildLiteBehavior [ RunTime:0.000056s ]
INFO: [ app_init ] --END-- [ RunTime:0.000906s ]

[ 2017-05-15T15:48:34+08:00 ] ::1 /hzaucomm/index.php/Home/about/about.html
INFO: [ app_init ] --START--
INFO: Run Behavior\BuildLiteBehavior [ RunTime:0.000055s ]
INFO: [ app_init ] --END-- [ RunTime:0.000897s ]

[ 2017-05-15T15:49:23+08:00 ] ::1 /hzaucomm/index.php/Home/source/picture.html
INFO: [ app_init ] --START--
INFO: Run Behavior\BuildLiteBehavior [ RunTime:0.000056s ]
INFO: [ app_init ] --END-- [ RunTime:0.000870s ]

