[ 2017-06-13T14:12:20+08:00 ] ::1 /hzaucomm/index.php/
INFO: [ app_init ] --START--
INFO: Run Behavior\BuildLiteBehavior [ RunTime:0.000067s ]
INFO: [ app_init ] --END-- [ RunTime:0.112577s ]

[ 2017-06-13T14:13:32+08:00 ] ::1 /hzaucomm/index.php/Home/
INFO: [ app_init ] --START--
INFO: Run Behavior\BuildLiteBehavior [ RunTime:0.000056s ]
INFO: [ app_init ] --END-- [ RunTime:0.000785s ]

[ 2017-06-13T14:14:34+08:00 ] ::1 /hzaucomm/index.php/Home/
INFO: [ app_init ] --START--
INFO: Run Behavior\BuildLiteBehavior [ RunTime:0.000058s ]
INFO: [ app_init ] --END-- [ RunTime:0.000969s ]

[ 2017-06-13T14:14:41+08:00 ] ::1 /hzaucomm/index.php/Home/
INFO: [ app_init ] --START--
INFO: Run Behavior\BuildLiteBehavior [ RunTime:0.000093s ]
INFO: [ app_init ] --END-- [ RunTime:0.000859s ]

[ 2017-06-13T14:16:30+08:00 ] ::1 /hzaucomm/index.php/Home/
INFO: [ app_init ] --START--
INFO: Run Behavior\BuildLiteBehavior [ RunTime:0.000063s ]
INFO: [ app_init ] --END-- [ RunTime:0.022680s ]

[ 2017-06-13T14:17:50+08:00 ] ::1 /hzaucomm/index.php/Home/
INFO: [ app_init ] --START--
INFO: Run Behavior\BuildLiteBehavior [ RunTime:0.000056s ]
INFO: [ app_init ] --END-- [ RunTime:0.000880s ]

[ 2017-06-13T14:18:10+08:00 ] ::1 /hzaucomm/index.php/Home/introduction/introduction.html
INFO: [ app_init ] --START--
INFO: Run Behavior\BuildLiteBehavior [ RunTime:0.000064s ]
INFO: [ app_init ] --END-- [ RunTime:0.000875s ]

[ 2017-06-13T14:19:02+08:00 ] ::1 /hzaucomm/index.php/Home/introduction/introduction.html
INFO: [ app_init ] --START--
INFO: Run Behavior\BuildLiteBehavior [ RunTime:0.000058s ]
INFO: [ app_init ] --END-- [ RunTime:0.000914s ]

[ 2017-06-13T14:19:05+08:00 ] ::1 /hzaucomm/index.php/Home/course/course.html?
INFO: [ app_init ] --START--
INFO: Run Behavior\BuildLiteBehavior [ RunTime:0.000090s ]
INFO: [ app_init ] --END-- [ RunTime:0.000980s ]

[ 2017-06-13T14:19:08+08:00 ] ::1 /hzaucomm/index.php/Home/introduction/introduction.html
INFO: [ app_init ] --START--
INFO: Run Behavior\BuildLiteBehavior [ RunTime:0.000056s ]
INFO: [ app_init ] --END-- [ RunTime:0.000891s ]

[ 2017-06-13T14:19:10+08:00 ] ::1 /hzaucomm/index.php/Home/course/course.html
INFO: [ app_init ] --START--
INFO: Run Behavior\BuildLiteBehavior [ RunTime:0.000058s ]
INFO: [ app_init ] --END-- [ RunTime:0.001007s ]

[ 2017-06-13T14:19:13+08:00 ] ::1 /hzaucomm/index.php/Home/source/source.html
INFO: [ app_init ] --START--
INFO: Run Behavior\BuildLiteBehavior [ RunTime:0.000058s ]
INFO: [ app_init ] --END-- [ RunTime:0.000826s ]

[ 2017-06-13T14:19:24+08:00 ] ::1 /hzaucomm/index.php/Home/source/source.html
INFO: [ app_init ] --START--
INFO: Run Behavior\BuildLiteBehavior [ RunTime:0.000058s ]
INFO: [ app_init ] --END-- [ RunTime:0.000891s ]

[ 2017-06-13T14:19:27+08:00 ] ::1 /hzaucomm/index.php/Home/course/course.html?
INFO: [ app_init ] --START--
INFO: Run Behavior\BuildLiteBehavior [ RunTime:0.000055s ]
INFO: [ app_init ] --END-- [ RunTime:0.000783s ]

[ 2017-06-13T14:19:33+08:00 ] ::1 /hzaucomm/index.php/Home/index/main.html
INFO: [ app_init ] --START--
INFO: Run Behavior\BuildLiteBehavior [ RunTime:0.000097s ]
INFO: [ app_init ] --END-- [ RunTime:0.001153s ]

[ 2017-06-13T14:19:39+08:00 ] ::1 /hzaucomm/index.php/Home/introduction/introduction.html
INFO: [ app_init ] --START--
INFO: Run Behavior\BuildLiteBehavior [ RunTime:0.000058s ]
INFO: [ app_init ] --END-- [ RunTime:0.000887s ]

[ 2017-06-13T14:19:41+08:00 ] ::1 /hzaucomm/index.php/Home/course/course.html
INFO: [ app_init ] --START--
INFO: Run Behavior\BuildLiteBehavior [ RunTime:0.000057s ]
INFO: [ app_init ] --END-- [ RunTime:0.000805s ]

[ 2017-06-13T14:19:45+08:00 ] ::1 /hzaucomm/index.php/Home/index/main.html
INFO: [ app_init ] --START--
INFO: Run Behavior\BuildLiteBehavior [ RunTime:0.000057s ]
INFO: [ app_init ] --END-- [ RunTime:0.000824s ]

[ 2017-06-13T14:21:03+08:00 ] ::1 /hzaucomm/index.php/Home/index/main.html
INFO: [ app_init ] --START--
INFO: Run Behavior\BuildLiteBehavior [ RunTime:0.000059s ]
INFO: [ app_init ] --END-- [ RunTime:0.000888s ]

[ 2017-06-13T14:21:12+08:00 ] ::1 /hzaucomm/index.php/Home/source/source.html
INFO: [ app_init ] --START--
INFO: Run Behavior\BuildLiteBehavior [ RunTime:0.000064s ]
INFO: [ app_init ] --END-- [ RunTime:0.000920s ]

[ 2017-06-13T14:21:20+08:00 ] ::1 /hzaucomm/index.php/Home/source/picture.html
INFO: [ app_init ] --START--
INFO: Run Behavior\BuildLiteBehavior [ RunTime:0.000054s ]
INFO: [ app_init ] --END-- [ RunTime:0.000758s ]

[ 2017-06-13T14:23:19+08:00 ] ::1 /hzaucomm/index.php/Home/source/picture.html
INFO: [ app_init ] --START--
INFO: Run Behavior\BuildLiteBehavior [ RunTime:0.000058s ]
INFO: [ app_init ] --END-- [ RunTime:0.001135s ]

[ 2017-06-13T14:24:28+08:00 ] ::1 /hzaucomm/index.php/Home/source/picture.html
INFO: [ app_init ] --START--
INFO: Run Behavior\BuildLiteBehavior [ RunTime:0.000131s ]
INFO: [ app_init ] --END-- [ RunTime:0.001419s ]

[ 2017-06-13T14:24:39+08:00 ] ::1 /hzaucomm/index.php/Home/source/picture.html
INFO: [ app_init ] --START--
INFO: Run Behavior\BuildLiteBehavior [ RunTime:0.000059s ]
INFO: [ app_init ] --END-- [ RunTime:0.000850s ]

[ 2017-06-13T14:24:48+08:00 ] ::1 /hzaucomm/index.php/Home/source/picture.html
INFO: [ app_init ] --START--
INFO: Run Behavior\BuildLiteBehavior [ RunTime:0.000059s ]
INFO: [ app_init ] --END-- [ RunTime:0.000953s ]

[ 2017-06-13T14:25:03+08:00 ] ::1 /hzaucomm/index.php/Home/source/picture.html
INFO: [ app_init ] --START--
INFO: Run Behavior\BuildLiteBehavior [ RunTime:0.000062s ]
INFO: [ app_init ] --END-- [ RunTime:0.001969s ]

[ 2017-06-13T14:25:36+08:00 ] ::1 /hzaucomm/index.php/Home/source/picture.html
INFO: [ app_init ] --START--
INFO: Run Behavior\BuildLiteBehavior [ RunTime:0.000058s ]
INFO: [ app_init ] --END-- [ RunTime:0.001071s ]

[ 2017-06-13T14:25:40+08:00 ] ::1 /hzaucomm/index.php/Home/source/picture.html
INFO: [ app_init ] --START--
INFO: Run Behavior\BuildLiteBehavior [ RunTime:0.000058s ]
INFO: [ app_init ] --END-- [ RunTime:0.000828s ]

[ 2017-06-13T14:25:46+08:00 ] ::1 /hzaucomm/index.php/Home/source/picture.html
INFO: [ app_init ] --START--
INFO: Run Behavior\BuildLiteBehavior [ RunTime:0.000061s ]
INFO: [ app_init ] --END-- [ RunTime:0.001472s ]

[ 2017-06-13T14:25:56+08:00 ] ::1 /hzaucomm/index.php/Home/source/picture.html
INFO: [ app_init ] --START--
INFO: Run Behavior\BuildLiteBehavior [ RunTime:0.000171s ]
INFO: [ app_init ] --END-- [ RunTime:0.001174s ]

[ 2017-06-13T14:26:00+08:00 ] ::1 /hzaucomm/index.php/Home/source/picture.html
INFO: [ app_init ] --START--
INFO: Run Behavior\BuildLiteBehavior [ RunTime:0.000063s ]
INFO: [ app_init ] --END-- [ RunTime:0.001023s ]

[ 2017-06-13T14:26:12+08:00 ] ::1 /hzaucomm/index.php/Home/source/pic_update.html
INFO: [ app_init ] --START--
INFO: Run Behavior\BuildLiteBehavior [ RunTime:0.000054s ]
INFO: [ app_init ] --END-- [ RunTime:0.000763s ]

[ 2017-06-13T14:26:17+08:00 ] ::1 /hzaucomm/index.php/Home/source/video_update.html
INFO: [ app_init ] --START--
INFO: Run Behavior\BuildLiteBehavior [ RunTime:0.000059s ]
INFO: [ app_init ] --END-- [ RunTime:0.000927s ]

[ 2017-06-13T14:26:19+08:00 ] ::1 /hzaucomm/index.php/Home/source/zip_update.html
INFO: [ app_init ] --START--
INFO: Run Behavior\BuildLiteBehavior [ RunTime:0.000059s ]
INFO: [ app_init ] --END-- [ RunTime:0.000833s ]

[ 2017-06-13T14:26:22+08:00 ] ::1 /hzaucomm/index.php/Home/source/document_update.html
INFO: [ app_init ] --START--
INFO: Run Behavior\BuildLiteBehavior [ RunTime:0.000060s ]
INFO: [ app_init ] --END-- [ RunTime:0.000964s ]

[ 2017-06-13T14:26:24+08:00 ] ::1 /hzaucomm/index.php/Home/source/pic_update.html
INFO: [ app_init ] --START--
INFO: Run Behavior\BuildLiteBehavior [ RunTime:0.000061s ]
INFO: [ app_init ] --END-- [ RunTime:0.000825s ]

[ 2017-06-13T14:27:07+08:00 ] ::1 /hzaucomm/index.php/Home/source/picture.html
INFO: [ app_init ] --START--
INFO: Run Behavior\BuildLiteBehavior [ RunTime:0.000057s ]
INFO: [ app_init ] --END-- [ RunTime:0.000921s ]

[ 2017-06-13T14:27:24+08:00 ] ::1 /hzaucomm/index.php/Home/source/picture.html
INFO: [ app_init ] --START--
INFO: Run Behavior\BuildLiteBehavior [ RunTime:0.000057s ]
INFO: [ app_init ] --END-- [ RunTime:0.000838s ]

[ 2017-06-13T14:27:43+08:00 ] ::1 /hzaucomm/index.php/Home/source/picture.html
INFO: [ app_init ] --START--
INFO: Run Behavior\BuildLiteBehavior [ RunTime:0.000088s ]
INFO: [ app_init ] --END-- [ RunTime:0.001179s ]

[ 2017-06-13T14:28:15+08:00 ] ::1 /hzaucomm/index.php/Home/source/pic_update.html
INFO: [ app_init ] --START--
INFO: Run Behavior\BuildLiteBehavior [ RunTime:0.000057s ]
INFO: [ app_init ] --END-- [ RunTime:0.000823s ]

[ 2017-06-13T14:28:36+08:00 ] ::1 /hzaucomm/index.php/Home/source/source.html
INFO: [ app_init ] --START--
INFO: Run Behavior\BuildLiteBehavior [ RunTime:0.000058s ]
INFO: [ app_init ] --END-- [ RunTime:0.000892s ]

[ 2017-06-13T14:28:38+08:00 ] ::1 /hzaucomm/index.php/Home/source/picture.html
INFO: [ app_init ] --START--
INFO: Run Behavior\BuildLiteBehavior [ RunTime:0.000060s ]
INFO: [ app_init ] --END-- [ RunTime:0.000954s ]

[ 2017-06-13T14:28:41+08:00 ] ::1 /hzaucomm/index.php/Home/source/picture.html
INFO: [ app_init ] --START--
INFO: Run Behavior\BuildLiteBehavior [ RunTime:0.000059s ]
INFO: [ app_init ] --END-- [ RunTime:0.001298s ]

[ 2017-06-13T14:29:16+08:00 ] ::1 /hzaucomm/index.php/Home/source/picture.html
INFO: [ app_init ] --START--
INFO: Run Behavior\BuildLiteBehavior [ RunTime:0.000058s ]
INFO: [ app_init ] --END-- [ RunTime:0.000884s ]

[ 2017-06-13T14:29:32+08:00 ] ::1 /hzaucomm/index.php/Home/source/picture.html
INFO: [ app_init ] --START--
INFO: Run Behavior\BuildLiteBehavior [ RunTime:0.000059s ]
INFO: [ app_init ] --END-- [ RunTime:0.001131s ]

[ 2017-06-13T14:30:19+08:00 ] ::1 /hzaucomm/index.php/Home/source/picture.html
INFO: [ app_init ] --START--
INFO: Run Behavior\BuildLiteBehavior [ RunTime:0.000057s ]
INFO: [ app_init ] --END-- [ RunTime:0.000983s ]

[ 2017-06-13T14:30:39+08:00 ] ::1 /hzaucomm/index.php/Home/source/picture.html
INFO: [ app_init ] --START--
INFO: Run Behavior\BuildLiteBehavior [ RunTime:0.000091s ]
INFO: [ app_init ] --END-- [ RunTime:0.001451s ]

[ 2017-06-13T14:30:51+08:00 ] ::1 /hzaucomm/index.php/Home/source/picture.html
INFO: [ app_init ] --START--
INFO: Run Behavior\BuildLiteBehavior [ RunTime:0.000070s ]
INFO: [ app_init ] --END-- [ RunTime:0.000944s ]

[ 2017-06-13T14:31:00+08:00 ] ::1 /hzaucomm/index.php/Home/source/picture.html
INFO: [ app_init ] --START--
INFO: Run Behavior\BuildLiteBehavior [ RunTime:0.000064s ]
INFO: [ app_init ] --END-- [ RunTime:0.001501s ]

[ 2017-06-13T14:32:50+08:00 ] ::1 /hzaucomm/index.php/Home/source/picture.html
INFO: [ app_init ] --START--
INFO: Run Behavior\BuildLiteBehavior [ RunTime:0.000057s ]
INFO: [ app_init ] --END-- [ RunTime:0.001053s ]

[ 2017-06-13T14:33:03+08:00 ] ::1 /hzaucomm/index.php/Home/source/picture.html
INFO: [ app_init ] --START--
INFO: Run Behavior\BuildLiteBehavior [ RunTime:0.000054s ]
INFO: [ app_init ] --END-- [ RunTime:0.000919s ]

[ 2017-06-13T14:33:37+08:00 ] ::1 /hzaucomm/index.php/Home/source/picture.html
INFO: [ app_init ] --START--
INFO: Run Behavior\BuildLiteBehavior [ RunTime:0.000058s ]
INFO: [ app_init ] --END-- [ RunTime:0.000946s ]

[ 2017-06-13T14:33:47+08:00 ] ::1 /hzaucomm/index.php/Home/source/picture.html
INFO: [ app_init ] --START--
INFO: Run Behavior\BuildLiteBehavior [ RunTime:0.000057s ]
INFO: [ app_init ] --END-- [ RunTime:0.000927s ]

[ 2017-06-13T14:34:20+08:00 ] ::1 /hzaucomm/index.php/Home/source/picture.html
INFO: [ app_init ] --START--
INFO: Run Behavior\BuildLiteBehavior [ RunTime:0.000057s ]
INFO: [ app_init ] --END-- [ RunTime:0.000848s ]

[ 2017-06-13T14:34:30+08:00 ] ::1 /hzaucomm/index.php/Home/source/picture.html
INFO: [ app_init ] --START--
INFO: Run Behavior\BuildLiteBehavior [ RunTime:0.000208s ]
INFO: [ app_init ] --END-- [ RunTime:0.001279s ]

[ 2017-06-13T14:34:37+08:00 ] ::1 /hzaucomm/index.php/Home/source/picture.html
INFO: [ app_init ] --START--
INFO: Run Behavior\BuildLiteBehavior [ RunTime:0.000085s ]
INFO: [ app_init ] --END-- [ RunTime:0.001103s ]

[ 2017-06-13T14:35:09+08:00 ] ::1 /hzaucomm/index.php/Home/source/picture.html
INFO: [ app_init ] --START--
INFO: Run Behavior\BuildLiteBehavior [ RunTime:0.000059s ]
INFO: [ app_init ] --END-- [ RunTime:0.000989s ]

[ 2017-06-13T14:36:26+08:00 ] ::1 /hzaucomm/index.php/Home/source/picture.html
INFO: [ app_init ] --START--
INFO: Run Behavior\BuildLiteBehavior [ RunTime:0.000055s ]
INFO: [ app_init ] --END-- [ RunTime:0.000843s ]

[ 2017-06-13T14:36:57+08:00 ] ::1 /hzaucomm/index.php/Home/source/picture.html
INFO: [ app_init ] --START--
INFO: Run Behavior\BuildLiteBehavior [ RunTime:0.000059s ]
INFO: [ app_init ] --END-- [ RunTime:0.000957s ]

[ 2017-06-13T14:38:55+08:00 ] ::1 /hzaucomm/index.php/Home/source/picture.html
INFO: [ app_init ] --START--
INFO: Run Behavior\BuildLiteBehavior [ RunTime:0.000776s ]
INFO: [ app_init ] --END-- [ RunTime:0.001651s ]

[ 2017-06-13T14:39:12+08:00 ] ::1 /hzaucomm/index.php/Home/source/picture.html
INFO: [ app_init ] --START--
INFO: Run Behavior\BuildLiteBehavior [ RunTime:0.000056s ]
INFO: [ app_init ] --END-- [ RunTime:0.000916s ]

[ 2017-06-13T14:39:54+08:00 ] ::1 /hzaucomm/index.php/Home/source/picture.html
INFO: [ app_init ] --START--
INFO: Run Behavior\BuildLiteBehavior [ RunTime:0.000056s ]
INFO: [ app_init ] --END-- [ RunTime:0.000859s ]

[ 2017-06-13T14:40:31+08:00 ] ::1 /hzaucomm/index.php/Home/source/pic_update.html
INFO: [ app_init ] --START--
INFO: Run Behavior\BuildLiteBehavior [ RunTime:0.000059s ]
INFO: [ app_init ] --END-- [ RunTime:0.000946s ]

[ 2017-06-13T14:40:37+08:00 ] ::1 /hzaucomm/index.php/Home/source/source.html
INFO: [ app_init ] --START--
INFO: Run Behavior\BuildLiteBehavior [ RunTime:0.000059s ]
INFO: [ app_init ] --END-- [ RunTime:0.000986s ]

[ 2017-06-13T14:40:39+08:00 ] ::1 /hzaucomm/index.php/Home/source/picture.html
INFO: [ app_init ] --START--
INFO: Run Behavior\BuildLiteBehavior [ RunTime:0.000057s ]
INFO: [ app_init ] --END-- [ RunTime:0.000908s ]

[ 2017-06-13T14:44:29+08:00 ] ::1 /hzaucomm/index.php/Home/source/picture.html
INFO: [ app_init ] --START--
INFO: Run Behavior\BuildLiteBehavior [ RunTime:0.000082s ]
INFO: [ app_init ] --END-- [ RunTime:0.002705s ]

[ 2017-06-13T14:44:40+08:00 ] ::1 /hzaucomm/index.php/Home/source/picture.html
INFO: [ app_init ] --START--
INFO: Run Behavior\BuildLiteBehavior [ RunTime:0.000059s ]
INFO: [ app_init ] --END-- [ RunTime:0.000892s ]

[ 2017-06-13T14:44:42+08:00 ] ::1 /hzaucomm/index.php/Home/source/picture.html
INFO: [ app_init ] --START--
INFO: Run Behavior\BuildLiteBehavior [ RunTime:0.000054s ]
INFO: [ app_init ] --END-- [ RunTime:0.000771s ]

[ 2017-06-13T14:45:00+08:00 ] ::1 /hzaucomm/index.php/Home/source/picture.html
INFO: [ app_init ] --START--
INFO: Run Behavior\BuildLiteBehavior [ RunTime:0.000058s ]
INFO: [ app_init ] --END-- [ RunTime:0.000947s ]

[ 2017-06-13T14:45:03+08:00 ] ::1 /hzaucomm/index.php/Home/source/picture.html
INFO: [ app_init ] --START--
INFO: Run Behavior\BuildLiteBehavior [ RunTime:0.000056s ]
INFO: [ app_init ] --END-- [ RunTime:0.000766s ]

[ 2017-06-13T14:45:04+08:00 ] ::1 /hzaucomm/index.php/Home/source/document.html
INFO: [ app_init ] --START--
INFO: Run Behavior\BuildLiteBehavior [ RunTime:0.000062s ]
INFO: [ app_init ] --END-- [ RunTime:0.001995s ]

[ 2017-06-13T14:45:08+08:00 ] ::1 /hzaucomm/index.php/Home/source/picture.html
INFO: [ app_init ] --START--
INFO: Run Behavior\BuildLiteBehavior [ RunTime:0.000061s ]
INFO: [ app_init ] --END-- [ RunTime:0.001152s ]

[ 2017-06-13T14:45:35+08:00 ] ::1 /hzaucomm/index.php/Home/source/picture.html
INFO: [ app_init ] --START--
INFO: Run Behavior\BuildLiteBehavior [ RunTime:0.000123s ]
INFO: [ app_init ] --END-- [ RunTime:0.001069s ]

[ 2017-06-13T14:46:41+08:00 ] ::1 /hzaucomm/index.php/Home/source/picture.html
INFO: [ app_init ] --START--
INFO: Run Behavior\BuildLiteBehavior [ RunTime:0.000060s ]
INFO: [ app_init ] --END-- [ RunTime:0.001132s ]

[ 2017-06-13T14:46:58+08:00 ] ::1 /hzaucomm/index.php/Home/source/picture.html
INFO: [ app_init ] --START--
INFO: Run Behavior\BuildLiteBehavior [ RunTime:0.000072s ]
INFO: [ app_init ] --END-- [ RunTime:0.001381s ]

[ 2017-06-13T14:47:12+08:00 ] ::1 /hzaucomm/index.php/Home/source/picture.html
INFO: [ app_init ] --START--
INFO: Run Behavior\BuildLiteBehavior [ RunTime:0.000059s ]
INFO: [ app_init ] --END-- [ RunTime:0.001041s ]

[ 2017-06-13T14:47:41+08:00 ] ::1 /hzaucomm/index.php/Home/source/picture.html
INFO: [ app_init ] --START--
INFO: Run Behavior\BuildLiteBehavior [ RunTime:0.000055s ]
INFO: [ app_init ] --END-- [ RunTime:0.000753s ]

[ 2017-06-13T14:48:23+08:00 ] ::1 /hzaucomm/index.php/Home/source/picture.html
INFO: [ app_init ] --START--
INFO: Run Behavior\BuildLiteBehavior [ RunTime:0.000056s ]
INFO: [ app_init ] --END-- [ RunTime:0.000847s ]

[ 2017-06-13T14:48:36+08:00 ] ::1 /hzaucomm/index.php/Home/source/picture.html
INFO: [ app_init ] --START--
INFO: Run Behavior\BuildLiteBehavior [ RunTime:0.000064s ]
INFO: [ app_init ] --END-- [ RunTime:0.001120s ]

[ 2017-06-13T14:48:40+08:00 ] ::1 /hzaucomm/index.php/Home/source/picture.html
INFO: [ app_init ] --START--
INFO: Run Behavior\BuildLiteBehavior [ RunTime:0.000058s ]
INFO: [ app_init ] --END-- [ RunTime:0.000906s ]

[ 2017-06-13T14:48:56+08:00 ] ::1 /hzaucomm/index.php/Home/source/picture.html
INFO: [ app_init ] --START--
INFO: Run Behavior\BuildLiteBehavior [ RunTime:0.000056s ]
INFO: [ app_init ] --END-- [ RunTime:0.000789s ]

[ 2017-06-13T14:49:50+08:00 ] ::1 /hzaucomm/index.php/Home/source/document.html
INFO: [ app_init ] --START--
INFO: Run Behavior\BuildLiteBehavior [ RunTime:0.000057s ]
INFO: [ app_init ] --END-- [ RunTime:0.000978s ]

[ 2017-06-13T14:50:25+08:00 ] ::1 /hzaucomm/index.php/Home/source/document.html
INFO: [ app_init ] --START--
INFO: Run Behavior\BuildLiteBehavior [ RunTime:0.000056s ]
INFO: [ app_init ] --END-- [ RunTime:0.000854s ]

[ 2017-06-13T14:50:27+08:00 ] ::1 /hzaucomm/index.php/Home/source/picture.html
INFO: [ app_init ] --START--
INFO: Run Behavior\BuildLiteBehavior [ RunTime:0.000066s ]
INFO: [ app_init ] --END-- [ RunTime:0.001037s ]

[ 2017-06-13T14:50:28+08:00 ] ::1 /hzaucomm/index.php/Home/source/document.html
INFO: [ app_init ] --START--
INFO: Run Behavior\BuildLiteBehavior [ RunTime:0.000056s ]
INFO: [ app_init ] --END-- [ RunTime:0.000805s ]

[ 2017-06-13T14:50:29+08:00 ] ::1 /hzaucomm/index.php/Home/source/video.html
INFO: [ app_init ] --START--
INFO: Run Behavior\BuildLiteBehavior [ RunTime:0.000056s ]
INFO: [ app_init ] --END-- [ RunTime:0.000877s ]

[ 2017-06-13T14:52:15+08:00 ] ::1 /hzaucomm/index.php/Home/source/video.html
INFO: [ app_init ] --START--
INFO: Run Behavior\BuildLiteBehavior [ RunTime:0.000055s ]
INFO: [ app_init ] --END-- [ RunTime:0.000995s ]

[ 2017-06-13T14:52:38+08:00 ] ::1 /hzaucomm/index.php/Home/source/video.html
INFO: [ app_init ] --START--
INFO: Run Behavior\BuildLiteBehavior [ RunTime:0.000056s ]
INFO: [ app_init ] --END-- [ RunTime:0.000913s ]

[ 2017-06-13T14:52:55+08:00 ] ::1 /hzaucomm/index.php/Home/source/document.html
INFO: [ app_init ] --START--
INFO: Run Behavior\BuildLiteBehavior [ RunTime:0.000058s ]
INFO: [ app_init ] --END-- [ RunTime:0.001285s ]

[ 2017-06-13T14:54:28+08:00 ] ::1 /hzaucomm/index.php/Home/source/document.html
INFO: [ app_init ] --START--
INFO: Run Behavior\BuildLiteBehavior [ RunTime:0.000057s ]
INFO: [ app_init ] --END-- [ RunTime:0.000935s ]

[ 2017-06-13T14:54:31+08:00 ] ::1 /hzaucomm/index.php/Home/source/document.html
INFO: [ app_init ] --START--
INFO: Run Behavior\BuildLiteBehavior [ RunTime:0.000054s ]
INFO: [ app_init ] --END-- [ RunTime:0.000788s ]

[ 2017-06-13T14:54:43+08:00 ] ::1 /hzaucomm/index.php/Home/source/document.html
INFO: [ app_init ] --START--
INFO: Run Behavior\BuildLiteBehavior [ RunTime:0.000060s ]
INFO: [ app_init ] --END-- [ RunTime:0.000907s ]

[ 2017-06-13T14:54:56+08:00 ] ::1 /hzaucomm/index.php/Home/source/document.html
INFO: [ app_init ] --START--
INFO: Run Behavior\BuildLiteBehavior [ RunTime:0.000055s ]
INFO: [ app_init ] --END-- [ RunTime:0.000762s ]

[ 2017-06-13T14:55:10+08:00 ] ::1 /hzaucomm/index.php/Home/source/document.html
INFO: [ app_init ] --START--
INFO: Run Behavior\BuildLiteBehavior [ RunTime:0.000056s ]
INFO: [ app_init ] --END-- [ RunTime:0.000963s ]

[ 2017-06-13T14:55:34+08:00 ] ::1 /hzaucomm/index.php/Home/source/document.html
INFO: [ app_init ] --START--
INFO: Run Behavior\BuildLiteBehavior [ RunTime:0.000057s ]
INFO: [ app_init ] --END-- [ RunTime:0.000946s ]

[ 2017-06-13T14:55:46+08:00 ] ::1 /hzaucomm/index.php/Home/introduction/introduction.html
INFO: [ app_init ] --START--
INFO: Run Behavior\BuildLiteBehavior [ RunTime:0.000053s ]
INFO: [ app_init ] --END-- [ RunTime:0.000752s ]

[ 2017-06-13T14:55:50+08:00 ] ::1 /hzaucomm/index.php/Home/index/main.html
INFO: [ app_init ] --START--
INFO: Run Behavior\BuildLiteBehavior [ RunTime:0.000054s ]
INFO: [ app_init ] --END-- [ RunTime:0.000761s ]

[ 2017-06-13T14:55:52+08:00 ] ::1 /hzaucomm/index.php/Home/course/course.html
INFO: [ app_init ] --START--
INFO: Run Behavior\BuildLiteBehavior [ RunTime:0.000056s ]
INFO: [ app_init ] --END-- [ RunTime:0.000852s ]

[ 2017-06-13T14:55:54+08:00 ] ::1 /hzaucomm/index.php/Home/source/source.html
INFO: [ app_init ] --START--
INFO: Run Behavior\BuildLiteBehavior [ RunTime:0.000086s ]
INFO: [ app_init ] --END-- [ RunTime:0.000795s ]

[ 2017-06-13T14:55:58+08:00 ] ::1 /hzaucomm/index.php/Home/source/document.html
INFO: [ app_init ] --START--
INFO: Run Behavior\BuildLiteBehavior [ RunTime:0.000056s ]
INFO: [ app_init ] --END-- [ RunTime:0.000779s ]

[ 2017-06-13T14:56:09+08:00 ] ::1 /hzaucomm/index.php/Home/introduction/introduction.html
INFO: [ app_init ] --START--
INFO: Run Behavior\BuildLiteBehavior [ RunTime:0.000057s ]
INFO: [ app_init ] --END-- [ RunTime:0.001015s ]

[ 2017-06-13T14:56:10+08:00 ] ::1 /hzaucomm/index.php/Home/introduction/notice.html
INFO: [ app_init ] --START--
INFO: Run Behavior\BuildLiteBehavior [ RunTime:0.000055s ]
INFO: [ app_init ] --END-- [ RunTime:0.000794s ]

[ 2017-06-13T14:56:31+08:00 ] ::1 /hzaucomm/index.php/Home/introduction/notice.html
INFO: [ app_init ] --START--
INFO: Run Behavior\BuildLiteBehavior [ RunTime:0.000058s ]
INFO: [ app_init ] --END-- [ RunTime:0.000859s ]

[ 2017-06-13T14:56:33+08:00 ] ::1 /hzaucomm/index.php/Home/introduction/notice
INFO: [ app_init ] --START--
INFO: Run Behavior\BuildLiteBehavior [ RunTime:0.000058s ]
INFO: [ app_init ] --END-- [ RunTime:0.000808s ]

[ 2017-06-13T14:56:35+08:00 ] ::1 /hzaucomm/index.php/Home/introduction/introduction.html
INFO: [ app_init ] --START--
INFO: Run Behavior\BuildLiteBehavior [ RunTime:0.000098s ]
INFO: [ app_init ] --END-- [ RunTime:0.000837s ]

[ 2017-06-13T14:56:49+08:00 ] ::1 /hzaucomm/index.php/Home/introduction/introduction.html
INFO: [ app_init ] --START--
INFO: Run Behavior\BuildLiteBehavior [ RunTime:0.000057s ]
INFO: [ app_init ] --END-- [ RunTime:0.000906s ]

[ 2017-06-13T14:56:51+08:00 ] ::1 /hzaucomm/index.php/Home/introduction/introduction.html
INFO: [ app_init ] --START--
INFO: Run Behavior\BuildLiteBehavior [ RunTime:0.000058s ]
INFO: [ app_init ] --END-- [ RunTime:0.000828s ]

[ 2017-06-13T14:56:52+08:00 ] ::1 /hzaucomm/index.php/Home/introduction/notice.html
INFO: [ app_init ] --START--
INFO: Run Behavior\BuildLiteBehavior [ RunTime:0.000057s ]
INFO: [ app_init ] --END-- [ RunTime:0.000805s ]

[ 2017-06-13T14:56:57+08:00 ] ::1 /hzaucomm/index.php/Home/introduction/notice.html
INFO: [ app_init ] --START--
INFO: Run Behavior\BuildLiteBehavior [ RunTime:0.000056s ]
INFO: [ app_init ] --END-- [ RunTime:0.000774s ]

[ 2017-06-13T14:56:58+08:00 ] ::1 /hzaucomm/index.php/Home/introduction/introduction.html
INFO: [ app_init ] --START--
INFO: Run Behavior\BuildLiteBehavior [ RunTime:0.000074s ]
INFO: [ app_init ] --END-- [ RunTime:0.000833s ]

[ 2017-06-13T14:59:26+08:00 ] ::1 /hzaucomm/index.php/Home/introduction/introduction.html
INFO: [ app_init ] --START--
INFO: Run Behavior\BuildLiteBehavior [ RunTime:0.000057s ]
INFO: [ app_init ] --END-- [ RunTime:0.000952s ]

[ 2017-06-13T14:59:28+08:00 ] ::1 /hzaucomm/index.php/Home/introduction/notice
INFO: [ app_init ] --START--
INFO: Run Behavior\BuildLiteBehavior [ RunTime:0.000062s ]
INFO: [ app_init ] --END-- [ RunTime:0.001708s ]

[ 2017-06-13T14:59:29+08:00 ] ::1 /hzaucomm/index.php/Home/introduction/introduction.html
INFO: [ app_init ] --START--
INFO: Run Behavior\BuildLiteBehavior [ RunTime:0.000059s ]
INFO: [ app_init ] --END-- [ RunTime:0.000842s ]

[ 2017-06-13T14:59:54+08:00 ] ::1 /hzaucomm/index.php/Home/introduction/introduction.html
INFO: [ app_init ] --START--
INFO: Run Behavior\BuildLiteBehavior [ RunTime:0.000057s ]
INFO: [ app_init ] --END-- [ RunTime:0.001221s ]

[ 2017-06-13T14:59:57+08:00 ] ::1 /hzaucomm/index.php/Home/introduction/introduction
INFO: [ app_init ] --START--
INFO: Run Behavior\BuildLiteBehavior [ RunTime:0.000056s ]
INFO: [ app_init ] --END-- [ RunTime:0.000874s ]

[ 2017-06-13T14:59:59+08:00 ] ::1 /hzaucomm/index.php/Home/introduction/introduction
INFO: [ app_init ] --START--
INFO: Run Behavior\BuildLiteBehavior [ RunTime:0.000056s ]
INFO: [ app_init ] --END-- [ RunTime:0.000774s ]

[ 2017-06-13T15:00:00+08:00 ] ::1 /hzaucomm/index.php/Home/introduction/introduction
INFO: [ app_init ] --START--
INFO: Run Behavior\BuildLiteBehavior [ RunTime:0.000058s ]
INFO: [ app_init ] --END-- [ RunTime:0.000839s ]

[ 2017-06-13T15:00:01+08:00 ] ::1 /hzaucomm/index.php/Home/introduction/notice
INFO: [ app_init ] --START--
INFO: Run Behavior\BuildLiteBehavior [ RunTime:0.000057s ]
INFO: [ app_init ] --END-- [ RunTime:0.000842s ]

[ 2017-06-13T15:00:02+08:00 ] ::1 /hzaucomm/index.php/Home/introduction/introduction.html
INFO: [ app_init ] --START--
INFO: Run Behavior\BuildLiteBehavior [ RunTime:0.000062s ]
INFO: [ app_init ] --END-- [ RunTime:0.000881s ]

[ 2017-06-13T15:00:04+08:00 ] ::1 /hzaucomm/index.php/Home/introduction/notice
INFO: [ app_init ] --START--
INFO: Run Behavior\BuildLiteBehavior [ RunTime:0.000056s ]
INFO: [ app_init ] --END-- [ RunTime:0.000792s ]

[ 2017-06-13T15:00:06+08:00 ] ::1 /hzaucomm/index.php/Home/introduction/introduction.html
INFO: [ app_init ] --START--
INFO: Run Behavior\BuildLiteBehavior [ RunTime:0.000060s ]
INFO: [ app_init ] --END-- [ RunTime:0.000854s ]

[ 2017-06-13T15:00:19+08:00 ] ::1 /hzaucomm/index.php/Home/introduction/introduction.html
INFO: [ app_init ] --START--
INFO: Run Behavior\BuildLiteBehavior [ RunTime:0.000056s ]
INFO: [ app_init ] --END-- [ RunTime:0.000809s ]

[ 2017-06-13T15:00:20+08:00 ] ::1 /hzaucomm/index.php/Home/introduction/introduction
INFO: [ app_init ] --START--
INFO: Run Behavior\BuildLiteBehavior [ RunTime:0.000058s ]
INFO: [ app_init ] --END-- [ RunTime:0.000996s ]

[ 2017-06-13T15:00:22+08:00 ] ::1 /hzaucomm/index.php/Home/introduction/notice
INFO: [ app_init ] --START--
INFO: Run Behavior\BuildLiteBehavior [ RunTime:0.000059s ]
INFO: [ app_init ] --END-- [ RunTime:0.001043s ]

[ 2017-06-13T15:00:24+08:00 ] ::1 /hzaucomm/index.php/Home/introduction/introduction.html
INFO: [ app_init ] --START--
INFO: Run Behavior\BuildLiteBehavior [ RunTime:0.000057s ]
INFO: [ app_init ] --END-- [ RunTime:0.000819s ]

[ 2017-06-13T15:00:25+08:00 ] ::1 /hzaucomm/index.php/Home/introduction/notice
INFO: [ app_init ] --START--
INFO: Run Behavior\BuildLiteBehavior [ RunTime:0.000058s ]
INFO: [ app_init ] --END-- [ RunTime:0.000912s ]

[ 2017-06-13T15:00:30+08:00 ] ::1 /hzaucomm/index.php/Home/introduction/summary
INFO: [ app_init ] --START--
INFO: Run Behavior\BuildLiteBehavior [ RunTime:0.000054s ]
INFO: [ app_init ] --END-- [ RunTime:0.000755s ]

[ 2017-06-13T15:00:35+08:00 ] ::1 /hzaucomm/index.php/Home/introduction/introduction
INFO: [ app_init ] --START--
INFO: Run Behavior\BuildLiteBehavior [ RunTime:0.000058s ]
INFO: [ app_init ] --END-- [ RunTime:0.001064s ]

[ 2017-06-13T15:00:38+08:00 ] ::1 /hzaucomm/index.php/Home/introduction/introduction
INFO: [ app_init ] --START--
INFO: Run Behavior\BuildLiteBehavior [ RunTime:0.000059s ]
INFO: [ app_init ] --END-- [ RunTime:0.000990s ]

[ 2017-06-13T15:00:40+08:00 ] ::1 /hzaucomm/index.php/Home/introduction/notice
INFO: [ app_init ] --START--
INFO: Run Behavior\BuildLiteBehavior [ RunTime:0.000109s ]
INFO: [ app_init ] --END-- [ RunTime:0.000911s ]

[ 2017-06-13T15:00:42+08:00 ] ::1 /hzaucomm/index.php/Home/index/main
INFO: [ app_init ] --START--
INFO: Run Behavior\BuildLiteBehavior [ RunTime:0.000055s ]
INFO: [ app_init ] --END-- [ RunTime:0.000783s ]

[ 2017-06-13T15:00:44+08:00 ] ::1 /hzaucomm/index.php/Home/introduction/notice.html
INFO: [ app_init ] --START--
INFO: Run Behavior\BuildLiteBehavior [ RunTime:0.000057s ]
INFO: [ app_init ] --END-- [ RunTime:0.000844s ]

[ 2017-06-13T15:00:57+08:00 ] ::1 /hzaucomm/index.php/Home/introduction/notice.html
INFO: [ app_init ] --START--
INFO: Run Behavior\BuildLiteBehavior [ RunTime:0.000058s ]
INFO: [ app_init ] --END-- [ RunTime:0.001197s ]

[ 2017-06-13T15:30:37+08:00 ] ::1 /hzaucomm/index.php/Home/index/main
INFO: [ app_init ] --START--
INFO: Run Behavior\BuildLiteBehavior [ RunTime:0.000069s ]
INFO: [ app_init ] --END-- [ RunTime:0.001045s ]

[ 2017-06-13T15:35:18+08:00 ] ::1 /hzaucomm/index.php/Home/index/main
INFO: [ app_init ] --START--
INFO: Run Behavior\BuildLiteBehavior [ RunTime:0.000175s ]
INFO: [ app_init ] --END-- [ RunTime:0.001205s ]

[ 2017-06-13T15:35:38+08:00 ] ::1 /hzaucomm/index.php/Home/index/main
INFO: [ app_init ] --START--
INFO: Run Behavior\BuildLiteBehavior [ RunTime:0.000056s ]
INFO: [ app_init ] --END-- [ RunTime:0.000884s ]

[ 2017-06-13T15:35:52+08:00 ] ::1 /hzaucomm/index.php/Home/index/main
INFO: [ app_init ] --START--
INFO: Run Behavior\BuildLiteBehavior [ RunTime:0.000056s ]
INFO: [ app_init ] --END-- [ RunTime:0.000809s ]

[ 2017-06-13T15:36:00+08:00 ] ::1 /hzaucomm/index.php/Home/index/main
INFO: [ app_init ] --START--
INFO: Run Behavior\BuildLiteBehavior [ RunTime:0.000056s ]
INFO: [ app_init ] --END-- [ RunTime:0.000796s ]

[ 2017-06-13T15:36:07+08:00 ] ::1 /hzaucomm/index.php/Home/index/main
INFO: [ app_init ] --START--
INFO: Run Behavior\BuildLiteBehavior [ RunTime:0.000056s ]
INFO: [ app_init ] --END-- [ RunTime:0.000878s ]

[ 2017-06-13T15:36:14+08:00 ] ::1 /hzaucomm/index.php/Home/index/main
INFO: [ app_init ] --START--
INFO: Run Behavior\BuildLiteBehavior [ RunTime:0.000057s ]
INFO: [ app_init ] --END-- [ RunTime:0.000825s ]

[ 2017-06-13T15:41:01+08:00 ] ::1 /hzaucomm/index.php/Home/source/source
INFO: [ app_init ] --START--
INFO: Run Behavior\BuildLiteBehavior [ RunTime:0.000058s ]
INFO: [ app_init ] --END-- [ RunTime:0.001276s ]

[ 2017-06-13T15:41:04+08:00 ] ::1 /hzaucomm/index.php/Home/course/course
INFO: [ app_init ] --START--
INFO: Run Behavior\BuildLiteBehavior [ RunTime:0.000058s ]
INFO: [ app_init ] --END-- [ RunTime:0.000865s ]

[ 2017-06-13T15:41:06+08:00 ] ::1 /hzaucomm/index.php/Home/course/themeluanch
INFO: [ app_init ] --START--
INFO: Run Behavior\BuildLiteBehavior [ RunTime:0.000056s ]
INFO: [ app_init ] --END-- [ RunTime:0.000787s ]

[ 2017-06-13T15:41:58+08:00 ] ::1 /hzaucomm/index.php/Home/course/themeluanch
INFO: [ app_init ] --START--
INFO: Run Behavior\BuildLiteBehavior [ RunTime:0.000059s ]
INFO: [ app_init ] --END-- [ RunTime:0.001180s ]

[ 2017-06-13T15:42:21+08:00 ] ::1 /hzaucomm/index.php/Home/course/themeluanch
INFO: [ app_init ] --START--
INFO: Run Behavior\BuildLiteBehavior [ RunTime:0.000092s ]
INFO: [ app_init ] --END-- [ RunTime:0.001045s ]

[ 2017-06-13T15:42:34+08:00 ] ::1 /hzaucomm/index.php/Home/course/themeluanch
INFO: [ app_init ] --START--
INFO: Run Behavior\BuildLiteBehavior [ RunTime:0.000053s ]
INFO: [ app_init ] --END-- [ RunTime:0.000787s ]

[ 2017-06-13T15:43:43+08:00 ] ::1 /hzaucomm/index.php/Home/course/themeluanch
INFO: [ app_init ] --START--
INFO: Run Behavior\BuildLiteBehavior [ RunTime:0.000059s ]
INFO: [ app_init ] --END-- [ RunTime:0.001072s ]

[ 2017-06-13T15:44:05+08:00 ] ::1 /hzaucomm/index.php/Home/course/themeluanch
INFO: [ app_init ] --START--
INFO: Run Behavior\BuildLiteBehavior [ RunTime:0.000057s ]
INFO: [ app_init ] --END-- [ RunTime:0.000821s ]

[ 2017-06-13T15:46:32+08:00 ] ::1 /hzaucomm/index.php/Home/course/themeluanch
INFO: [ app_init ] --START--
INFO: Run Behavior\BuildLiteBehavior [ RunTime:0.000059s ]
INFO: [ app_init ] --END-- [ RunTime:0.001075s ]

[ 2017-06-13T15:47:35+08:00 ] ::1 /hzaucomm/index.php/Home/course/themeluanch
INFO: [ app_init ] --START--
INFO: Run Behavior\BuildLiteBehavior [ RunTime:0.000058s ]
INFO: [ app_init ] --END-- [ RunTime:0.000870s ]

[ 2017-06-13T15:47:37+08:00 ] ::1 /hzaucomm/index.php/Home/course/themeluanch
INFO: [ app_init ] --START--
INFO: Run Behavior\BuildLiteBehavior [ RunTime:0.000084s ]
INFO: [ app_init ] --END-- [ RunTime:0.000945s ]

[ 2017-06-13T15:47:47+08:00 ] ::1 /hzaucomm/index.php/Home/course/themeluanch
INFO: [ app_init ] --START--
INFO: Run Behavior\BuildLiteBehavior [ RunTime:0.000056s ]
INFO: [ app_init ] --END-- [ RunTime:0.000829s ]

[ 2017-06-13T15:47:48+08:00 ] ::1 /hzaucomm/index.php/Home/course/themeluanch
INFO: [ app_init ] --START--
INFO: Run Behavior\BuildLiteBehavior [ RunTime:0.000056s ]
INFO: [ app_init ] --END-- [ RunTime:0.000864s ]

[ 2017-06-13T15:49:58+08:00 ] ::1 /hzaucomm/index.php/Home/course/themeluanch
INFO: [ app_init ] --START--
INFO: Run Behavior\BuildLiteBehavior [ RunTime:0.000055s ]
INFO: [ app_init ] --END-- [ RunTime:0.000858s ]

[ 2017-06-13T15:50:25+08:00 ] ::1 /hzaucomm/index.php/Home/course/themeluanch
INFO: [ app_init ] --START--
INFO: Run Behavior\BuildLiteBehavior [ RunTime:0.000061s ]
INFO: [ app_init ] --END-- [ RunTime:0.001512s ]

[ 2017-06-13T15:50:51+08:00 ] ::1 /hzaucomm/index.php/Home/course/themeluanch
INFO: [ app_init ] --START--
INFO: Run Behavior\BuildLiteBehavior [ RunTime:0.000062s ]
INFO: [ app_init ] --END-- [ RunTime:0.000851s ]

[ 2017-06-13T15:50:59+08:00 ] ::1 /hzaucomm/index.php/Home/course/themeluanch
INFO: [ app_init ] --START--
INFO: Run Behavior\BuildLiteBehavior [ RunTime:0.000058s ]
INFO: [ app_init ] --END-- [ RunTime:0.000891s ]

[ 2017-06-13T15:51:48+08:00 ] ::1 /hzaucomm/index.php/Home/course/themeluanch
INFO: [ app_init ] --START--
INFO: Run Behavior\BuildLiteBehavior [ RunTime:0.000056s ]
INFO: [ app_init ] --END-- [ RunTime:0.000844s ]

[ 2017-06-13T15:52:28+08:00 ] ::1 /hzaucomm/index.php/Home/course/themeluanch
INFO: [ app_init ] --START--
INFO: Run Behavior\BuildLiteBehavior [ RunTime:0.000057s ]
INFO: [ app_init ] --END-- [ RunTime:0.001054s ]

[ 2017-06-13T16:29:01+08:00 ] ::1 /hzaucomm/index.php/Home/course/themeluanch
INFO: [ app_init ] --START--
INFO: Run Behavior\BuildLiteBehavior [ RunTime:0.000063s ]
INFO: [ app_init ] --END-- [ RunTime:0.027819s ]

[ 2017-06-13T16:29:53+08:00 ] ::1 /hzaucomm/index.php/Home/course/themeluanch
INFO: [ app_init ] --START--
INFO: Run Behavior\BuildLiteBehavior [ RunTime:0.000058s ]
INFO: [ app_init ] --END-- [ RunTime:0.000999s ]

[ 2017-06-13T16:30:35+08:00 ] ::1 /hzaucomm/index.php/Home/course/themeluanch
INFO: [ app_init ] --START--
INFO: Run Behavior\BuildLiteBehavior [ RunTime:0.000057s ]
INFO: [ app_init ] --END-- [ RunTime:0.000952s ]

[ 2017-06-13T16:30:51+08:00 ] ::1 /hzaucomm/index.php/Home/course/themeluanch
INFO: [ app_init ] --START--
INFO: Run Behavior\BuildLiteBehavior [ RunTime:0.000057s ]
INFO: [ app_init ] --END-- [ RunTime:0.000917s ]

[ 2017-06-13T16:30:51+08:00 ] ::1 /hzaucomm/index.php/Home/course/themeluanch
INFO: [ app_init ] --START--
INFO: Run Behavior\BuildLiteBehavior [ RunTime:0.000057s ]
INFO: [ app_init ] --END-- [ RunTime:0.000882s ]

