[ 2017-05-27T14:47:56+08:00 ] ::1 /hzaucomm/Public/face/css/video.css
INFO: [ app_init ] --START--
INFO: Run Behavior\BuildLiteBehavior [ RunTime:0.000057s ]
INFO: [ app_init ] --END-- [ RunTime:0.000843s ]
ERR: 无法加载模块:Public

[ 2017-05-27T14:47:58+08:00 ] ::1 /hzaucomm/Public/face/css/video.css
INFO: [ app_init ] --START--
INFO: Run Behavior\BuildLiteBehavior [ RunTime:0.000056s ]
INFO: [ app_init ] --END-- [ RunTime:0.000826s ]
ERR: 无法加载模块:Public

[ 2017-05-27T14:57:46+08:00 ] ::1 /hzaucomm/Public/face/css/video.css
INFO: [ app_init ] --START--
INFO: Run Behavior\BuildLiteBehavior [ RunTime:0.000055s ]
INFO: [ app_init ] --END-- [ RunTime:0.000886s ]
ERR: 无法加载模块:Public

[ 2017-05-27T16:04:48+08:00 ] ::1 /hzaucomm/Public/face/css/video.css
INFO: [ app_init ] --START--
INFO: Run Behavior\BuildLiteBehavior [ RunTime:0.000055s ]
INFO: [ app_init ] --END-- [ RunTime:0.000833s ]
ERR: 无法加载模块:Public

[ 2017-05-27T16:06:09+08:00 ] ::1 /hzaucomm/Public/face/css/video.css
INFO: [ app_init ] --START--
INFO: Run Behavior\BuildLiteBehavior [ RunTime:0.000054s ]
INFO: [ app_init ] --END-- [ RunTime:0.000770s ]
ERR: 无法加载模块:Public

