[ 2017-06-03T12:45:40+08:00 ] ::1 /hzaucomm/Public/face/images/logp.png
INFO: [ app_init ] --START--
INFO: Run Behavior\BuildLiteBehavior [ RunTime:0.000055s ]
INFO: [ app_init ] --END-- [ RunTime:0.001154s ]
ERR: 无法加载模块:Public

[ 2017-06-03T12:45:48+08:00 ] ::1 /hzaucomm/Public/face/images/logp.png
INFO: [ app_init ] --START--
INFO: Run Behavior\BuildLiteBehavior [ RunTime:0.000056s ]
INFO: [ app_init ] --END-- [ RunTime:0.000900s ]
ERR: 无法加载模块:Public

[ 2017-06-03T12:46:08+08:00 ] ::1 /hzaucomm/Public/face/images/logp.png
INFO: [ app_init ] --START--
INFO: Run Behavior\BuildLiteBehavior [ RunTime:0.000057s ]
INFO: [ app_init ] --END-- [ RunTime:0.000994s ]
ERR: 无法加载模块:Public

[ 2017-06-03T12:47:32+08:00 ] ::1 /hzaucomm/Public/face/css/images/logo.png
INFO: [ app_init ] --START--
INFO: Run Behavior\BuildLiteBehavior [ RunTime:0.008461s ]
INFO: [ app_init ] --END-- [ RunTime:0.009573s ]
ERR: 无法加载模块:Public

[ 2017-06-03T12:47:33+08:00 ] ::1 /hzaucomm/Public/face/css/images/logo.png
INFO: [ app_init ] --START--
INFO: Run Behavior\BuildLiteBehavior [ RunTime:0.000058s ]
INFO: [ app_init ] --END-- [ RunTime:0.000947s ]
ERR: 无法加载模块:Public

[ 2017-06-03T12:47:36+08:00 ] ::1 /hzaucomm/Public/face/css/images/logo.png
INFO: [ app_init ] --START--
INFO: Run Behavior\BuildLiteBehavior [ RunTime:0.000055s ]
INFO: [ app_init ] --END-- [ RunTime:0.000870s ]
ERR: 无法加载模块:Public

