[ 2017-06-07T12:47:44+08:00 ] ::1 /hzaucomm/index.php/Admin/Source/zip
INFO: [ app_init ] --START--
INFO: Run Behavior\BuildLiteBehavior [ RunTime:0.000062s ]
INFO: [ app_init ] --END-- [ RunTime:0.021693s ]

[ 2017-06-07T13:08:19+08:00 ] ::1 /hzaucomm/index.php/Admin/Source/picture
INFO: [ app_init ] --START--
INFO: Run Behavior\BuildLiteBehavior [ RunTime:0.000054s ]
INFO: [ app_init ] --END-- [ RunTime:0.000832s ]

[ 2017-06-07T13:08:24+08:00 ] ::1 /hzaucomm/index.php/Admin/Source/video
INFO: [ app_init ] --START--
INFO: Run Behavior\BuildLiteBehavior [ RunTime:0.000057s ]
INFO: [ app_init ] --END-- [ RunTime:0.000813s ]

[ 2017-06-07T13:08:33+08:00 ] ::1 /hzaucomm/index.php/Admin/Course/course
INFO: [ app_init ] --START--
INFO: Run Behavior\BuildLiteBehavior [ RunTime:0.000057s ]
INFO: [ app_init ] --END-- [ RunTime:0.000812s ]

[ 2017-06-07T13:10:40+08:00 ] ::1 /hzaucomm/index.php/Admin/Source/pic_update
INFO: [ app_init ] --START--
INFO: Run Behavior\BuildLiteBehavior [ RunTime:0.000054s ]
INFO: [ app_init ] --END-- [ RunTime:0.000829s ]

[ 2017-06-07T13:10:43+08:00 ] ::1 /hzaucomm/index.php/Admin/Source/doc_update
INFO: [ app_init ] --START--
INFO: Run Behavior\BuildLiteBehavior [ RunTime:0.000056s ]
INFO: [ app_init ] --END-- [ RunTime:0.000851s ]

[ 2017-06-07T13:10:46+08:00 ] ::1 /hzaucomm/index.php/Admin/Source/vid_update
INFO: [ app_init ] --START--
INFO: Run Behavior\BuildLiteBehavior [ RunTime:0.000068s ]
INFO: [ app_init ] --END-- [ RunTime:0.001739s ]

[ 2017-06-07T13:10:50+08:00 ] ::1 /hzaucomm/index.php/Admin/Source/zip_update
INFO: [ app_init ] --START--
INFO: Run Behavior\BuildLiteBehavior [ RunTime:0.000055s ]
INFO: [ app_init ] --END-- [ RunTime:0.000816s ]

[ 2017-06-07T13:11:36+08:00 ] ::1 /hzaucomm/index.php/Admin/Source/pic_update
INFO: [ app_init ] --START--
INFO: Run Behavior\BuildLiteBehavior [ RunTime:0.000057s ]
INFO: [ app_init ] --END-- [ RunTime:0.000809s ]

[ 2017-06-07T13:11:53+08:00 ] ::1 /hzaucomm/index.php/Admin/Source/pic_update
INFO: [ app_init ] --START--
INFO: Run Behavior\BuildLiteBehavior [ RunTime:0.000055s ]
INFO: [ app_init ] --END-- [ RunTime:0.000766s ]

[ 2017-06-07T13:12:01+08:00 ] ::1 /hzaucomm/index.php/Admin/Source/doc_update
INFO: [ app_init ] --START--
INFO: Run Behavior\BuildLiteBehavior [ RunTime:0.000052s ]
INFO: [ app_init ] --END-- [ RunTime:0.000745s ]

[ 2017-06-07T13:12:50+08:00 ] ::1 /hzaucomm/index.php/Admin/Source/doc_update
INFO: [ app_init ] --START--
INFO: Run Behavior\BuildLiteBehavior [ RunTime:0.000058s ]
INFO: [ app_init ] --END-- [ RunTime:0.001050s ]

[ 2017-06-07T13:13:01+08:00 ] ::1 /hzaucomm/index.php/Admin/Source/doc_update
INFO: [ app_init ] --START--
INFO: Run Behavior\BuildLiteBehavior [ RunTime:0.000057s ]
INFO: [ app_init ] --END-- [ RunTime:0.001920s ]

[ 2017-06-07T13:13:04+08:00 ] ::1 /hzaucomm/index.php/Admin/Source/zip_update
INFO: [ app_init ] --START--
INFO: Run Behavior\BuildLiteBehavior [ RunTime:0.000058s ]
INFO: [ app_init ] --END-- [ RunTime:0.000857s ]

[ 2017-06-07T13:14:03+08:00 ] ::1 /hzaucomm/index.php/Admin/Source/zip_update
INFO: [ app_init ] --START--
INFO: Run Behavior\BuildLiteBehavior [ RunTime:0.000058s ]
INFO: [ app_init ] --END-- [ RunTime:0.000907s ]

[ 2017-06-07T13:14:10+08:00 ] ::1 /hzaucomm/index.php/Admin/Source/pic_update
INFO: [ app_init ] --START--
INFO: Run Behavior\BuildLiteBehavior [ RunTime:0.000055s ]
INFO: [ app_init ] --END-- [ RunTime:0.000764s ]

[ 2017-06-07T13:14:39+08:00 ] ::1 /hzaucomm/index.php/Admin/Source/pic_update
INFO: [ app_init ] --START--
INFO: Run Behavior\BuildLiteBehavior [ RunTime:0.000057s ]
INFO: [ app_init ] --END-- [ RunTime:0.000800s ]

[ 2017-06-07T13:15:03+08:00 ] ::1 /hzaucomm/index.php/Admin/Source/doc_update
INFO: [ app_init ] --START--
INFO: Run Behavior\BuildLiteBehavior [ RunTime:0.000056s ]
INFO: [ app_init ] --END-- [ RunTime:0.001026s ]

[ 2017-06-07T13:15:26+08:00 ] ::1 /hzaucomm/index.php/Admin/Source/doc_update
INFO: [ app_init ] --START--
INFO: Run Behavior\BuildLiteBehavior [ RunTime:0.000055s ]
INFO: [ app_init ] --END-- [ RunTime:0.000783s ]

[ 2017-06-07T13:15:32+08:00 ] ::1 /hzaucomm/index.php/Admin/Source/picture
INFO: [ app_init ] --START--
INFO: Run Behavior\BuildLiteBehavior [ RunTime:0.000057s ]
INFO: [ app_init ] --END-- [ RunTime:0.000830s ]

[ 2017-06-07T13:15:35+08:00 ] ::1 /hzaucomm/index.php/Admin/Introduction/introduction
INFO: [ app_init ] --START--
INFO: Run Behavior\BuildLiteBehavior [ RunTime:0.000056s ]
INFO: [ app_init ] --END-- [ RunTime:0.000794s ]

[ 2017-06-07T13:15:41+08:00 ] ::1 /hzaucomm/index.php/Admin/Introduction/notice
INFO: [ app_init ] --START--
INFO: Run Behavior\BuildLiteBehavior [ RunTime:0.000056s ]
INFO: [ app_init ] --END-- [ RunTime:0.000787s ]

[ 2017-06-07T13:16:19+08:00 ] ::1 /hzaucomm/index.php/Admin/Introduction/notice
INFO: [ app_init ] --START--
INFO: Run Behavior\BuildLiteBehavior [ RunTime:0.000055s ]
INFO: [ app_init ] --END-- [ RunTime:0.000803s ]

[ 2017-06-07T13:16:24+08:00 ] ::1 /hzaucomm/index.php/Admin/Index/index
INFO: [ app_init ] --START--
INFO: Run Behavior\BuildLiteBehavior [ RunTime:0.000056s ]
INFO: [ app_init ] --END-- [ RunTime:0.000797s ]

[ 2017-06-07T13:21:08+08:00 ] ::1 /hzaucomm/index.php/Admin/Course/course
INFO: [ app_init ] --START--
INFO: Run Behavior\BuildLiteBehavior [ RunTime:0.000059s ]
INFO: [ app_init ] --END-- [ RunTime:0.001171s ]

[ 2017-06-07T13:21:13+08:00 ] ::1 /hzaucomm/index.php/Admin/Course/course
INFO: [ app_init ] --START--
INFO: Run Behavior\BuildLiteBehavior [ RunTime:0.000055s ]
INFO: [ app_init ] --END-- [ RunTime:0.000787s ]

[ 2017-06-07T13:22:45+08:00 ] ::1 /hzaucomm/index.php/Admin/Course/course
INFO: [ app_init ] --START--
INFO: Run Behavior\BuildLiteBehavior [ RunTime:0.000055s ]
INFO: [ app_init ] --END-- [ RunTime:0.000783s ]

[ 2017-06-07T13:23:07+08:00 ] ::1 /hzaucomm/index.php/Admin/Course/course
INFO: [ app_init ] --START--
INFO: Run Behavior\BuildLiteBehavior [ RunTime:0.000060s ]
INFO: [ app_init ] --END-- [ RunTime:0.000866s ]

[ 2017-06-07T13:23:19+08:00 ] ::1 /hzaucomm/index.php/Admin/Course/course
INFO: [ app_init ] --START--
INFO: Run Behavior\BuildLiteBehavior [ RunTime:0.000057s ]
INFO: [ app_init ] --END-- [ RunTime:0.000820s ]

[ 2017-06-07T13:23:29+08:00 ] ::1 /hzaucomm/index.php/Admin/Course/course
INFO: [ app_init ] --START--
INFO: Run Behavior\BuildLiteBehavior [ RunTime:0.000055s ]
INFO: [ app_init ] --END-- [ RunTime:0.000757s ]

[ 2017-06-07T13:23:38+08:00 ] ::1 /hzaucomm/index.php/Admin/Course/course
INFO: [ app_init ] --START--
INFO: Run Behavior\BuildLiteBehavior [ RunTime:0.000055s ]
INFO: [ app_init ] --END-- [ RunTime:0.000767s ]

[ 2017-06-07T13:24:20+08:00 ] ::1 /hzaucomm/index.php/Admin/Course/course
INFO: [ app_init ] --START--
INFO: Run Behavior\BuildLiteBehavior [ RunTime:0.000055s ]
INFO: [ app_init ] --END-- [ RunTime:0.000958s ]

[ 2017-06-07T13:25:18+08:00 ] ::1 /hzaucomm/index.php/Admin/Course/course
INFO: [ app_init ] --START--
INFO: Run Behavior\BuildLiteBehavior [ RunTime:0.000058s ]
INFO: [ app_init ] --END-- [ RunTime:0.000833s ]

[ 2017-06-07T13:25:57+08:00 ] ::1 /hzaucomm/index.php/Admin/Course/course
INFO: [ app_init ] --START--
INFO: Run Behavior\BuildLiteBehavior [ RunTime:0.000057s ]
INFO: [ app_init ] --END-- [ RunTime:0.000881s ]

[ 2017-06-07T13:26:37+08:00 ] ::1 /hzaucomm/index.php/Admin/Course/course
INFO: [ app_init ] --START--
INFO: Run Behavior\BuildLiteBehavior [ RunTime:0.000054s ]
INFO: [ app_init ] --END-- [ RunTime:0.000759s ]

[ 2017-06-07T13:26:56+08:00 ] ::1 /hzaucomm/index.php/Admin/Comp/comp
INFO: [ app_init ] --START--
INFO: Run Behavior\BuildLiteBehavior [ RunTime:0.000056s ]
INFO: [ app_init ] --END-- [ RunTime:0.000822s ]

[ 2017-06-07T13:27:53+08:00 ] ::1 /hzaucomm/index.php/Admin/Comp/comp
INFO: [ app_init ] --START--
INFO: Run Behavior\BuildLiteBehavior [ RunTime:0.000056s ]
INFO: [ app_init ] --END-- [ RunTime:0.000764s ]

[ 2017-06-07T13:29:11+08:00 ] ::1 /hzaucomm/index.php/Admin/Source/pic_update
INFO: [ app_init ] --START--
INFO: Run Behavior\BuildLiteBehavior [ RunTime:0.000058s ]
INFO: [ app_init ] --END-- [ RunTime:0.000901s ]

