[ 2017-06-05T12:17:37+08:00 ] ::1 /hzaucomm/admin
INFO: [ app_init ] --START--
INFO: Run Behavior\BuildLiteBehavior [ RunTime:0.000063s ]
INFO: [ app_init ] --END-- [ RunTime:0.037625s ]

[ 2017-06-05T12:18:04+08:00 ] ::1 /hzaucomm/admin
INFO: [ app_init ] --START--
INFO: Run Behavior\BuildLiteBehavior [ RunTime:0.000053s ]
INFO: [ app_init ] --END-- [ RunTime:0.000754s ]

[ 2017-06-05T12:23:57+08:00 ] ::1 /hzaucomm/admin
INFO: [ app_init ] --START--
INFO: Run Behavior\BuildLiteBehavior [ RunTime:0.001971s ]
INFO: [ app_init ] --END-- [ RunTime:0.002953s ]

[ 2017-06-05T12:26:40+08:00 ] ::1 /hzaucomm/admin
INFO: [ app_init ] --START--
INFO: Run Behavior\BuildLiteBehavior [ RunTime:0.000062s ]
INFO: [ app_init ] --END-- [ RunTime:0.020891s ]

[ 2017-06-05T12:26:44+08:00 ] ::1 /hzaucomm/admin
INFO: [ app_init ] --START--
INFO: Run Behavior\BuildLiteBehavior [ RunTime:0.000057s ]
INFO: [ app_init ] --END-- [ RunTime:0.001185s ]

[ 2017-06-05T12:26:51+08:00 ] ::1 /hzaucomm/admin
INFO: [ app_init ] --START--
INFO: Run Behavior\BuildLiteBehavior [ RunTime:0.000055s ]
INFO: [ app_init ] --END-- [ RunTime:0.000758s ]

[ 2017-06-05T12:28:11+08:00 ] ::1 /hzaucomm/admin
INFO: [ app_init ] --START--
INFO: Run Behavior\BuildLiteBehavior [ RunTime:0.000055s ]
INFO: [ app_init ] --END-- [ RunTime:0.000788s ]

[ 2017-06-05T12:29:38+08:00 ] ::1 /hzaucomm/admin
INFO: [ app_init ] --START--
INFO: Run Behavior\BuildLiteBehavior [ RunTime:0.000058s ]
INFO: [ app_init ] --END-- [ RunTime:0.000877s ]

[ 2017-06-05T12:30:22+08:00 ] ::1 /hzaucomm/admin
INFO: [ app_init ] --START--
INFO: Run Behavior\BuildLiteBehavior [ RunTime:0.000055s ]
INFO: [ app_init ] --END-- [ RunTime:0.000754s ]

[ 2017-06-05T12:32:53+08:00 ] ::1 /hzaucomm/admin
INFO: [ app_init ] --START--
INFO: Run Behavior\BuildLiteBehavior [ RunTime:0.000072s ]
INFO: [ app_init ] --END-- [ RunTime:0.000848s ]

[ 2017-06-05T12:32:54+08:00 ] ::1 /hzaucomm/admin
INFO: [ app_init ] --START--
INFO: Run Behavior\BuildLiteBehavior [ RunTime:0.000056s ]
INFO: [ app_init ] --END-- [ RunTime:0.000807s ]

[ 2017-06-05T12:38:22+08:00 ] ::1 /hzaucomm/admin
INFO: [ app_init ] --START--
INFO: Run Behavior\BuildLiteBehavior [ RunTime:0.000055s ]
INFO: [ app_init ] --END-- [ RunTime:0.000858s ]

[ 2017-06-05T12:38:36+08:00 ] ::1 /hzaucomm/admin
INFO: [ app_init ] --START--
INFO: Run Behavior\BuildLiteBehavior [ RunTime:0.000055s ]
INFO: [ app_init ] --END-- [ RunTime:0.000798s ]

[ 2017-06-05T12:38:45+08:00 ] ::1 /hzaucomm/admin
INFO: [ app_init ] --START--
INFO: Run Behavior\BuildLiteBehavior [ RunTime:0.000055s ]
INFO: [ app_init ] --END-- [ RunTime:0.000876s ]

[ 2017-06-05T12:39:10+08:00 ] ::1 /hzaucomm/admin
INFO: [ app_init ] --START--
INFO: Run Behavior\BuildLiteBehavior [ RunTime:0.000056s ]
INFO: [ app_init ] --END-- [ RunTime:0.000815s ]

[ 2017-06-05T12:40:03+08:00 ] ::1 /hzaucomm/admin
INFO: [ app_init ] --START--
INFO: Run Behavior\BuildLiteBehavior [ RunTime:0.000058s ]
INFO: [ app_init ] --END-- [ RunTime:0.000824s ]

[ 2017-06-05T12:41:09+08:00 ] ::1 /hzaucomm/admin
INFO: [ app_init ] --START--
INFO: Run Behavior\BuildLiteBehavior [ RunTime:0.000054s ]
INFO: [ app_init ] --END-- [ RunTime:0.000767s ]

[ 2017-06-05T12:41:36+08:00 ] ::1 /hzaucomm/admin
INFO: [ app_init ] --START--
INFO: Run Behavior\BuildLiteBehavior [ RunTime:0.000055s ]
INFO: [ app_init ] --END-- [ RunTime:0.000755s ]

[ 2017-06-05T12:41:45+08:00 ] ::1 /hzaucomm/admin
INFO: [ app_init ] --START--
INFO: Run Behavior\BuildLiteBehavior [ RunTime:0.000056s ]
INFO: [ app_init ] --END-- [ RunTime:0.000782s ]

[ 2017-06-05T12:43:10+08:00 ] ::1 /hzaucomm/admin
INFO: [ app_init ] --START--
INFO: Run Behavior\BuildLiteBehavior [ RunTime:0.000054s ]
INFO: [ app_init ] --END-- [ RunTime:0.000829s ]

[ 2017-06-05T12:43:23+08:00 ] ::1 /hzaucomm/index.php/Admin/Index/imgDelete/id//ty/
INFO: [ app_init ] --START--
INFO: Run Behavior\BuildLiteBehavior [ RunTime:0.000054s ]
INFO: [ app_init ] --END-- [ RunTime:0.000829s ]
ERR: 非法操作:imgDelete

[ 2017-06-05T12:46:12+08:00 ] ::1 /hzaucomm/admin
INFO: [ app_init ] --START--
INFO: Run Behavior\BuildLiteBehavior [ RunTime:0.000057s ]
INFO: [ app_init ] --END-- [ RunTime:0.000876s ]

[ 2017-06-05T12:51:03+08:00 ] ::1 /hzaucomm/admin
INFO: [ app_init ] --START--
INFO: Run Behavior\BuildLiteBehavior [ RunTime:0.000056s ]
INFO: [ app_init ] --END-- [ RunTime:0.000800s ]

[ 2017-06-05T12:52:29+08:00 ] ::1 /hzaucomm/admin
INFO: [ app_init ] --START--
INFO: Run Behavior\BuildLiteBehavior [ RunTime:0.000056s ]
INFO: [ app_init ] --END-- [ RunTime:0.000859s ]

[ 2017-06-05T12:53:37+08:00 ] ::1 /hzaucomm/admin
INFO: [ app_init ] --START--
INFO: Run Behavior\BuildLiteBehavior [ RunTime:0.000057s ]
INFO: [ app_init ] --END-- [ RunTime:0.004432s ]

[ 2017-06-05T12:53:54+08:00 ] ::1 /hzaucomm/admin
INFO: [ app_init ] --START--
INFO: Run Behavior\BuildLiteBehavior [ RunTime:0.000057s ]
INFO: [ app_init ] --END-- [ RunTime:0.000809s ]

[ 2017-06-05T12:54:11+08:00 ] ::1 /hzaucomm/admin
INFO: [ app_init ] --START--
INFO: Run Behavior\BuildLiteBehavior [ RunTime:0.000053s ]
INFO: [ app_init ] --END-- [ RunTime:0.000793s ]

[ 2017-06-05T12:54:19+08:00 ] ::1 /hzaucomm/admin
INFO: [ app_init ] --START--
INFO: Run Behavior\BuildLiteBehavior [ RunTime:0.000057s ]
INFO: [ app_init ] --END-- [ RunTime:0.000909s ]

[ 2017-06-05T12:55:30+08:00 ] ::1 /hzaucomm/admin
INFO: [ app_init ] --START--
INFO: Run Behavior\BuildLiteBehavior [ RunTime:0.000056s ]
INFO: [ app_init ] --END-- [ RunTime:0.000855s ]

[ 2017-06-05T12:55:56+08:00 ] ::1 /hzaucomm/admin
INFO: [ app_init ] --START--
INFO: Run Behavior\BuildLiteBehavior [ RunTime:0.000054s ]
INFO: [ app_init ] --END-- [ RunTime:0.000755s ]

[ 2017-06-05T12:57:00+08:00 ] ::1 /hzaucomm/admin
INFO: [ app_init ] --START--
INFO: Run Behavior\BuildLiteBehavior [ RunTime:0.000064s ]
INFO: [ app_init ] --END-- [ RunTime:0.003321s ]

[ 2017-06-05T12:57:29+08:00 ] ::1 /hzaucomm/admin
INFO: [ app_init ] --START--
INFO: Run Behavior\BuildLiteBehavior [ RunTime:0.000057s ]
INFO: [ app_init ] --END-- [ RunTime:0.000789s ]

[ 2017-06-05T12:57:42+08:00 ] ::1 /hzaucomm/admin
INFO: [ app_init ] --START--
INFO: Run Behavior\BuildLiteBehavior [ RunTime:0.000054s ]
INFO: [ app_init ] --END-- [ RunTime:0.000842s ]

[ 2017-06-05T12:58:54+08:00 ] ::1 /hzaucomm/admin
INFO: [ app_init ] --START--
INFO: Run Behavior\BuildLiteBehavior [ RunTime:0.000057s ]
INFO: [ app_init ] --END-- [ RunTime:0.000814s ]

[ 2017-06-05T12:58:59+08:00 ] ::1 /hzaucomm/admin
INFO: [ app_init ] --START--
INFO: Run Behavior\BuildLiteBehavior [ RunTime:0.000055s ]
INFO: [ app_init ] --END-- [ RunTime:0.000759s ]

[ 2017-06-05T12:59:21+08:00 ] ::1 /hzaucomm/admin
INFO: [ app_init ] --START--
INFO: Run Behavior\BuildLiteBehavior [ RunTime:0.000056s ]
INFO: [ app_init ] --END-- [ RunTime:0.000802s ]

[ 2017-06-05T12:59:38+08:00 ] ::1 /hzaucomm/admin
INFO: [ app_init ] --START--
INFO: Run Behavior\BuildLiteBehavior [ RunTime:0.000064s ]
INFO: [ app_init ] --END-- [ RunTime:0.003507s ]

[ 2017-06-05T13:00:06+08:00 ] ::1 /hzaucomm/admin
INFO: [ app_init ] --START--
INFO: Run Behavior\BuildLiteBehavior [ RunTime:0.000056s ]
INFO: [ app_init ] --END-- [ RunTime:0.000859s ]

[ 2017-06-05T13:00:33+08:00 ] ::1 /hzaucomm/admin
INFO: [ app_init ] --START--
INFO: Run Behavior\BuildLiteBehavior [ RunTime:0.000061s ]
INFO: [ app_init ] --END-- [ RunTime:0.000861s ]

[ 2017-06-05T13:00:47+08:00 ] ::1 /hzaucomm/admin
INFO: [ app_init ] --START--
INFO: Run Behavior\BuildLiteBehavior [ RunTime:0.000057s ]
INFO: [ app_init ] --END-- [ RunTime:0.001116s ]

[ 2017-06-05T13:01:14+08:00 ] ::1 /hzaucomm/admin
INFO: [ app_init ] --START--
INFO: Run Behavior\BuildLiteBehavior [ RunTime:0.000056s ]
INFO: [ app_init ] --END-- [ RunTime:0.000760s ]

[ 2017-06-05T13:02:25+08:00 ] ::1 /hzaucomm/admin
INFO: [ app_init ] --START--
INFO: Run Behavior\BuildLiteBehavior [ RunTime:0.000052s ]
INFO: [ app_init ] --END-- [ RunTime:0.000761s ]

[ 2017-06-05T13:02:32+08:00 ] ::1 /hzaucomm/admin
INFO: [ app_init ] --START--
INFO: Run Behavior\BuildLiteBehavior [ RunTime:0.000056s ]
INFO: [ app_init ] --END-- [ RunTime:0.000878s ]

[ 2017-06-05T13:02:48+08:00 ] ::1 /hzaucomm/admin
INFO: [ app_init ] --START--
INFO: Run Behavior\BuildLiteBehavior [ RunTime:0.000062s ]
INFO: [ app_init ] --END-- [ RunTime:0.001302s ]

[ 2017-06-05T13:02:54+08:00 ] ::1 /hzaucomm/admin
INFO: [ app_init ] --START--
INFO: Run Behavior\BuildLiteBehavior [ RunTime:0.000061s ]
INFO: [ app_init ] --END-- [ RunTime:0.002813s ]

[ 2017-06-05T13:04:25+08:00 ] ::1 /hzaucomm/admin
INFO: [ app_init ] --START--
INFO: Run Behavior\BuildLiteBehavior [ RunTime:0.000057s ]
INFO: [ app_init ] --END-- [ RunTime:0.000906s ]

[ 2017-06-05T13:05:17+08:00 ] ::1 /hzaucomm/admin
INFO: [ app_init ] --START--
INFO: Run Behavior\BuildLiteBehavior [ RunTime:0.000056s ]
INFO: [ app_init ] --END-- [ RunTime:0.000803s ]

[ 2017-06-05T13:05:35+08:00 ] ::1 /hzaucomm/admin
INFO: [ app_init ] --START--
INFO: Run Behavior\BuildLiteBehavior [ RunTime:0.000053s ]
INFO: [ app_init ] --END-- [ RunTime:0.000818s ]

[ 2017-06-05T13:05:37+08:00 ] ::1 /hzaucomm/index.php/Admin/Index/index
INFO: [ app_init ] --START--
INFO: Run Behavior\BuildLiteBehavior [ RunTime:0.000054s ]
INFO: [ app_init ] --END-- [ RunTime:0.000838s ]

[ 2017-06-05T13:08:52+08:00 ] ::1 /hzaucomm/index.php/Admin/Index/index
INFO: [ app_init ] --START--
INFO: Run Behavior\BuildLiteBehavior [ RunTime:0.000057s ]
INFO: [ app_init ] --END-- [ RunTime:0.000958s ]

[ 2017-06-05T13:13:18+08:00 ] ::1 /hzaucomm/index.php/Admin/Index/index
INFO: [ app_init ] --START--
INFO: Run Behavior\BuildLiteBehavior [ RunTime:0.000055s ]
INFO: [ app_init ] --END-- [ RunTime:0.000854s ]

[ 2017-06-05T13:13:31+08:00 ] ::1 /hzaucomm/admin
INFO: [ app_init ] --START--
INFO: Run Behavior\BuildLiteBehavior [ RunTime:0.000054s ]
INFO: [ app_init ] --END-- [ RunTime:0.000825s ]

[ 2017-06-05T13:13:43+08:00 ] ::1 /hzaucomm/index.php/Admin/Introduction/introduction
INFO: [ app_init ] --START--
INFO: Run Behavior\BuildLiteBehavior [ RunTime:0.000053s ]
INFO: [ app_init ] --END-- [ RunTime:0.000823s ]
ERR: 模板不存在:./Application/Admin/View/Introduction/introduction.html

[ 2017-06-05T13:14:42+08:00 ] ::1 /hzaucomm/admin
INFO: [ app_init ] --START--
INFO: Run Behavior\BuildLiteBehavior [ RunTime:0.000097s ]
INFO: [ app_init ] --END-- [ RunTime:0.001149s ]

[ 2017-06-05T13:14:44+08:00 ] ::1 /hzaucomm/index.php/Admin/Introduction/introduction
INFO: [ app_init ] --START--
INFO: Run Behavior\BuildLiteBehavior [ RunTime:0.000060s ]
INFO: [ app_init ] --END-- [ RunTime:0.002653s ]

[ 2017-06-05T13:15:22+08:00 ] ::1 /hzaucomm/index.php/Admin/Introduction/introduction
INFO: [ app_init ] --START--
INFO: Run Behavior\BuildLiteBehavior [ RunTime:0.000056s ]
INFO: [ app_init ] --END-- [ RunTime:0.000793s ]

[ 2017-06-05T13:37:58+08:00 ] ::1 /hzaucomm/index.php/Admin/Introduction/introduction
INFO: [ app_init ] --START--
INFO: Run Behavior\BuildLiteBehavior [ RunTime:0.000110s ]
INFO: [ app_init ] --END-- [ RunTime:0.042391s ]

[ 2017-06-05T13:38:13+08:00 ] ::1 /hzaucomm/index.php/Admin/index/index
INFO: [ app_init ] --START--
INFO: Run Behavior\BuildLiteBehavior [ RunTime:0.000057s ]
INFO: [ app_init ] --END-- [ RunTime:0.000905s ]

[ 2017-06-05T13:38:41+08:00 ] ::1 /hzaucomm/index.php/Admin/Introduction/notice
INFO: [ app_init ] --START--
INFO: Run Behavior\BuildLiteBehavior [ RunTime:0.000061s ]
INFO: [ app_init ] --END-- [ RunTime:0.003370s ]

[ 2017-06-05T13:38:45+08:00 ] ::1 /hzaucomm/index.php/Admin/Index/index
INFO: [ app_init ] --START--
INFO: Run Behavior\BuildLiteBehavior [ RunTime:0.000056s ]
INFO: [ app_init ] --END-- [ RunTime:0.000789s ]

[ 2017-06-05T13:40:55+08:00 ] ::1 /hzaucomm/index.php/Admin/Index/index
INFO: [ app_init ] --START--
INFO: Run Behavior\BuildLiteBehavior [ RunTime:0.000064s ]
INFO: [ app_init ] --END-- [ RunTime:0.003244s ]

[ 2017-06-05T13:41:25+08:00 ] ::1 /hzaucomm/index.php/Admin/Index/index
INFO: [ app_init ] --START--
INFO: Run Behavior\BuildLiteBehavior [ RunTime:0.000053s ]
INFO: [ app_init ] --END-- [ RunTime:0.000754s ]

[ 2017-06-05T13:43:11+08:00 ] ::1 /hzaucomm/index.php/Admin/Index/index
INFO: [ app_init ] --START--
INFO: Run Behavior\BuildLiteBehavior [ RunTime:0.000054s ]
INFO: [ app_init ] --END-- [ RunTime:0.000831s ]

[ 2017-06-05T13:44:26+08:00 ] ::1 /hzaucomm/index.php/Admin/Source/pic_update
INFO: [ app_init ] --START--
INFO: Run Behavior\BuildLiteBehavior [ RunTime:0.000055s ]
INFO: [ app_init ] --END-- [ RunTime:0.000790s ]
ERR: 无法加载控制器:Source

[ 2017-06-05T13:45:11+08:00 ] ::1 /hzaucomm/index.php/Admin/Course/course
INFO: [ app_init ] --START--
INFO: Run Behavior\BuildLiteBehavior [ RunTime:0.000055s ]
INFO: [ app_init ] --END-- [ RunTime:0.000757s ]

[ 2017-06-05T13:45:14+08:00 ] ::1 /hzaucomm/index.php/Admin/Source/picture
INFO: [ app_init ] --START--
INFO: Run Behavior\BuildLiteBehavior [ RunTime:0.000056s ]
INFO: [ app_init ] --END-- [ RunTime:0.000863s ]

[ 2017-06-05T13:45:16+08:00 ] ::1 /hzaucomm/index.php/Admin/Source/document
INFO: [ app_init ] --START--
INFO: Run Behavior\BuildLiteBehavior [ RunTime:0.000053s ]
INFO: [ app_init ] --END-- [ RunTime:0.000754s ]

[ 2017-06-05T13:45:18+08:00 ] ::1 /hzaucomm/index.php/Admin/Source/video
INFO: [ app_init ] --START--
INFO: Run Behavior\BuildLiteBehavior [ RunTime:0.000062s ]
INFO: [ app_init ] --END-- [ RunTime:0.002847s ]

[ 2017-06-05T13:45:20+08:00 ] ::1 /hzaucomm/index.php/Admin/Source/zip
INFO: [ app_init ] --START--
INFO: Run Behavior\BuildLiteBehavior [ RunTime:0.000054s ]
INFO: [ app_init ] --END-- [ RunTime:0.000759s ]

[ 2017-06-05T13:45:58+08:00 ] ::1 /hzaucomm/index.php/Admin/Comp/comp
INFO: [ app_init ] --START--
INFO: Run Behavior\BuildLiteBehavior [ RunTime:0.000068s ]
INFO: [ app_init ] --END-- [ RunTime:0.001080s ]
ERR: 模板不存在:./Application/Admin/View/Comp/comp.html

[ 2017-06-05T13:46:24+08:00 ] ::1 /hzaucomm/index.php/Admin/Comp/comp
INFO: [ app_init ] --START--
INFO: Run Behavior\BuildLiteBehavior [ RunTime:0.000052s ]
INFO: [ app_init ] --END-- [ RunTime:0.000750s ]

[ 2017-06-05T13:46:26+08:00 ] ::1 /hzaucomm/index.php/Admin/Comp/comp
INFO: [ app_init ] --START--
INFO: Run Behavior\BuildLiteBehavior [ RunTime:0.000055s ]
INFO: [ app_init ] --END-- [ RunTime:0.000777s ]

[ 2017-06-05T13:46:31+08:00 ] ::1 /hzaucomm/index.php/Admin/Source/picture
INFO: [ app_init ] --START--
INFO: Run Behavior\BuildLiteBehavior [ RunTime:0.000055s ]
INFO: [ app_init ] --END-- [ RunTime:0.000770s ]

[ 2017-06-05T13:46:32+08:00 ] ::1 /hzaucomm/index.php/Admin/Source/document
INFO: [ app_init ] --START--
INFO: Run Behavior\BuildLiteBehavior [ RunTime:0.000056s ]
INFO: [ app_init ] --END-- [ RunTime:0.000961s ]

[ 2017-06-05T13:46:34+08:00 ] ::1 /hzaucomm/index.php/Admin/Source/video
INFO: [ app_init ] --START--
INFO: Run Behavior\BuildLiteBehavior [ RunTime:0.000054s ]
INFO: [ app_init ] --END-- [ RunTime:0.000769s ]

[ 2017-06-05T13:46:36+08:00 ] ::1 /hzaucomm/index.php/Admin/Source/video
INFO: [ app_init ] --START--
INFO: Run Behavior\BuildLiteBehavior [ RunTime:0.000054s ]
INFO: [ app_init ] --END-- [ RunTime:0.000775s ]

[ 2017-06-05T13:46:37+08:00 ] ::1 /hzaucomm/index.php/Admin/Source/zip
INFO: [ app_init ] --START--
INFO: Run Behavior\BuildLiteBehavior [ RunTime:0.000056s ]
INFO: [ app_init ] --END-- [ RunTime:0.000790s ]

[ 2017-06-05T13:46:39+08:00 ] ::1 /hzaucomm/index.php/Admin/Index/index
INFO: [ app_init ] --START--
INFO: Run Behavior\BuildLiteBehavior [ RunTime:0.000055s ]
INFO: [ app_init ] --END-- [ RunTime:0.000790s ]

[ 2017-06-05T13:46:42+08:00 ] ::1 /hzaucomm/index.php/Admin/Introduction/introduction
INFO: [ app_init ] --START--
INFO: Run Behavior\BuildLiteBehavior [ RunTime:0.000055s ]
INFO: [ app_init ] --END-- [ RunTime:0.000778s ]

[ 2017-06-05T13:46:42+08:00 ] ::1 /hzaucomm/index.php/Admin/Introduction/introduction
INFO: [ app_init ] --START--
INFO: Run Behavior\BuildLiteBehavior [ RunTime:0.000056s ]
INFO: [ app_init ] --END-- [ RunTime:0.000764s ]

[ 2017-06-05T13:46:44+08:00 ] ::1 /hzaucomm/index.php/Admin/Introduction/notice
INFO: [ app_init ] --START--
INFO: Run Behavior\BuildLiteBehavior [ RunTime:0.000056s ]
INFO: [ app_init ] --END-- [ RunTime:0.000767s ]

[ 2017-06-05T13:52:08+08:00 ] ::1 /hzaucomm/index.php/Admin/Introduction/notice
INFO: [ app_init ] --START--
INFO: Run Behavior\BuildLiteBehavior [ RunTime:0.000055s ]
INFO: [ app_init ] --END-- [ RunTime:0.000943s ]

[ 2017-06-05T13:52:11+08:00 ] ::1 /hzaucomm/index.php/Admin/Introduction/introduction
INFO: [ app_init ] --START--
INFO: Run Behavior\BuildLiteBehavior [ RunTime:0.000056s ]
INFO: [ app_init ] --END-- [ RunTime:0.000787s ]

[ 2017-06-05T13:52:51+08:00 ] ::1 /hzaucomm/index.php/Admin/Introduction/introduction
INFO: [ app_init ] --START--
INFO: Run Behavior\BuildLiteBehavior [ RunTime:0.000056s ]
INFO: [ app_init ] --END-- [ RunTime:0.000795s ]

[ 2017-06-05T13:53:51+08:00 ] ::1 /hzaucomm/index.php/Admin/Introduction/introduction
INFO: [ app_init ] --START--
INFO: Run Behavior\BuildLiteBehavior [ RunTime:0.000055s ]
INFO: [ app_init ] --END-- [ RunTime:0.000818s ]

[ 2017-06-05T13:54:56+08:00 ] ::1 /hzaucomm/index.php/Admin/Introduction/introduction
INFO: [ app_init ] --START--
INFO: Run Behavior\BuildLiteBehavior [ RunTime:0.000055s ]
INFO: [ app_init ] --END-- [ RunTime:0.000849s ]

[ 2017-06-05T13:55:43+08:00 ] ::1 /hzaucomm/index.php/Admin/Introduction/introduction
INFO: [ app_init ] --START--
INFO: Run Behavior\BuildLiteBehavior [ RunTime:0.000056s ]
INFO: [ app_init ] --END-- [ RunTime:0.000784s ]

[ 2017-06-05T13:56:12+08:00 ] ::1 /hzaucomm/index.php/Admin/Introduction/introduction
INFO: [ app_init ] --START--
INFO: Run Behavior\BuildLiteBehavior [ RunTime:0.000055s ]
INFO: [ app_init ] --END-- [ RunTime:0.000832s ]

[ 2017-06-05T13:56:49+08:00 ] ::1 /hzaucomm/index.php/Admin/Introduction/introduction
INFO: [ app_init ] --START--
INFO: Run Behavior\BuildLiteBehavior [ RunTime:0.000056s ]
INFO: [ app_init ] --END-- [ RunTime:0.000791s ]

[ 2017-06-05T13:58:10+08:00 ] ::1 /hzaucomm/index.php/Admin/Introduction/notice
INFO: [ app_init ] --START--
INFO: Run Behavior\BuildLiteBehavior [ RunTime:0.000056s ]
INFO: [ app_init ] --END-- [ RunTime:0.000834s ]

[ 2017-06-05T14:03:13+08:00 ] ::1 /hzaucomm/index.php/Admin/Introduction/notice
INFO: [ app_init ] --START--
INFO: Run Behavior\BuildLiteBehavior [ RunTime:0.000059s ]
INFO: [ app_init ] --END-- [ RunTime:0.001445s ]

[ 2017-06-05T14:03:15+08:00 ] ::1 /hzaucomm/index.php/Admin/Introduction/notice
INFO: [ app_init ] --START--
INFO: Run Behavior\BuildLiteBehavior [ RunTime:0.000061s ]
INFO: [ app_init ] --END-- [ RunTime:0.002152s ]

[ 2017-06-05T14:03:46+08:00 ] ::1 /hzaucomm/index.php/Admin/Introduction/notice
INFO: [ app_init ] --START--
INFO: Run Behavior\BuildLiteBehavior [ RunTime:0.000054s ]
INFO: [ app_init ] --END-- [ RunTime:0.000754s ]

[ 2017-06-05T14:04:09+08:00 ] ::1 /hzaucomm/index.php/Admin/Introduction/notice
INFO: [ app_init ] --START--
INFO: Run Behavior\BuildLiteBehavior [ RunTime:0.000055s ]
INFO: [ app_init ] --END-- [ RunTime:0.000772s ]

[ 2017-06-05T14:04:48+08:00 ] ::1 /hzaucomm/index.php/Admin/Introduction/notice
INFO: [ app_init ] --START--
INFO: Run Behavior\BuildLiteBehavior [ RunTime:0.000057s ]
INFO: [ app_init ] --END-- [ RunTime:0.000804s ]

[ 2017-06-05T14:04:59+08:00 ] ::1 /hzaucomm/index.php/Admin/Introduction/introduction
INFO: [ app_init ] --START--
INFO: Run Behavior\BuildLiteBehavior [ RunTime:0.000053s ]
INFO: [ app_init ] --END-- [ RunTime:0.000792s ]

[ 2017-06-05T14:05:30+08:00 ] ::1 /hzaucomm/index.php/Admin/Introduction/introduction
INFO: [ app_init ] --START--
INFO: Run Behavior\BuildLiteBehavior [ RunTime:0.000146s ]
INFO: [ app_init ] --END-- [ RunTime:0.000945s ]

[ 2017-06-05T14:05:34+08:00 ] ::1 /hzaucomm/index.php/Admin/Course/course
INFO: [ app_init ] --START--
INFO: Run Behavior\BuildLiteBehavior [ RunTime:0.000060s ]
INFO: [ app_init ] --END-- [ RunTime:0.001202s ]

