[ 2017-08-07T10:30:25+08:00 ] ::1 /hzaucomm/index.php/admin
INFO: [ app_init ] --START--
INFO: Run Behavior\BuildLiteBehavior [ RunTime:0.000045s ]
INFO: [ app_init ] --END-- [ RunTime:0.000706s ]

[ 2017-08-07T10:30:28+08:00 ] ::1 /hzaucomm/index.php/Admin/Source/pic_update
INFO: [ app_init ] --START--
INFO: Run Behavior\BuildLiteBehavior [ RunTime:0.000052s ]
INFO: [ app_init ] --END-- [ RunTime:0.000906s ]

[ 2017-08-07T10:30:32+08:00 ] ::1 /hzaucomm/index.php/Admin/Source/doc_update
INFO: [ app_init ] --START--
INFO: Run Behavior\BuildLiteBehavior [ RunTime:0.000054s ]
INFO: [ app_init ] --END-- [ RunTime:0.000990s ]

[ 2017-08-07T10:30:33+08:00 ] ::1 /hzaucomm/index.php/Admin/Source/vid_update
INFO: [ app_init ] --START--
INFO: Run Behavior\BuildLiteBehavior [ RunTime:0.000054s ]
INFO: [ app_init ] --END-- [ RunTime:0.000954s ]

[ 2017-08-07T10:30:37+08:00 ] ::1 /hzaucomm/index.php/Admin/Source/zip_update
INFO: [ app_init ] --START--
INFO: Run Behavior\BuildLiteBehavior [ RunTime:0.000030s ]
INFO: [ app_init ] --END-- [ RunTime:0.000600s ]

[ 2017-08-07T10:30:39+08:00 ] ::1 /hzaucomm/index.php/Admin/Source/picture
INFO: [ app_init ] --START--
INFO: Run Behavior\BuildLiteBehavior [ RunTime:0.000029s ]
INFO: [ app_init ] --END-- [ RunTime:0.000613s ]

[ 2017-08-07T10:30:41+08:00 ] ::1 /hzaucomm/index.php/Admin/Source/pictureshow
INFO: [ app_init ] --START--
INFO: Run Behavior\BuildLiteBehavior [ RunTime:0.000034s ]
INFO: [ app_init ] --END-- [ RunTime:0.000772s ]
INFO: [ app_begin ] --START--
INFO: Run Behavior\ReadHtmlCacheBehavior [ RunTime:0.000832s ]
INFO: [ app_begin ] --END-- [ RunTime:0.000974s ]
INFO: [ view_parse ] --START--
INFO: [ template_filter ] --START--
INFO: Run Behavior\ContentReplaceBehavior [ RunTime:0.000273s ]
INFO: [ template_filter ] --END-- [ RunTime:0.000514s ]
INFO: Run Behavior\ParseTemplateBehavior [ RunTime:0.033370s ]
INFO: [ view_parse ] --END-- [ RunTime:0.033588s ]
INFO: [ view_filter ] --START--
INFO: Run Behavior\WriteHtmlCacheBehavior [ RunTime:0.000621s ]
INFO: [ view_filter ] --END-- [ RunTime:0.000738s ]
INFO: [ app_end ] --START--
INFO: Run Behavior\ShowPageTraceBehavior [ RunTime:0.000851s ]
INFO: [ app_end ] --END-- [ RunTime:0.001005s ]

[ 2017-08-07T10:30:44+08:00 ] ::1 /hzaucomm/index.php/Admin/Source/zip
INFO: [ app_init ] --START--
INFO: Run Behavior\BuildLiteBehavior [ RunTime:0.000065s ]
INFO: [ app_init ] --END-- [ RunTime:0.000889s ]

[ 2017-08-07T10:30:55+08:00 ] ::1 /hzaucomm/index.php/Admin/Source/pic_update
INFO: [ app_init ] --START--
INFO: Run Behavior\BuildLiteBehavior [ RunTime:0.000028s ]
INFO: [ app_init ] --END-- [ RunTime:0.000503s ]

[ 2017-08-07T10:31:26+08:00 ] ::1 /hzaucomm/index.php/Admin/Source/zip
INFO: [ app_init ] --START--
INFO: Run Behavior\BuildLiteBehavior [ RunTime:0.000041s ]
INFO: [ app_init ] --END-- [ RunTime:0.000593s ]

