[ 2017-06-15T17:01:41+08:00 ] ::1 /hzaucomm/index.php/admin/source/picture.html
INFO: [ app_init ] --START--
INFO: Run Behavior\BuildLiteBehavior [ RunTime:0.000059s ]
INFO: [ app_init ] --END-- [ RunTime:0.000965s ]

[ 2017-06-15T17:01:44+08:00 ] ::1 /hzaucomm/index.php/admin/
INFO: [ app_init ] --START--
INFO: Run Behavior\BuildLiteBehavior [ RunTime:0.000060s ]
INFO: [ app_init ] --END-- [ RunTime:0.001013s ]

[ 2017-06-15T17:03:14+08:00 ] ::1 /hzaucomm/index.php/admin/
INFO: [ app_init ] --START--
INFO: Run Behavior\BuildLiteBehavior [ RunTime:0.000055s ]
INFO: [ app_init ] --END-- [ RunTime:0.001014s ]

[ 2017-06-15T17:03:20+08:00 ] ::1 /hzaucomm/index.php/Admin/Introduction/connect
INFO: [ app_init ] --START--
INFO: Run Behavior\BuildLiteBehavior [ RunTime:0.000054s ]
INFO: [ app_init ] --END-- [ RunTime:0.000941s ]
ERR: 非法操作:connect

[ 2017-06-15T17:03:46+08:00 ] ::1 /hzaucomm/index.php/Admin/Introduction/connect
INFO: [ app_init ] --START--
INFO: Run Behavior\BuildLiteBehavior [ RunTime:0.000055s ]
INFO: [ app_init ] --END-- [ RunTime:0.000988s ]

[ 2017-06-15T17:04:25+08:00 ] ::1 /hzaucomm/index.php/Admin/Introduction/connect
INFO: [ app_init ] --START--
INFO: Run Behavior\BuildLiteBehavior [ RunTime:0.000135s ]
INFO: [ app_init ] --END-- [ RunTime:0.002095s ]

[ 2017-06-15T17:04:28+08:00 ] ::1 /hzaucomm/index.php/Admin/Introduction/connect
INFO: [ app_init ] --START--
INFO: Run Behavior\BuildLiteBehavior [ RunTime:0.000103s ]
INFO: [ app_init ] --END-- [ RunTime:0.001346s ]

[ 2017-06-15T17:04:34+08:00 ] ::1 /hzaucomm/index.php/Admin/Introduction/connect
INFO: [ app_init ] --START--
INFO: Run Behavior\BuildLiteBehavior [ RunTime:0.000056s ]
INFO: [ app_init ] --END-- [ RunTime:0.001399s ]

[ 2017-06-15T17:04:38+08:00 ] ::1 /hzaucomm/index.php/Admin/Introduction/connect
INFO: [ app_init ] --START--
INFO: Run Behavior\BuildLiteBehavior [ RunTime:0.000056s ]
INFO: [ app_init ] --END-- [ RunTime:0.000927s ]

[ 2017-06-15T17:05:03+08:00 ] ::1 /hzaucomm/index.php/Admin/Introduction/connect
INFO: [ app_init ] --START--
INFO: Run Behavior\BuildLiteBehavior [ RunTime:0.000056s ]
INFO: [ app_init ] --END-- [ RunTime:0.000889s ]

[ 2017-06-15T17:05:22+08:00 ] ::1 /hzaucomm/index.php/Admin/Introduction/connect
INFO: [ app_init ] --START--
INFO: Run Behavior\BuildLiteBehavior [ RunTime:0.000058s ]
INFO: [ app_init ] --END-- [ RunTime:0.000956s ]

[ 2017-06-15T17:05:38+08:00 ] ::1 /hzaucomm/index.php/Admin/Introduction/connect
INFO: [ app_init ] --START--
INFO: Run Behavior\BuildLiteBehavior [ RunTime:0.000056s ]
INFO: [ app_init ] --END-- [ RunTime:0.000890s ]

[ 2017-06-15T17:06:19+08:00 ] ::1 /hzaucomm/index.php/Admin/Introduction/connect
INFO: [ app_init ] --START--
INFO: Run Behavior\BuildLiteBehavior [ RunTime:0.000054s ]
INFO: [ app_init ] --END-- [ RunTime:0.000857s ]

[ 2017-06-15T17:10:18+08:00 ] ::1 /hzaucomm/index.php/Admin/Introduction/connect
INFO: [ app_init ] --START--
INFO: Run Behavior\BuildLiteBehavior [ RunTime:0.000189s ]
INFO: [ app_init ] --END-- [ RunTime:0.001175s ]

[ 2017-06-15T17:13:49+08:00 ] ::1 /hzaucomm/index.php/Admin/Introduction/connect
INFO: [ app_init ] --START--
INFO: Run Behavior\BuildLiteBehavior [ RunTime:0.000058s ]
INFO: [ app_init ] --END-- [ RunTime:0.000961s ]

[ 2017-06-15T17:14:00+08:00 ] ::1 /hzaucomm/index.php/Admin/Introduction/connect
INFO: [ app_init ] --START--
INFO: Run Behavior\BuildLiteBehavior [ RunTime:0.000056s ]
INFO: [ app_init ] --END-- [ RunTime:0.000879s ]

[ 2017-06-15T17:17:36+08:00 ] ::1 /hzaucomm/index.php/Admin/Introduction/connect
INFO: [ app_init ] --START--
INFO: Run Behavior\BuildLiteBehavior [ RunTime:0.000058s ]
INFO: [ app_init ] --END-- [ RunTime:0.001112s ]

[ 2017-06-15T17:17:40+08:00 ] ::1 /hzaucomm/index.php/Admin/
INFO: [ app_init ] --START--
INFO: Run Behavior\BuildLiteBehavior [ RunTime:0.000058s ]
INFO: [ app_init ] --END-- [ RunTime:0.001041s ]

[ 2017-06-15T17:17:49+08:00 ] ::1 /hzaucomm/index.php/Admin/Course/course
INFO: [ app_init ] --START--
INFO: Run Behavior\BuildLiteBehavior [ RunTime:0.000058s ]
INFO: [ app_init ] --END-- [ RunTime:0.000889s ]

[ 2017-06-15T17:19:24+08:00 ] ::1 /hzaucomm/index.php/Admin/Course/course
INFO: [ app_init ] --START--
INFO: Run Behavior\BuildLiteBehavior [ RunTime:0.000056s ]
INFO: [ app_init ] --END-- [ RunTime:0.000963s ]

[ 2017-06-15T17:19:28+08:00 ] ::1 /hzaucomm/index.php/Admin/Course/themeshow
INFO: [ app_init ] --START--
INFO: Run Behavior\BuildLiteBehavior [ RunTime:0.000058s ]
INFO: [ app_init ] --END-- [ RunTime:0.000987s ]

[ 2017-06-15T17:20:03+08:00 ] ::1 /hzaucomm/index.php/Admin/Course/themeshow
INFO: [ app_init ] --START--
INFO: Run Behavior\BuildLiteBehavior [ RunTime:0.000060s ]
INFO: [ app_init ] --END-- [ RunTime:0.001120s ]

[ 2017-06-15T17:20:41+08:00 ] ::1 /hzaucomm/index.php/Admin/Index/index
INFO: [ app_init ] --START--
INFO: Run Behavior\BuildLiteBehavior [ RunTime:0.000053s ]
INFO: [ app_init ] --END-- [ RunTime:0.000921s ]

[ 2017-06-15T17:21:23+08:00 ] ::1 /hzaucomm/index.php/Admin/Source/document
INFO: [ app_init ] --START--
INFO: Run Behavior\BuildLiteBehavior [ RunTime:0.000054s ]
INFO: [ app_init ] --END-- [ RunTime:0.000796s ]

[ 2017-06-15T17:22:08+08:00 ] ::1 /hzaucomm/index.php/Admin/Index/index
INFO: [ app_init ] --START--
INFO: Run Behavior\BuildLiteBehavior [ RunTime:0.000093s ]
INFO: [ app_init ] --END-- [ RunTime:0.001718s ]

[ 2017-06-15T17:22:32+08:00 ] ::1 /hzaucomm/index.php/Admin/Index/index
INFO: [ app_init ] --START--
INFO: Run Behavior\BuildLiteBehavior [ RunTime:0.000059s ]
INFO: [ app_init ] --END-- [ RunTime:0.000994s ]

[ 2017-06-15T17:23:00+08:00 ] ::1 /hzaucomm/index.php/Admin/Index/index
INFO: [ app_init ] --START--
INFO: Run Behavior\BuildLiteBehavior [ RunTime:0.000058s ]
INFO: [ app_init ] --END-- [ RunTime:0.000921s ]

[ 2017-06-15T17:23:32+08:00 ] ::1 /hzaucomm/index.php/Admin/Index/index
INFO: [ app_init ] --START--
INFO: Run Behavior\BuildLiteBehavior [ RunTime:0.000056s ]
INFO: [ app_init ] --END-- [ RunTime:0.000794s ]

[ 2017-06-15T17:23:46+08:00 ] ::1 /hzaucomm/index.php/Admin/Index/index
INFO: [ app_init ] --START--
INFO: Run Behavior\BuildLiteBehavior [ RunTime:0.000058s ]
INFO: [ app_init ] --END-- [ RunTime:0.000879s ]

[ 2017-06-15T17:23:49+08:00 ] ::1 /hzaucomm/index.php/Admin/Index/index
INFO: [ app_init ] --START--
INFO: Run Behavior\BuildLiteBehavior [ RunTime:0.000057s ]
INFO: [ app_init ] --END-- [ RunTime:0.000973s ]

[ 2017-06-15T17:24:11+08:00 ] ::1 /hzaucomm/index.php/Admin/Index/index
INFO: [ app_init ] --START--
INFO: Run Behavior\BuildLiteBehavior [ RunTime:0.000061s ]
INFO: [ app_init ] --END-- [ RunTime:0.001489s ]

[ 2017-06-15T17:24:27+08:00 ] ::1 /hzaucomm/index.php/Admin/Index/index
INFO: [ app_init ] --START--
INFO: Run Behavior\BuildLiteBehavior [ RunTime:0.000060s ]
INFO: [ app_init ] --END-- [ RunTime:0.001418s ]

[ 2017-06-15T17:24:32+08:00 ] ::1 /hzaucomm/index.php/Admin/Index/index
INFO: [ app_init ] --START--
INFO: Run Behavior\BuildLiteBehavior [ RunTime:0.000060s ]
INFO: [ app_init ] --END-- [ RunTime:0.001323s ]

[ 2017-06-15T17:25:35+08:00 ] ::1 /hzaucomm/index.php/Admin/Index/index
INFO: [ app_init ] --START--
INFO: Run Behavior\BuildLiteBehavior [ RunTime:0.000055s ]
INFO: [ app_init ] --END-- [ RunTime:0.000931s ]

[ 2017-06-15T17:25:56+08:00 ] ::1 /hzaucomm/index.php/Admin/Index/index
INFO: [ app_init ] --START--
INFO: Run Behavior\BuildLiteBehavior [ RunTime:0.000057s ]
INFO: [ app_init ] --END-- [ RunTime:0.000957s ]

[ 2017-06-15T17:26:45+08:00 ] ::1 /hzaucomm/index.php/Admin/Index/index
INFO: [ app_init ] --START--
INFO: Run Behavior\BuildLiteBehavior [ RunTime:0.000063s ]
INFO: [ app_init ] --END-- [ RunTime:0.001043s ]

[ 2017-06-15T17:26:52+08:00 ] ::1 /hzaucomm/index.php/Admin/Introduction/introduction
INFO: [ app_init ] --START--
INFO: Run Behavior\BuildLiteBehavior [ RunTime:0.000057s ]
INFO: [ app_init ] --END-- [ RunTime:0.001202s ]

[ 2017-06-15T17:26:56+08:00 ] ::1 /hzaucomm/index.php/Admin/Introduction/notice
INFO: [ app_init ] --START--
INFO: Run Behavior\BuildLiteBehavior [ RunTime:0.000056s ]
INFO: [ app_init ] --END-- [ RunTime:0.000960s ]

[ 2017-06-15T17:27:03+08:00 ] ::1 /hzaucomm/index.php/Admin/Course/course
INFO: [ app_init ] --START--
INFO: Run Behavior\BuildLiteBehavior [ RunTime:0.000057s ]
INFO: [ app_init ] --END-- [ RunTime:0.001082s ]

[ 2017-06-15T17:27:41+08:00 ] ::1 /hzaucomm/index.php/Admin/Course/course
INFO: [ app_init ] --START--
INFO: Run Behavior\BuildLiteBehavior [ RunTime:0.000059s ]
INFO: [ app_init ] --END-- [ RunTime:0.001228s ]

[ 2017-06-15T17:28:32+08:00 ] ::1 /hzaucomm/index.php/Admin/Course/course
INFO: [ app_init ] --START--
INFO: Run Behavior\BuildLiteBehavior [ RunTime:0.000060s ]
INFO: [ app_init ] --END-- [ RunTime:0.001028s ]

[ 2017-06-15T17:28:47+08:00 ] ::1 /hzaucomm/index.php/Admin/Course/themeshow
INFO: [ app_init ] --START--
INFO: Run Behavior\BuildLiteBehavior [ RunTime:0.000060s ]
INFO: [ app_init ] --END-- [ RunTime:0.001363s ]

[ 2017-06-15T17:29:06+08:00 ] ::1 /hzaucomm/index.php/Admin/Source/document
INFO: [ app_init ] --START--
INFO: Run Behavior\BuildLiteBehavior [ RunTime:0.000073s ]
INFO: [ app_init ] --END-- [ RunTime:0.000990s ]

[ 2017-06-15T17:29:13+08:00 ] ::1 /hzaucomm/index.php/Admin/Source/pic_update
INFO: [ app_init ] --START--
INFO: Run Behavior\BuildLiteBehavior [ RunTime:0.000054s ]
INFO: [ app_init ] --END-- [ RunTime:0.000928s ]

[ 2017-06-15T17:30:46+08:00 ] ::1 /hzaucomm/index.php/Admin/Course/course
INFO: [ app_init ] --START--
INFO: Run Behavior\BuildLiteBehavior [ RunTime:0.000060s ]
INFO: [ app_init ] --END-- [ RunTime:0.002260s ]

[ 2017-06-15T17:31:08+08:00 ] ::1 /hzaucomm/index.php/Admin/Course/course
INFO: [ app_init ] --START--
INFO: Run Behavior\BuildLiteBehavior [ RunTime:0.000062s ]
INFO: [ app_init ] --END-- [ RunTime:0.001617s ]

[ 2017-06-15T17:34:22+08:00 ] ::1 /hzaucomm/index.php/Admin/Course/course
INFO: [ app_init ] --START--
INFO: Run Behavior\BuildLiteBehavior [ RunTime:0.000055s ]
INFO: [ app_init ] --END-- [ RunTime:0.000947s ]

[ 2017-06-15T17:34:26+08:00 ] ::1 /hzaucomm/index.php/Admin/Course/themeshow
INFO: [ app_init ] --START--
INFO: Run Behavior\BuildLiteBehavior [ RunTime:0.000057s ]
INFO: [ app_init ] --END-- [ RunTime:0.000961s ]

[ 2017-06-15T17:34:57+08:00 ] ::1 /hzaucomm/index.php/Admin/Course/themeshow
INFO: [ app_init ] --START--
INFO: Run Behavior\BuildLiteBehavior [ RunTime:0.000181s ]
INFO: [ app_init ] --END-- [ RunTime:0.000997s ]

[ 2017-06-15T17:35:18+08:00 ] ::1 /hzaucomm/index.php/Admin/Course/themeshow
INFO: [ app_init ] --START--
INFO: Run Behavior\BuildLiteBehavior [ RunTime:0.000057s ]
INFO: [ app_init ] --END-- [ RunTime:0.000798s ]

[ 2017-06-15T17:35:33+08:00 ] ::1 /hzaucomm/index.php/Admin/Course/course
INFO: [ app_init ] --START--
INFO: Run Behavior\BuildLiteBehavior [ RunTime:0.000058s ]
INFO: [ app_init ] --END-- [ RunTime:0.001138s ]

[ 2017-06-15T17:36:26+08:00 ] ::1 /hzaucomm/index.php/Admin/Course/course
INFO: [ app_init ] --START--
INFO: Run Behavior\BuildLiteBehavior [ RunTime:0.000055s ]
INFO: [ app_init ] --END-- [ RunTime:0.000926s ]

[ 2017-06-15T17:36:31+08:00 ] ::1 /hzaucomm/index.php/Admin/Course/themeshow
INFO: [ app_init ] --START--
INFO: Run Behavior\BuildLiteBehavior [ RunTime:0.000056s ]
INFO: [ app_init ] --END-- [ RunTime:0.000957s ]

[ 2017-06-15T17:36:37+08:00 ] ::1 /hzaucomm/index.php/Admin/Course/
INFO: [ app_init ] --START--
INFO: Run Behavior\BuildLiteBehavior [ RunTime:0.000062s ]
INFO: [ app_init ] --END-- [ RunTime:0.002135s ]
ERR: 非法操作:index

[ 2017-06-15T17:38:33+08:00 ] ::1 /hzaucomm/index.php/Admin/Course/themeshow
INFO: [ app_init ] --START--
INFO: Run Behavior\BuildLiteBehavior [ RunTime:0.000056s ]
INFO: [ app_init ] --END-- [ RunTime:0.000973s ]

[ 2017-06-15T17:38:39+08:00 ] ::1 /hzaucomm/index.php/Admin/Course/
INFO: [ app_init ] --START--
INFO: Run Behavior\BuildLiteBehavior [ RunTime:0.000058s ]
INFO: [ app_init ] --END-- [ RunTime:0.001338s ]
ERR: 非法操作:index

[ 2017-06-15T17:38:53+08:00 ] ::1 /hzaucomm/index.php/Admin/Course/themeshow
INFO: [ app_init ] --START--
INFO: Run Behavior\BuildLiteBehavior [ RunTime:0.000054s ]
INFO: [ app_init ] --END-- [ RunTime:0.000935s ]

[ 2017-06-15T17:38:57+08:00 ] ::1 /hzaucomm/index.php/Admin/Course/
INFO: [ app_init ] --START--
INFO: Run Behavior\BuildLiteBehavior [ RunTime:0.000058s ]
INFO: [ app_init ] --END-- [ RunTime:0.001234s ]
ERR: 非法操作:index

[ 2017-06-15T17:39:04+08:00 ] ::1 /hzaucomm/index.php/Admin/Course/course
INFO: [ app_init ] --START--
INFO: Run Behavior\BuildLiteBehavior [ RunTime:0.000056s ]
INFO: [ app_init ] --END-- [ RunTime:0.000962s ]

[ 2017-06-15T17:39:09+08:00 ] ::1 /hzaucomm/index.php/Admin/Course/themeread
INFO: [ app_init ] --START--
INFO: Run Behavior\BuildLiteBehavior [ RunTime:0.000059s ]
INFO: [ app_init ] --END-- [ RunTime:0.001096s ]

[ 2017-06-15T17:39:16+08:00 ] ::1 /hzaucomm/index.php/Admin/Course/themeshow
INFO: [ app_init ] --START--
INFO: Run Behavior\BuildLiteBehavior [ RunTime:0.000064s ]
INFO: [ app_init ] --END-- [ RunTime:0.001210s ]

[ 2017-06-15T17:40:37+08:00 ] ::1 /hzaucomm/index.php/Admin/Course/themeshow
INFO: [ app_init ] --START--
INFO: Run Behavior\BuildLiteBehavior [ RunTime:0.000059s ]
INFO: [ app_init ] --END-- [ RunTime:0.001048s ]

[ 2017-06-15T17:42:02+08:00 ] ::1 /hzaucomm/index.php/Admin/Course/themeshow
INFO: [ app_init ] --START--
INFO: Run Behavior\BuildLiteBehavior [ RunTime:0.000059s ]
INFO: [ app_init ] --END-- [ RunTime:0.001105s ]

[ 2017-06-15T17:42:05+08:00 ] ::1 /hzaucomm/index.php/Admin/Course/commentshow
INFO: [ app_init ] --START--
INFO: Run Behavior\BuildLiteBehavior [ RunTime:0.000060s ]
INFO: [ app_init ] --END-- [ RunTime:0.001152s ]

[ 2017-06-15T17:42:34+08:00 ] ::1 /hzaucomm/index.php/Admin/Course/themeshow
INFO: [ app_init ] --START--
INFO: Run Behavior\BuildLiteBehavior [ RunTime:0.000088s ]
INFO: [ app_init ] --END-- [ RunTime:0.001118s ]

[ 2017-06-15T17:42:37+08:00 ] ::1 /hzaucomm/index.php/Admin/Course/commentshow
INFO: [ app_init ] --START--
INFO: Run Behavior\BuildLiteBehavior [ RunTime:0.000057s ]
INFO: [ app_init ] --END-- [ RunTime:0.000950s ]

[ 2017-06-15T17:42:49+08:00 ] ::1 /hzaucomm/index.php/Admin/Course/replyread
INFO: [ app_init ] --START--
INFO: Run Behavior\BuildLiteBehavior [ RunTime:0.000057s ]
INFO: [ app_init ] --END-- [ RunTime:0.001139s ]
ERR: 非法操作:replyread

[ 2017-06-15T17:43:31+08:00 ] ::1 /hzaucomm/index.php/Admin/Course/course
INFO: [ app_init ] --START--
INFO: Run Behavior\BuildLiteBehavior [ RunTime:0.000058s ]
INFO: [ app_init ] --END-- [ RunTime:0.001044s ]

[ 2017-06-15T17:43:35+08:00 ] ::1 /hzaucomm/index.php/Admin/Course/commentread
INFO: [ app_init ] --START--
INFO: Run Behavior\BuildLiteBehavior [ RunTime:0.000057s ]
INFO: [ app_init ] --END-- [ RunTime:0.000975s ]

[ 2017-06-15T17:43:51+08:00 ] ::1 /hzaucomm/index.php/Admin/Course/commentread
INFO: [ app_init ] --START--
INFO: Run Behavior\BuildLiteBehavior [ RunTime:0.000058s ]
INFO: [ app_init ] --END-- [ RunTime:0.001071s ]

[ 2017-06-15T17:44:51+08:00 ] ::1 /hzaucomm/index.php/Admin/Course/course
INFO: [ app_init ] --START--
INFO: Run Behavior\BuildLiteBehavior [ RunTime:0.000058s ]
INFO: [ app_init ] --END-- [ RunTime:0.001079s ]

[ 2017-06-15T17:45:07+08:00 ] ::1 /hzaucomm/index.php/Admin/Course/course
INFO: [ app_init ] --START--
INFO: Run Behavior\BuildLiteBehavior [ RunTime:0.000066s ]
INFO: [ app_init ] --END-- [ RunTime:0.001493s ]

[ 2017-06-15T17:45:14+08:00 ] ::1 /hzaucomm/index.php/Admin/Course/commentread
INFO: [ app_init ] --START--
INFO: Run Behavior\BuildLiteBehavior [ RunTime:0.000058s ]
INFO: [ app_init ] --END-- [ RunTime:0.001176s ]

[ 2017-06-15T17:45:26+08:00 ] ::1 /hzaucomm/index.php/Admin/Source/picture
INFO: [ app_init ] --START--
INFO: Run Behavior\BuildLiteBehavior [ RunTime:0.000057s ]
INFO: [ app_init ] --END-- [ RunTime:0.000987s ]

[ 2017-06-15T17:46:32+08:00 ] ::1 /hzaucomm/index.php/Admin/Source/picture
INFO: [ app_init ] --START--
INFO: Run Behavior\BuildLiteBehavior [ RunTime:0.000059s ]
INFO: [ app_init ] --END-- [ RunTime:0.001068s ]

[ 2017-06-15T17:46:54+08:00 ] ::1 /hzaucomm/index.php/Admin/Source/picture
INFO: [ app_init ] --START--
INFO: Run Behavior\BuildLiteBehavior [ RunTime:0.000055s ]
INFO: [ app_init ] --END-- [ RunTime:0.000982s ]

[ 2017-06-15T17:47:06+08:00 ] ::1 /hzaucomm/index.php/Admin/Source/picture
INFO: [ app_init ] --START--
INFO: Run Behavior\BuildLiteBehavior [ RunTime:0.000061s ]
INFO: [ app_init ] --END-- [ RunTime:0.001606s ]

[ 2017-06-15T17:48:06+08:00 ] ::1 /hzaucomm/index.php/Admin/Source/picture
INFO: [ app_init ] --START--
INFO: Run Behavior\BuildLiteBehavior [ RunTime:0.000055s ]
INFO: [ app_init ] --END-- [ RunTime:0.001313s ]

[ 2017-06-15T17:48:18+08:00 ] ::1 /hzaucomm/index.php/Admin/Source/picture
INFO: [ app_init ] --START--
INFO: Run Behavior\BuildLiteBehavior [ RunTime:0.000058s ]
INFO: [ app_init ] --END-- [ RunTime:0.001543s ]

[ 2017-06-15T17:48:25+08:00 ] ::1 /hzaucomm/index.php/Admin/Source/picture
INFO: [ app_init ] --START--
INFO: Run Behavior\BuildLiteBehavior [ RunTime:0.000065s ]
INFO: [ app_init ] --END-- [ RunTime:0.002858s ]

[ 2017-06-15T17:48:31+08:00 ] ::1 /hzaucomm/index.php/Admin/Source/picture
INFO: [ app_init ] --START--
INFO: Run Behavior\BuildLiteBehavior [ RunTime:0.000060s ]
INFO: [ app_init ] --END-- [ RunTime:0.001088s ]

[ 2017-06-15T17:48:39+08:00 ] ::1 /hzaucomm/index.php/Admin/Source/picture
INFO: [ app_init ] --START--
INFO: Run Behavior\BuildLiteBehavior [ RunTime:0.000058s ]
INFO: [ app_init ] --END-- [ RunTime:0.001073s ]

[ 2017-06-15T17:48:45+08:00 ] ::1 /hzaucomm/index.php/Admin/Source/picture
INFO: [ app_init ] --START--
INFO: Run Behavior\BuildLiteBehavior [ RunTime:0.000058s ]
INFO: [ app_init ] --END-- [ RunTime:0.001094s ]

[ 2017-06-15T17:48:52+08:00 ] ::1 /hzaucomm/index.php/Admin/Source/picture
INFO: [ app_init ] --START--
INFO: Run Behavior\BuildLiteBehavior [ RunTime:0.000058s ]
INFO: [ app_init ] --END-- [ RunTime:0.000995s ]

[ 2017-06-15T17:50:18+08:00 ] ::1 /hzaucomm/index.php/Admin/Source/picture
INFO: [ app_init ] --START--
INFO: Run Behavior\BuildLiteBehavior [ RunTime:0.000058s ]
INFO: [ app_init ] --END-- [ RunTime:0.001014s ]

[ 2017-06-15T17:50:22+08:00 ] ::1 /hzaucomm/index.php/Admin/Course/course
INFO: [ app_init ] --START--
INFO: Run Behavior\BuildLiteBehavior [ RunTime:0.000058s ]
INFO: [ app_init ] --END-- [ RunTime:0.000982s ]

[ 2017-06-15T17:50:32+08:00 ] ::1 /hzaucomm/index.php/Admin/Index/index
INFO: [ app_init ] --START--
INFO: Run Behavior\BuildLiteBehavior [ RunTime:0.000054s ]
INFO: [ app_init ] --END-- [ RunTime:0.001121s ]

[ 2017-06-15T17:51:23+08:00 ] ::1 /hzaucomm/index.php/Admin/Source/picture
INFO: [ app_init ] --START--
INFO: Run Behavior\BuildLiteBehavior [ RunTime:0.000060s ]
INFO: [ app_init ] --END-- [ RunTime:0.001514s ]

[ 2017-06-15T17:51:31+08:00 ] ::1 /hzaucomm/index.php/Admin/Source/document
INFO: [ app_init ] --START--
INFO: Run Behavior\BuildLiteBehavior [ RunTime:0.000060s ]
INFO: [ app_init ] --END-- [ RunTime:0.002437s ]

[ 2017-06-15T17:52:19+08:00 ] ::1 /hzaucomm/index.php/Admin/Course/course
INFO: [ app_init ] --START--
INFO: Run Behavior\BuildLiteBehavior [ RunTime:0.000060s ]
INFO: [ app_init ] --END-- [ RunTime:0.001559s ]

[ 2017-06-15T17:52:28+08:00 ] ::1 /hzaucomm/index.php/Admin/Source/picture
INFO: [ app_init ] --START--
INFO: Run Behavior\BuildLiteBehavior [ RunTime:0.000054s ]
INFO: [ app_init ] --END-- [ RunTime:0.000913s ]

[ 2017-06-15T17:52:32+08:00 ] ::1 /hzaucomm/index.php/Admin/Source/document
INFO: [ app_init ] --START--
INFO: Run Behavior\BuildLiteBehavior [ RunTime:0.000057s ]
INFO: [ app_init ] --END-- [ RunTime:0.000977s ]

[ 2017-06-15T17:52:36+08:00 ] ::1 /hzaucomm/index.php/Admin/Source/picture
INFO: [ app_init ] --START--
INFO: Run Behavior\BuildLiteBehavior [ RunTime:0.000056s ]
INFO: [ app_init ] --END-- [ RunTime:0.000997s ]

[ 2017-06-15T17:53:09+08:00 ] ::1 /hzaucomm/index.php/Admin/Source/pictureshow
INFO: [ app_init ] --START--
INFO: Run Behavior\BuildLiteBehavior [ RunTime:0.000064s ]
INFO: [ app_init ] --END-- [ RunTime:0.001686s ]
INFO: [ app_begin ] --START--
INFO: Run Behavior\ReadHtmlCacheBehavior [ RunTime:0.004281s ]
INFO: [ app_begin ] --END-- [ RunTime:0.004573s ]
INFO: [ view_parse ] --START--
INFO: [ template_filter ] --START--
INFO: Run Behavior\ContentReplaceBehavior [ RunTime:0.000306s ]
INFO: [ template_filter ] --END-- [ RunTime:0.000538s ]
NOTIC: [8] Undefined variable: vo E:\wamp\www\hzaucomm\Application\Runtime\Cache\Admin\226826095dfb00e80fb9b00ebd3614ab.php 第 207 行.
NOTIC: [8] Undefined variable: vo E:\wamp\www\hzaucomm\Application\Runtime\Cache\Admin\226826095dfb00e80fb9b00ebd3614ab.php 第 207 行.
NOTIC: [8] Undefined variable: vo E:\wamp\www\hzaucomm\Application\Runtime\Cache\Admin\226826095dfb00e80fb9b00ebd3614ab.php 第 236 行.
INFO: Run Behavior\ParseTemplateBehavior [ RunTime:0.049167s ]
INFO: [ view_parse ] --END-- [ RunTime:0.049484s ]
INFO: [ view_filter ] --START--
INFO: Run Behavior\WriteHtmlCacheBehavior [ RunTime:0.000792s ]
INFO: [ view_filter ] --END-- [ RunTime:0.000992s ]
INFO: [ app_end ] --START--
INFO: Run Behavior\ShowPageTraceBehavior [ RunTime:0.002226s ]
INFO: [ app_end ] --END-- [ RunTime:0.002512s ]

[ 2017-06-15T17:54:08+08:00 ] ::1 /hzaucomm/index.php/Admin/Source/pictureshow
INFO: [ app_init ] --START--
INFO: Run Behavior\BuildLiteBehavior [ RunTime:0.000055s ]
INFO: [ app_init ] --END-- [ RunTime:0.000930s ]
INFO: [ app_begin ] --START--
INFO: Run Behavior\ReadHtmlCacheBehavior [ RunTime:0.001112s ]
INFO: [ app_begin ] --END-- [ RunTime:0.001355s ]
INFO: [ view_parse ] --START--
INFO: [ template_filter ] --START--
INFO: Run Behavior\ContentReplaceBehavior [ RunTime:0.000213s ]
INFO: [ template_filter ] --END-- [ RunTime:0.000464s ]
NOTIC: [8] Undefined variable: vo E:\wamp\www\hzaucomm\Application\Runtime\Cache\Admin\226826095dfb00e80fb9b00ebd3614ab.php 第 47 行.
NOTIC: [8] Undefined variable: vo E:\wamp\www\hzaucomm\Application\Runtime\Cache\Admin\226826095dfb00e80fb9b00ebd3614ab.php 第 47 行.
NOTIC: [8] Undefined variable: vo E:\wamp\www\hzaucomm\Application\Runtime\Cache\Admin\226826095dfb00e80fb9b00ebd3614ab.php 第 76 行.
INFO: Run Behavior\ParseTemplateBehavior [ RunTime:0.134521s ]
INFO: [ view_parse ] --END-- [ RunTime:0.134767s ]
INFO: [ view_filter ] --START--
INFO: Run Behavior\WriteHtmlCacheBehavior [ RunTime:0.000798s ]
INFO: [ view_filter ] --END-- [ RunTime:0.000997s ]
INFO: [ app_end ] --START--
INFO: Run Behavior\ShowPageTraceBehavior [ RunTime:0.001056s ]
INFO: [ app_end ] --END-- [ RunTime:0.001268s ]

[ 2017-06-15T17:54:28+08:00 ] ::1 /hzaucomm/index.php/Admin/Source/picture
INFO: [ app_init ] --START--
INFO: Run Behavior\BuildLiteBehavior [ RunTime:0.000169s ]
INFO: [ app_init ] --END-- [ RunTime:0.001141s ]

[ 2017-06-15T17:54:32+08:00 ] ::1 /hzaucomm/index.php/Admin/Source/pictureshow
INFO: [ app_init ] --START--
INFO: Run Behavior\BuildLiteBehavior [ RunTime:0.000058s ]
INFO: [ app_init ] --END-- [ RunTime:0.001310s ]
INFO: [ app_begin ] --START--
INFO: Run Behavior\ReadHtmlCacheBehavior [ RunTime:0.003260s ]
INFO: [ app_begin ] --END-- [ RunTime:0.003650s ]
INFO: [ view_parse ] --START--
INFO: [ template_filter ] --START--
INFO: Run Behavior\ContentReplaceBehavior [ RunTime:0.000291s ]
INFO: [ template_filter ] --END-- [ RunTime:0.000562s ]
NOTIC: [8] Undefined variable: vo E:\wamp\www\hzaucomm\Application\Runtime\Cache\Admin\226826095dfb00e80fb9b00ebd3614ab.php 第 46 行.
NOTIC: [8] Undefined variable: vo E:\wamp\www\hzaucomm\Application\Runtime\Cache\Admin\226826095dfb00e80fb9b00ebd3614ab.php 第 46 行.
NOTIC: [8] Undefined variable: vo E:\wamp\www\hzaucomm\Application\Runtime\Cache\Admin\226826095dfb00e80fb9b00ebd3614ab.php 第 75 行.
INFO: Run Behavior\ParseTemplateBehavior [ RunTime:0.035523s ]
INFO: [ view_parse ] --END-- [ RunTime:0.035773s ]
INFO: [ view_filter ] --START--
INFO: Run Behavior\WriteHtmlCacheBehavior [ RunTime:0.000809s ]
INFO: [ view_filter ] --END-- [ RunTime:0.001019s ]
INFO: [ app_end ] --START--
INFO: Run Behavior\ShowPageTraceBehavior [ RunTime:0.001078s ]
INFO: [ app_end ] --END-- [ RunTime:0.001301s ]

[ 2017-06-15T17:54:58+08:00 ] ::1 /hzaucomm/index.php/Admin/Source/picture
INFO: [ app_init ] --START--
INFO: Run Behavior\BuildLiteBehavior [ RunTime:0.000058s ]
INFO: [ app_init ] --END-- [ RunTime:0.001066s ]

[ 2017-06-15T17:55:02+08:00 ] ::1 /hzaucomm/index.php/Admin/Source/pictureshow
INFO: [ app_init ] --START--
INFO: Run Behavior\BuildLiteBehavior [ RunTime:0.000085s ]
INFO: [ app_init ] --END-- [ RunTime:0.001207s ]
INFO: [ app_begin ] --START--
INFO: Run Behavior\ReadHtmlCacheBehavior [ RunTime:0.004912s ]
INFO: [ app_begin ] --END-- [ RunTime:0.005166s ]
INFO: [ view_parse ] --START--
INFO: [ template_filter ] --START--
INFO: Run Behavior\ContentReplaceBehavior [ RunTime:0.000190s ]
INFO: [ template_filter ] --END-- [ RunTime:0.000424s ]
NOTIC: [8] Undefined variable: vo E:\wamp\www\hzaucomm\Application\Runtime\Cache\Admin\226826095dfb00e80fb9b00ebd3614ab.php 第 46 行.
NOTIC: [8] Undefined variable: vo E:\wamp\www\hzaucomm\Application\Runtime\Cache\Admin\226826095dfb00e80fb9b00ebd3614ab.php 第 46 行.
NOTIC: [8] Undefined variable: vo E:\wamp\www\hzaucomm\Application\Runtime\Cache\Admin\226826095dfb00e80fb9b00ebd3614ab.php 第 75 行.
INFO: Run Behavior\ParseTemplateBehavior [ RunTime:0.034315s ]
INFO: [ view_parse ] --END-- [ RunTime:0.034602s ]
INFO: [ view_filter ] --START--
INFO: Run Behavior\WriteHtmlCacheBehavior [ RunTime:0.000834s ]
INFO: [ view_filter ] --END-- [ RunTime:0.001035s ]
INFO: [ app_end ] --START--
INFO: Run Behavior\ShowPageTraceBehavior [ RunTime:0.001074s ]
INFO: [ app_end ] --END-- [ RunTime:0.001284s ]

[ 2017-06-15T17:55:23+08:00 ] ::1 /hzaucomm/index.php/Admin/Source/picture
INFO: [ app_init ] --START--
INFO: Run Behavior\BuildLiteBehavior [ RunTime:0.000063s ]
INFO: [ app_init ] --END-- [ RunTime:0.001024s ]

[ 2017-06-15T17:55:26+08:00 ] ::1 /hzaucomm/index.php/Admin/Source/pictureshow
INFO: [ app_init ] --START--
INFO: Run Behavior\BuildLiteBehavior [ RunTime:0.000058s ]
INFO: [ app_init ] --END-- [ RunTime:0.001055s ]
INFO: [ app_begin ] --START--
INFO: Run Behavior\ReadHtmlCacheBehavior [ RunTime:0.001254s ]
INFO: [ app_begin ] --END-- [ RunTime:0.001525s ]
INFO: [ view_parse ] --START--
INFO: [ template_filter ] --START--
INFO: Run Behavior\ContentReplaceBehavior [ RunTime:0.000172s ]
INFO: [ template_filter ] --END-- [ RunTime:0.000463s ]
NOTIC: [8] Undefined variable: vo E:\wamp\www\hzaucomm\Application\Runtime\Cache\Admin\226826095dfb00e80fb9b00ebd3614ab.php 第 46 行.
NOTIC: [8] Undefined variable: vo E:\wamp\www\hzaucomm\Application\Runtime\Cache\Admin\226826095dfb00e80fb9b00ebd3614ab.php 第 46 行.
INFO: Run Behavior\ParseTemplateBehavior [ RunTime:0.029812s ]
INFO: [ view_parse ] --END-- [ RunTime:0.030064s ]
INFO: [ view_filter ] --START--
INFO: Run Behavior\WriteHtmlCacheBehavior [ RunTime:0.000818s ]
INFO: [ view_filter ] --END-- [ RunTime:0.001017s ]
INFO: [ app_end ] --START--
INFO: Run Behavior\ShowPageTraceBehavior [ RunTime:0.001090s ]
INFO: [ app_end ] --END-- [ RunTime:0.001306s ]

[ 2017-06-15T17:56:39+08:00 ] ::1 /hzaucomm/index.php/Admin/Source/picture
INFO: [ app_init ] --START--
INFO: Run Behavior\BuildLiteBehavior [ RunTime:0.000056s ]
INFO: [ app_init ] --END-- [ RunTime:0.000994s ]

[ 2017-06-15T17:57:50+08:00 ] ::1 /hzaucomm/index.php/Admin/Source/picture
INFO: [ app_init ] --START--
INFO: Run Behavior\BuildLiteBehavior [ RunTime:0.000058s ]
INFO: [ app_init ] --END-- [ RunTime:0.001003s ]

[ 2017-06-15T17:58:08+08:00 ] ::1 /hzaucomm/index.php/Admin/Source/picture
INFO: [ app_init ] --START--
INFO: Run Behavior\BuildLiteBehavior [ RunTime:0.000058s ]
INFO: [ app_init ] --END-- [ RunTime:0.001214s ]

[ 2017-06-15T17:58:48+08:00 ] ::1 /hzaucomm/index.php/Admin/Course/course
INFO: [ app_init ] --START--
INFO: Run Behavior\BuildLiteBehavior [ RunTime:0.000070s ]
INFO: [ app_init ] --END-- [ RunTime:0.001179s ]

[ 2017-06-15T17:58:52+08:00 ] ::1 /hzaucomm/index.php/Admin/Course/themeread
INFO: [ app_init ] --START--
INFO: Run Behavior\BuildLiteBehavior [ RunTime:0.000057s ]
INFO: [ app_init ] --END-- [ RunTime:0.001000s ]

[ 2017-06-15T17:59:04+08:00 ] ::1 /hzaucomm/index.php/Admin/Source/picture
INFO: [ app_init ] --START--
INFO: Run Behavior\BuildLiteBehavior [ RunTime:0.000059s ]
INFO: [ app_init ] --END-- [ RunTime:0.001422s ]

[ 2017-06-15T18:31:12+08:00 ] ::1 /hzaucomm/index.php/Admin/Comp/comp
INFO: [ app_init ] --START--
INFO: Run Behavior\BuildLiteBehavior [ RunTime:0.000063s ]
INFO: [ app_init ] --END-- [ RunTime:0.045424s ]

[ 2017-06-15T18:31:26+08:00 ] ::1 /hzaucomm/index.php/Admin/Source/pic_update
INFO: [ app_init ] --START--
INFO: Run Behavior\BuildLiteBehavior [ RunTime:0.000055s ]
INFO: [ app_init ] --END-- [ RunTime:0.000924s ]

[ 2017-06-15T18:31:31+08:00 ] ::1 /hzaucomm/index.php/Admin/Source/doc_update
INFO: [ app_init ] --START--
INFO: Run Behavior\BuildLiteBehavior [ RunTime:0.000058s ]
INFO: [ app_init ] --END-- [ RunTime:0.001344s ]

[ 2017-06-15T18:31:38+08:00 ] ::1 /hzaucomm/index.php/Admin/Source/picture
INFO: [ app_init ] --START--
INFO: Run Behavior\BuildLiteBehavior [ RunTime:0.000062s ]
INFO: [ app_init ] --END-- [ RunTime:0.001048s ]

[ 2017-06-15T18:32:00+08:00 ] ::1 /hzaucomm/index.php/Admin/Source/picture
INFO: [ app_init ] --START--
INFO: Run Behavior\BuildLiteBehavior [ RunTime:0.000058s ]
INFO: [ app_init ] --END-- [ RunTime:0.001118s ]

[ 2017-06-15T18:34:01+08:00 ] ::1 /hzaucomm/index.php/Admin/Source/picture
INFO: [ app_init ] --START--
INFO: Run Behavior\BuildLiteBehavior [ RunTime:0.000088s ]
INFO: [ app_init ] --END-- [ RunTime:0.001132s ]

[ 2017-06-15T18:34:22+08:00 ] ::1 /hzaucomm/index.php/Admin/Source/picture
INFO: [ app_init ] --START--
INFO: Run Behavior\BuildLiteBehavior [ RunTime:0.000056s ]
INFO: [ app_init ] --END-- [ RunTime:0.000947s ]

[ 2017-06-15T18:34:32+08:00 ] ::1 /hzaucomm/index.php/Admin/Source/picture
INFO: [ app_init ] --START--
INFO: Run Behavior\BuildLiteBehavior [ RunTime:0.000105s ]
INFO: [ app_init ] --END-- [ RunTime:0.001181s ]

[ 2017-06-15T18:34:53+08:00 ] ::1 /hzaucomm/index.php/Admin/Source/picture
INFO: [ app_init ] --START--
INFO: Run Behavior\BuildLiteBehavior [ RunTime:0.000057s ]
INFO: [ app_init ] --END-- [ RunTime:0.001087s ]

[ 2017-06-15T18:35:04+08:00 ] ::1 /hzaucomm/index.php/Admin/Source/picture
INFO: [ app_init ] --START--
INFO: Run Behavior\BuildLiteBehavior [ RunTime:0.000058s ]
INFO: [ app_init ] --END-- [ RunTime:0.001084s ]

[ 2017-06-15T18:35:18+08:00 ] ::1 /hzaucomm/index.php/Admin/Source/picture
INFO: [ app_init ] --START--
INFO: Run Behavior\BuildLiteBehavior [ RunTime:0.000056s ]
INFO: [ app_init ] --END-- [ RunTime:0.001017s ]

[ 2017-06-15T18:37:00+08:00 ] ::1 /hzaucomm/index.php/Admin/Source/picture
INFO: [ app_init ] --START--
INFO: Run Behavior\BuildLiteBehavior [ RunTime:0.000059s ]
INFO: [ app_init ] --END-- [ RunTime:0.001038s ]

[ 2017-06-15T18:37:04+08:00 ] ::1 /hzaucomm/index.php/Admin/Index/index
INFO: [ app_init ] --START--
INFO: Run Behavior\BuildLiteBehavior [ RunTime:0.000105s ]
INFO: [ app_init ] --END-- [ RunTime:0.001168s ]

[ 2017-06-15T18:38:18+08:00 ] ::1 /hzaucomm/index.php/Admin/Index/index
INFO: [ app_init ] --START--
INFO: Run Behavior\BuildLiteBehavior [ RunTime:0.000057s ]
INFO: [ app_init ] --END-- [ RunTime:0.000968s ]

[ 2017-06-15T18:39:14+08:00 ] ::1 /hzaucomm/index.php/Admin/Source/picture
INFO: [ app_init ] --START--
INFO: Run Behavior\BuildLiteBehavior [ RunTime:0.000086s ]
INFO: [ app_init ] --END-- [ RunTime:0.001482s ]

[ 2017-06-15T18:40:14+08:00 ] ::1 /hzaucomm/index.php/Admin/Source/picture
INFO: [ app_init ] --START--
INFO: Run Behavior\BuildLiteBehavior [ RunTime:0.000084s ]
INFO: [ app_init ] --END-- [ RunTime:0.001176s ]

[ 2017-06-15T18:40:55+08:00 ] ::1 /hzaucomm/index.php/Admin/Source/picture
INFO: [ app_init ] --START--
INFO: Run Behavior\BuildLiteBehavior [ RunTime:0.000056s ]
INFO: [ app_init ] --END-- [ RunTime:0.000946s ]

[ 2017-06-15T18:42:21+08:00 ] ::1 /hzaucomm/index.php/Admin/Source/picture
INFO: [ app_init ] --START--
INFO: Run Behavior\BuildLiteBehavior [ RunTime:0.000055s ]
INFO: [ app_init ] --END-- [ RunTime:0.000937s ]

[ 2017-06-15T18:42:39+08:00 ] ::1 /hzaucomm/index.php/Admin/Source/picture
INFO: [ app_init ] --START--
INFO: Run Behavior\BuildLiteBehavior [ RunTime:0.000056s ]
INFO: [ app_init ] --END-- [ RunTime:0.001005s ]

[ 2017-06-15T18:43:38+08:00 ] ::1 /hzaucomm/index.php/Admin/Source/picture
INFO: [ app_init ] --START--
INFO: Run Behavior\BuildLiteBehavior [ RunTime:0.000057s ]
INFO: [ app_init ] --END-- [ RunTime:0.000986s ]

[ 2017-06-15T18:43:57+08:00 ] ::1 /hzaucomm/index.php/Admin/Index/index
INFO: [ app_init ] --START--
INFO: Run Behavior\BuildLiteBehavior [ RunTime:0.000060s ]
INFO: [ app_init ] --END-- [ RunTime:0.000967s ]

[ 2017-06-15T18:44:15+08:00 ] ::1 /hzaucomm/index.php/Admin/Index/index
INFO: [ app_init ] --START--
INFO: Run Behavior\BuildLiteBehavior [ RunTime:0.000056s ]
INFO: [ app_init ] --END-- [ RunTime:0.000893s ]

[ 2017-06-15T18:44:24+08:00 ] ::1 /hzaucomm/index.php/Admin/Source/picture
INFO: [ app_init ] --START--
INFO: Run Behavior\BuildLiteBehavior [ RunTime:0.000065s ]
INFO: [ app_init ] --END-- [ RunTime:0.001081s ]

[ 2017-06-15T18:46:14+08:00 ] ::1 /hzaucomm/index.php/Admin/Source/picture
INFO: [ app_init ] --START--
INFO: Run Behavior\BuildLiteBehavior [ RunTime:0.000056s ]
INFO: [ app_init ] --END-- [ RunTime:0.000954s ]

[ 2017-06-15T18:46:17+08:00 ] ::1 /hzaucomm/index.php/Admin/Source/pictureshow
INFO: [ app_init ] --START--
INFO: Run Behavior\BuildLiteBehavior [ RunTime:0.000072s ]
INFO: [ app_init ] --END-- [ RunTime:0.001135s ]

[ 2017-06-15T18:46:49+08:00 ] ::1 /hzaucomm/index.php/Admin/Source/picture
INFO: [ app_init ] --START--
INFO: Run Behavior\BuildLiteBehavior [ RunTime:0.000055s ]
INFO: [ app_init ] --END-- [ RunTime:0.000925s ]

[ 2017-06-15T18:46:52+08:00 ] ::1 /hzaucomm/index.php/Admin/Source/pictureshow
INFO: [ app_init ] --START--
INFO: Run Behavior\BuildLiteBehavior [ RunTime:0.000058s ]
INFO: [ app_init ] --END-- [ RunTime:0.000939s ]
INFO: [ app_begin ] --START--
INFO: Run Behavior\ReadHtmlCacheBehavior [ RunTime:0.000865s ]
INFO: [ app_begin ] --END-- [ RunTime:0.001097s ]
INFO: [ view_parse ] --START--
INFO: [ template_filter ] --START--
INFO: Run Behavior\ContentReplaceBehavior [ RunTime:0.000176s ]
INFO: [ template_filter ] --END-- [ RunTime:0.000423s ]
INFO: Run Behavior\ParseTemplateBehavior [ RunTime:0.014437s ]
INFO: [ view_parse ] --END-- [ RunTime:0.014696s ]
INFO: [ view_filter ] --START--
INFO: Run Behavior\WriteHtmlCacheBehavior [ RunTime:0.000489s ]
INFO: [ view_filter ] --END-- [ RunTime:0.000695s ]
INFO: [ app_end ] --START--
INFO: Run Behavior\ShowPageTraceBehavior [ RunTime:0.000763s ]
INFO: [ app_end ] --END-- [ RunTime:0.000969s ]

[ 2017-06-15T18:46:55+08:00 ] ::1 /hzaucomm/index.php/Admin/Source/pictureshow
INFO: [ app_init ] --START--
INFO: Run Behavior\BuildLiteBehavior [ RunTime:0.000059s ]
INFO: [ app_init ] --END-- [ RunTime:0.001069s ]
INFO: [ app_begin ] --START--
INFO: Run Behavior\ReadHtmlCacheBehavior [ RunTime:0.000826s ]
INFO: [ app_begin ] --END-- [ RunTime:0.001057s ]
INFO: [ view_parse ] --START--
INFO: [ template_filter ] --START--
INFO: Run Behavior\ContentReplaceBehavior [ RunTime:0.000176s ]
INFO: [ template_filter ] --END-- [ RunTime:0.000537s ]
INFO: Run Behavior\ParseTemplateBehavior [ RunTime:0.015647s ]
INFO: [ view_parse ] --END-- [ RunTime:0.015918s ]
INFO: [ view_filter ] --START--
INFO: Run Behavior\WriteHtmlCacheBehavior [ RunTime:0.000480s ]
INFO: [ view_filter ] --END-- [ RunTime:0.000685s ]
INFO: [ app_end ] --START--
INFO: Run Behavior\ShowPageTraceBehavior [ RunTime:0.000816s ]
INFO: [ app_end ] --END-- [ RunTime:0.001067s ]

[ 2017-06-15T18:47:13+08:00 ] ::1 /hzaucomm/index.php/Admin/Source/picture
INFO: [ app_init ] --START--
INFO: Run Behavior\BuildLiteBehavior [ RunTime:0.000059s ]
INFO: [ app_init ] --END-- [ RunTime:0.000908s ]

[ 2017-06-15T18:47:16+08:00 ] ::1 /hzaucomm/index.php/Admin/Source/pictureshow
INFO: [ app_init ] --START--
INFO: Run Behavior\BuildLiteBehavior [ RunTime:0.000056s ]
INFO: [ app_init ] --END-- [ RunTime:0.000973s ]
INFO: [ app_begin ] --START--
INFO: Run Behavior\ReadHtmlCacheBehavior [ RunTime:0.001391s ]
INFO: [ app_begin ] --END-- [ RunTime:0.001639s ]
INFO: [ view_parse ] --START--
INFO: [ template_filter ] --START--
INFO: Run Behavior\ContentReplaceBehavior [ RunTime:0.000167s ]
INFO: [ template_filter ] --END-- [ RunTime:0.000402s ]
INFO: Run Behavior\ParseTemplateBehavior [ RunTime:0.035594s ]
INFO: [ view_parse ] --END-- [ RunTime:0.035919s ]
INFO: [ view_filter ] --START--
INFO: Run Behavior\WriteHtmlCacheBehavior [ RunTime:0.002132s ]
INFO: [ view_filter ] --END-- [ RunTime:0.002365s ]
INFO: [ app_end ] --START--
INFO: Run Behavior\ShowPageTraceBehavior [ RunTime:0.001476s ]
INFO: [ app_end ] --END-- [ RunTime:0.001774s ]

[ 2017-06-15T18:47:34+08:00 ] ::1 /hzaucomm/index.php/Admin/Source/picture
INFO: [ app_init ] --START--
INFO: Run Behavior\BuildLiteBehavior [ RunTime:0.000058s ]
INFO: [ app_init ] --END-- [ RunTime:0.001090s ]

[ 2017-06-15T18:47:37+08:00 ] ::1 /hzaucomm/index.php/Admin/Source/pictureshow
INFO: [ app_init ] --START--
INFO: Run Behavior\BuildLiteBehavior [ RunTime:0.000065s ]
INFO: [ app_init ] --END-- [ RunTime:0.000995s ]
INFO: [ app_begin ] --START--
INFO: Run Behavior\ReadHtmlCacheBehavior [ RunTime:0.000913s ]
INFO: [ app_begin ] --END-- [ RunTime:0.001152s ]
INFO: [ view_parse ] --START--
INFO: [ template_filter ] --START--
INFO: Run Behavior\ContentReplaceBehavior [ RunTime:0.000170s ]
INFO: [ template_filter ] --END-- [ RunTime:0.000423s ]
INFO: Run Behavior\ParseTemplateBehavior [ RunTime:0.038062s ]
INFO: [ view_parse ] --END-- [ RunTime:0.038337s ]
INFO: [ view_filter ] --START--
INFO: Run Behavior\WriteHtmlCacheBehavior [ RunTime:0.000574s ]
INFO: [ view_filter ] --END-- [ RunTime:0.000777s ]
INFO: [ app_end ] --START--
INFO: Run Behavior\ShowPageTraceBehavior [ RunTime:0.000822s ]
INFO: [ app_end ] --END-- [ RunTime:0.001029s ]

[ 2017-06-15T18:47:57+08:00 ] ::1 /hzaucomm/index.php/Admin/Source/pictureshow
INFO: [ app_init ] --START--
INFO: Run Behavior\BuildLiteBehavior [ RunTime:0.000060s ]
INFO: [ app_init ] --END-- [ RunTime:0.000868s ]
INFO: [ app_begin ] --START--
INFO: Run Behavior\ReadHtmlCacheBehavior [ RunTime:0.001112s ]
INFO: [ app_begin ] --END-- [ RunTime:0.001348s ]
INFO: [ view_parse ] --START--
INFO: [ template_filter ] --START--
INFO: Run Behavior\ContentReplaceBehavior [ RunTime:0.000278s ]
INFO: [ template_filter ] --END-- [ RunTime:0.000603s ]
INFO: Run Behavior\ParseTemplateBehavior [ RunTime:0.016525s ]
INFO: [ view_parse ] --END-- [ RunTime:0.016814s ]
INFO: [ view_filter ] --START--
INFO: Run Behavior\WriteHtmlCacheBehavior [ RunTime:0.000617s ]
INFO: [ view_filter ] --END-- [ RunTime:0.000844s ]
INFO: [ app_end ] --START--
INFO: Run Behavior\ShowPageTraceBehavior [ RunTime:0.000810s ]
INFO: [ app_end ] --END-- [ RunTime:0.001034s ]

[ 2017-06-15T18:48:36+08:00 ] ::1 /hzaucomm/index.php/Admin/Source/picture
INFO: [ app_init ] --START--
INFO: Run Behavior\BuildLiteBehavior [ RunTime:0.000083s ]
INFO: [ app_init ] --END-- [ RunTime:0.000937s ]

[ 2017-06-15T18:48:39+08:00 ] ::1 /hzaucomm/index.php/Admin/Source/pictureshow
INFO: [ app_init ] --START--
INFO: Run Behavior\BuildLiteBehavior [ RunTime:0.000057s ]
INFO: [ app_init ] --END-- [ RunTime:0.000820s ]
INFO: [ app_begin ] --START--
INFO: Run Behavior\ReadHtmlCacheBehavior [ RunTime:0.000894s ]
INFO: [ app_begin ] --END-- [ RunTime:0.001142s ]
INFO: [ view_parse ] --START--
INFO: [ template_filter ] --START--
INFO: Run Behavior\ContentReplaceBehavior [ RunTime:0.000174s ]
INFO: [ template_filter ] --END-- [ RunTime:0.000444s ]
INFO: Run Behavior\ParseTemplateBehavior [ RunTime:0.029338s ]
INFO: [ view_parse ] --END-- [ RunTime:0.029615s ]
INFO: [ view_filter ] --START--
INFO: Run Behavior\WriteHtmlCacheBehavior [ RunTime:0.000621s ]
INFO: [ view_filter ] --END-- [ RunTime:0.000934s ]
INFO: [ app_end ] --START--
INFO: Run Behavior\ShowPageTraceBehavior [ RunTime:0.001151s ]
INFO: [ app_end ] --END-- [ RunTime:0.001372s ]

[ 2017-06-15T18:48:48+08:00 ] ::1 /hzaucomm/index.php/Admin/Source/picture
INFO: [ app_init ] --START--
INFO: Run Behavior\BuildLiteBehavior [ RunTime:0.000058s ]
INFO: [ app_init ] --END-- [ RunTime:0.000859s ]

[ 2017-06-15T18:48:52+08:00 ] ::1 /hzaucomm/index.php/Admin/Source/pictureshow
INFO: [ app_init ] --START--
INFO: Run Behavior\BuildLiteBehavior [ RunTime:0.000054s ]
INFO: [ app_init ] --END-- [ RunTime:0.000847s ]
INFO: [ app_begin ] --START--
INFO: Run Behavior\ReadHtmlCacheBehavior [ RunTime:0.001123s ]
INFO: [ app_begin ] --END-- [ RunTime:0.001463s ]
INFO: [ view_parse ] --START--
INFO: [ template_filter ] --START--
INFO: Run Behavior\ContentReplaceBehavior [ RunTime:0.000170s ]
INFO: [ template_filter ] --END-- [ RunTime:0.000412s ]
INFO: Run Behavior\ParseTemplateBehavior [ RunTime:0.019261s ]
INFO: [ view_parse ] --END-- [ RunTime:0.019544s ]
INFO: [ view_filter ] --START--
INFO: Run Behavior\WriteHtmlCacheBehavior [ RunTime:0.000642s ]
INFO: [ view_filter ] --END-- [ RunTime:0.000847s ]
INFO: [ app_end ] --START--
INFO: Run Behavior\ShowPageTraceBehavior [ RunTime:0.000981s ]
INFO: [ app_end ] --END-- [ RunTime:0.001584s ]

[ 2017-06-15T18:49:08+08:00 ] ::1 /hzaucomm/index.php/Admin/Source/picture
INFO: [ app_init ] --START--
INFO: Run Behavior\BuildLiteBehavior [ RunTime:0.000059s ]
INFO: [ app_init ] --END-- [ RunTime:0.001079s ]

[ 2017-06-15T18:49:27+08:00 ] ::1 /hzaucomm/index.php/Admin/Source/picture
INFO: [ app_init ] --START--
INFO: Run Behavior\BuildLiteBehavior [ RunTime:0.000058s ]
INFO: [ app_init ] --END-- [ RunTime:0.000988s ]

[ 2017-06-15T18:49:30+08:00 ] ::1 /hzaucomm/index.php/Admin/Source/pictureshow
INFO: [ app_init ] --START--
INFO: Run Behavior\BuildLiteBehavior [ RunTime:0.000064s ]
INFO: [ app_init ] --END-- [ RunTime:0.001069s ]
INFO: [ app_begin ] --START--
INFO: Run Behavior\ReadHtmlCacheBehavior [ RunTime:0.001515s ]
INFO: [ app_begin ] --END-- [ RunTime:0.001784s ]
INFO: [ view_parse ] --START--
INFO: [ template_filter ] --START--
INFO: Run Behavior\ContentReplaceBehavior [ RunTime:0.000169s ]
INFO: [ template_filter ] --END-- [ RunTime:0.000427s ]
INFO: Run Behavior\ParseTemplateBehavior [ RunTime:0.024080s ]
INFO: [ view_parse ] --END-- [ RunTime:0.024361s ]
INFO: [ view_filter ] --START--
INFO: Run Behavior\WriteHtmlCacheBehavior [ RunTime:0.001160s ]
INFO: [ view_filter ] --END-- [ RunTime:0.001440s ]
INFO: [ app_end ] --START--
INFO: Run Behavior\ShowPageTraceBehavior [ RunTime:0.001522s ]
INFO: [ app_end ] --END-- [ RunTime:0.001742s ]

[ 2017-06-15T18:49:58+08:00 ] ::1 /hzaucomm/index.php/Admin/Source/picture
INFO: [ app_init ] --START--
INFO: Run Behavior\BuildLiteBehavior [ RunTime:0.000061s ]
INFO: [ app_init ] --END-- [ RunTime:0.000978s ]

[ 2017-06-15T18:50:01+08:00 ] ::1 /hzaucomm/index.php/Admin/Source/document
INFO: [ app_init ] --START--
INFO: Run Behavior\BuildLiteBehavior [ RunTime:0.000054s ]
INFO: [ app_init ] --END-- [ RunTime:0.000785s ]

[ 2017-06-15T18:52:07+08:00 ] ::1 /hzaucomm/index.php/Admin/Source/document
INFO: [ app_init ] --START--
INFO: Run Behavior\BuildLiteBehavior [ RunTime:0.000059s ]
INFO: [ app_init ] --END-- [ RunTime:0.001069s ]

[ 2017-06-15T18:52:54+08:00 ] ::1 /hzaucomm/index.php/Admin/Source/document
INFO: [ app_init ] --START--
INFO: Run Behavior\BuildLiteBehavior [ RunTime:0.000059s ]
INFO: [ app_init ] --END-- [ RunTime:0.000926s ]

[ 2017-06-15T18:52:58+08:00 ] ::1 /hzaucomm/index.php/Admin/Source/documentshow
INFO: [ app_init ] --START--
INFO: Run Behavior\BuildLiteBehavior [ RunTime:0.000058s ]
INFO: [ app_init ] --END-- [ RunTime:0.000987s ]

[ 2017-06-15T18:53:28+08:00 ] ::1 /hzaucomm/index.php/Admin/Source/document
INFO: [ app_init ] --START--
INFO: Run Behavior\BuildLiteBehavior [ RunTime:0.000170s ]
INFO: [ app_init ] --END-- [ RunTime:0.001195s ]

[ 2017-06-15T18:53:32+08:00 ] ::1 /hzaucomm/index.php/Admin/Source/documentshow
INFO: [ app_init ] --START--
INFO: Run Behavior\BuildLiteBehavior [ RunTime:0.000058s ]
INFO: [ app_init ] --END-- [ RunTime:0.001111s ]

[ 2017-06-15T19:00:38+08:00 ] ::1 /hzaucomm/index.php/Admin/Source/zip
INFO: [ app_init ] --START--
INFO: Run Behavior\BuildLiteBehavior [ RunTime:0.000060s ]
INFO: [ app_init ] --END-- [ RunTime:0.001547s ]

[ 2017-06-15T19:00:44+08:00 ] ::1 /hzaucomm/index.php/Admin/Source/video
INFO: [ app_init ] --START--
INFO: Run Behavior\BuildLiteBehavior [ RunTime:0.000057s ]
INFO: [ app_init ] --END-- [ RunTime:0.001133s ]

[ 2017-06-15T19:00:49+08:00 ] ::1 /hzaucomm/index.php/Admin/Source/document
INFO: [ app_init ] --START--
INFO: Run Behavior\BuildLiteBehavior [ RunTime:0.000060s ]
INFO: [ app_init ] --END-- [ RunTime:0.001344s ]

[ 2017-06-15T19:01:25+08:00 ] ::1 /hzaucomm/index.php/Admin/Source/video
INFO: [ app_init ] --START--
INFO: Run Behavior\BuildLiteBehavior [ RunTime:0.000053s ]
INFO: [ app_init ] --END-- [ RunTime:0.000937s ]

[ 2017-06-15T19:02:11+08:00 ] ::1 /hzaucomm/index.php/Admin/Source/video
INFO: [ app_init ] --START--
INFO: Run Behavior\BuildLiteBehavior [ RunTime:0.000057s ]
INFO: [ app_init ] --END-- [ RunTime:0.000816s ]

[ 2017-06-15T19:02:15+08:00 ] ::1 /hzaucomm/index.php/Admin/Source/document
INFO: [ app_init ] --START--
INFO: Run Behavior\BuildLiteBehavior [ RunTime:0.000058s ]
INFO: [ app_init ] --END-- [ RunTime:0.000832s ]

[ 2017-06-15T19:02:25+08:00 ] ::1 /hzaucomm/index.php/Admin/Source/video
INFO: [ app_init ] --START--
INFO: Run Behavior\BuildLiteBehavior [ RunTime:0.000087s ]
INFO: [ app_init ] --END-- [ RunTime:0.000811s ]

[ 2017-06-15T19:02:29+08:00 ] ::1 /hzaucomm/index.php/Admin/Source/picture
INFO: [ app_init ] --START--
INFO: Run Behavior\BuildLiteBehavior [ RunTime:0.000056s ]
INFO: [ app_init ] --END-- [ RunTime:0.000859s ]

[ 2017-06-15T19:02:35+08:00 ] ::1 /hzaucomm/index.php/Admin/Source/document
INFO: [ app_init ] --START--
INFO: Run Behavior\BuildLiteBehavior [ RunTime:0.000055s ]
INFO: [ app_init ] --END-- [ RunTime:0.000947s ]

[ 2017-06-15T19:02:39+08:00 ] ::1 /hzaucomm/index.php/Admin/Source/documentshow
INFO: [ app_init ] --START--
INFO: Run Behavior\BuildLiteBehavior [ RunTime:0.000057s ]
INFO: [ app_init ] --END-- [ RunTime:0.001021s ]

[ 2017-06-15T19:03:02+08:00 ] ::1 /hzaucomm/index.php/Admin/Source/document
INFO: [ app_init ] --START--
INFO: Run Behavior\BuildLiteBehavior [ RunTime:0.000055s ]
INFO: [ app_init ] --END-- [ RunTime:0.000914s ]

[ 2017-06-15T19:03:06+08:00 ] ::1 /hzaucomm/index.php/Admin/Source/video
INFO: [ app_init ] --START--
INFO: Run Behavior\BuildLiteBehavior [ RunTime:0.000091s ]
INFO: [ app_init ] --END-- [ RunTime:0.001125s ]

[ 2017-06-15T19:03:41+08:00 ] ::1 /hzaucomm/index.php/Admin/Source/video
INFO: [ app_init ] --START--
INFO: Run Behavior\BuildLiteBehavior [ RunTime:0.000057s ]
INFO: [ app_init ] --END-- [ RunTime:0.001196s ]

[ 2017-06-15T19:04:11+08:00 ] ::1 /hzaucomm/index.php/Admin/Source/video
INFO: [ app_init ] --START--
INFO: Run Behavior\BuildLiteBehavior [ RunTime:0.000056s ]
INFO: [ app_init ] --END-- [ RunTime:0.000802s ]

[ 2017-06-15T19:04:53+08:00 ] ::1 /hzaucomm/index.php/Admin/Source/video
INFO: [ app_init ] --START--
INFO: Run Behavior\BuildLiteBehavior [ RunTime:0.000067s ]
INFO: [ app_init ] --END-- [ RunTime:0.000960s ]

[ 2017-06-15T19:04:57+08:00 ] ::1 /hzaucomm/index.php/Admin/Source/zip
INFO: [ app_init ] --START--
INFO: Run Behavior\BuildLiteBehavior [ RunTime:0.000057s ]
INFO: [ app_init ] --END-- [ RunTime:0.000964s ]

[ 2017-06-15T19:05:03+08:00 ] ::1 /hzaucomm/index.php/Admin/Source/
INFO: [ app_init ] --START--
INFO: Run Behavior\BuildLiteBehavior [ RunTime:0.000055s ]
INFO: [ app_init ] --END-- [ RunTime:0.000807s ]
ERR: 非法操作:index

[ 2017-06-15T19:05:57+08:00 ] ::1 /hzaucomm/index.php/Admin/Source/zip
INFO: [ app_init ] --START--
INFO: Run Behavior\BuildLiteBehavior [ RunTime:0.000057s ]
INFO: [ app_init ] --END-- [ RunTime:0.001040s ]

[ 2017-06-15T19:06:05+08:00 ] ::1 /hzaucomm/index.php/Admin/Comp/comp
INFO: [ app_init ] --START--
INFO: Run Behavior\BuildLiteBehavior [ RunTime:0.000093s ]
INFO: [ app_init ] --END-- [ RunTime:0.001390s ]

[ 2017-06-15T19:06:47+08:00 ] ::1 /hzaucomm/index.php/Admin/Comp/comp
INFO: [ app_init ] --START--
INFO: Run Behavior\BuildLiteBehavior [ RunTime:0.000054s ]
INFO: [ app_init ] --END-- [ RunTime:0.000930s ]

[ 2017-06-15T19:06:57+08:00 ] ::1 /hzaucomm/index.php/Admin/Comp/themeshow
INFO: [ app_init ] --START--
INFO: Run Behavior\BuildLiteBehavior [ RunTime:0.000059s ]
INFO: [ app_init ] --END-- [ RunTime:0.000936s ]
ERR: 非法操作:themeshow

[ 2017-06-15T19:07:17+08:00 ] ::1 /hzaucomm/index.php/Admin/Comp/themeshow
INFO: [ app_init ] --START--
INFO: Run Behavior\BuildLiteBehavior [ RunTime:0.000055s ]
INFO: [ app_init ] --END-- [ RunTime:0.000989s ]

[ 2017-06-15T19:07:56+08:00 ] ::1 /hzaucomm/index.php/Admin/Comp/themeshow
INFO: [ app_init ] --START--
INFO: Run Behavior\BuildLiteBehavior [ RunTime:0.000054s ]
INFO: [ app_init ] --END-- [ RunTime:0.000909s ]

[ 2017-06-15T19:08:25+08:00 ] ::1 /hzaucomm/index.php/Admin/Comp/themeshow
INFO: [ app_init ] --START--
INFO: Run Behavior\BuildLiteBehavior [ RunTime:0.000056s ]
INFO: [ app_init ] --END-- [ RunTime:0.000860s ]

[ 2017-06-15T19:08:30+08:00 ] ::1 /hzaucomm/index.php/Admin/Comp/themeshow
INFO: [ app_init ] --START--
INFO: Run Behavior\BuildLiteBehavior [ RunTime:0.000057s ]
INFO: [ app_init ] --END-- [ RunTime:0.001005s ]

[ 2017-06-15T19:08:46+08:00 ] ::1 /hzaucomm/index.php/Admin/Comp/comp
INFO: [ app_init ] --START--
INFO: Run Behavior\BuildLiteBehavior [ RunTime:0.000057s ]
INFO: [ app_init ] --END-- [ RunTime:0.000824s ]

[ 2017-06-15T19:09:12+08:00 ] ::1 /hzaucomm/index.php/Admin/Course/course
INFO: [ app_init ] --START--
INFO: Run Behavior\BuildLiteBehavior [ RunTime:0.000054s ]
INFO: [ app_init ] --END-- [ RunTime:0.000779s ]

[ 2017-06-15T19:09:29+08:00 ] ::1 /hzaucomm/index.php/Admin/Comp/comp
INFO: [ app_init ] --START--
INFO: Run Behavior\BuildLiteBehavior [ RunTime:0.000054s ]
INFO: [ app_init ] --END-- [ RunTime:0.000768s ]

[ 2017-06-15T19:09:35+08:00 ] ::1 /hzaucomm/index.php/Admin/Comp/themeshow
INFO: [ app_init ] --START--
INFO: Run Behavior\BuildLiteBehavior [ RunTime:0.000054s ]
INFO: [ app_init ] --END-- [ RunTime:0.000771s ]

[ 2017-06-15T19:10:15+08:00 ] ::1 /hzaucomm/index.php/Admin/Comp/themeshow
INFO: [ app_init ] --START--
INFO: Run Behavior\BuildLiteBehavior [ RunTime:0.000057s ]
INFO: [ app_init ] --END-- [ RunTime:0.001194s ]

[ 2017-06-15T19:10:21+08:00 ] ::1 /hzaucomm/index.php/Admin/Comp/themeshow
INFO: [ app_init ] --START--
INFO: Run Behavior\BuildLiteBehavior [ RunTime:0.000057s ]
INFO: [ app_init ] --END-- [ RunTime:0.000982s ]

[ 2017-06-15T19:10:24+08:00 ] ::1 /hzaucomm/index.php/Admin/Comp/commentshow
INFO: [ app_init ] --START--
INFO: Run Behavior\BuildLiteBehavior [ RunTime:0.000055s ]
INFO: [ app_init ] --END-- [ RunTime:0.000779s ]
ERR: 非法操作:commentshow

[ 2017-06-15T19:10:54+08:00 ] ::1 /hzaucomm/index.php/Admin/Comp/commentshow
INFO: [ app_init ] --START--
INFO: Run Behavior\BuildLiteBehavior [ RunTime:0.000057s ]
INFO: [ app_init ] --END-- [ RunTime:0.000965s ]

[ 2017-06-15T19:11:13+08:00 ] ::1 /hzaucomm/index.php/Admin/Comp/comp
INFO: [ app_init ] --START--
INFO: Run Behavior\BuildLiteBehavior [ RunTime:0.000113s ]
INFO: [ app_init ] --END-- [ RunTime:0.002400s ]

[ 2017-06-15T19:11:15+08:00 ] ::1 /hzaucomm/index.php/Admin/Comp/themeread
INFO: [ app_init ] --START--
INFO: Run Behavior\BuildLiteBehavior [ RunTime:0.000084s ]
INFO: [ app_init ] --END-- [ RunTime:0.000936s ]

[ 2017-06-15T19:11:24+08:00 ] ::1 /hzaucomm/index.php/Admin/Comp/commentread
INFO: [ app_init ] --START--
INFO: Run Behavior\BuildLiteBehavior [ RunTime:0.000058s ]
INFO: [ app_init ] --END-- [ RunTime:0.001126s ]

[ 2017-06-15T19:11:35+08:00 ] ::1 /hzaucomm/index.php/Admin/Source/pic_update
INFO: [ app_init ] --START--
INFO: Run Behavior\BuildLiteBehavior [ RunTime:0.000175s ]
INFO: [ app_init ] --END-- [ RunTime:0.001523s ]

[ 2017-06-15T19:13:22+08:00 ] ::1 /hzaucomm/index.php/Admin/Source/pic_update
INFO: [ app_init ] --START--
INFO: Run Behavior\BuildLiteBehavior [ RunTime:0.000060s ]
INFO: [ app_init ] --END-- [ RunTime:0.001563s ]

[ 2017-06-15T19:14:06+08:00 ] ::1 /hzaucomm/index.php/Admin/Source/pic_update
INFO: [ app_init ] --START--
INFO: Run Behavior\BuildLiteBehavior [ RunTime:0.000055s ]
INFO: [ app_init ] --END-- [ RunTime:0.000823s ]

[ 2017-06-15T19:14:09+08:00 ] ::1 /hzaucomm/index.php/Admin/Source/pictureshow
INFO: [ app_init ] --START--
INFO: Run Behavior\BuildLiteBehavior [ RunTime:0.000060s ]
INFO: [ app_init ] --END-- [ RunTime:0.000908s ]
INFO: [ app_begin ] --START--
INFO: Run Behavior\ReadHtmlCacheBehavior [ RunTime:0.001032s ]
INFO: [ app_begin ] --END-- [ RunTime:0.001386s ]
INFO: [ view_parse ] --START--
INFO: [ template_filter ] --START--
INFO: Run Behavior\ContentReplaceBehavior [ RunTime:0.000209s ]
INFO: [ template_filter ] --END-- [ RunTime:0.000467s ]
INFO: Run Behavior\ParseTemplateBehavior [ RunTime:0.031749s ]
INFO: [ view_parse ] --END-- [ RunTime:0.032101s ]
INFO: [ view_filter ] --START--
INFO: Run Behavior\WriteHtmlCacheBehavior [ RunTime:0.000497s ]
INFO: [ view_filter ] --END-- [ RunTime:0.000704s ]
INFO: [ app_end ] --START--
INFO: Run Behavior\ShowPageTraceBehavior [ RunTime:0.000830s ]
INFO: [ app_end ] --END-- [ RunTime:0.001045s ]

[ 2017-06-15T19:14:23+08:00 ] ::1 /hzaucomm/index.php/Admin/Source/pic_update
INFO: [ app_init ] --START--
INFO: Run Behavior\BuildLiteBehavior [ RunTime:0.000058s ]
INFO: [ app_init ] --END-- [ RunTime:0.000946s ]

[ 2017-06-15T19:14:33+08:00 ] ::1 /hzaucomm/index.php/Admin/Source/pic_update
INFO: [ app_init ] --START--
INFO: Run Behavior\BuildLiteBehavior [ RunTime:0.000061s ]
INFO: [ app_init ] --END-- [ RunTime:0.000839s ]

[ 2017-06-15T19:14:36+08:00 ] ::1 /hzaucomm/index.php/Admin/Source/pictureshow
INFO: [ app_init ] --START--
INFO: Run Behavior\BuildLiteBehavior [ RunTime:0.000058s ]
INFO: [ app_init ] --END-- [ RunTime:0.001030s ]
INFO: [ app_begin ] --START--
INFO: Run Behavior\ReadHtmlCacheBehavior [ RunTime:0.001603s ]
INFO: [ app_begin ] --END-- [ RunTime:0.001856s ]
INFO: [ view_parse ] --START--
INFO: [ template_filter ] --START--
INFO: Run Behavior\ContentReplaceBehavior [ RunTime:0.000179s ]
INFO: [ template_filter ] --END-- [ RunTime:0.000534s ]
INFO: Run Behavior\ParseTemplateBehavior [ RunTime:0.017929s ]
INFO: [ view_parse ] --END-- [ RunTime:0.018224s ]
INFO: [ view_filter ] --START--
INFO: Run Behavior\WriteHtmlCacheBehavior [ RunTime:0.001203s ]
INFO: [ view_filter ] --END-- [ RunTime:0.001440s ]
INFO: [ app_end ] --START--
INFO: Run Behavior\ShowPageTraceBehavior [ RunTime:0.001449s ]
INFO: [ app_end ] --END-- [ RunTime:0.001656s ]

[ 2017-06-15T19:14:39+08:00 ] ::1 /hzaucomm/index.php/Admin/Source/doc_update
INFO: [ app_init ] --START--
INFO: Run Behavior\BuildLiteBehavior [ RunTime:0.000054s ]
INFO: [ app_init ] --END-- [ RunTime:0.000928s ]

[ 2017-06-15T19:15:07+08:00 ] ::1 /hzaucomm/index.php/Admin/Source/document
INFO: [ app_init ] --START--
INFO: Run Behavior\BuildLiteBehavior [ RunTime:0.000122s ]
INFO: [ app_init ] --END-- [ RunTime:0.001016s ]

[ 2017-06-15T19:15:11+08:00 ] ::1 /hzaucomm/index.php/Admin/Source/documentshow
INFO: [ app_init ] --START--
INFO: Run Behavior\BuildLiteBehavior [ RunTime:0.000057s ]
INFO: [ app_init ] --END-- [ RunTime:0.000992s ]

[ 2017-06-15T19:16:27+08:00 ] ::1 /hzaucomm/index.php/Admin/Source/documentshow
INFO: [ app_init ] --START--
INFO: Run Behavior\BuildLiteBehavior [ RunTime:0.000326s ]
INFO: [ app_init ] --END-- [ RunTime:0.001343s ]

[ 2017-06-15T19:16:32+08:00 ] ::1 /hzaucomm/index.php/Admin/Source/doc_update
INFO: [ app_init ] --START--
INFO: Run Behavior\BuildLiteBehavior [ RunTime:0.000065s ]
INFO: [ app_init ] --END-- [ RunTime:0.001498s ]

[ 2017-06-15T19:16:36+08:00 ] ::1 /hzaucomm/index.php/Admin/Source/documentshow
INFO: [ app_init ] --START--
INFO: Run Behavior\BuildLiteBehavior [ RunTime:0.000058s ]
INFO: [ app_init ] --END-- [ RunTime:0.002188s ]

[ 2017-06-15T19:17:12+08:00 ] ::1 /hzaucomm/index.php/Admin/Source/documentshow
INFO: [ app_init ] --START--
INFO: Run Behavior\BuildLiteBehavior [ RunTime:0.000108s ]
INFO: [ app_init ] --END-- [ RunTime:0.000992s ]

[ 2017-06-15T19:17:19+08:00 ] ::1 /hzaucomm/index.php/Admin/Source/doc_update
INFO: [ app_init ] --START--
INFO: Run Behavior\BuildLiteBehavior [ RunTime:0.000056s ]
INFO: [ app_init ] --END-- [ RunTime:0.001055s ]

[ 2017-06-15T19:17:22+08:00 ] ::1 /hzaucomm/index.php/Admin/Source/documentshow
INFO: [ app_init ] --START--
INFO: Run Behavior\BuildLiteBehavior [ RunTime:0.000058s ]
INFO: [ app_init ] --END-- [ RunTime:0.000790s ]

[ 2017-06-15T19:17:39+08:00 ] ::1 /hzaucomm/index.php/Admin/Source/documentshow
INFO: [ app_init ] --START--
INFO: Run Behavior\BuildLiteBehavior [ RunTime:0.000054s ]
INFO: [ app_init ] --END-- [ RunTime:0.000767s ]

[ 2017-06-15T19:17:43+08:00 ] ::1 /hzaucomm/index.php/Admin/Comp/comp
INFO: [ app_init ] --START--
INFO: Run Behavior\BuildLiteBehavior [ RunTime:0.000058s ]
INFO: [ app_init ] --END-- [ RunTime:0.000986s ]

[ 2017-06-15T19:17:47+08:00 ] ::1 /hzaucomm/index.php/Admin/Source/doc_update
INFO: [ app_init ] --START--
INFO: Run Behavior\BuildLiteBehavior [ RunTime:0.000059s ]
INFO: [ app_init ] --END-- [ RunTime:0.001469s ]

[ 2017-06-15T19:17:55+08:00 ] ::1 /hzaucomm/index.php/Admin/Source/documentshow
INFO: [ app_init ] --START--
INFO: Run Behavior\BuildLiteBehavior [ RunTime:0.000053s ]
INFO: [ app_init ] --END-- [ RunTime:0.000776s ]

[ 2017-06-15T19:18:00+08:00 ] ::1 /hzaucomm/index.php/Admin/Source/doc_update
INFO: [ app_init ] --START--
INFO: Run Behavior\BuildLiteBehavior [ RunTime:0.000057s ]
INFO: [ app_init ] --END-- [ RunTime:0.001218s ]

[ 2017-06-15T19:18:30+08:00 ] ::1 /hzaucomm/index.php/Admin/Source/doc_update
INFO: [ app_init ] --START--
INFO: Run Behavior\BuildLiteBehavior [ RunTime:0.000054s ]
INFO: [ app_init ] --END-- [ RunTime:0.000910s ]

[ 2017-06-15T19:18:34+08:00 ] ::1 /hzaucomm/index.php/Admin/Source/documentupshow
INFO: [ app_init ] --START--
INFO: Run Behavior\BuildLiteBehavior [ RunTime:0.000054s ]
INFO: [ app_init ] --END-- [ RunTime:0.000768s ]

[ 2017-06-15T19:18:51+08:00 ] ::1 /hzaucomm/index.php/Admin/Source/documentupshow
INFO: [ app_init ] --START--
INFO: Run Behavior\BuildLiteBehavior [ RunTime:0.000088s ]
INFO: [ app_init ] --END-- [ RunTime:0.001143s ]

[ 2017-06-15T19:18:57+08:00 ] ::1 /hzaucomm/index.php/Admin/Source/doc_update
INFO: [ app_init ] --START--
INFO: Run Behavior\BuildLiteBehavior [ RunTime:0.000057s ]
INFO: [ app_init ] --END-- [ RunTime:0.001079s ]

[ 2017-06-15T19:19:00+08:00 ] ::1 /hzaucomm/index.php/Admin/Source/documentupshow
INFO: [ app_init ] --START--
INFO: Run Behavior\BuildLiteBehavior [ RunTime:0.000054s ]
INFO: [ app_init ] --END-- [ RunTime:0.000785s ]

[ 2017-06-15T19:19:14+08:00 ] ::1 /hzaucomm/index.php/Admin/Source/documentupshow
INFO: [ app_init ] --START--
INFO: Run Behavior\BuildLiteBehavior [ RunTime:0.000070s ]
INFO: [ app_init ] --END-- [ RunTime:0.000787s ]

[ 2017-06-15T19:19:22+08:00 ] ::1 /hzaucomm/index.php/Admin/Source/vid_update
INFO: [ app_init ] --START--
INFO: Run Behavior\BuildLiteBehavior [ RunTime:0.000135s ]
INFO: [ app_init ] --END-- [ RunTime:0.000965s ]

[ 2017-06-15T19:19:27+08:00 ] ::1 /hzaucomm/index.php/Admin/Source/zip_update
INFO: [ app_init ] --START--
INFO: Run Behavior\BuildLiteBehavior [ RunTime:0.000055s ]
INFO: [ app_init ] --END-- [ RunTime:0.000950s ]

[ 2017-06-15T19:19:56+08:00 ] ::1 /hzaucomm/index.php/Admin/Source/vid_update
INFO: [ app_init ] --START--
INFO: Run Behavior\BuildLiteBehavior [ RunTime:0.000058s ]
INFO: [ app_init ] --END-- [ RunTime:0.000994s ]
ERR: 非法操作:vid_update

[ 2017-06-15T19:20:04+08:00 ] ::1 /hzaucomm/index.php/Admin/Source/vid_update
INFO: [ app_init ] --START--
INFO: Run Behavior\BuildLiteBehavior [ RunTime:0.000054s ]
INFO: [ app_init ] --END-- [ RunTime:0.000777s ]
ERR: 非法操作:vid_update

[ 2017-06-15T19:20:29+08:00 ] ::1 /hzaucomm/index.php/Admin/Source/vid_update
INFO: [ app_init ] --START--
INFO: Run Behavior\BuildLiteBehavior [ RunTime:0.000057s ]
INFO: [ app_init ] --END-- [ RunTime:0.000846s ]

[ 2017-06-15T19:21:55+08:00 ] ::1 /hzaucomm/index.php/Admin/Source/vid_update
INFO: [ app_init ] --START--
INFO: Run Behavior\BuildLiteBehavior [ RunTime:0.000058s ]
INFO: [ app_init ] --END-- [ RunTime:0.000988s ]

[ 2017-06-15T19:21:59+08:00 ] ::1 /hzaucomm/index.php/Admin/Source/pic_update
INFO: [ app_init ] --START--
INFO: Run Behavior\BuildLiteBehavior [ RunTime:0.000055s ]
INFO: [ app_init ] --END-- [ RunTime:0.000804s ]

[ 2017-06-15T19:22:03+08:00 ] ::1 /hzaucomm/index.php/Admin/Source/pictureshow
INFO: [ app_init ] --START--
INFO: Run Behavior\BuildLiteBehavior [ RunTime:0.000057s ]
INFO: [ app_init ] --END-- [ RunTime:0.000807s ]
INFO: [ app_begin ] --START--
INFO: Run Behavior\ReadHtmlCacheBehavior [ RunTime:0.001018s ]
INFO: [ app_begin ] --END-- [ RunTime:0.001271s ]
INFO: [ view_parse ] --START--
INFO: [ template_filter ] --START--
INFO: Run Behavior\ContentReplaceBehavior [ RunTime:0.000175s ]
INFO: [ template_filter ] --END-- [ RunTime:0.000477s ]
INFO: Run Behavior\ParseTemplateBehavior [ RunTime:0.017495s ]
INFO: [ view_parse ] --END-- [ RunTime:0.017770s ]
INFO: [ view_filter ] --START--
INFO: Run Behavior\WriteHtmlCacheBehavior [ RunTime:0.000523s ]
INFO: [ view_filter ] --END-- [ RunTime:0.000828s ]
INFO: [ app_end ] --START--
INFO: Run Behavior\ShowPageTraceBehavior [ RunTime:0.000814s ]
INFO: [ app_end ] --END-- [ RunTime:0.001040s ]

[ 2017-06-15T19:22:06+08:00 ] ::1 /hzaucomm/index.php/Admin/Source/doc_update
INFO: [ app_init ] --START--
INFO: Run Behavior\BuildLiteBehavior [ RunTime:0.000056s ]
INFO: [ app_init ] --END-- [ RunTime:0.000812s ]

[ 2017-06-15T19:22:12+08:00 ] ::1 /hzaucomm/index.php/Admin/Source/vid_update
INFO: [ app_init ] --START--
INFO: Run Behavior\BuildLiteBehavior [ RunTime:0.000055s ]
INFO: [ app_init ] --END-- [ RunTime:0.000796s ]

[ 2017-06-15T19:22:16+08:00 ] ::1 /hzaucomm/index.php/Admin/Source/documentshow
INFO: [ app_init ] --START--
INFO: Run Behavior\BuildLiteBehavior [ RunTime:0.000077s ]
INFO: [ app_init ] --END-- [ RunTime:0.000916s ]

[ 2017-06-15T19:22:49+08:00 ] ::1 /hzaucomm/index.php/Admin/Source/vid_update
INFO: [ app_init ] --START--
INFO: Run Behavior\BuildLiteBehavior [ RunTime:0.000054s ]
INFO: [ app_init ] --END-- [ RunTime:0.000785s ]

[ 2017-06-15T19:22:55+08:00 ] ::1 /hzaucomm/index.php/Admin/Source/zip_update
INFO: [ app_init ] --START--
INFO: Run Behavior\BuildLiteBehavior [ RunTime:0.000056s ]
INFO: [ app_init ] --END-- [ RunTime:0.000811s ]

[ 2017-06-15T19:23:52+08:00 ] ::1 /hzaucomm/index.php/Admin/
INFO: [ app_init ] --START--
INFO: Run Behavior\BuildLiteBehavior [ RunTime:0.000067s ]
INFO: [ app_init ] --END-- [ RunTime:0.001848s ]

[ 2017-06-15T19:23:57+08:00 ] ::1 /hzaucomm/index.php/Admin/
INFO: [ app_init ] --START--
INFO: Run Behavior\BuildLiteBehavior [ RunTime:0.000058s ]
INFO: [ app_init ] --END-- [ RunTime:0.001080s ]

[ 2017-06-15T19:25:49+08:00 ] ::1 /hzaucomm/index.php/Admin/Source/vid_update
INFO: [ app_init ] --START--
INFO: Run Behavior\BuildLiteBehavior [ RunTime:0.000059s ]
INFO: [ app_init ] --END-- [ RunTime:0.000957s ]

[ 2017-06-15T19:25:53+08:00 ] ::1 /hzaucomm/index.php/Admin/Source/zip_update
INFO: [ app_init ] --START--
INFO: Run Behavior\BuildLiteBehavior [ RunTime:0.000058s ]
INFO: [ app_init ] --END-- [ RunTime:0.000837s ]

[ 2017-06-15T19:26:02+08:00 ] ::1 /hzaucomm/index.php/Admin/
INFO: [ app_init ] --START--
INFO: Run Behavior\BuildLiteBehavior [ RunTime:0.000089s ]
INFO: [ app_init ] --END-- [ RunTime:0.001045s ]

[ 2017-06-15T19:26:40+08:00 ] ::1 /hzaucomm/index.php/Admin/
INFO: [ app_init ] --START--
INFO: Run Behavior\BuildLiteBehavior [ RunTime:0.000055s ]
INFO: [ app_init ] --END-- [ RunTime:0.000969s ]

[ 2017-06-15T19:28:42+08:00 ] ::1 /hzaucomm/index.php/Admin/
INFO: [ app_init ] --START--
INFO: Run Behavior\BuildLiteBehavior [ RunTime:0.000055s ]
INFO: [ app_init ] --END-- [ RunTime:0.000860s ]

[ 2017-06-15T19:32:33+08:00 ] ::1 /hzaucomm/index.php/Admin/
INFO: [ app_init ] --START--
INFO: Run Behavior\BuildLiteBehavior [ RunTime:0.000059s ]
INFO: [ app_init ] --END-- [ RunTime:0.001193s ]

[ 2017-06-15T19:32:38+08:00 ] ::1 /hzaucomm/index.php/Admin/User/index
INFO: [ app_init ] --START--
INFO: Run Behavior\BuildLiteBehavior [ RunTime:0.000056s ]
INFO: [ app_init ] --END-- [ RunTime:0.000792s ]

[ 2017-06-15T19:32:43+08:00 ] ::1 /hzaucomm/index.php/Admin/User/authority
INFO: [ app_init ] --START--
INFO: Run Behavior\BuildLiteBehavior [ RunTime:0.000055s ]
INFO: [ app_init ] --END-- [ RunTime:0.000914s ]

[ 2017-06-15T19:33:11+08:00 ] ::1 /hzaucomm/index.php/Admin/User/authority
INFO: [ app_init ] --START--
INFO: Run Behavior\BuildLiteBehavior [ RunTime:0.000066s ]
INFO: [ app_init ] --END-- [ RunTime:0.000925s ]

[ 2017-06-15T19:35:02+08:00 ] ::1 /hzaucomm/index.php/Admin/User/authority
INFO: [ app_init ] --START--
INFO: Run Behavior\BuildLiteBehavior [ RunTime:0.000059s ]
INFO: [ app_init ] --END-- [ RunTime:0.000923s ]

[ 2017-06-15T19:36:39+08:00 ] ::1 /hzaucomm/index.php/Admin/User/authority
INFO: [ app_init ] --START--
INFO: Run Behavior\BuildLiteBehavior [ RunTime:0.000056s ]
INFO: [ app_init ] --END-- [ RunTime:0.000813s ]

[ 2017-06-15T19:36:42+08:00 ] ::1 /hzaucomm/index.php/Admin/User/index
INFO: [ app_init ] --START--
INFO: Run Behavior\BuildLiteBehavior [ RunTime:0.000056s ]
INFO: [ app_init ] --END-- [ RunTime:0.000967s ]

[ 2017-06-15T19:36:57+08:00 ] ::1 /hzaucomm/index.php/Admin/User/index
INFO: [ app_init ] --START--
INFO: Run Behavior\BuildLiteBehavior [ RunTime:0.000059s ]
INFO: [ app_init ] --END-- [ RunTime:0.001135s ]

[ 2017-06-15T19:37:24+08:00 ] ::1 /hzaucomm/index.php/Admin/User/index
INFO: [ app_init ] --START--
INFO: Run Behavior\BuildLiteBehavior [ RunTime:0.000055s ]
INFO: [ app_init ] --END-- [ RunTime:0.001182s ]

[ 2017-06-15T19:37:31+08:00 ] ::1 /hzaucomm/index.php/Admin/User/index
INFO: [ app_init ] --START--
INFO: Run Behavior\BuildLiteBehavior [ RunTime:0.000056s ]
INFO: [ app_init ] --END-- [ RunTime:0.000810s ]

[ 2017-06-15T19:38:13+08:00 ] ::1 /hzaucomm/index.php/Admin/User/index
INFO: [ app_init ] --START--
INFO: Run Behavior\BuildLiteBehavior [ RunTime:0.000064s ]
INFO: [ app_init ] --END-- [ RunTime:0.001575s ]

[ 2017-06-15T19:38:20+08:00 ] ::1 /hzaucomm/index.php/Admin/User/authority
INFO: [ app_init ] --START--
INFO: Run Behavior\BuildLiteBehavior [ RunTime:0.000054s ]
INFO: [ app_init ] --END-- [ RunTime:0.000770s ]

